#
# A fatal error has been detected by the Java Runtime Environment:
#
#  EXCEPTION_ACCESS_VIOLATION (0xc0000005) at pc=0x00000000603f2928, pid=16204, tid=0x0000000000002b78
#
# JRE version: Java(TM) SE Runtime Environment (8.0_121-b13) (build 1.8.0_121-b13)
# Java VM: Java HotSpot(TM) 64-Bit Server VM (25.121-b13 mixed mode windows-amd64 compressed oops)
# Problematic frame:
# C  [jdwp.dll+0x22928]
#
# Failed to write core dump. Minidumps are not enabled by default on client versions of Windows
#
# If you would like to submit a bug report, please visit:
#   http://bugreport.java.com/bugreport/crash.jsp
# The crash happened outside the Java Virtual Machine in native code.
# See problematic frame for where to report the bug.
#

---------------  T H R E A D  ---------------

Current thread (0x000000001ea72800):  JavaThread "JDWP Command Reader" daemon [_thread_in_native, id=11128, stack(0x000000001f2d0000,0x000000001f3d0000)]

siginfo: ExceptionCode=0xc0000005, reading address 0x0000000000000000

Registers:
RAX=0x00000000603ff5a0, RBX=0x000000000000000c, RCX=0x0000000000000000, RDX=0x0000000000000028
RSP=0x000000001f3cf460, RBP=0x000000001f3cf6d0, RSI=0x0000000000000004, RDI=0x00000000603b33c0
R8 =0x000000001f3cf4c8, R9 =0x7efefefefefeff6b, R10=0x81010101010100f8, R11=0x8101010101010100
R12=0x00000000603f91d8, R13=0x000000001ea73668, R14=0x0000000000000000, R15=0x0000000000000000
RIP=0x00000000603f2928, EFLAGS=0x0000000000010206

Top of Stack: (sp=0x000000001f3cf460)
0x000000001f3cf460:   000000001f3cf488 0000000000000018
0x000000001f3cf470:   0000000000000000 0000000000000000
0x000000001f3cf480:   0000000000002714 00000000603b23c0
0x000000001f3cf490:   0000000000000001 0000000000000020
0x000000001f3cf4a0:   0000000000000000 0000000000000434
0x000000001f3cf4b0:   00000000603b33c0 00000000603b108e
0x000000001f3cf4c0:   000000000000000c 000000001f3cf4d8
0x000000001f3cf4d0:   0000000000000004 00007ffa5f000800
0x000000001f3cf4e0:   7075727265746e49 636e756620646574
0x000000001f3cf4f0:   6c6163206e6f6974 000000000000006c
0x000000001f3cf500:   0000000000000000 0000000000000000
0x000000001f3cf510:   000084008b2afd66 00000000603f91d8
0x000000001f3cf520:   00000000000003d4 00007ffa5e84b1bd
0x000000001f3cf530:   0000000000002714 000000000135a570
0x000000001f3cf540:   0000000000000004 000000001f3cf584
0x000000001f3cf550:   000000001f3cf5e8 0000000000000000 

Instructions: (pc=0x00000000603f2928)
0x00000000603f2908:   83 ec 50 48 63 d1 85 c9 75 07 33 c0 e9 84 00 00
0x00000000603f2918:   00 48 8b 05 c8 d3 00 00 4c 8d 44 24 68 48 8b 08
0x00000000603f2928:   48 8b 01 ff 90 68 01 00 00 8b f8 85 c0 74 61 8b
0x00000000603f2938:   c8 e8 72 ca fe ff 48 8b d8 ff 15 e9 48 00 00 c7 


Register to memory mapping:

RAX=0x00000000603ff5a0 is an unknown value
RBX=0x000000000000000c is an unknown value
RCX=0x0000000000000000 is an unknown value
RDX=0x0000000000000028 is an unknown value
RSP=0x000000001f3cf460 is pointing into the stack for thread: 0x000000001ea72800
RBP=0x000000001f3cf6d0 is pointing into the stack for thread: 0x000000001ea72800
RSI=0x0000000000000004 is an unknown value
RDI=0x00000000603b33c0 is an unknown value
R8 =0x000000001f3cf4c8 is pointing into the stack for thread: 0x000000001ea72800
R9 =0x7efefefefefeff6b is an unknown value
R10=0x81010101010100f8 is an unknown value
R11=0x8101010101010100 is an unknown value
R12=0x00000000603f91d8 is an unknown value
R13=0x000000001ea73668 is an unknown value
R14=0x0000000000000000 is an unknown value
R15=0x0000000000000000 is an unknown value


Stack: [0x000000001f2d0000,0x000000001f3d0000],  sp=0x000000001f3cf460,  free space=1021k
Native frames: (J=compiled Java code, j=interpreted, Vv=VM code, C=native code)
C  [jdwp.dll+0x22928]
C  [dt_socket.dll+0x108e]
C  [dt_socket.dll+0x15f6]
C  [jdwp.dll+0x1fad1]
C  [jdwp.dll+0xed38]
V  [jvm.dll+0x1bd548]
V  [jvm.dll+0x244e1f]
V  [jvm.dll+0x29c69a]
C  [msvcr100.dll+0x21d9f]
C  [msvcr100.dll+0x21e3b]
C  [KERNEL32.DLL+0x8364]
C  [ntdll.dll+0x670d1]


---------------  P R O C E S S  ---------------

Java Threads: ( => current thread )
  0x0000000039cb2800 JavaThread "ForkJoinPool-2-worker-1" daemon [_thread_blocked, id=676, stack(0x0000000042000000,0x0000000042100000)]
  0x0000000039cb1800 JavaThread "ForkJoinPool-1-worker-1" daemon [_thread_blocked, id=3612, stack(0x0000000041d90000,0x0000000041e90000)]
  0x0000000039cb3000 JavaThread "ForkJoinPool-3-worker-11" daemon [_thread_blocked, id=15756, stack(0x0000000041c90000,0x0000000041d90000)]
  0x0000000039caf800 JavaThread "ForkJoinPool-3-worker-13" daemon [_thread_blocked, id=10836, stack(0x0000000041b90000,0x0000000041c90000)]
  0x0000000039cae800 JavaThread "ForkJoinPool-3-worker-15" daemon [_thread_blocked, id=5712, stack(0x0000000041a90000,0x0000000041b90000)]
  0x0000000039244800 JavaThread "ForkJoinPool-2-worker-5" daemon [_thread_blocked, id=15164, stack(0x0000000041990000,0x0000000041a90000)]
  0x000000003b210800 JavaThread "ForkJoinPool-2-worker-7" daemon [_thread_blocked, id=6984, stack(0x0000000041890000,0x0000000041990000)]
  0x000000003925e000 JavaThread "ForkJoinPool-2-worker-9" daemon [_thread_blocked, id=14444, stack(0x0000000041790000,0x0000000041890000)]
  0x000000003b79c000 JavaThread "ForkJoinPool-2-worker-11" daemon [_thread_blocked, id=17664, stack(0x0000000041690000,0x0000000041790000)]
  0x000000003df08800 JavaThread "Thread-9" daemon [_thread_blocked, id=18824, stack(0x0000000038a70000,0x0000000038b70000)]
  0x000000001eb40000 JavaThread "Service Thread" daemon [_thread_blocked, id=17800, stack(0x000000001f7d0000,0x000000001f8d0000)]
  0x000000001ea96000 JavaThread "C1 CompilerThread3" daemon [_thread_blocked, id=18940, stack(0x000000001f6d0000,0x000000001f7d0000)]
  0x000000001ea95000 JavaThread "C2 CompilerThread2" daemon [_thread_blocked, id=9872, stack(0x000000001f5d0000,0x000000001f6d0000)]
  0x000000001ea7e800 JavaThread "C2 CompilerThread1" daemon [_thread_blocked, id=9244, stack(0x000000001f4d0000,0x000000001f5d0000)]
  0x000000001ea82800 JavaThread "C2 CompilerThread0" daemon [_thread_blocked, id=6996, stack(0x000000001f3d0000,0x000000001f4d0000)]
=>0x000000001ea72800 JavaThread "JDWP Command Reader" daemon [_thread_in_native, id=11128, stack(0x000000001f2d0000,0x000000001f3d0000)]
  0x000000001ea6f800 JavaThread "JDWP Event Helper Thread" daemon [_thread_blocked, id=8408, stack(0x000000001f1d0000,0x000000001f2d0000)]
  0x000000001ea60000 JavaThread "JDWP Transport Listener: dt_socket" daemon [_thread_in_vm, id=17420, stack(0x000000001f0d0000,0x000000001f1d0000)]
  0x000000001ea57800 JavaThread "Attach Listener" daemon [_thread_blocked, id=9804, stack(0x000000001efd0000,0x000000001f0d0000)]
  0x000000001e9f0800 JavaThread "Finalizer" daemon [_thread_blocked, id=6032, stack(0x000000001edd0000,0x000000001eed0000)]
  0x000000001cafd800 JavaThread "Reference Handler" daemon [_thread_blocked, id=9724, stack(0x000000001e8d0000,0x000000001e9d0000)]

Other Threads:
  0x000000001caf8800 VMThread [stack: 0x000000001e7d0000,0x000000001e8d0000] [id=18156]

VM state:synchronizing (normal execution)

VM Mutex/Monitor currently owned by a thread:  ([mutex/lock_event])
[0x00000000034506d0] Threads_lock - owner thread: 0x000000001caf8800
[0x0000000003450bd0] Heap_lock - owner thread: 0x0000000039cb4000

Heap:
 PSYoungGen      total 280064K, used 6171K [0x000000076dd00000, 0x0000000780180000, 0x00000007c0000000)
  eden space 261632K, 2% used [0x000000076dd00000,0x000000076e306e50,0x000000077dc80000)
  from space 18432K, 0% used [0x000000077ef80000,0x000000077ef80000,0x0000000780180000)
  to   space 18944K, 0% used [0x000000077dc80000,0x000000077dc80000,0x000000077ef00000)
 ParOldGen       total 135680K, used 15486K [0x00000006c9600000, 0x00000006d1a80000, 0x000000076dd00000)
  object space 135680K, 11% used [0x00000006c9600000,0x00000006ca51fbc0,0x00000006d1a80000)
 Metaspace       used 30355K, capacity 31011K, committed 31360K, reserved 1077248K
  class space    used 3698K, capacity 3952K, committed 3968K, reserved 1048576K

Card table byte_map: [0x0000000012910000,0x00000000130d0000] byte_map_base: 0x000000000f2c5000

Marking Bits: (ParMarkBitMap*) 0x0000000060edb6d0
 Begin Bits: [0x0000000013e00000, 0x0000000017ba8000)
 End Bits:   [0x0000000017ba8000, 0x000000001b950000)

Polling page: 0x0000000001310000

CodeCache: size=245760Kb used=13804Kb max_used=13804Kb free=231955Kb
 bounds [0x0000000003550000, 0x00000000042e0000, 0x0000000012550000]
 total_blobs=4359 nmethods=3863 adapters=413
 compilation: enabled

Compilation events (10 events):
Event: 33.704 Thread 0x000000001ea95000 4831   !   4       java.lang.ref.Reference::tryHandlePending (115 bytes)
Event: 33.704 Thread 0x000000001ea7e800 4832   !   4       java.lang.ref.ReferenceQueue::enqueue (119 bytes)
Event: 33.704 Thread 0x000000001ea82800 4833       4       java.lang.ref.ReferenceQueue::reallyPoll (66 bytes)
Event: 33.705 Thread 0x000000001ea96000 nmethod 4830 0x00000000042c4110 code [0x00000000042c4360, 0x00000000042c4fb8]
Event: 33.705 Thread 0x000000001ea82800 nmethod 4833 0x00000000042c2950 code [0x00000000042c2a80, 0x00000000042c2bb8]
Event: 33.705 Thread 0x000000001ea82800 4834       4       java.lang.ref.ReferenceQueue::remove (6 bytes)
Event: 33.707 Thread 0x000000001ea7e800 nmethod 4832 0x00000000042cefd0 code [0x00000000042cf140, 0x00000000042cf6e8]
Event: 33.707 Thread 0x000000001ea96000 4838       3       java.io.FileInputStream::finalize (22 bytes)
Event: 33.707 Thread 0x000000001ea7e800 4837   !   4       java.lang.ref.Finalizer::runFinalizer (62 bytes)
Event: 33.707 Thread 0x000000001ea96000 nmethod 4838 0x00000000042c3cd0 code [0x00000000042c3e40, 0x00000000042c4068]

GC Heap History (10 events):
Event: 5.542 GC heap before
{Heap before GC invocations=8 (full 1):
 PSYoungGen      total 152064K, used 134709K [0x000000076dd00000, 0x0000000778600000, 0x00000007c0000000)
  eden space 132096K, 100% used [0x000000076dd00000,0x0000000775e00000,0x0000000775e00000)
  from space 19968K, 13% used [0x0000000777280000,0x000000077750d5e0,0x0000000778600000)
  to   space 20480K, 0% used [0x0000000775e00000,0x0000000775e00000,0x0000000777200000)
 ParOldGen       total 135680K, used 18462K [0x00000006c9600000, 0x00000006d1a80000, 0x000000076dd00000)
  object space 135680K, 13% used [0x00000006c9600000,0x00000006ca807a88,0x00000006d1a80000)
 Metaspace       used 22734K, capacity 23196K, committed 23680K, reserved 1071104K
  class space    used 2619K, capacity 2858K, committed 2944K, reserved 1048576K
Event: 5.544 GC heap after
Heap after GC invocations=8 (full 1):
 PSYoungGen      total 152576K, used 2620K [0x000000076dd00000, 0x000000077c800000, 0x00000007c0000000)
  eden space 132096K, 0% used [0x000000076dd00000,0x000000076dd00000,0x0000000775e00000)
  from space 20480K, 12% used [0x0000000775e00000,0x000000077608f000,0x0000000777200000)
  to   space 19968K, 0% used [0x000000077b480000,0x000000077b480000,0x000000077c800000)
 ParOldGen       total 135680K, used 18470K [0x00000006c9600000, 0x00000006d1a80000, 0x000000076dd00000)
  object space 135680K, 13% used [0x00000006c9600000,0x00000006ca809a88,0x00000006d1a80000)
 Metaspace       used 22734K, capacity 23196K, committed 23680K, reserved 1071104K
  class space    used 2619K, capacity 2858K, committed 2944K, reserved 1048576K
}
Event: 5.753 GC heap before
{Heap before GC invocations=9 (full 1):
 PSYoungGen      total 152576K, used 134716K [0x000000076dd00000, 0x000000077c800000, 0x00000007c0000000)
  eden space 132096K, 100% used [0x000000076dd00000,0x0000000775e00000,0x0000000775e00000)
  from space 20480K, 12% used [0x0000000775e00000,0x000000077608f000,0x0000000777200000)
  to   space 19968K, 0% used [0x000000077b480000,0x000000077b480000,0x000000077c800000)
 ParOldGen       total 135680K, used 18470K [0x00000006c9600000, 0x00000006d1a80000, 0x000000076dd00000)
  object space 135680K, 13% used [0x00000006c9600000,0x00000006ca809a88,0x00000006d1a80000)
 Metaspace       used 22742K, capacity 23196K, committed 23680K, reserved 1071104K
  class space    used 2619K, capacity 2858K, committed 2944K, reserved 1048576K
Event: 5.755 GC heap after
Heap after GC invocations=9 (full 1):
 PSYoungGen      total 218624K, used 2338K [0x000000076dd00000, 0x000000077c700000, 0x00000007c0000000)
  eden space 199680K, 0% used [0x000000076dd00000,0x000000076dd00000,0x000000077a000000)
  from space 18944K, 12% used [0x000000077b480000,0x000000077b6c8ae0,0x000000077c700000)
  to   space 19968K, 0% used [0x000000077a000000,0x000000077a000000,0x000000077b380000)
 ParOldGen       total 135680K, used 18470K [0x00000006c9600000, 0x00000006d1a80000, 0x000000076dd00000)
  object space 135680K, 13% used [0x00000006c9600000,0x00000006ca809a88,0x00000006d1a80000)
 Metaspace       used 22742K, capacity 23196K, committed 23680K, reserved 1071104K
  class space    used 2619K, capacity 2858K, committed 2944K, reserved 1048576K
}
Event: 5.959 GC heap before
{Heap before GC invocations=10 (full 1):
 PSYoungGen      total 218624K, used 202018K [0x000000076dd00000, 0x000000077c700000, 0x00000007c0000000)
  eden space 199680K, 100% used [0x000000076dd00000,0x000000077a000000,0x000000077a000000)
  from space 18944K, 12% used [0x000000077b480000,0x000000077b6c8ae0,0x000000077c700000)
  to   space 19968K, 0% used [0x000000077a000000,0x000000077a000000,0x000000077b380000)
 ParOldGen       total 135680K, used 18470K [0x00000006c9600000, 0x00000006d1a80000, 0x000000076dd00000)
  object space 135680K, 13% used [0x00000006c9600000,0x00000006ca809a88,0x00000006d1a80000)
 Metaspace       used 22847K, capacity 23326K, committed 23680K, reserved 1071104K
  class space    used 2624K, capacity 2859K, committed 2944K, reserved 1048576K
Event: 5.962 GC heap after
Heap after GC invocations=10 (full 1):
 PSYoungGen      total 219648K, used 1315K [0x000000076dd00000, 0x0000000780280000, 0x00000007c0000000)
  eden space 199680K, 0% used [0x000000076dd00000,0x000000076dd00000,0x000000077a000000)
  from space 19968K, 6% used [0x000000077a000000,0x000000077a148fa8,0x000000077b380000)
  to   space 19456K, 0% used [0x000000077ef80000,0x000000077ef80000,0x0000000780280000)
 ParOldGen       total 135680K, used 20128K [0x00000006c9600000, 0x00000006d1a80000, 0x000000076dd00000)
  object space 135680K, 14% used [0x00000006c9600000,0x00000006ca9a82c8,0x00000006d1a80000)
 Metaspace       used 22847K, capacity 23326K, committed 23680K, reserved 1071104K
  class space    used 2624K, capacity 2859K, committed 2944K, reserved 1048576K
}
Event: 33.654 GC heap before
{Heap before GC invocations=11 (full 1):
 PSYoungGen      total 219648K, used 157680K [0x000000076dd00000, 0x0000000780280000, 0x00000007c0000000)
  eden space 199680K, 78% used [0x000000076dd00000,0x00000007775b3388,0x000000077a000000)
  from space 19968K, 6% used [0x000000077a000000,0x000000077a148fa8,0x000000077b380000)
  to   space 19456K, 0% used [0x000000077ef80000,0x000000077ef80000,0x0000000780280000)
 ParOldGen       total 135680K, used 20128K [0x00000006c9600000, 0x00000006d1a80000, 0x000000076dd00000)
  object space 135680K, 14% used [0x00000006c9600000,0x00000006ca9a82c8,0x00000006d1a80000)
 Metaspace       used 30357K, capacity 31017K, committed 31360K, reserved 1077248K
  class space    used 3698K, capacity 3953K, committed 3968K, reserved 1048576K
Event: 33.661 GC heap after
Heap after GC invocations=11 (full 1):
 PSYoungGen      total 280064K, used 8156K [0x000000076dd00000, 0x0000000780180000, 0x00000007c0000000)
  eden space 261632K, 0% used [0x000000076dd00000,0x000000076dd00000,0x000000077dc80000)
  from space 18432K, 44% used [0x000000077ef80000,0x000000077f7773f8,0x0000000780180000)
  to   space 18944K, 0% used [0x000000077dc80000,0x000000077dc80000,0x000000077ef00000)
 ParOldGen       total 135680K, used 20168K [0x00000006c9600000, 0x00000006d1a80000, 0x000000076dd00000)
  object space 135680K, 14% used [0x00000006c9600000,0x00000006ca9b22c8,0x00000006d1a80000)
 Metaspace       used 30357K, capacity 31017K, committed 31360K, reserved 1077248K
  class space    used 3698K, capacity 3953K, committed 3968K, reserved 1048576K
}
Event: 33.661 GC heap before
{Heap before GC invocations=12 (full 2):
 PSYoungGen      total 280064K, used 8156K [0x000000076dd00000, 0x0000000780180000, 0x00000007c0000000)
  eden space 261632K, 0% used [0x000000076dd00000,0x000000076dd00000,0x000000077dc80000)
  from space 18432K, 44% used [0x000000077ef80000,0x000000077f7773f8,0x0000000780180000)
  to   space 18944K, 0% used [0x000000077dc80000,0x000000077dc80000,0x000000077ef00000)
 ParOldGen       total 135680K, used 20168K [0x00000006c9600000, 0x00000006d1a80000, 0x000000076dd00000)
  object space 135680K, 14% used [0x00000006c9600000,0x00000006ca9b22c8,0x00000006d1a80000)
 Metaspace       used 30357K, capacity 31017K, committed 31360K, reserved 1077248K
  class space    used 3698K, capacity 3953K, committed 3968K, reserved 1048576K
Event: 33.703 GC heap after
Heap after GC invocations=12 (full 2):
 PSYoungGen      total 280064K, used 0K [0x000000076dd00000, 0x0000000780180000, 0x00000007c0000000)
  eden space 261632K, 0% used [0x000000076dd00000,0x000000076dd00000,0x000000077dc80000)
  from space 18432K, 0% used [0x000000077ef80000,0x000000077ef80000,0x0000000780180000)
  to   space 18944K, 0% used [0x000000077dc80000,0x000000077dc80000,0x000000077ef00000)
 ParOldGen       total 135680K, used 15486K [0x00000006c9600000, 0x00000006d1a80000, 0x000000076dd00000)
  object space 135680K, 11% used [0x00000006c9600000,0x00000006ca51fbc0,0x00000006d1a80000)
 Metaspace       used 30353K, capacity 31011K, committed 31360K, reserved 1077248K
  class space    used 3697K, capacity 3952K, committed 3968K, reserved 1048576K
}

Deoptimization events (10 events):
Event: 33.568 Thread 0x0000000039cb0000 Uncommon trap: reason=unstable_if action=reinterpret pc=0x0000000003b1ea78 method=java.util.concurrent.atomic.AtomicBoolean.compareAndSet(ZZ)Z @ 1
Event: 33.568 Thread 0x0000000039cb0000 Uncommon trap: reason=speculate_class_check action=maybe_recompile pc=0x0000000003a58944 method=java.util.concurrent.locks.ReentrantReadWriteLock$Sync.tryAcquire(I)Z @ 66
Event: 33.569 Thread 0x0000000039cb0000 Uncommon trap: reason=unstable_if action=reinterpret pc=0x0000000003f0a0c4 method=sun.nio.ch.FileChannelImpl.implCloseChannel()V @ 4
Event: 33.569 Thread 0x0000000039cb0000 Uncommon trap: reason=speculate_class_check action=maybe_recompile pc=0x0000000003a58944 method=java.util.concurrent.locks.ReentrantReadWriteLock$Sync.tryAcquire(I)Z @ 66
Event: 33.569 Thread 0x0000000039cb0000 Uncommon trap: reason=bimorphic action=maybe_recompile pc=0x0000000003ff00f8 method=java.util.HashMap.removeNode(ILjava/lang/Object;Ljava/lang/Object;ZZ)Ljava/util/HashMap$Node; @ 68
Event: 33.569 Thread 0x0000000039cb0000 Uncommon trap: reason=unhandled action=none pc=0x0000000004287810 method=java.net.URLClassLoader.findClass(Ljava/lang/String;)Ljava/lang/Class; @ 44
Event: 33.570 Thread 0x0000000039cb0000 Uncommon trap: reason=unstable_if action=reinterpret pc=0x00000000042c262c method=java.util.concurrent.ConcurrentHashMap.clear()V @ 12
Event: 33.571 Thread 0x0000000039cb0000 Uncommon trap: reason=speculate_class_check action=maybe_recompile pc=0x0000000003a58944 method=java.util.concurrent.locks.ReentrantReadWriteLock$Sync.tryAcquire(I)Z @ 66
Event: 33.571 Thread 0x0000000039cb0000 Uncommon trap: reason=bimorphic action=maybe_recompile pc=0x0000000003ff00f8 method=java.util.HashMap.removeNode(ILjava/lang/Object;Ljava/lang/Object;ZZ)Ljava/util/HashMap$Node; @ 68
Event: 33.706 Thread 0x0000000039cb0000 Uncommon trap: reason=unhandled action=none pc=0x0000000004287810 method=java.net.URLClassLoader.findClass(Ljava/lang/String;)Ljava/lang/Class; @ 44

Internal exceptions (10 events):
Event: 30.999 Thread 0x00000000396ad000 Implicit null exception at 0x000000000417cd91 to 0x000000000417dd5d
Event: 31.019 Thread 0x00000000396ad000 Implicit null exception at 0x0000000003a4eba1 to 0x0000000003a50769
Event: 31.324 Thread 0x0000000039244800 Implicit null exception at 0x0000000003effb9b to 0x0000000003f007ed
Event: 31.324 Thread 0x000000003ce5a000 Implicit null exception at 0x0000000003effb9b to 0x0000000003f007ed
Event: 31.324 Thread 0x000000003b210800 Implicit null exception at 0x0000000003effb9b to 0x0000000003f007ed
Event: 31.324 Thread 0x000000003925e000 Implicit null exception at 0x0000000003effb9b to 0x0000000003f007ed
Event: 31.324 Thread 0x000000003b79c000 Implicit null exception at 0x0000000003effb9b to 0x0000000003f007ed
Event: 32.146 Thread 0x0000000039cb0000 Implicit null exception at 0x0000000003664e1d to 0x00000000036650bd
Event: 33.558 Thread 0x0000000039cb0000 Implicit null exception at 0x0000000003a4b0f4 to 0x0000000003a4cca5
Event: 33.570 Thread 0x0000000039cb0000 Implicit null exception at 0x00000000042c221b to 0x00000000042c2619

Events (10 events):
Event: 33.572 loading class java/util/concurrent/ConcurrentLinkedQueue$Itr
Event: 33.572 loading class java/util/concurrent/ConcurrentLinkedQueue$Itr done
Event: 33.654 Executing VM operation: ParallelGCSystemGC
Event: 33.703 Executing VM operation: ParallelGCSystemGC done
Event: 33.706 loading class com/orientechnologies/common/log/OLogManager$DebugLogManager
Event: 33.706 loading class com/orientechnologies/common/log/OLogManager$DebugLogManager done
Event: 33.706 Thread 0x0000000039cb0000 Uncommon trap: trap_request=0xffffffa7 fr.pc=0x0000000004287810
Event: 33.706 Thread 0x0000000039cb0000 DEOPT PACKING pc=0x0000000004287810 sp=0x00000000423fe040
Event: 33.706 Thread 0x0000000039cb0000 DEOPT UNPACKING pc=0x000000000359582a sp=0x00000000423fdf38 mode 2
Event: 33.707 Thread 0x0000000039cb0000 Thread exited: 0x0000000039cb0000


Dynamic libraries:
0x00007ff7e4010000 - 0x00007ff7e4047000 	C:\Program Files\Java\jre1.8.0_121\bin\javaw.exe
0x00007ffa5efa0000 - 0x00007ffa5f171000 	C:\Windows\SYSTEM32\ntdll.dll
0x00007ffa5dea0000 - 0x00007ffa5df4b000 	C:\Windows\System32\KERNEL32.DLL
0x00007ffa5b4e0000 - 0x00007ffa5b6fd000 	C:\Windows\System32\KERNELBASE.dll
0x00007ffa5e970000 - 0x00007ffa5ea12000 	C:\Windows\System32\ADVAPI32.dll
0x00007ffa5e590000 - 0x00007ffa5e62e000 	C:\Windows\System32\msvcrt.dll
0x00007ffa5ea30000 - 0x00007ffa5ea89000 	C:\Windows\System32\sechost.dll
0x00007ffa5dd70000 - 0x00007ffa5de91000 	C:\Windows\System32\RPCRT4.dll
0x00007ffa5ea90000 - 0x00007ffa5ebf5000 	C:\Windows\System32\USER32.dll
0x00007ffa5bcb0000 - 0x00007ffa5bcce000 	C:\Windows\System32\win32u.dll
0x00007ffa5e630000 - 0x00007ffa5e664000 	C:\Windows\System32\GDI32.dll
0x00007ffa5ba80000 - 0x00007ffa5bc02000 	C:\Windows\System32\gdi32full.dll
0x00007ffa4d0a0000 - 0x00007ffa4d31a000 	C:\Windows\WinSxS\amd64_microsoft.windows.common-controls_6595b64144ccf1df_6.0.14393.953_none_42151e83c686086b\COMCTL32.dll
0x00007ffa5c530000 - 0x00007ffa5c7f8000 	C:\Windows\System32\combase.dll
0x00007ffa5b8d0000 - 0x00007ffa5b9c5000 	C:\Windows\System32\ucrtbase.dll
0x00007ffa5bcd0000 - 0x00007ffa5bd3a000 	C:\Windows\System32\bcryptPrimitives.dll
0x00007ffa5c810000 - 0x00007ffa5c83e000 	C:\Windows\System32\IMM32.DLL
0x0000000060410000 - 0x00000000604e2000 	C:\Program Files\Java\jre1.8.0_121\bin\msvcr100.dll
0x00000000606c0000 - 0x0000000060f5b000 	C:\Program Files\Java\jre1.8.0_121\bin\server\jvm.dll
0x00007ffa5e3e0000 - 0x00007ffa5e3e8000 	C:\Windows\System32\PSAPI.DLL
0x00007ffa4efe0000 - 0x00007ffa4efe9000 	C:\Windows\SYSTEM32\WSOCK32.dll
0x00007ffa59400000 - 0x00007ffa59423000 	C:\Windows\SYSTEM32\WINMM.dll
0x00007ffa50050000 - 0x00007ffa5005a000 	C:\Windows\SYSTEM32\VERSION.dll
0x00007ffa5e840000 - 0x00007ffa5e8aa000 	C:\Windows\System32\WS2_32.dll
0x00007ffa592e0000 - 0x00007ffa5930b000 	C:\Windows\SYSTEM32\WINMMBASE.dll
0x00007ffa5b490000 - 0x00007ffa5b4d2000 	C:\Windows\System32\cfgmgr32.dll
0x00000000605d0000 - 0x00000000605df000 	C:\Program Files\Java\jre1.8.0_121\bin\verify.dll
0x00000000605a0000 - 0x00000000605c9000 	C:\Program Files\Java\jre1.8.0_121\bin\java.dll
0x00000000603d0000 - 0x0000000060405000 	C:\Program Files\Java\jre1.8.0_121\bin\jdwp.dll
0x00000000603c0000 - 0x00000000603c8000 	C:\Program Files\Java\jre1.8.0_121\bin\npt.dll
0x0000000060580000 - 0x0000000060596000 	C:\Program Files\Java\jre1.8.0_121\bin\zip.dll
0x00007ffa5c860000 - 0x00007ffa5dd68000 	C:\Windows\System32\SHELL32.dll
0x00007ffa5be50000 - 0x00007ffa5c52a000 	C:\Windows\System32\windows.storage.dll
0x00007ffa5b440000 - 0x00007ffa5b48c000 	C:\Windows\System32\powrprof.dll
0x00007ffa5ef40000 - 0x00007ffa5ef92000 	C:\Windows\System32\shlwapi.dll
0x00007ffa5b430000 - 0x00007ffa5b43f000 	C:\Windows\System32\kernel.appcore.dll
0x00007ffa5b9d0000 - 0x00007ffa5ba79000 	C:\Windows\System32\shcore.dll
0x00007ffa5b410000 - 0x00007ffa5b424000 	C:\Windows\System32\profapi.dll
0x00000000603b0000 - 0x00000000603b9000 	C:\Program Files\Java\jre1.8.0_121\bin\dt_socket.dll
0x00007ffa4ec30000 - 0x00007ffa4ec46000 	C:\Windows\system32\napinsp.dll
0x00007ffa4ec50000 - 0x00007ffa4ec6a000 	C:\Windows\system32\pnrpnsp.dll
0x00007ffa58750000 - 0x00007ffa58768000 	C:\Windows\system32\NLAapi.dll
0x00007ffa5acd0000 - 0x00007ffa5ad2c000 	C:\Windows\System32\mswsock.dll
0x00007ffa5aa90000 - 0x00007ffa5ab31000 	C:\Windows\SYSTEM32\DNSAPI.dll
0x00007ffa5c800000 - 0x00007ffa5c808000 	C:\Windows\System32\NSI.dll
0x00007ffa5aa50000 - 0x00007ffa5aa88000 	C:\Windows\SYSTEM32\IPHLPAPI.DLL
0x00007ffa4f170000 - 0x00007ffa4f17e000 	C:\Windows\System32\winrnr.dll
0x00007ffa53d50000 - 0x00007ffa53dba000 	C:\Windows\System32\fwpuclnt.dll
0x00007ffa5b2a0000 - 0x00007ffa5b2cb000 	C:\Windows\SYSTEM32\bcrypt.dll
0x00007ffa539e0000 - 0x00007ffa539ea000 	C:\Windows\System32\rasadhlp.dll
0x00000000603a0000 - 0x00000000603aa000 	C:\Users\jemin\git\murph\MurphCS\bin\jni4net.n.w64.v40-0.8.8.0.dll
0x00007ffa4b550000 - 0x00007ffa4b5b6000 	C:\Windows\SYSTEM32\mscoree.dll
0x00007ffa4b380000 - 0x00007ffa4b41d000 	C:\Windows\Microsoft.NET\Framework64\v4.0.30319\mscoreei.dll
0x00007ffa35bf0000 - 0x00007ffa365d5000 	C:\Windows\Microsoft.NET\Framework64\v4.0.30319\clr.dll
0x00007ffa4a0d0000 - 0x00007ffa4a1c7000 	C:\Windows\SYSTEM32\MSVCR120_CLR0400.dll
0x00007ffa3c3c0000 - 0x00007ffa3d8a8000 	C:\Windows\assembly\NativeImages_v4.0.30319_64\mscorlib\0f8c8caa3b8ed1ecfae97a3e365e8417\mscorlib.ni.dll
0x00007ffa5ae80000 - 0x00007ffa5ae97000 	C:\Windows\SYSTEM32\CRYPTSP.dll
0x00007ffa5a8d0000 - 0x00007ffa5a903000 	C:\Windows\system32\rsaenh.dll
0x00007ffa5ae70000 - 0x00007ffa5ae7b000 	C:\Windows\SYSTEM32\CRYPTBASE.dll
0x00007ffa3f5b0000 - 0x00007ffa3f6be000 	C:\Windows\Microsoft.NET\Framework64\v4.0.30319\clrjit.dll
0x00007ffa5e8b0000 - 0x00007ffa5e96f000 	C:\Windows\System32\OLEAUT32.dll
0x00007ffa5bc10000 - 0x00007ffa5bcac000 	C:\Windows\System32\msvcp_win.dll
0x00007ffa4e680000 - 0x00007ffa4e843000 	C:\Windows\SYSTEM32\urlmon.dll
0x00007ffa51fb0000 - 0x00007ffa52254000 	C:\Windows\SYSTEM32\iertutil.dll
0x00007ffa5b0d0000 - 0x00007ffa5b0fc000 	C:\Windows\SYSTEM32\SspiCli.dll
0x00007ffa33750000 - 0x00007ffa34394000 	C:\Windows\assembly\NativeImages_v4.0.30319_64\System\ae8565508661519448d02d9fd5d7f695\System.ni.dll
0x00007ffa5eca0000 - 0x00007ffa5edd7000 	C:\Windows\System32\ole32.dll
0x0000000060560000 - 0x000000006057a000 	C:\Program Files\Java\jre1.8.0_121\bin\net.dll
0x0000000060540000 - 0x0000000060551000 	C:\Program Files\Java\jre1.8.0_121\bin\nio.dll
0x0000000060500000 - 0x000000006050d000 	C:\Program Files\Java\jre1.8.0_121\bin\management.dll
0x00007ffa5ab50000 - 0x00007ffa5ab6f000 	C:\Windows\SYSTEM32\USERENV.dll
0x00007ffa54c00000 - 0x00007ffa54c16000 	C:\Windows\SYSTEM32\dhcpcsvc6.DLL
0x00007ffa54b00000 - 0x00007ffa54b1a000 	C:\Windows\SYSTEM32\dhcpcsvc.DLL
0x0000000060510000 - 0x0000000060534000 	C:\Program Files\Java\jre1.8.0_121\bin\sunec.dll
0x00007ffa578a0000 - 0x00007ffa578a9000 	C:\Windows\assembly\NativeImages_v4.0.30319_64\System.Runtime\a664a1a088f227457c135ba9ba8d76d3\System.Runtime.ni.dll
0x00007ffa56830000 - 0x00007ffa56835000 	C:\Windows\assembly\NativeImages_v4.0.30319_64\System.Thre7bb2aad0#\21666b43283fbbdb3d2ef9203841fb81\System.Threading.Tasks.ni.dll
0x00007ffa32530000 - 0x00007ffa32eb2000 	C:\Windows\assembly\NativeImages_v4.0.30319_64\System.Core\e954e59773fbc308a759801da77c449d\System.Core.ni.dll
0x00007ffa52ce0000 - 0x00007ffa52ce5000 	C:\Windows\assembly\NativeImages_v4.0.30319_64\System.Text.Encoding\97273e24f75bc50ccbdd1995b93ade6b\System.Text.Encoding.ni.dll
0x00007ffa52cc0000 - 0x00007ffa52cc5000 	C:\Windows\assembly\NativeImages_v4.0.30319_64\System.IO\08cf31c1551f2de475845c8ac3b64590\System.IO.ni.dll
0x00007ffa52410000 - 0x00007ffa52415000 	C:\Windows\assembly\NativeImages_v4.0.30319_64\System.Collections\2e296f97c71ef92ec8b5bfba03b33a59\System.Collections.ni.dll
0x00007ffa51cf0000 - 0x00007ffa51cf5000 	C:\Windows\assembly\NativeImages_v4.0.30319_64\System.Linq\a31c9593474d72600ed788fb3c6edb8b\System.Linq.ni.dll
0x00007ffa51ce0000 - 0x00007ffa51ce5000 	C:\Windows\assembly\NativeImages_v4.0.30319_64\System.Runt1e58aa76#\e627eb46eb8bb7f1f6e28c482b05dd72\System.Runtime.Extensions.ni.dll
0x00007ffa519e0000 - 0x00007ffa519e5000 	C:\Windows\assembly\NativeImages_v4.0.30319_64\System.Threading\c2809a6b4de3f202b9f6572340ff2f35\System.Threading.ni.dll
0x00007ffa519d0000 - 0x00007ffa519d5000 	C:\Windows\assembly\NativeImages_v4.0.30319_64\System.Globalization\7023d9e249bedff7f92e8ff184cca347\System.Globalization.ni.dll
0x00007ffa518d0000 - 0x00007ffa518d5000 	C:\Windows\assembly\NativeImages_v4.0.30319_64\System.Text6774aa7a#\405873a8d1e3fbe1d5e9e81a93cd86e4\System.Text.Encoding.Extensions.ni.dll
0x00007ffa4ee40000 - 0x00007ffa4efd2000 	C:\Windows\SYSTEM32\dbghelp.dll

VM Arguments:
jvm_args: -agentlib:jdwp=transport=dt_socket,suspend=y,address=localhost:60435 -XX:MaxDirectMemorySize=15781m -Dfile.encoding=UTF-8 
java_command: murph.brand.Brand
java_class_path (initial): C:\Users\jemin\git\murph\Brand\target\classes;C:\Users\jemin\.m2\repository\org\scala-lang\scala-library\2.11.8\scala-library-2.11.8.jar;C:\Users\jemin\.m2\repository\org\scala-lang\modules\scala-async_2.11\0.9.6\scala-async_2.11-0.9.6.jar;C:\Users\jemin\.m2\repository\com\twitter\storehaus-cache_2.11\0.11.1\storehaus-cache_2.11-0.11.1.jar;C:\Users\jemin\.m2\repository\com\twitter\algebird-core_2.11\0.10.1\algebird-core_2.11-0.10.1.jar;C:\Users\jemin\.m2\repository\com\googlecode\javaewah\JavaEWAH\0.6.6\JavaEWAH-0.6.6.jar;C:\Users\jemin\.m2\repository\com\twitter\util-core_2.11\6.24.0\util-core_2.11-6.24.0.jar;C:\Users\jemin\.m2\repository\com\twitter\util-function_2.11\6.24.0\util-function_2.11-6.24.0.jar;C:\Users\jemin\.m2\repository\org\scala-lang\modules\scala-parser-combinators_2.11\1.0.2\scala-parser-combinators_2.11-1.0.2.jar;C:\Users\jemin\.m2\repository\com\orientechnologies\orientdb-graphdb\2.2.17\orientdb-graphdb-2.2.17.jar;C:\Users\jemin\.m2\repository\com\orientechnologies\orientdb-server\2.2.17\orientdb-server-2.2.17.jar;C:\Users\jemin\.m2\repository\com\orientechnologies\orientdb-client\2.2.17\orientdb-client-2.2.17.jar;C:\Users\jemin\.m2\repository\javax\mail\mail\1.4.7\mail-1.4.7.jar;C:\Users\jemin\.m2\repository\javax\activation\activation\1.1\activation-1.1.jar;C:\Users\jemin\.m2\repository\com\orientechnologies\orientdb-tools\2.2.17\orientdb-tools-2.2.17.jar;C:\Users\jemin\.m2\repository\com\fasterxml\jackson\core\jackson-databind\2.6.0\jackson-databind-2.6.0.jar;C:\Users\jemin\.m2\repository\com\fasterxml\jackson\core\jackson-annotations\2.6.0\jackson-annotations-2.6.0.jar;C:\Users\jemin\.m2\repository\com\fasterxml\jackson\core\jackson-core\2.6.0\jackson-core-2.6.0.jar;C:\Users\jemin\.m2\repository\com\orientechnologies\orientdb-core\2.2.17\orientdb-core-2.2.17.jar;C:\Users\jemin\.m2\repository\org\xerial\snappy\snappy-java\1.1.0.1\snappy-java-1.1.0.1.jar;C:\Users\jemin\.m2\repository\com\googlecode\concurrentlinked
Launcher Type: SUN_STANDARD

Environment Variables:
JAVA_HOME=C:\Program Files\Java\jdk1.8.0_121
PATH=C:/Program Files/Java/jre1.8.0_121/bin/server;C:/Program Files/Java/jre1.8.0_121/bin;C:/Program Files/Java/jre1.8.0_121/lib/amd64;C:\ProgramData\Oracle\Java\javapath;C:\Windows\system32;C:\Windows;C:\Windows\System32\Wbem;C:\Windows\System32\WindowsPowerShell\v1.0\;C:\Program Files\Microsoft SQL Server\120\Tools\Binn\;C:\Program Files\Microsoft SQL Server\130\Tools\Binn\;C:\Users\jemin\bin\jni4net-0.8.8.0-bin\bin;C:\Program Files\Java\jdk1.8.0_121\bin;C:\Program Files\Microsoft\Web Platform Installer\;C:\Program Files\CMake\bin;C:\Program Files\Git\cmd;C:\Program Files\dotnet\;C:\Users\jemin\AppData\Local\Microsoft\WindowsApps;C:\Users\jemin\bin\jni4net-0.8.8.0-bin\bin;C:\Program Files\Bandizip\;C:\Windows\System32;
USERNAME=jemin
OS=Windows_NT
PROCESSOR_IDENTIFIER=Intel64 Family 6 Model 60 Stepping 3, GenuineIntel



---------------  S Y S T E M  ---------------

OS: Windows 10.0 , 64 bit Build 14393 (10.0.14393.0)

CPU:total 8 (4 cores per cpu, 2 threads per core) family 6 model 60 stepping 3, cmov, cx8, fxsr, mmx, sse, sse2, sse3, ssse3, sse4.1, sse4.2, popcnt, avx, avx2, aes, clmul, erms, lzcnt, ht, tsc, tscinvbit, bmi1, bmi2

Memory: 4k page, physical 16160288k(9535268k free), swap 18650656k(10013656k free)

vm_info: Java HotSpot(TM) 64-Bit Server VM (25.121-b13) for windows-amd64 JRE (1.8.0_121-b13), built on Dec 12 2016 18:21:36 by "java_re" with MS VC++ 10.0 (VS2010)

time: Thu May 04 15:19:29 2017
elapsed time: 33 seconds (0d 0h 0m 33s)

