c:\users\robert\documents\visual studio 2015\projects\codemind_test\cwe690_null_deref_from_return\debug\vc140.pdb
c:\users\robert\documents\visual studio 2015\projects\codemind_test\cwe690_null_deref_from_return\debug\vc140.idb
c:\users\robert\documents\visual studio 2015\projects\codemind_test\cwe690_null_deref_from_return\debug\cwe690_null_deref_from_return__char_calloc_62a.obj
c:\users\robert\documents\visual studio 2015\projects\codemind_test\cwe690_null_deref_from_return\debug\cwe690_null_deref_from_return__char_calloc_62b.obj
c:\users\robert\documents\visual studio 2015\projects\codemind_test\cwe690_null_deref_from_return\debug\cwe690_null_deref_from_return__char_calloc_72a.obj
c:\users\robert\documents\visual studio 2015\projects\codemind_test\cwe690_null_deref_from_return\debug\cwe690_null_deref_from_return__char_calloc_72b.obj
c:\users\robert\documents\visual studio 2015\projects\codemind_test\cwe690_null_deref_from_return\debug\cwe690_null_deref_from_return__char_calloc_73a.obj
c:\users\robert\documents\visual studio 2015\projects\codemind_test\cwe690_null_deref_from_return\debug\cwe690_null_deref_from_return__char_calloc_73b.obj
c:\users\robert\documents\visual studio 2015\projects\codemind_test\cwe690_null_deref_from_return\debug\cwe690_null_deref_from_return__char_calloc_74a.obj
c:\users\robert\documents\visual studio 2015\projects\codemind_test\cwe690_null_deref_from_return\debug\cwe690_null_deref_from_return__char_calloc_74b.obj
c:\users\robert\documents\visual studio 2015\projects\codemind_test\cwe690_null_deref_from_return\debug\cwe690_null_deref_from_return__char_calloc_81a.obj
c:\users\robert\documents\visual studio 2015\projects\codemind_test\cwe690_null_deref_from_return\debug\cwe690_null_deref_from_return__char_calloc_81_bad.obj
c:\users\robert\documents\visual studio 2015\projects\codemind_test\cwe690_null_deref_from_return\debug\cwe690_null_deref_from_return__char_calloc_81_goodb2g.obj
c:\users\robert\documents\visual studio 2015\projects\codemind_test\cwe690_null_deref_from_return\debug\cwe690_null_deref_from_return__char_calloc_82a.obj
c:\users\robert\documents\visual studio 2015\projects\codemind_test\cwe690_null_deref_from_return\debug\cwe690_null_deref_from_return__char_calloc_82_bad.obj
c:\users\robert\documents\visual studio 2015\projects\codemind_test\cwe690_null_deref_from_return\debug\cwe690_null_deref_from_return__char_calloc_82_goodb2g.obj
c:\users\robert\documents\visual studio 2015\projects\codemind_test\cwe690_null_deref_from_return\debug\cwe690_null_deref_from_return__char_calloc_83a.obj
c:\users\robert\documents\visual studio 2015\projects\codemind_test\cwe690_null_deref_from_return\debug\cwe690_null_deref_from_return__char_calloc_83_bad.obj
c:\users\robert\documents\visual studio 2015\projects\codemind_test\cwe690_null_deref_from_return\debug\cwe690_null_deref_from_return__char_calloc_83_goodb2g.obj
c:\users\robert\documents\visual studio 2015\projects\codemind_test\cwe690_null_deref_from_return\debug\cwe690_null_deref_from_return__char_calloc_84a.obj
c:\users\robert\documents\visual studio 2015\projects\codemind_test\cwe690_null_deref_from_return\debug\cwe690_null_deref_from_return__char_calloc_84_bad.obj
c:\users\robert\documents\visual studio 2015\projects\codemind_test\cwe690_null_deref_from_return\debug\cwe690_null_deref_from_return__char_calloc_84_goodb2g.obj
c:\users\robert\documents\visual studio 2015\projects\codemind_test\cwe690_null_deref_from_return\debug\fake_main.obj
c:\users\robert\documents\visual studio 2015\projects\codemind_test\cwe690_null_deref_from_return\debug\cwe690_null_deref_from_return__char_calloc_33.obj
c:\users\robert\documents\visual studio 2015\projects\codemind_test\cwe690_null_deref_from_return\debug\cwe690_null_deref_from_return__char_calloc_43.obj
c:\users\robert\documents\visual studio 2015\projects\codemind_test\cwe690_null_deref_from_return\debug\cwe690_null_deref_from_return__char_calloc_01.obj
c:\users\robert\documents\visual studio 2015\projects\codemind_test\cwe690_null_deref_from_return\debug\cwe690_null_deref_from_return__char_malloc_01.obj
c:\users\robert\documents\visual studio 2015\projects\codemind_test\cwe690_null_deref_from_return\debug\cwe690_null_deref_from_return__char_realloc_01.obj
c:\users\robert\documents\visual studio 2015\projects\codemind_test\cwe690_null_deref_from_return\debug\cwe690_null_deref_from_return__fopen_01.obj
c:\users\robert\documents\visual studio 2015\projects\codemind_test\cwe690_null_deref_from_return\debug\cwe690_null_deref_from_return__int64_t_calloc_01.obj
c:\users\robert\documents\visual studio 2015\projects\codemind_test\cwe690_null_deref_from_return\debug\cwe690_null_deref_from_return__int64_t_malloc_01.obj
c:\users\robert\documents\visual studio 2015\projects\codemind_test\cwe690_null_deref_from_return\debug\cwe690_null_deref_from_return__int64_t_realloc_01.obj
c:\users\robert\documents\visual studio 2015\projects\codemind_test\cwe690_null_deref_from_return\debug\cwe690_null_deref_from_return__int_calloc_01.obj
c:\users\robert\documents\visual studio 2015\projects\codemind_test\cwe690_null_deref_from_return\debug\cwe690_null_deref_from_return__int_malloc_01.obj
c:\users\robert\documents\visual studio 2015\projects\codemind_test\cwe690_null_deref_from_return\debug\cwe690_null_deref_from_return__int_realloc_01.obj
c:\users\robert\documents\visual studio 2015\projects\codemind_test\cwe690_null_deref_from_return\debug\cwe690_null_deref_from_return__long_calloc_01.obj
c:\users\robert\documents\visual studio 2015\projects\codemind_test\cwe690_null_deref_from_return\debug\cwe690_null_deref_from_return__long_malloc_01.obj
c:\users\robert\documents\visual studio 2015\projects\codemind_test\cwe690_null_deref_from_return\debug\cwe690_null_deref_from_return__long_realloc_01.obj
c:\users\robert\documents\visual studio 2015\projects\codemind_test\cwe690_null_deref_from_return\debug\cwe690_null_deref_from_return__struct_calloc_01.obj
c:\users\robert\documents\visual studio 2015\projects\codemind_test\cwe690_null_deref_from_return\debug\cwe690_null_deref_from_return__struct_malloc_01.obj
c:\users\robert\documents\visual studio 2015\projects\codemind_test\cwe690_null_deref_from_return\debug\cwe690_null_deref_from_return__struct_realloc_01.obj
c:\users\robert\documents\visual studio 2015\projects\codemind_test\cwe690_null_deref_from_return\debug\cwe690_null_deref_from_return__w32_wfopen_01.obj
c:\users\robert\documents\visual studio 2015\projects\codemind_test\cwe690_null_deref_from_return\debug\cwe690_null_deref_from_return__wchar_t_calloc_01.obj
c:\users\robert\documents\visual studio 2015\projects\codemind_test\cwe690_null_deref_from_return\debug\cwe690_null_deref_from_return__wchar_t_malloc_01.obj
c:\users\robert\documents\visual studio 2015\projects\codemind_test\cwe690_null_deref_from_return\debug\cwe690_null_deref_from_return__wchar_t_realloc_01.obj
c:\users\robert\documents\visual studio 2015\projects\codemind_test\cwe690_null_deref_from_return\debug\cwe690_null_deref_from_return__char_calloc_53d.obj
c:\users\robert\documents\visual studio 2015\projects\codemind_test\cwe690_null_deref_from_return\debug\cwe690_null_deref_from_return__char_calloc_54a.obj
c:\users\robert\documents\visual studio 2015\projects\codemind_test\cwe690_null_deref_from_return\debug\cwe690_null_deref_from_return__char_calloc_54b.obj
c:\users\robert\documents\visual studio 2015\projects\codemind_test\cwe690_null_deref_from_return\debug\cwe690_null_deref_from_return__char_calloc_54c.obj
c:\users\robert\documents\visual studio 2015\projects\codemind_test\cwe690_null_deref_from_return\debug\cwe690_null_deref_from_return__char_calloc_54d.obj
c:\users\robert\documents\visual studio 2015\projects\codemind_test\cwe690_null_deref_from_return\debug\cwe690_null_deref_from_return__char_calloc_54e.obj
c:\users\robert\documents\visual studio 2015\projects\codemind_test\cwe690_null_deref_from_return\debug\cwe690_null_deref_from_return__char_calloc_61a.obj
c:\users\robert\documents\visual studio 2015\projects\codemind_test\cwe690_null_deref_from_return\debug\cwe690_null_deref_from_return__char_calloc_61b.obj
c:\users\robert\documents\visual studio 2015\projects\codemind_test\cwe690_null_deref_from_return\debug\cwe690_null_deref_from_return__char_calloc_63a.obj
c:\users\robert\documents\visual studio 2015\projects\codemind_test\cwe690_null_deref_from_return\debug\cwe690_null_deref_from_return__char_calloc_63b.obj
c:\users\robert\documents\visual studio 2015\projects\codemind_test\cwe690_null_deref_from_return\debug\cwe690_null_deref_from_return__char_calloc_64a.obj
c:\users\robert\documents\visual studio 2015\projects\codemind_test\cwe690_null_deref_from_return\debug\cwe690_null_deref_from_return__char_calloc_64b.obj
c:\users\robert\documents\visual studio 2015\projects\codemind_test\cwe690_null_deref_from_return\debug\cwe690_null_deref_from_return__char_calloc_65a.obj
c:\users\robert\documents\visual studio 2015\projects\codemind_test\cwe690_null_deref_from_return\debug\cwe690_null_deref_from_return__char_calloc_65b.obj
c:\users\robert\documents\visual studio 2015\projects\codemind_test\cwe690_null_deref_from_return\debug\cwe690_null_deref_from_return__char_calloc_66a.obj
c:\users\robert\documents\visual studio 2015\projects\codemind_test\cwe690_null_deref_from_return\debug\cwe690_null_deref_from_return__char_calloc_66b.obj
c:\users\robert\documents\visual studio 2015\projects\codemind_test\cwe690_null_deref_from_return\debug\cwe690_null_deref_from_return__char_calloc_67a.obj
c:\users\robert\documents\visual studio 2015\projects\codemind_test\cwe690_null_deref_from_return\debug\cwe690_null_deref_from_return__char_calloc_67b.obj
c:\users\robert\documents\visual studio 2015\projects\codemind_test\cwe690_null_deref_from_return\debug\cwe690_null_deref_from_return__char_calloc_68a.obj
c:\users\robert\documents\visual studio 2015\projects\codemind_test\cwe690_null_deref_from_return\debug\cwe690_null_deref_from_return__char_calloc_68b.obj
c:\users\robert\documents\visual studio 2015\projects\codemind_test\cwe690_null_deref_from_return\debug\cwe690_null_deref_from_return__char_calloc_17.obj
c:\users\robert\documents\visual studio 2015\projects\codemind_test\cwe690_null_deref_from_return\debug\cwe690_null_deref_from_return__char_calloc_18.obj
c:\users\robert\documents\visual studio 2015\projects\codemind_test\cwe690_null_deref_from_return\debug\cwe690_null_deref_from_return__char_calloc_21.obj
c:\users\robert\documents\visual studio 2015\projects\codemind_test\cwe690_null_deref_from_return\debug\cwe690_null_deref_from_return__char_calloc_22a.obj
c:\users\robert\documents\visual studio 2015\projects\codemind_test\cwe690_null_deref_from_return\debug\cwe690_null_deref_from_return__char_calloc_22b.obj
c:\users\robert\documents\visual studio 2015\projects\codemind_test\cwe690_null_deref_from_return\debug\cwe690_null_deref_from_return__char_calloc_31.obj
c:\users\robert\documents\visual studio 2015\projects\codemind_test\cwe690_null_deref_from_return\debug\cwe690_null_deref_from_return__char_calloc_32.obj
c:\users\robert\documents\visual studio 2015\projects\codemind_test\cwe690_null_deref_from_return\debug\cwe690_null_deref_from_return__char_calloc_34.obj
c:\users\robert\documents\visual studio 2015\projects\codemind_test\cwe690_null_deref_from_return\debug\cwe690_null_deref_from_return__char_calloc_41.obj
c:\users\robert\documents\visual studio 2015\projects\codemind_test\cwe690_null_deref_from_return\debug\cwe690_null_deref_from_return__char_calloc_42.obj
c:\users\robert\documents\visual studio 2015\projects\codemind_test\cwe690_null_deref_from_return\debug\cwe690_null_deref_from_return__char_calloc_44.obj
c:\users\robert\documents\visual studio 2015\projects\codemind_test\cwe690_null_deref_from_return\debug\cwe690_null_deref_from_return__char_calloc_45.obj
c:\users\robert\documents\visual studio 2015\projects\codemind_test\cwe690_null_deref_from_return\debug\cwe690_null_deref_from_return__char_calloc_51a.obj
c:\users\robert\documents\visual studio 2015\projects\codemind_test\cwe690_null_deref_from_return\debug\cwe690_null_deref_from_return__char_calloc_51b.obj
c:\users\robert\documents\visual studio 2015\projects\codemind_test\cwe690_null_deref_from_return\debug\cwe690_null_deref_from_return__char_calloc_52a.obj
c:\users\robert\documents\visual studio 2015\projects\codemind_test\cwe690_null_deref_from_return\debug\cwe690_null_deref_from_return__char_calloc_52b.obj
c:\users\robert\documents\visual studio 2015\projects\codemind_test\cwe690_null_deref_from_return\debug\cwe690_null_deref_from_return__char_calloc_52c.obj
c:\users\robert\documents\visual studio 2015\projects\codemind_test\cwe690_null_deref_from_return\debug\cwe690_null_deref_from_return__char_calloc_53a.obj
c:\users\robert\documents\visual studio 2015\projects\codemind_test\cwe690_null_deref_from_return\debug\cwe690_null_deref_from_return__char_calloc_53b.obj
c:\users\robert\documents\visual studio 2015\projects\codemind_test\cwe690_null_deref_from_return\debug\cwe690_null_deref_from_return__char_calloc_53c.obj
c:\users\robert\documents\visual studio 2015\projects\codemind_test\cwe690_null_deref_from_return\debug\io.obj
c:\users\robert\documents\visual studio 2015\projects\codemind_test\cwe690_null_deref_from_return\debug\cwe690_null_deref_from_return__char_calloc_02.obj
c:\users\robert\documents\visual studio 2015\projects\codemind_test\cwe690_null_deref_from_return\debug\cwe690_null_deref_from_return__char_calloc_03.obj
c:\users\robert\documents\visual studio 2015\projects\codemind_test\cwe690_null_deref_from_return\debug\cwe690_null_deref_from_return__char_calloc_04.obj
c:\users\robert\documents\visual studio 2015\projects\codemind_test\cwe690_null_deref_from_return\debug\cwe690_null_deref_from_return__char_calloc_05.obj
c:\users\robert\documents\visual studio 2015\projects\codemind_test\cwe690_null_deref_from_return\debug\cwe690_null_deref_from_return__char_calloc_06.obj
c:\users\robert\documents\visual studio 2015\projects\codemind_test\cwe690_null_deref_from_return\debug\cwe690_null_deref_from_return__char_calloc_07.obj
c:\users\robert\documents\visual studio 2015\projects\codemind_test\cwe690_null_deref_from_return\debug\cwe690_null_deref_from_return__char_calloc_08.obj
c:\users\robert\documents\visual studio 2015\projects\codemind_test\cwe690_null_deref_from_return\debug\cwe690_null_deref_from_return__char_calloc_09.obj
c:\users\robert\documents\visual studio 2015\projects\codemind_test\cwe690_null_deref_from_return\debug\cwe690_null_deref_from_return__char_calloc_10.obj
c:\users\robert\documents\visual studio 2015\projects\codemind_test\cwe690_null_deref_from_return\debug\cwe690_null_deref_from_return__char_calloc_11.obj
c:\users\robert\documents\visual studio 2015\projects\codemind_test\cwe690_null_deref_from_return\debug\cwe690_null_deref_from_return__char_calloc_12.obj
c:\users\robert\documents\visual studio 2015\projects\codemind_test\cwe690_null_deref_from_return\debug\cwe690_null_deref_from_return__char_calloc_13.obj
c:\users\robert\documents\visual studio 2015\projects\codemind_test\cwe690_null_deref_from_return\debug\cwe690_null_deref_from_return__char_calloc_14.obj
c:\users\robert\documents\visual studio 2015\projects\codemind_test\cwe690_null_deref_from_return\debug\cwe690_null_deref_from_return__char_calloc_15.obj
c:\users\robert\documents\visual studio 2015\projects\codemind_test\cwe690_null_deref_from_return\debug\cwe690_null_deref_from_return__char_calloc_16.obj
c:\users\robert\documents\visual studio 2015\projects\codemind_test\debug\cwe690_null_deref_from_return.ilk
c:\users\robert\documents\visual studio 2015\projects\codemind_test\debug\cwe690_null_deref_from_return.exe
c:\users\robert\documents\visual studio 2015\projects\codemind_test\debug\cwe690_null_deref_from_return.pdb
c:\users\robert\documents\visual studio 2015\projects\codemind_test\cwe690_null_deref_from_return\debug\cwe690_n.5f72d5b3.tlog\cl.command.1.tlog
c:\users\robert\documents\visual studio 2015\projects\codemind_test\cwe690_null_deref_from_return\debug\cwe690_n.5f72d5b3.tlog\cl.read.1.tlog
c:\users\robert\documents\visual studio 2015\projects\codemind_test\cwe690_null_deref_from_return\debug\cwe690_n.5f72d5b3.tlog\cl.write.1.tlog
c:\users\robert\documents\visual studio 2015\projects\codemind_test\cwe690_null_deref_from_return\debug\cwe690_n.5f72d5b3.tlog\link.command.1.tlog
c:\users\robert\documents\visual studio 2015\projects\codemind_test\cwe690_null_deref_from_return\debug\cwe690_n.5f72d5b3.tlog\link.read.1.tlog
c:\users\robert\documents\visual studio 2015\projects\codemind_test\cwe690_null_deref_from_return\debug\cwe690_n.5f72d5b3.tlog\link.write.1.tlog
