c:\users\robert\documents\visual studio 2015\projects\codemind_test\cwe676_use_of_potentially_dangerous_function\debug\vc140.pdb
c:\users\robert\documents\visual studio 2015\projects\codemind_test\cwe676_use_of_potentially_dangerous_function\debug\vc140.idb
c:\users\robert\documents\visual studio 2015\projects\codemind_test\cwe676_use_of_potentially_dangerous_function\debug\fake_main.obj
c:\users\robert\documents\visual studio 2015\projects\codemind_test\cwe676_use_of_potentially_dangerous_function\debug\cwe676_use_of_potentially_dangerous_function__basic_01.obj
c:\users\robert\documents\visual studio 2015\projects\codemind_test\cwe676_use_of_potentially_dangerous_function\debug\cwe676_use_of_potentially_dangerous_function__basic_02.obj
c:\users\robert\documents\visual studio 2015\projects\codemind_test\cwe676_use_of_potentially_dangerous_function\debug\cwe676_use_of_potentially_dangerous_function__basic_03.obj
c:\users\robert\documents\visual studio 2015\projects\codemind_test\cwe676_use_of_potentially_dangerous_function\debug\cwe676_use_of_potentially_dangerous_function__basic_04.obj
c:\users\robert\documents\visual studio 2015\projects\codemind_test\cwe676_use_of_potentially_dangerous_function\debug\cwe676_use_of_potentially_dangerous_function__basic_05.obj
c:\users\robert\documents\visual studio 2015\projects\codemind_test\cwe676_use_of_potentially_dangerous_function\debug\cwe676_use_of_potentially_dangerous_function__basic_06.obj
c:\users\robert\documents\visual studio 2015\projects\codemind_test\cwe676_use_of_potentially_dangerous_function\debug\cwe676_use_of_potentially_dangerous_function__basic_07.obj
c:\users\robert\documents\visual studio 2015\projects\codemind_test\cwe676_use_of_potentially_dangerous_function\debug\cwe676_use_of_potentially_dangerous_function__basic_08.obj
c:\users\robert\documents\visual studio 2015\projects\codemind_test\cwe676_use_of_potentially_dangerous_function\debug\cwe676_use_of_potentially_dangerous_function__basic_09.obj
c:\users\robert\documents\visual studio 2015\projects\codemind_test\cwe676_use_of_potentially_dangerous_function\debug\cwe676_use_of_potentially_dangerous_function__basic_10.obj
c:\users\robert\documents\visual studio 2015\projects\codemind_test\cwe676_use_of_potentially_dangerous_function\debug\cwe676_use_of_potentially_dangerous_function__basic_11.obj
c:\users\robert\documents\visual studio 2015\projects\codemind_test\cwe676_use_of_potentially_dangerous_function\debug\cwe676_use_of_potentially_dangerous_function__basic_12.obj
c:\users\robert\documents\visual studio 2015\projects\codemind_test\cwe676_use_of_potentially_dangerous_function\debug\cwe676_use_of_potentially_dangerous_function__basic_13.obj
c:\users\robert\documents\visual studio 2015\projects\codemind_test\cwe676_use_of_potentially_dangerous_function\debug\cwe676_use_of_potentially_dangerous_function__basic_14.obj
c:\users\robert\documents\visual studio 2015\projects\codemind_test\cwe676_use_of_potentially_dangerous_function\debug\cwe676_use_of_potentially_dangerous_function__basic_15.obj
c:\users\robert\documents\visual studio 2015\projects\codemind_test\cwe676_use_of_potentially_dangerous_function\debug\cwe676_use_of_potentially_dangerous_function__basic_16.obj
c:\users\robert\documents\visual studio 2015\projects\codemind_test\cwe676_use_of_potentially_dangerous_function\debug\cwe676_use_of_potentially_dangerous_function__basic_17.obj
c:\users\robert\documents\visual studio 2015\projects\codemind_test\cwe676_use_of_potentially_dangerous_function\debug\cwe676_use_of_potentially_dangerous_function__basic_18.obj
c:\users\robert\documents\visual studio 2015\projects\codemind_test\cwe676_use_of_potentially_dangerous_function\debug\io.obj
c:\users\robert\documents\visual studio 2015\projects\codemind_test\debug\cwe676_use_of_potentially_dangerous_function.ilk
c:\users\robert\documents\visual studio 2015\projects\codemind_test\debug\cwe676_use_of_potentially_dangerous_function.exe
c:\users\robert\documents\visual studio 2015\projects\codemind_test\debug\cwe676_use_of_potentially_dangerous_function.pdb
c:\users\robert\documents\visual studio 2015\projects\codemind_test\cwe676_use_of_potentially_dangerous_function\debug\cwe676_u.cfb61bc0.tlog\cl.command.1.tlog
c:\users\robert\documents\visual studio 2015\projects\codemind_test\cwe676_use_of_potentially_dangerous_function\debug\cwe676_u.cfb61bc0.tlog\cl.read.1.tlog
c:\users\robert\documents\visual studio 2015\projects\codemind_test\cwe676_use_of_potentially_dangerous_function\debug\cwe676_u.cfb61bc0.tlog\cl.write.1.tlog
c:\users\robert\documents\visual studio 2015\projects\codemind_test\cwe676_use_of_potentially_dangerous_function\debug\cwe676_u.cfb61bc0.tlog\link.command.1.tlog
c:\users\robert\documents\visual studio 2015\projects\codemind_test\cwe676_use_of_potentially_dangerous_function\debug\cwe676_u.cfb61bc0.tlog\link.read.1.tlog
c:\users\robert\documents\visual studio 2015\projects\codemind_test\cwe676_use_of_potentially_dangerous_function\debug\cwe676_u.cfb61bc0.tlog\link.write.1.tlog
