  CWE676_Use_of_Potentially_Dangerous_Function__basic_18.cpp
  CWE676_Use_of_Potentially_Dangerous_Function__basic_17.cpp
  CWE676_Use_of_Potentially_Dangerous_Function__basic_16.cpp
  CWE676_Use_of_Potentially_Dangerous_Function__basic_15.cpp
  CWE676_Use_of_Potentially_Dangerous_Function__basic_14.cpp
  CWE676_Use_of_Potentially_Dangerous_Function__basic_13.cpp
  CWE676_Use_of_Potentially_Dangerous_Function__basic_12.cpp
  CWE676_Use_of_Potentially_Dangerous_Function__basic_11.cpp
  CWE676_Use_of_Potentially_Dangerous_Function__basic_10.cpp
  CWE676_Use_of_Potentially_Dangerous_Function__basic_09.cpp
  CWE676_Use_of_Potentially_Dangerous_Function__basic_08.cpp
  CWE676_Use_of_Potentially_Dangerous_Function__basic_07.cpp
  CWE676_Use_of_Potentially_Dangerous_Function__basic_06.cpp
  CWE676_Use_of_Potentially_Dangerous_Function__basic_05.cpp
  CWE676_Use_of_Potentially_Dangerous_Function__basic_04.cpp
  CWE676_Use_of_Potentially_Dangerous_Function__basic_03.cpp
  CWE676_Use_of_Potentially_Dangerous_Function__basic_02.cpp
  CWE676_Use_of_Potentially_Dangerous_Function__basic_01.cpp
  fake_main.cpp
  코드를 생성하고 있습니다...
  io.c
  CWE676_Use_of_Potentially_Dangerous_Function.vcxproj -> C:\git\romeo\c\Debug\CWE676_Use_of_Potentially_Dangerous_Function.exe
