C:\Program Files (x86)\Microsoft Visual Studio\2017\Community\Common7\IDE\VC\VCTargets\Microsoft.CppBuild.targets(937,5): warning MSB8027: 이름이 CWE126_Buffer_Overread__malloc_char_loop_01.c인 둘 이상의 파일이 같은 위치에 출력을 생성합니다. 이로 인해 잘못된 빌드 결과가 나타날 수 있습니다.  관련된 파일은 m00\CWE126_Buffer_Overread__malloc_char_loop_01.c, m01\CWE126_Buffer_Overread__malloc_char_loop_01.c입니다.
C:\Program Files (x86)\Microsoft Visual Studio\2017\Community\Common7\IDE\VC\VCTargets\Microsoft.CppBuild.targets(937,5): warning MSB8027: 이름이 CWE126_Buffer_Overread__char_alloca_loop_01.c인 둘 이상의 파일이 같은 위치에 출력을 생성합니다. 이로 인해 잘못된 빌드 결과가 나타날 수 있습니다.  관련된 파일은 m10\CWE126_Buffer_Overread__char_alloca_loop_01.c, m11\CWE126_Buffer_Overread__char_alloca_loop_01.c입니다.
C:\Program Files (x86)\Microsoft Visual Studio\2017\Community\Common7\IDE\VC\VCTargets\Microsoft.CppBuild.targets(937,5): warning MSB8027: 이름이 CWE126_Buffer_Overread__CWE170_char_loop_01.c인 둘 이상의 파일이 같은 위치에 출력을 생성합니다. 이로 인해 잘못된 빌드 결과가 나타날 수 있습니다.  관련된 파일은 m20\CWE126_Buffer_Overread__CWE170_char_loop_01.c, m21\CWE126_Buffer_Overread__CWE170_char_loop_01.c입니다.
  CWE126_Buffer_Overread__char_alloca_loop_82_goodG2B.cpp
  CWE126_Buffer_Overread__char_alloca_loop_82_bad.cpp
  CWE126_Buffer_Overread__char_alloca_loop_82a.cpp
  CWE126_Buffer_Overread__char_alloca_loop_81_goodG2B.cpp
  CWE126_Buffer_Overread__char_alloca_loop_81_bad.cpp
  CWE126_Buffer_Overread__char_alloca_loop_81a.cpp
  CWE126_Buffer_Overread__char_alloca_loop_74b.cpp
  CWE126_Buffer_Overread__char_alloca_loop_74a.cpp
  CWE126_Buffer_Overread__char_alloca_loop_73b.cpp
  CWE126_Buffer_Overread__char_alloca_loop_73a.cpp
  CWE126_Buffer_Overread__char_alloca_loop_72b.cpp
  CWE126_Buffer_Overread__char_alloca_loop_72a.cpp
  CWE126_Buffer_Overread__char_alloca_loop_33.cpp
  CWE126_Buffer_Overread__new_wchar_t_memmove_01.cpp
  CWE126_Buffer_Overread__new_wchar_t_memcpy_01.cpp
  CWE126_Buffer_Overread__new_wchar_t_loop_01.cpp
  CWE126_Buffer_Overread__new_char_memmove_01.cpp
  CWE126_Buffer_Overread__new_char_memcpy_01.cpp
  CWE126_Buffer_Overread__new_char_loop_01.cpp
  CWE126_Buffer_Overread__malloc_char_loop_84_goodG2B.cpp
  코드를 생성하고 있습니다...
  컴파일하고 있습니다...
  CWE126_Buffer_Overread__malloc_char_loop_84_bad.cpp
  CWE126_Buffer_Overread__malloc_char_loop_84a.cpp
  CWE126_Buffer_Overread__malloc_char_loop_83_goodG2B.cpp
  CWE126_Buffer_Overread__malloc_char_loop_83_bad.cpp
  CWE126_Buffer_Overread__malloc_char_loop_83a.cpp
  CWE126_Buffer_Overread__malloc_char_loop_82_goodG2B.cpp
  CWE126_Buffer_Overread__malloc_char_loop_82_bad.cpp
  CWE126_Buffer_Overread__malloc_char_loop_82a.cpp
  CWE126_Buffer_Overread__malloc_char_loop_81_goodG2B.cpp
  CWE126_Buffer_Overread__malloc_char_loop_81_bad.cpp
  CWE126_Buffer_Overread__malloc_char_loop_81a.cpp
  CWE126_Buffer_Overread__malloc_char_loop_74b.cpp
  CWE126_Buffer_Overread__malloc_char_loop_74a.cpp
  CWE126_Buffer_Overread__malloc_char_loop_73b.cpp
  CWE126_Buffer_Overread__malloc_char_loop_73a.cpp
  CWE126_Buffer_Overread__malloc_char_loop_72b.cpp
  CWE126_Buffer_Overread__malloc_char_loop_72a.cpp
  CWE126_Buffer_Overread__malloc_char_loop_62b.cpp
  CWE126_Buffer_Overread__malloc_char_loop_62a.cpp
  CWE126_Buffer_Overread__malloc_char_loop_43.cpp
  코드를 생성하고 있습니다...
  컴파일하고 있습니다...
  CWE126_Buffer_Overread__malloc_char_loop_33.cpp
  fake_main.cpp
  코드를 생성하고 있습니다...
  CWE126_Buffer_Overread__CWE170_wchar_t_strncpy_01.c
  CWE126_Buffer_Overread__CWE170_wchar_t_memcpy_01.c
  CWE126_Buffer_Overread__CWE170_wchar_t_loop_01.c
  CWE126_Buffer_Overread__CWE170_char_strncpy_01.c
  CWE126_Buffer_Overread__CWE170_char_memcpy_01.c
  CWE126_Buffer_Overread__CWE170_char_loop_01.c
  CWE126_Buffer_Overread__CWE170_char_loop_18.c
  CWE126_Buffer_Overread__CWE170_char_loop_17.c
  CWE126_Buffer_Overread__CWE170_char_loop_16.c
  CWE126_Buffer_Overread__CWE170_char_loop_15.c
  CWE126_Buffer_Overread__CWE170_char_loop_14.c
  CWE126_Buffer_Overread__CWE170_char_loop_13.c
  CWE126_Buffer_Overread__CWE170_char_loop_12.c
  CWE126_Buffer_Overread__CWE170_char_loop_11.c
  CWE126_Buffer_Overread__CWE170_char_loop_10.c
  CWE126_Buffer_Overread__CWE170_char_loop_09.c
  CWE126_Buffer_Overread__CWE170_char_loop_08.c
  CWE126_Buffer_Overread__CWE170_char_loop_07.c
  CWE126_Buffer_Overread__CWE170_char_loop_06.c
  CWE126_Buffer_Overread__CWE170_char_loop_05.c
  코드를 생성하고 있습니다...
  컴파일하고 있습니다...
  CWE126_Buffer_Overread__CWE170_char_loop_04.c
  CWE126_Buffer_Overread__CWE170_char_loop_03.c
  CWE126_Buffer_Overread__CWE170_char_loop_02.c
  CWE126_Buffer_Overread__CWE170_char_loop_01.c
  CWE126_Buffer_Overread__wchar_t_declare_memmove_01.c
  CWE126_Buffer_Overread__wchar_t_declare_memcpy_01.c
  CWE126_Buffer_Overread__wchar_t_declare_loop_01.c
  CWE126_Buffer_Overread__wchar_t_alloca_memmove_01.c
  CWE126_Buffer_Overread__wchar_t_alloca_memcpy_01.c
  CWE126_Buffer_Overread__wchar_t_alloca_loop_01.c
  CWE126_Buffer_Overread__char_declare_memmove_01.c
  CWE126_Buffer_Overread__char_declare_memcpy_01.c
  CWE126_Buffer_Overread__char_declare_loop_01.c
  CWE126_Buffer_Overread__char_alloca_memmove_01.c
  CWE126_Buffer_Overread__char_alloca_memcpy_01.c
  CWE126_Buffer_Overread__char_alloca_loop_01.c
  CWE126_Buffer_Overread__char_alloca_loop_68b.c
  CWE126_Buffer_Overread__char_alloca_loop_68a.c
  CWE126_Buffer_Overread__char_alloca_loop_67b.c
  CWE126_Buffer_Overread__char_alloca_loop_67a.c
  코드를 생성하고 있습니다...
  컴파일하고 있습니다...
  CWE126_Buffer_Overread__char_alloca_loop_66b.c
  CWE126_Buffer_Overread__char_alloca_loop_66a.c
  CWE126_Buffer_Overread__char_alloca_loop_65b.c
  CWE126_Buffer_Overread__char_alloca_loop_65a.c
  CWE126_Buffer_Overread__char_alloca_loop_64b.c
  CWE126_Buffer_Overread__char_alloca_loop_64a.c
  CWE126_Buffer_Overread__char_alloca_loop_63b.c
  CWE126_Buffer_Overread__char_alloca_loop_63a.c
  CWE126_Buffer_Overread__char_alloca_loop_54e.c
  CWE126_Buffer_Overread__char_alloca_loop_54d.c
  CWE126_Buffer_Overread__char_alloca_loop_54c.c
  CWE126_Buffer_Overread__char_alloca_loop_54b.c
  CWE126_Buffer_Overread__char_alloca_loop_54a.c
  CWE126_Buffer_Overread__char_alloca_loop_53d.c
  CWE126_Buffer_Overread__char_alloca_loop_53c.c
  CWE126_Buffer_Overread__char_alloca_loop_53b.c
  CWE126_Buffer_Overread__char_alloca_loop_53a.c
  CWE126_Buffer_Overread__char_alloca_loop_52c.c
  CWE126_Buffer_Overread__char_alloca_loop_52b.c
  CWE126_Buffer_Overread__char_alloca_loop_52a.c
  코드를 생성하고 있습니다...
  컴파일하고 있습니다...
  CWE126_Buffer_Overread__char_alloca_loop_51b.c
  CWE126_Buffer_Overread__char_alloca_loop_51a.c
  CWE126_Buffer_Overread__char_alloca_loop_45.c
  CWE126_Buffer_Overread__char_alloca_loop_44.c
  CWE126_Buffer_Overread__char_alloca_loop_41.c
  CWE126_Buffer_Overread__char_alloca_loop_34.c
  CWE126_Buffer_Overread__char_alloca_loop_32.c
  CWE126_Buffer_Overread__char_alloca_loop_31.c
  CWE126_Buffer_Overread__char_alloca_loop_18.c
  CWE126_Buffer_Overread__char_alloca_loop_17.c
  CWE126_Buffer_Overread__char_alloca_loop_16.c
  CWE126_Buffer_Overread__char_alloca_loop_15.c
  CWE126_Buffer_Overread__char_alloca_loop_14.c
  CWE126_Buffer_Overread__char_alloca_loop_13.c
  CWE126_Buffer_Overread__char_alloca_loop_12.c
  CWE126_Buffer_Overread__char_alloca_loop_11.c
  CWE126_Buffer_Overread__char_alloca_loop_10.c
  CWE126_Buffer_Overread__char_alloca_loop_09.c
  CWE126_Buffer_Overread__char_alloca_loop_08.c
  CWE126_Buffer_Overread__char_alloca_loop_07.c
  코드를 생성하고 있습니다...
  컴파일하고 있습니다...
  CWE126_Buffer_Overread__char_alloca_loop_06.c
  CWE126_Buffer_Overread__char_alloca_loop_05.c
  CWE126_Buffer_Overread__char_alloca_loop_04.c
  CWE126_Buffer_Overread__char_alloca_loop_03.c
  CWE126_Buffer_Overread__char_alloca_loop_02.c
  CWE126_Buffer_Overread__char_alloca_loop_01.c
  CWE126_Buffer_Overread__malloc_wchar_t_memmove_01.c
  CWE126_Buffer_Overread__malloc_wchar_t_memcpy_01.c
  CWE126_Buffer_Overread__malloc_wchar_t_loop_01.c
  CWE126_Buffer_Overread__malloc_char_memmove_01.c
  CWE126_Buffer_Overread__malloc_char_memcpy_01.c
  CWE126_Buffer_Overread__malloc_char_loop_01.c
  CWE126_Buffer_Overread__CWE129_rand_01.c
  CWE126_Buffer_Overread__CWE129_listen_socket_01.c
  CWE126_Buffer_Overread__CWE129_large_01.c
  CWE126_Buffer_Overread__CWE129_fscanf_01.c
  CWE126_Buffer_Overread__CWE129_fgets_01.c
  CWE126_Buffer_Overread__CWE129_connect_socket_01.c
  CWE126_Buffer_Overread__malloc_char_loop_68b.c
  CWE126_Buffer_Overread__malloc_char_loop_68a.c
  코드를 생성하고 있습니다...
  컴파일하고 있습니다...
  CWE126_Buffer_Overread__malloc_char_loop_67b.c
  CWE126_Buffer_Overread__malloc_char_loop_67a.c
  CWE126_Buffer_Overread__malloc_char_loop_66b.c
  CWE126_Buffer_Overread__malloc_char_loop_66a.c
  CWE126_Buffer_Overread__malloc_char_loop_65b.c
  CWE126_Buffer_Overread__malloc_char_loop_65a.c
  CWE126_Buffer_Overread__malloc_char_loop_64b.c
  CWE126_Buffer_Overread__malloc_char_loop_64a.c
  CWE126_Buffer_Overread__malloc_char_loop_63b.c
  CWE126_Buffer_Overread__malloc_char_loop_63a.c
  CWE126_Buffer_Overread__malloc_char_loop_61b.c
  CWE126_Buffer_Overread__malloc_char_loop_61a.c
  CWE126_Buffer_Overread__malloc_char_loop_54e.c
  CWE126_Buffer_Overread__malloc_char_loop_54d.c
  CWE126_Buffer_Overread__malloc_char_loop_54c.c
  CWE126_Buffer_Overread__malloc_char_loop_54b.c
  CWE126_Buffer_Overread__malloc_char_loop_54a.c
  CWE126_Buffer_Overread__malloc_char_loop_53d.c
  CWE126_Buffer_Overread__malloc_char_loop_53c.c
  CWE126_Buffer_Overread__malloc_char_loop_53b.c
  코드를 생성하고 있습니다...
  컴파일하고 있습니다...
  CWE126_Buffer_Overread__malloc_char_loop_53a.c
  CWE126_Buffer_Overread__malloc_char_loop_52c.c
  CWE126_Buffer_Overread__malloc_char_loop_52b.c
  CWE126_Buffer_Overread__malloc_char_loop_52a.c
  CWE126_Buffer_Overread__malloc_char_loop_51b.c
  CWE126_Buffer_Overread__malloc_char_loop_51a.c
  CWE126_Buffer_Overread__malloc_char_loop_45.c
  CWE126_Buffer_Overread__malloc_char_loop_44.c
  CWE126_Buffer_Overread__malloc_char_loop_42.c
  CWE126_Buffer_Overread__malloc_char_loop_41.c
  CWE126_Buffer_Overread__malloc_char_loop_34.c
  CWE126_Buffer_Overread__malloc_char_loop_32.c
  CWE126_Buffer_Overread__malloc_char_loop_31.c
  CWE126_Buffer_Overread__malloc_char_loop_22b.c
  CWE126_Buffer_Overread__malloc_char_loop_22a.c
  CWE126_Buffer_Overread__malloc_char_loop_21.c
  CWE126_Buffer_Overread__malloc_char_loop_18.c
  CWE126_Buffer_Overread__malloc_char_loop_17.c
  CWE126_Buffer_Overread__malloc_char_loop_16.c
  CWE126_Buffer_Overread__malloc_char_loop_15.c
  코드를 생성하고 있습니다...
  컴파일하고 있습니다...
  CWE126_Buffer_Overread__malloc_char_loop_14.c
  CWE126_Buffer_Overread__malloc_char_loop_13.c
  CWE126_Buffer_Overread__malloc_char_loop_12.c
  CWE126_Buffer_Overread__malloc_char_loop_11.c
  CWE126_Buffer_Overread__malloc_char_loop_10.c
  CWE126_Buffer_Overread__malloc_char_loop_09.c
  CWE126_Buffer_Overread__malloc_char_loop_08.c
  CWE126_Buffer_Overread__malloc_char_loop_07.c
  CWE126_Buffer_Overread__malloc_char_loop_06.c
  CWE126_Buffer_Overread__malloc_char_loop_05.c
  CWE126_Buffer_Overread__malloc_char_loop_04.c
  CWE126_Buffer_Overread__malloc_char_loop_03.c
  CWE126_Buffer_Overread__malloc_char_loop_02.c
  CWE126_Buffer_Overread__malloc_char_loop_01.c
  io.c
  코드를 생성하고 있습니다...
Debug\CWE126_Buffer_Overread__malloc_char_loop_01.obj : warning LNK4042: 개체가 두 번 이상 지정되었습니다. 나머지는 무시됩니다.
Debug\CWE126_Buffer_Overread__char_alloca_loop_01.obj : warning LNK4042: 개체가 두 번 이상 지정되었습니다. 나머지는 무시됩니다.
Debug\CWE126_Buffer_Overread__CWE170_char_loop_01.obj : warning LNK4042: 개체가 두 번 이상 지정되었습니다. 나머지는 무시됩니다.
  CWE126_Buffer_Overread.vcxproj -> C:\git\romeo\c\Debug\CWE126_Buffer_Overread.exe
