c:\git\romeo\c\cwe126_buffer_overread\debug\vc141.pdb
c:\git\romeo\c\cwe126_buffer_overread\debug\vc141.idb
c:\git\romeo\c\cwe126_buffer_overread\debug\cwe126_buffer_overread__malloc_char_loop_84_goodg2b.obj
c:\git\romeo\c\cwe126_buffer_overread\debug\cwe126_buffer_overread__new_char_loop_01.obj
c:\git\romeo\c\cwe126_buffer_overread\debug\cwe126_buffer_overread__new_char_memcpy_01.obj
c:\git\romeo\c\cwe126_buffer_overread\debug\cwe126_buffer_overread__new_char_memmove_01.obj
c:\git\romeo\c\cwe126_buffer_overread\debug\cwe126_buffer_overread__new_wchar_t_loop_01.obj
c:\git\romeo\c\cwe126_buffer_overread\debug\cwe126_buffer_overread__new_wchar_t_memcpy_01.obj
c:\git\romeo\c\cwe126_buffer_overread\debug\cwe126_buffer_overread__new_wchar_t_memmove_01.obj
c:\git\romeo\c\cwe126_buffer_overread\debug\cwe126_buffer_overread__char_alloca_loop_33.obj
c:\git\romeo\c\cwe126_buffer_overread\debug\cwe126_buffer_overread__char_alloca_loop_72a.obj
c:\git\romeo\c\cwe126_buffer_overread\debug\cwe126_buffer_overread__char_alloca_loop_72b.obj
c:\git\romeo\c\cwe126_buffer_overread\debug\cwe126_buffer_overread__char_alloca_loop_73a.obj
c:\git\romeo\c\cwe126_buffer_overread\debug\cwe126_buffer_overread__char_alloca_loop_73b.obj
c:\git\romeo\c\cwe126_buffer_overread\debug\cwe126_buffer_overread__char_alloca_loop_74a.obj
c:\git\romeo\c\cwe126_buffer_overread\debug\cwe126_buffer_overread__char_alloca_loop_74b.obj
c:\git\romeo\c\cwe126_buffer_overread\debug\cwe126_buffer_overread__char_alloca_loop_81a.obj
c:\git\romeo\c\cwe126_buffer_overread\debug\cwe126_buffer_overread__char_alloca_loop_81_bad.obj
c:\git\romeo\c\cwe126_buffer_overread\debug\cwe126_buffer_overread__char_alloca_loop_81_goodg2b.obj
c:\git\romeo\c\cwe126_buffer_overread\debug\cwe126_buffer_overread__char_alloca_loop_82a.obj
c:\git\romeo\c\cwe126_buffer_overread\debug\cwe126_buffer_overread__char_alloca_loop_82_bad.obj
c:\git\romeo\c\cwe126_buffer_overread\debug\cwe126_buffer_overread__char_alloca_loop_82_goodg2b.obj
c:\git\romeo\c\cwe126_buffer_overread\debug\cwe126_buffer_overread__malloc_char_loop_43.obj
c:\git\romeo\c\cwe126_buffer_overread\debug\cwe126_buffer_overread__malloc_char_loop_62a.obj
c:\git\romeo\c\cwe126_buffer_overread\debug\cwe126_buffer_overread__malloc_char_loop_62b.obj
c:\git\romeo\c\cwe126_buffer_overread\debug\cwe126_buffer_overread__malloc_char_loop_72a.obj
c:\git\romeo\c\cwe126_buffer_overread\debug\cwe126_buffer_overread__malloc_char_loop_72b.obj
c:\git\romeo\c\cwe126_buffer_overread\debug\cwe126_buffer_overread__malloc_char_loop_73a.obj
c:\git\romeo\c\cwe126_buffer_overread\debug\cwe126_buffer_overread__malloc_char_loop_73b.obj
c:\git\romeo\c\cwe126_buffer_overread\debug\cwe126_buffer_overread__malloc_char_loop_74a.obj
c:\git\romeo\c\cwe126_buffer_overread\debug\cwe126_buffer_overread__malloc_char_loop_74b.obj
c:\git\romeo\c\cwe126_buffer_overread\debug\cwe126_buffer_overread__malloc_char_loop_81a.obj
c:\git\romeo\c\cwe126_buffer_overread\debug\cwe126_buffer_overread__malloc_char_loop_81_bad.obj
c:\git\romeo\c\cwe126_buffer_overread\debug\cwe126_buffer_overread__malloc_char_loop_81_goodg2b.obj
c:\git\romeo\c\cwe126_buffer_overread\debug\cwe126_buffer_overread__malloc_char_loop_82a.obj
c:\git\romeo\c\cwe126_buffer_overread\debug\cwe126_buffer_overread__malloc_char_loop_82_bad.obj
c:\git\romeo\c\cwe126_buffer_overread\debug\cwe126_buffer_overread__malloc_char_loop_82_goodg2b.obj
c:\git\romeo\c\cwe126_buffer_overread\debug\cwe126_buffer_overread__malloc_char_loop_83a.obj
c:\git\romeo\c\cwe126_buffer_overread\debug\cwe126_buffer_overread__malloc_char_loop_83_bad.obj
c:\git\romeo\c\cwe126_buffer_overread\debug\cwe126_buffer_overread__malloc_char_loop_83_goodg2b.obj
c:\git\romeo\c\cwe126_buffer_overread\debug\cwe126_buffer_overread__malloc_char_loop_84a.obj
c:\git\romeo\c\cwe126_buffer_overread\debug\cwe126_buffer_overread__malloc_char_loop_84_bad.obj
c:\git\romeo\c\cwe126_buffer_overread\debug\fake_main.obj
c:\git\romeo\c\cwe126_buffer_overread\debug\cwe126_buffer_overread__malloc_char_loop_33.obj
c:\git\romeo\c\cwe126_buffer_overread\debug\cwe126_buffer_overread.pdb
c:\git\romeo\c\cwe126_buffer_overread\debug\cwe126_buffer_overread.idb
c:\git\romeo\c\cwe126_buffer_overread\debug\cwe126_buffer_overread__cwe170_char_loop_05.obj
c:\git\romeo\c\cwe126_buffer_overread\debug\cwe126_buffer_overread__cwe170_char_loop_06.obj
c:\git\romeo\c\cwe126_buffer_overread\debug\cwe126_buffer_overread__cwe170_char_loop_07.obj
c:\git\romeo\c\cwe126_buffer_overread\debug\cwe126_buffer_overread__cwe170_char_loop_08.obj
c:\git\romeo\c\cwe126_buffer_overread\debug\cwe126_buffer_overread__cwe170_char_loop_09.obj
c:\git\romeo\c\cwe126_buffer_overread\debug\cwe126_buffer_overread__cwe170_char_loop_10.obj
c:\git\romeo\c\cwe126_buffer_overread\debug\cwe126_buffer_overread__cwe170_char_loop_11.obj
c:\git\romeo\c\cwe126_buffer_overread\debug\cwe126_buffer_overread__cwe170_char_loop_12.obj
c:\git\romeo\c\cwe126_buffer_overread\debug\cwe126_buffer_overread__cwe170_char_loop_13.obj
c:\git\romeo\c\cwe126_buffer_overread\debug\cwe126_buffer_overread__cwe170_char_loop_14.obj
c:\git\romeo\c\cwe126_buffer_overread\debug\cwe126_buffer_overread__cwe170_char_loop_15.obj
c:\git\romeo\c\cwe126_buffer_overread\debug\cwe126_buffer_overread__cwe170_char_loop_16.obj
c:\git\romeo\c\cwe126_buffer_overread\debug\cwe126_buffer_overread__cwe170_char_loop_17.obj
c:\git\romeo\c\cwe126_buffer_overread\debug\cwe126_buffer_overread__cwe170_char_loop_18.obj
c:\git\romeo\c\cwe126_buffer_overread\debug\cwe126_buffer_overread__cwe170_char_loop_01.obj
c:\git\romeo\c\cwe126_buffer_overread\debug\cwe126_buffer_overread__cwe170_char_memcpy_01.obj
c:\git\romeo\c\cwe126_buffer_overread\debug\cwe126_buffer_overread__cwe170_char_strncpy_01.obj
c:\git\romeo\c\cwe126_buffer_overread\debug\cwe126_buffer_overread__cwe170_wchar_t_loop_01.obj
c:\git\romeo\c\cwe126_buffer_overread\debug\cwe126_buffer_overread__cwe170_wchar_t_memcpy_01.obj
c:\git\romeo\c\cwe126_buffer_overread\debug\cwe126_buffer_overread__cwe170_wchar_t_strncpy_01.obj
c:\git\romeo\c\cwe126_buffer_overread\debug\cwe126_buffer_overread__char_alloca_loop_67a.obj
c:\git\romeo\c\cwe126_buffer_overread\debug\cwe126_buffer_overread__char_alloca_loop_67b.obj
c:\git\romeo\c\cwe126_buffer_overread\debug\cwe126_buffer_overread__char_alloca_loop_68a.obj
c:\git\romeo\c\cwe126_buffer_overread\debug\cwe126_buffer_overread__char_alloca_loop_68b.obj
c:\git\romeo\c\cwe126_buffer_overread\debug\cwe126_buffer_overread__char_alloca_loop_01.obj
c:\git\romeo\c\cwe126_buffer_overread\debug\cwe126_buffer_overread__char_alloca_memcpy_01.obj
c:\git\romeo\c\cwe126_buffer_overread\debug\cwe126_buffer_overread__char_alloca_memmove_01.obj
c:\git\romeo\c\cwe126_buffer_overread\debug\cwe126_buffer_overread__char_declare_loop_01.obj
c:\git\romeo\c\cwe126_buffer_overread\debug\cwe126_buffer_overread__char_declare_memcpy_01.obj
c:\git\romeo\c\cwe126_buffer_overread\debug\cwe126_buffer_overread__char_declare_memmove_01.obj
c:\git\romeo\c\cwe126_buffer_overread\debug\cwe126_buffer_overread__wchar_t_alloca_loop_01.obj
c:\git\romeo\c\cwe126_buffer_overread\debug\cwe126_buffer_overread__wchar_t_alloca_memcpy_01.obj
c:\git\romeo\c\cwe126_buffer_overread\debug\cwe126_buffer_overread__wchar_t_alloca_memmove_01.obj
c:\git\romeo\c\cwe126_buffer_overread\debug\cwe126_buffer_overread__wchar_t_declare_loop_01.obj
c:\git\romeo\c\cwe126_buffer_overread\debug\cwe126_buffer_overread__wchar_t_declare_memcpy_01.obj
c:\git\romeo\c\cwe126_buffer_overread\debug\cwe126_buffer_overread__wchar_t_declare_memmove_01.obj
c:\git\romeo\c\cwe126_buffer_overread\debug\cwe126_buffer_overread__cwe170_char_loop_02.obj
c:\git\romeo\c\cwe126_buffer_overread\debug\cwe126_buffer_overread__cwe170_char_loop_03.obj
c:\git\romeo\c\cwe126_buffer_overread\debug\cwe126_buffer_overread__cwe170_char_loop_04.obj
c:\git\romeo\c\cwe126_buffer_overread\debug\cwe126_buffer_overread__char_alloca_loop_52a.obj
c:\git\romeo\c\cwe126_buffer_overread\debug\cwe126_buffer_overread__char_alloca_loop_52b.obj
c:\git\romeo\c\cwe126_buffer_overread\debug\cwe126_buffer_overread__char_alloca_loop_52c.obj
c:\git\romeo\c\cwe126_buffer_overread\debug\cwe126_buffer_overread__char_alloca_loop_53a.obj
c:\git\romeo\c\cwe126_buffer_overread\debug\cwe126_buffer_overread__char_alloca_loop_53b.obj
c:\git\romeo\c\cwe126_buffer_overread\debug\cwe126_buffer_overread__char_alloca_loop_53c.obj
c:\git\romeo\c\cwe126_buffer_overread\debug\cwe126_buffer_overread__char_alloca_loop_53d.obj
c:\git\romeo\c\cwe126_buffer_overread\debug\cwe126_buffer_overread__char_alloca_loop_54a.obj
c:\git\romeo\c\cwe126_buffer_overread\debug\cwe126_buffer_overread__char_alloca_loop_54b.obj
c:\git\romeo\c\cwe126_buffer_overread\debug\cwe126_buffer_overread__char_alloca_loop_54c.obj
c:\git\romeo\c\cwe126_buffer_overread\debug\cwe126_buffer_overread__char_alloca_loop_54d.obj
c:\git\romeo\c\cwe126_buffer_overread\debug\cwe126_buffer_overread__char_alloca_loop_54e.obj
c:\git\romeo\c\cwe126_buffer_overread\debug\cwe126_buffer_overread__char_alloca_loop_63a.obj
c:\git\romeo\c\cwe126_buffer_overread\debug\cwe126_buffer_overread__char_alloca_loop_63b.obj
c:\git\romeo\c\cwe126_buffer_overread\debug\cwe126_buffer_overread__char_alloca_loop_64a.obj
c:\git\romeo\c\cwe126_buffer_overread\debug\cwe126_buffer_overread__char_alloca_loop_64b.obj
c:\git\romeo\c\cwe126_buffer_overread\debug\cwe126_buffer_overread__char_alloca_loop_65a.obj
c:\git\romeo\c\cwe126_buffer_overread\debug\cwe126_buffer_overread__char_alloca_loop_65b.obj
c:\git\romeo\c\cwe126_buffer_overread\debug\cwe126_buffer_overread__char_alloca_loop_66a.obj
c:\git\romeo\c\cwe126_buffer_overread\debug\cwe126_buffer_overread__char_alloca_loop_66b.obj
c:\git\romeo\c\cwe126_buffer_overread\debug\cwe126_buffer_overread__char_alloca_loop_07.obj
c:\git\romeo\c\cwe126_buffer_overread\debug\cwe126_buffer_overread__char_alloca_loop_08.obj
c:\git\romeo\c\cwe126_buffer_overread\debug\cwe126_buffer_overread__char_alloca_loop_09.obj
c:\git\romeo\c\cwe126_buffer_overread\debug\cwe126_buffer_overread__char_alloca_loop_10.obj
c:\git\romeo\c\cwe126_buffer_overread\debug\cwe126_buffer_overread__char_alloca_loop_11.obj
c:\git\romeo\c\cwe126_buffer_overread\debug\cwe126_buffer_overread__char_alloca_loop_12.obj
c:\git\romeo\c\cwe126_buffer_overread\debug\cwe126_buffer_overread__char_alloca_loop_13.obj
c:\git\romeo\c\cwe126_buffer_overread\debug\cwe126_buffer_overread__char_alloca_loop_14.obj
c:\git\romeo\c\cwe126_buffer_overread\debug\cwe126_buffer_overread__char_alloca_loop_15.obj
c:\git\romeo\c\cwe126_buffer_overread\debug\cwe126_buffer_overread__char_alloca_loop_16.obj
c:\git\romeo\c\cwe126_buffer_overread\debug\cwe126_buffer_overread__char_alloca_loop_17.obj
c:\git\romeo\c\cwe126_buffer_overread\debug\cwe126_buffer_overread__char_alloca_loop_18.obj
c:\git\romeo\c\cwe126_buffer_overread\debug\cwe126_buffer_overread__char_alloca_loop_31.obj
c:\git\romeo\c\cwe126_buffer_overread\debug\cwe126_buffer_overread__char_alloca_loop_32.obj
c:\git\romeo\c\cwe126_buffer_overread\debug\cwe126_buffer_overread__char_alloca_loop_34.obj
c:\git\romeo\c\cwe126_buffer_overread\debug\cwe126_buffer_overread__char_alloca_loop_41.obj
c:\git\romeo\c\cwe126_buffer_overread\debug\cwe126_buffer_overread__char_alloca_loop_44.obj
c:\git\romeo\c\cwe126_buffer_overread\debug\cwe126_buffer_overread__char_alloca_loop_45.obj
c:\git\romeo\c\cwe126_buffer_overread\debug\cwe126_buffer_overread__char_alloca_loop_51a.obj
c:\git\romeo\c\cwe126_buffer_overread\debug\cwe126_buffer_overread__char_alloca_loop_51b.obj
c:\git\romeo\c\cwe126_buffer_overread\debug\cwe126_buffer_overread__malloc_char_loop_68a.obj
c:\git\romeo\c\cwe126_buffer_overread\debug\cwe126_buffer_overread__malloc_char_loop_68b.obj
c:\git\romeo\c\cwe126_buffer_overread\debug\cwe126_buffer_overread__cwe129_connect_socket_01.obj
c:\git\romeo\c\cwe126_buffer_overread\debug\cwe126_buffer_overread__cwe129_fgets_01.obj
c:\git\romeo\c\cwe126_buffer_overread\debug\cwe126_buffer_overread__cwe129_fscanf_01.obj
c:\git\romeo\c\cwe126_buffer_overread\debug\cwe126_buffer_overread__cwe129_large_01.obj
c:\git\romeo\c\cwe126_buffer_overread\debug\cwe126_buffer_overread__cwe129_listen_socket_01.obj
c:\git\romeo\c\cwe126_buffer_overread\debug\cwe126_buffer_overread__cwe129_rand_01.obj
c:\git\romeo\c\cwe126_buffer_overread\debug\cwe126_buffer_overread__malloc_char_loop_01.obj
c:\git\romeo\c\cwe126_buffer_overread\debug\cwe126_buffer_overread__malloc_char_memcpy_01.obj
c:\git\romeo\c\cwe126_buffer_overread\debug\cwe126_buffer_overread__malloc_char_memmove_01.obj
c:\git\romeo\c\cwe126_buffer_overread\debug\cwe126_buffer_overread__malloc_wchar_t_loop_01.obj
c:\git\romeo\c\cwe126_buffer_overread\debug\cwe126_buffer_overread__malloc_wchar_t_memcpy_01.obj
c:\git\romeo\c\cwe126_buffer_overread\debug\cwe126_buffer_overread__malloc_wchar_t_memmove_01.obj
c:\git\romeo\c\cwe126_buffer_overread\debug\cwe126_buffer_overread__char_alloca_loop_02.obj
c:\git\romeo\c\cwe126_buffer_overread\debug\cwe126_buffer_overread__char_alloca_loop_03.obj
c:\git\romeo\c\cwe126_buffer_overread\debug\cwe126_buffer_overread__char_alloca_loop_04.obj
c:\git\romeo\c\cwe126_buffer_overread\debug\cwe126_buffer_overread__char_alloca_loop_05.obj
c:\git\romeo\c\cwe126_buffer_overread\debug\cwe126_buffer_overread__char_alloca_loop_06.obj
c:\git\romeo\c\cwe126_buffer_overread\debug\cwe126_buffer_overread__malloc_char_loop_53b.obj
c:\git\romeo\c\cwe126_buffer_overread\debug\cwe126_buffer_overread__malloc_char_loop_53c.obj
c:\git\romeo\c\cwe126_buffer_overread\debug\cwe126_buffer_overread__malloc_char_loop_53d.obj
c:\git\romeo\c\cwe126_buffer_overread\debug\cwe126_buffer_overread__malloc_char_loop_54a.obj
c:\git\romeo\c\cwe126_buffer_overread\debug\cwe126_buffer_overread__malloc_char_loop_54b.obj
c:\git\romeo\c\cwe126_buffer_overread\debug\cwe126_buffer_overread__malloc_char_loop_54c.obj
c:\git\romeo\c\cwe126_buffer_overread\debug\cwe126_buffer_overread__malloc_char_loop_54d.obj
c:\git\romeo\c\cwe126_buffer_overread\debug\cwe126_buffer_overread__malloc_char_loop_54e.obj
c:\git\romeo\c\cwe126_buffer_overread\debug\cwe126_buffer_overread__malloc_char_loop_61a.obj
c:\git\romeo\c\cwe126_buffer_overread\debug\cwe126_buffer_overread__malloc_char_loop_61b.obj
c:\git\romeo\c\cwe126_buffer_overread\debug\cwe126_buffer_overread__malloc_char_loop_63a.obj
c:\git\romeo\c\cwe126_buffer_overread\debug\cwe126_buffer_overread__malloc_char_loop_63b.obj
c:\git\romeo\c\cwe126_buffer_overread\debug\cwe126_buffer_overread__malloc_char_loop_64a.obj
c:\git\romeo\c\cwe126_buffer_overread\debug\cwe126_buffer_overread__malloc_char_loop_64b.obj
c:\git\romeo\c\cwe126_buffer_overread\debug\cwe126_buffer_overread__malloc_char_loop_65a.obj
c:\git\romeo\c\cwe126_buffer_overread\debug\cwe126_buffer_overread__malloc_char_loop_65b.obj
c:\git\romeo\c\cwe126_buffer_overread\debug\cwe126_buffer_overread__malloc_char_loop_66a.obj
c:\git\romeo\c\cwe126_buffer_overread\debug\cwe126_buffer_overread__malloc_char_loop_66b.obj
c:\git\romeo\c\cwe126_buffer_overread\debug\cwe126_buffer_overread__malloc_char_loop_67a.obj
c:\git\romeo\c\cwe126_buffer_overread\debug\cwe126_buffer_overread__malloc_char_loop_67b.obj
c:\git\romeo\c\cwe126_buffer_overread\debug\cwe126_buffer_overread__malloc_char_loop_15.obj
c:\git\romeo\c\cwe126_buffer_overread\debug\cwe126_buffer_overread__malloc_char_loop_16.obj
c:\git\romeo\c\cwe126_buffer_overread\debug\cwe126_buffer_overread__malloc_char_loop_17.obj
c:\git\romeo\c\cwe126_buffer_overread\debug\cwe126_buffer_overread__malloc_char_loop_18.obj
c:\git\romeo\c\cwe126_buffer_overread\debug\cwe126_buffer_overread__malloc_char_loop_21.obj
c:\git\romeo\c\cwe126_buffer_overread\debug\cwe126_buffer_overread__malloc_char_loop_22a.obj
c:\git\romeo\c\cwe126_buffer_overread\debug\cwe126_buffer_overread__malloc_char_loop_22b.obj
c:\git\romeo\c\cwe126_buffer_overread\debug\cwe126_buffer_overread__malloc_char_loop_31.obj
c:\git\romeo\c\cwe126_buffer_overread\debug\cwe126_buffer_overread__malloc_char_loop_32.obj
c:\git\romeo\c\cwe126_buffer_overread\debug\cwe126_buffer_overread__malloc_char_loop_34.obj
c:\git\romeo\c\cwe126_buffer_overread\debug\cwe126_buffer_overread__malloc_char_loop_41.obj
c:\git\romeo\c\cwe126_buffer_overread\debug\cwe126_buffer_overread__malloc_char_loop_42.obj
c:\git\romeo\c\cwe126_buffer_overread\debug\cwe126_buffer_overread__malloc_char_loop_44.obj
c:\git\romeo\c\cwe126_buffer_overread\debug\cwe126_buffer_overread__malloc_char_loop_45.obj
c:\git\romeo\c\cwe126_buffer_overread\debug\cwe126_buffer_overread__malloc_char_loop_51a.obj
c:\git\romeo\c\cwe126_buffer_overread\debug\cwe126_buffer_overread__malloc_char_loop_51b.obj
c:\git\romeo\c\cwe126_buffer_overread\debug\cwe126_buffer_overread__malloc_char_loop_52a.obj
c:\git\romeo\c\cwe126_buffer_overread\debug\cwe126_buffer_overread__malloc_char_loop_52b.obj
c:\git\romeo\c\cwe126_buffer_overread\debug\cwe126_buffer_overread__malloc_char_loop_52c.obj
c:\git\romeo\c\cwe126_buffer_overread\debug\cwe126_buffer_overread__malloc_char_loop_53a.obj
c:\git\romeo\c\cwe126_buffer_overread\debug\io.obj
c:\git\romeo\c\cwe126_buffer_overread\debug\cwe126_buffer_overread__malloc_char_loop_02.obj
c:\git\romeo\c\cwe126_buffer_overread\debug\cwe126_buffer_overread__malloc_char_loop_03.obj
c:\git\romeo\c\cwe126_buffer_overread\debug\cwe126_buffer_overread__malloc_char_loop_04.obj
c:\git\romeo\c\cwe126_buffer_overread\debug\cwe126_buffer_overread__malloc_char_loop_05.obj
c:\git\romeo\c\cwe126_buffer_overread\debug\cwe126_buffer_overread__malloc_char_loop_06.obj
c:\git\romeo\c\cwe126_buffer_overread\debug\cwe126_buffer_overread__malloc_char_loop_07.obj
c:\git\romeo\c\cwe126_buffer_overread\debug\cwe126_buffer_overread__malloc_char_loop_08.obj
c:\git\romeo\c\cwe126_buffer_overread\debug\cwe126_buffer_overread__malloc_char_loop_09.obj
c:\git\romeo\c\cwe126_buffer_overread\debug\cwe126_buffer_overread__malloc_char_loop_10.obj
c:\git\romeo\c\cwe126_buffer_overread\debug\cwe126_buffer_overread__malloc_char_loop_11.obj
c:\git\romeo\c\cwe126_buffer_overread\debug\cwe126_buffer_overread__malloc_char_loop_12.obj
c:\git\romeo\c\cwe126_buffer_overread\debug\cwe126_buffer_overread__malloc_char_loop_13.obj
c:\git\romeo\c\cwe126_buffer_overread\debug\cwe126_buffer_overread__malloc_char_loop_14.obj
c:\git\romeo\c\debug\cwe126_buffer_overread.lib
c:\git\romeo\c\debug\cwe126_buffer_overread.ilk
c:\git\romeo\c\debug\cwe126_buffer_overread.exe
c:\git\romeo\c\debug\cwe126_buffer_overread.pdb
c:\git\romeo\c\cwe126_buffer_overread\debug\cwe126_b.8d874312.tlog\cl.command.1.tlog
c:\git\romeo\c\cwe126_buffer_overread\debug\cwe126_b.8d874312.tlog\cl.read.1.tlog
c:\git\romeo\c\cwe126_buffer_overread\debug\cwe126_b.8d874312.tlog\cl.write.1.tlog
c:\git\romeo\c\cwe126_buffer_overread\debug\cwe126_b.8d874312.tlog\lib-link.read.1.tlog
c:\git\romeo\c\cwe126_buffer_overread\debug\cwe126_b.8d874312.tlog\lib-link.write.1.tlog
c:\git\romeo\c\cwe126_buffer_overread\debug\cwe126_b.8d874312.tlog\lib.command.1.tlog
c:\git\romeo\c\cwe126_buffer_overread\debug\cwe126_b.8d874312.tlog\link.command.1.tlog
c:\git\romeo\c\cwe126_buffer_overread\debug\cwe126_b.8d874312.tlog\link.read.1.tlog
c:\git\romeo\c\cwe126_buffer_overread\debug\cwe126_b.8d874312.tlog\link.write.1.tlog
