  fake_main.cpp
  CWE489_Leftover_Debug_Code__basic_19.c
  CWE489_Leftover_Debug_Code__basic_18.c
  CWE489_Leftover_Debug_Code__basic_17.c
  CWE489_Leftover_Debug_Code__basic_16.c
  CWE489_Leftover_Debug_Code__basic_15.c
  CWE489_Leftover_Debug_Code__basic_14.c
  CWE489_Leftover_Debug_Code__basic_13.c
  CWE489_Leftover_Debug_Code__basic_12.c
  CWE489_Leftover_Debug_Code__basic_11.c
  CWE489_Leftover_Debug_Code__basic_10.c
  CWE489_Leftover_Debug_Code__basic_09.c
  CWE489_Leftover_Debug_Code__basic_08.c
  CWE489_Leftover_Debug_Code__basic_07.c
  CWE489_Leftover_Debug_Code__basic_06.c
  CWE489_Leftover_Debug_Code__basic_05.c
  CWE489_Leftover_Debug_Code__basic_04.c
  CWE489_Leftover_Debug_Code__basic_03.c
  CWE489_Leftover_Debug_Code__basic_02.c
  CWE489_Leftover_Debug_Code__basic_01.c
  io.c
  코드를 생성하고 있습니다...
  CWE489_Leftover_Debug_Code.vcxproj -> C:\git\romeo\c\Debug\CWE489_Leftover_Debug_Code.exe
