c:\git\romeo\c\cwe489_leftover_debug_code\debug\vc141.pdb
c:\git\romeo\c\cwe489_leftover_debug_code\debug\vc141.idb
c:\git\romeo\c\cwe489_leftover_debug_code\debug\fake_main.obj
c:\git\romeo\c\cwe489_leftover_debug_code\debug\cwe489_leftover_debug_code.pdb
c:\git\romeo\c\cwe489_leftover_debug_code\debug\cwe489_leftover_debug_code.idb
c:\git\romeo\c\cwe489_leftover_debug_code\debug\io.obj
c:\git\romeo\c\cwe489_leftover_debug_code\debug\cwe489_leftover_debug_code__basic_01.obj
c:\git\romeo\c\cwe489_leftover_debug_code\debug\cwe489_leftover_debug_code__basic_02.obj
c:\git\romeo\c\cwe489_leftover_debug_code\debug\cwe489_leftover_debug_code__basic_03.obj
c:\git\romeo\c\cwe489_leftover_debug_code\debug\cwe489_leftover_debug_code__basic_04.obj
c:\git\romeo\c\cwe489_leftover_debug_code\debug\cwe489_leftover_debug_code__basic_05.obj
c:\git\romeo\c\cwe489_leftover_debug_code\debug\cwe489_leftover_debug_code__basic_06.obj
c:\git\romeo\c\cwe489_leftover_debug_code\debug\cwe489_leftover_debug_code__basic_07.obj
c:\git\romeo\c\cwe489_leftover_debug_code\debug\cwe489_leftover_debug_code__basic_08.obj
c:\git\romeo\c\cwe489_leftover_debug_code\debug\cwe489_leftover_debug_code__basic_09.obj
c:\git\romeo\c\cwe489_leftover_debug_code\debug\cwe489_leftover_debug_code__basic_10.obj
c:\git\romeo\c\cwe489_leftover_debug_code\debug\cwe489_leftover_debug_code__basic_11.obj
c:\git\romeo\c\cwe489_leftover_debug_code\debug\cwe489_leftover_debug_code__basic_12.obj
c:\git\romeo\c\cwe489_leftover_debug_code\debug\cwe489_leftover_debug_code__basic_13.obj
c:\git\romeo\c\cwe489_leftover_debug_code\debug\cwe489_leftover_debug_code__basic_14.obj
c:\git\romeo\c\cwe489_leftover_debug_code\debug\cwe489_leftover_debug_code__basic_15.obj
c:\git\romeo\c\cwe489_leftover_debug_code\debug\cwe489_leftover_debug_code__basic_16.obj
c:\git\romeo\c\cwe489_leftover_debug_code\debug\cwe489_leftover_debug_code__basic_17.obj
c:\git\romeo\c\cwe489_leftover_debug_code\debug\cwe489_leftover_debug_code__basic_18.obj
c:\git\romeo\c\cwe489_leftover_debug_code\debug\cwe489_leftover_debug_code__basic_19.obj
c:\git\romeo\c\debug\cwe489_leftover_debug_code.lib
c:\git\romeo\c\debug\cwe489_leftover_debug_code.ilk
c:\git\romeo\c\debug\cwe489_leftover_debug_code.exe
c:\git\romeo\c\debug\cwe489_leftover_debug_code.pdb
c:\git\romeo\c\cwe489_leftover_debug_code\debug\cwe489_l.690ed8eb.tlog\cl.command.1.tlog
c:\git\romeo\c\cwe489_leftover_debug_code\debug\cwe489_l.690ed8eb.tlog\cl.read.1.tlog
c:\git\romeo\c\cwe489_leftover_debug_code\debug\cwe489_l.690ed8eb.tlog\cl.write.1.tlog
c:\git\romeo\c\cwe489_leftover_debug_code\debug\cwe489_l.690ed8eb.tlog\lib-link.read.1.tlog
c:\git\romeo\c\cwe489_leftover_debug_code\debug\cwe489_l.690ed8eb.tlog\lib-link.write.1.tlog
c:\git\romeo\c\cwe489_leftover_debug_code\debug\cwe489_l.690ed8eb.tlog\lib.command.1.tlog
c:\git\romeo\c\cwe489_leftover_debug_code\debug\cwe489_l.690ed8eb.tlog\link.command.1.tlog
c:\git\romeo\c\cwe489_leftover_debug_code\debug\cwe489_l.690ed8eb.tlog\link.read.1.tlog
c:\git\romeo\c\cwe489_leftover_debug_code\debug\cwe489_l.690ed8eb.tlog\link.write.1.tlog
