c:\git\romeo\c\cwe247_reliance_on_dns_lookups_in_security_decision\debug\vc141.pdb
c:\git\romeo\c\cwe247_reliance_on_dns_lookups_in_security_decision\debug\vc141.idb
c:\git\romeo\c\cwe247_reliance_on_dns_lookups_in_security_decision\debug\fake_main.obj
c:\git\romeo\c\cwe247_reliance_on_dns_lookups_in_security_decision\debug\io.obj
c:\git\romeo\c\cwe247_reliance_on_dns_lookups_in_security_decision\debug\cwe247_reliance_on_dns_lookups_in_security_decision__w32_01.obj
c:\git\romeo\c\cwe247_reliance_on_dns_lookups_in_security_decision\debug\cwe247_reliance_on_dns_lookups_in_security_decision__w32_02.obj
c:\git\romeo\c\cwe247_reliance_on_dns_lookups_in_security_decision\debug\cwe247_reliance_on_dns_lookups_in_security_decision__w32_03.obj
c:\git\romeo\c\cwe247_reliance_on_dns_lookups_in_security_decision\debug\cwe247_reliance_on_dns_lookups_in_security_decision__w32_04.obj
c:\git\romeo\c\cwe247_reliance_on_dns_lookups_in_security_decision\debug\cwe247_reliance_on_dns_lookups_in_security_decision__w32_05.obj
c:\git\romeo\c\cwe247_reliance_on_dns_lookups_in_security_decision\debug\cwe247_reliance_on_dns_lookups_in_security_decision__w32_06.obj
c:\git\romeo\c\cwe247_reliance_on_dns_lookups_in_security_decision\debug\cwe247_reliance_on_dns_lookups_in_security_decision__w32_07.obj
c:\git\romeo\c\cwe247_reliance_on_dns_lookups_in_security_decision\debug\cwe247_reliance_on_dns_lookups_in_security_decision__w32_08.obj
c:\git\romeo\c\cwe247_reliance_on_dns_lookups_in_security_decision\debug\cwe247_reliance_on_dns_lookups_in_security_decision__w32_09.obj
c:\git\romeo\c\cwe247_reliance_on_dns_lookups_in_security_decision\debug\cwe247_reliance_on_dns_lookups_in_security_decision__w32_10.obj
c:\git\romeo\c\cwe247_reliance_on_dns_lookups_in_security_decision\debug\cwe247_reliance_on_dns_lookups_in_security_decision__w32_11.obj
c:\git\romeo\c\cwe247_reliance_on_dns_lookups_in_security_decision\debug\cwe247_reliance_on_dns_lookups_in_security_decision__w32_12.obj
c:\git\romeo\c\cwe247_reliance_on_dns_lookups_in_security_decision\debug\cwe247_reliance_on_dns_lookups_in_security_decision__w32_13.obj
c:\git\romeo\c\cwe247_reliance_on_dns_lookups_in_security_decision\debug\cwe247_reliance_on_dns_lookups_in_security_decision__w32_14.obj
c:\git\romeo\c\cwe247_reliance_on_dns_lookups_in_security_decision\debug\cwe247_reliance_on_dns_lookups_in_security_decision__w32_15.obj
c:\git\romeo\c\cwe247_reliance_on_dns_lookups_in_security_decision\debug\cwe247_reliance_on_dns_lookups_in_security_decision__w32_16.obj
c:\git\romeo\c\cwe247_reliance_on_dns_lookups_in_security_decision\debug\cwe247_reliance_on_dns_lookups_in_security_decision__w32_17.obj
c:\git\romeo\c\cwe247_reliance_on_dns_lookups_in_security_decision\debug\cwe247_reliance_on_dns_lookups_in_security_decision__w32_18.obj
c:\git\romeo\c\debug\cwe247_reliance_on_dns_lookups_in_security_decision.ilk
c:\git\romeo\c\debug\cwe247_reliance_on_dns_lookups_in_security_decision.exe
c:\git\romeo\c\debug\cwe247_reliance_on_dns_lookups_in_security_decision.pdb
c:\git\romeo\c\cwe247_reliance_on_dns_lookups_in_security_decision\debug\cwe247_r.22c00d36.tlog\cl.command.1.tlog
c:\git\romeo\c\cwe247_reliance_on_dns_lookups_in_security_decision\debug\cwe247_r.22c00d36.tlog\cl.read.1.tlog
c:\git\romeo\c\cwe247_reliance_on_dns_lookups_in_security_decision\debug\cwe247_r.22c00d36.tlog\cl.write.1.tlog
c:\git\romeo\c\cwe247_reliance_on_dns_lookups_in_security_decision\debug\cwe247_r.22c00d36.tlog\link.command.1.tlog
c:\git\romeo\c\cwe247_reliance_on_dns_lookups_in_security_decision\debug\cwe247_r.22c00d36.tlog\link.read.1.tlog
c:\git\romeo\c\cwe247_reliance_on_dns_lookups_in_security_decision\debug\cwe247_r.22c00d36.tlog\link.write.1.tlog
