  fake_main.cpp
  CWE247_Reliance_on_DNS_Lookups_in_Security_Decision__w32_18.c
  CWE247_Reliance_on_DNS_Lookups_in_Security_Decision__w32_17.c
  CWE247_Reliance_on_DNS_Lookups_in_Security_Decision__w32_16.c
  CWE247_Reliance_on_DNS_Lookups_in_Security_Decision__w32_15.c
  CWE247_Reliance_on_DNS_Lookups_in_Security_Decision__w32_14.c
  CWE247_Reliance_on_DNS_Lookups_in_Security_Decision__w32_13.c
  CWE247_Reliance_on_DNS_Lookups_in_Security_Decision__w32_12.c
  CWE247_Reliance_on_DNS_Lookups_in_Security_Decision__w32_11.c
  CWE247_Reliance_on_DNS_Lookups_in_Security_Decision__w32_10.c
  CWE247_Reliance_on_DNS_Lookups_in_Security_Decision__w32_09.c
  CWE247_Reliance_on_DNS_Lookups_in_Security_Decision__w32_08.c
  CWE247_Reliance_on_DNS_Lookups_in_Security_Decision__w32_07.c
  CWE247_Reliance_on_DNS_Lookups_in_Security_Decision__w32_06.c
  CWE247_Reliance_on_DNS_Lookups_in_Security_Decision__w32_05.c
  CWE247_Reliance_on_DNS_Lookups_in_Security_Decision__w32_04.c
  CWE247_Reliance_on_DNS_Lookups_in_Security_Decision__w32_03.c
  CWE247_Reliance_on_DNS_Lookups_in_Security_Decision__w32_02.c
  CWE247_Reliance_on_DNS_Lookups_in_Security_Decision__w32_01.c
  io.c
  코드를 생성하고 있습니다...
  CWE247_Reliance_on_DNS_Lookups_in_Security_Decision.vcxproj -> C:\git\romeo\c\Debug\CWE247_Reliance_on_DNS_Lookups_in_Security_Decision.exe
