c:\git\romeo\c\cwe367_toc_tou\debug\vc141.pdb
c:\git\romeo\c\cwe367_toc_tou\debug\vc141.idb
c:\git\romeo\c\cwe367_toc_tou\debug\fake_main.obj
c:\git\romeo\c\cwe367_toc_tou\debug\cwe367_toc_tou__access_02.obj
c:\git\romeo\c\cwe367_toc_tou\debug\cwe367_toc_tou__access_03.obj
c:\git\romeo\c\cwe367_toc_tou\debug\cwe367_toc_tou__access_04.obj
c:\git\romeo\c\cwe367_toc_tou\debug\cwe367_toc_tou__access_05.obj
c:\git\romeo\c\cwe367_toc_tou\debug\cwe367_toc_tou__access_06.obj
c:\git\romeo\c\cwe367_toc_tou\debug\cwe367_toc_tou__access_07.obj
c:\git\romeo\c\cwe367_toc_tou\debug\cwe367_toc_tou__access_08.obj
c:\git\romeo\c\cwe367_toc_tou\debug\cwe367_toc_tou__access_09.obj
c:\git\romeo\c\cwe367_toc_tou\debug\cwe367_toc_tou__access_10.obj
c:\git\romeo\c\cwe367_toc_tou\debug\cwe367_toc_tou__access_11.obj
c:\git\romeo\c\cwe367_toc_tou\debug\cwe367_toc_tou__access_12.obj
c:\git\romeo\c\cwe367_toc_tou\debug\cwe367_toc_tou__access_13.obj
c:\git\romeo\c\cwe367_toc_tou\debug\cwe367_toc_tou__access_14.obj
c:\git\romeo\c\cwe367_toc_tou\debug\cwe367_toc_tou__access_15.obj
c:\git\romeo\c\cwe367_toc_tou\debug\cwe367_toc_tou__access_16.obj
c:\git\romeo\c\cwe367_toc_tou\debug\cwe367_toc_tou__access_17.obj
c:\git\romeo\c\cwe367_toc_tou\debug\cwe367_toc_tou__access_18.obj
c:\git\romeo\c\cwe367_toc_tou\debug\cwe367_toc_tou__access_01.obj
c:\git\romeo\c\cwe367_toc_tou\debug\cwe367_toc_tou__stat_01.obj
c:\git\romeo\c\cwe367_toc_tou\debug\io.obj
c:\git\romeo\c\cwe367_toc_tou\debug\cwe367_toc_tou.tlog\cl.command.1.tlog
c:\git\romeo\c\cwe367_toc_tou\debug\cwe367_toc_tou.tlog\cl.read.1.tlog
c:\git\romeo\c\cwe367_toc_tou\debug\cwe367_toc_tou.tlog\cl.write.1.tlog
