C:\Program Files (x86)\Microsoft Visual Studio\2017\Community\Common7\IDE\VC\VCTargets\Microsoft.CppBuild.targets(937,5): warning MSB8027: 이름이 CWE23_Relative_Path_Traversal__char_connect_socket_fopen_01.cpp인 둘 이상의 파일이 같은 위치에 출력을 생성합니다. 이로 인해 잘못된 빌드 결과가 나타날 수 있습니다.  관련된 파일은 m00\CWE23_Relative_Path_Traversal__char_connect_socket_fopen_01.cpp, m01\CWE23_Relative_Path_Traversal__char_connect_socket_fopen_01.cpp입니다.
  CWE23_Relative_Path_Traversal__wchar_t_listen_socket_w32CreateFile_01.cpp
  CWE23_Relative_Path_Traversal__wchar_t_listen_socket_open_01.cpp
  CWE23_Relative_Path_Traversal__wchar_t_listen_socket_ofstream_01.cpp
  CWE23_Relative_Path_Traversal__wchar_t_listen_socket_ifstream_01.cpp
  CWE23_Relative_Path_Traversal__wchar_t_listen_socket_fopen_01.cpp
  CWE23_Relative_Path_Traversal__wchar_t_file_w32CreateFile_01.cpp
  CWE23_Relative_Path_Traversal__wchar_t_file_open_01.cpp
  CWE23_Relative_Path_Traversal__wchar_t_file_ofstream_01.cpp
  CWE23_Relative_Path_Traversal__wchar_t_file_ifstream_01.cpp
  CWE23_Relative_Path_Traversal__wchar_t_file_fopen_01.cpp
  CWE23_Relative_Path_Traversal__wchar_t_environment_w32CreateFile_01.cpp
  CWE23_Relative_Path_Traversal__wchar_t_environment_open_01.cpp
  CWE23_Relative_Path_Traversal__wchar_t_environment_ofstream_01.cpp
  CWE23_Relative_Path_Traversal__wchar_t_environment_ifstream_01.cpp
  CWE23_Relative_Path_Traversal__wchar_t_environment_fopen_01.cpp
  CWE23_Relative_Path_Traversal__wchar_t_console_w32CreateFile_01.cpp
  CWE23_Relative_Path_Traversal__wchar_t_console_open_01.cpp
  CWE23_Relative_Path_Traversal__wchar_t_console_ofstream_01.cpp
  CWE23_Relative_Path_Traversal__wchar_t_console_ifstream_01.cpp
  CWE23_Relative_Path_Traversal__wchar_t_console_fopen_01.cpp
  코드를 생성하고 있습니다...
  컴파일하고 있습니다...
  CWE23_Relative_Path_Traversal__wchar_t_connect_socket_w32CreateFile_01.cpp
  CWE23_Relative_Path_Traversal__wchar_t_connect_socket_open_01.cpp
  CWE23_Relative_Path_Traversal__wchar_t_connect_socket_ofstream_01.cpp
  CWE23_Relative_Path_Traversal__wchar_t_connect_socket_ifstream_01.cpp
  CWE23_Relative_Path_Traversal__wchar_t_connect_socket_fopen_01.cpp
  CWE23_Relative_Path_Traversal__char_listen_socket_w32CreateFile_01.cpp
  CWE23_Relative_Path_Traversal__char_listen_socket_open_01.cpp
  CWE23_Relative_Path_Traversal__char_listen_socket_ofstream_01.cpp
  CWE23_Relative_Path_Traversal__char_listen_socket_ifstream_01.cpp
  CWE23_Relative_Path_Traversal__char_listen_socket_fopen_01.cpp
  CWE23_Relative_Path_Traversal__char_file_w32CreateFile_01.cpp
  CWE23_Relative_Path_Traversal__char_file_open_01.cpp
  CWE23_Relative_Path_Traversal__char_file_ofstream_01.cpp
  CWE23_Relative_Path_Traversal__char_file_ifstream_01.cpp
  CWE23_Relative_Path_Traversal__char_file_fopen_01.cpp
  CWE23_Relative_Path_Traversal__char_environment_w32CreateFile_01.cpp
  CWE23_Relative_Path_Traversal__char_environment_open_01.cpp
  CWE23_Relative_Path_Traversal__char_environment_ofstream_01.cpp
  CWE23_Relative_Path_Traversal__char_environment_ifstream_01.cpp
  CWE23_Relative_Path_Traversal__char_environment_fopen_01.cpp
  코드를 생성하고 있습니다...
  컴파일하고 있습니다...
  CWE23_Relative_Path_Traversal__char_console_w32CreateFile_01.cpp
  CWE23_Relative_Path_Traversal__char_console_open_01.cpp
  CWE23_Relative_Path_Traversal__char_console_ofstream_01.cpp
  CWE23_Relative_Path_Traversal__char_console_ifstream_01.cpp
  CWE23_Relative_Path_Traversal__char_console_fopen_01.cpp
  CWE23_Relative_Path_Traversal__char_connect_socket_w32CreateFile_01.cpp
  CWE23_Relative_Path_Traversal__char_connect_socket_open_01.cpp
  CWE23_Relative_Path_Traversal__char_connect_socket_ofstream_01.cpp
  CWE23_Relative_Path_Traversal__char_connect_socket_ifstream_01.cpp
  CWE23_Relative_Path_Traversal__char_connect_socket_fopen_01.cpp
  CWE23_Relative_Path_Traversal__char_connect_socket_fopen_84_goodG2B.cpp
  CWE23_Relative_Path_Traversal__char_connect_socket_fopen_84_bad.cpp
  CWE23_Relative_Path_Traversal__char_connect_socket_fopen_84a.cpp
  CWE23_Relative_Path_Traversal__char_connect_socket_fopen_83_goodG2B.cpp
  CWE23_Relative_Path_Traversal__char_connect_socket_fopen_83_bad.cpp
  CWE23_Relative_Path_Traversal__char_connect_socket_fopen_83a.cpp
  CWE23_Relative_Path_Traversal__char_connect_socket_fopen_82_goodG2B.cpp
  CWE23_Relative_Path_Traversal__char_connect_socket_fopen_82_bad.cpp
  CWE23_Relative_Path_Traversal__char_connect_socket_fopen_82a.cpp
  CWE23_Relative_Path_Traversal__char_connect_socket_fopen_81_goodG2B.cpp
  코드를 생성하고 있습니다...
  컴파일하고 있습니다...
  CWE23_Relative_Path_Traversal__char_connect_socket_fopen_81_bad.cpp
  CWE23_Relative_Path_Traversal__char_connect_socket_fopen_81a.cpp
  CWE23_Relative_Path_Traversal__char_connect_socket_fopen_74b.cpp
  CWE23_Relative_Path_Traversal__char_connect_socket_fopen_74a.cpp
  CWE23_Relative_Path_Traversal__char_connect_socket_fopen_73b.cpp
  CWE23_Relative_Path_Traversal__char_connect_socket_fopen_73a.cpp
  CWE23_Relative_Path_Traversal__char_connect_socket_fopen_72b.cpp
  CWE23_Relative_Path_Traversal__char_connect_socket_fopen_72a.cpp
  CWE23_Relative_Path_Traversal__char_connect_socket_fopen_68b.cpp
  CWE23_Relative_Path_Traversal__char_connect_socket_fopen_68a.cpp
  CWE23_Relative_Path_Traversal__char_connect_socket_fopen_67b.cpp
  CWE23_Relative_Path_Traversal__char_connect_socket_fopen_67a.cpp
  CWE23_Relative_Path_Traversal__char_connect_socket_fopen_66b.cpp
  CWE23_Relative_Path_Traversal__char_connect_socket_fopen_66a.cpp
  CWE23_Relative_Path_Traversal__char_connect_socket_fopen_65b.cpp
  CWE23_Relative_Path_Traversal__char_connect_socket_fopen_65a.cpp
  CWE23_Relative_Path_Traversal__char_connect_socket_fopen_64b.cpp
  CWE23_Relative_Path_Traversal__char_connect_socket_fopen_64a.cpp
  CWE23_Relative_Path_Traversal__char_connect_socket_fopen_63b.cpp
  CWE23_Relative_Path_Traversal__char_connect_socket_fopen_63a.cpp
  코드를 생성하고 있습니다...
  컴파일하고 있습니다...
  CWE23_Relative_Path_Traversal__char_connect_socket_fopen_62b.cpp
  CWE23_Relative_Path_Traversal__char_connect_socket_fopen_62a.cpp
  CWE23_Relative_Path_Traversal__char_connect_socket_fopen_61b.cpp
  CWE23_Relative_Path_Traversal__char_connect_socket_fopen_61a.cpp
  CWE23_Relative_Path_Traversal__char_connect_socket_fopen_54e.cpp
  CWE23_Relative_Path_Traversal__char_connect_socket_fopen_54d.cpp
  CWE23_Relative_Path_Traversal__char_connect_socket_fopen_54c.cpp
  CWE23_Relative_Path_Traversal__char_connect_socket_fopen_54b.cpp
  CWE23_Relative_Path_Traversal__char_connect_socket_fopen_54a.cpp
  CWE23_Relative_Path_Traversal__char_connect_socket_fopen_53d.cpp
  CWE23_Relative_Path_Traversal__char_connect_socket_fopen_53c.cpp
  CWE23_Relative_Path_Traversal__char_connect_socket_fopen_53b.cpp
  CWE23_Relative_Path_Traversal__char_connect_socket_fopen_53a.cpp
  CWE23_Relative_Path_Traversal__char_connect_socket_fopen_52c.cpp
  CWE23_Relative_Path_Traversal__char_connect_socket_fopen_52b.cpp
  CWE23_Relative_Path_Traversal__char_connect_socket_fopen_52a.cpp
  CWE23_Relative_Path_Traversal__char_connect_socket_fopen_51b.cpp
  CWE23_Relative_Path_Traversal__char_connect_socket_fopen_51a.cpp
  CWE23_Relative_Path_Traversal__char_connect_socket_fopen_45.cpp
  CWE23_Relative_Path_Traversal__char_connect_socket_fopen_44.cpp
  코드를 생성하고 있습니다...
  컴파일하고 있습니다...
  CWE23_Relative_Path_Traversal__char_connect_socket_fopen_43.cpp
  CWE23_Relative_Path_Traversal__char_connect_socket_fopen_42.cpp
  CWE23_Relative_Path_Traversal__char_connect_socket_fopen_41.cpp
  CWE23_Relative_Path_Traversal__char_connect_socket_fopen_34.cpp
  CWE23_Relative_Path_Traversal__char_connect_socket_fopen_33.cpp
  CWE23_Relative_Path_Traversal__char_connect_socket_fopen_32.cpp
  CWE23_Relative_Path_Traversal__char_connect_socket_fopen_31.cpp
  CWE23_Relative_Path_Traversal__char_connect_socket_fopen_22b.cpp
  CWE23_Relative_Path_Traversal__char_connect_socket_fopen_22a.cpp
  CWE23_Relative_Path_Traversal__char_connect_socket_fopen_21.cpp
  CWE23_Relative_Path_Traversal__char_connect_socket_fopen_18.cpp
  CWE23_Relative_Path_Traversal__char_connect_socket_fopen_17.cpp
  CWE23_Relative_Path_Traversal__char_connect_socket_fopen_16.cpp
  CWE23_Relative_Path_Traversal__char_connect_socket_fopen_15.cpp
  CWE23_Relative_Path_Traversal__char_connect_socket_fopen_14.cpp
  CWE23_Relative_Path_Traversal__char_connect_socket_fopen_13.cpp
  CWE23_Relative_Path_Traversal__char_connect_socket_fopen_12.cpp
  CWE23_Relative_Path_Traversal__char_connect_socket_fopen_11.cpp
  CWE23_Relative_Path_Traversal__char_connect_socket_fopen_10.cpp
  CWE23_Relative_Path_Traversal__char_connect_socket_fopen_09.cpp
  코드를 생성하고 있습니다...
  컴파일하고 있습니다...
  CWE23_Relative_Path_Traversal__char_connect_socket_fopen_08.cpp
  CWE23_Relative_Path_Traversal__char_connect_socket_fopen_07.cpp
  CWE23_Relative_Path_Traversal__char_connect_socket_fopen_06.cpp
  CWE23_Relative_Path_Traversal__char_connect_socket_fopen_05.cpp
  CWE23_Relative_Path_Traversal__char_connect_socket_fopen_04.cpp
  CWE23_Relative_Path_Traversal__char_connect_socket_fopen_03.cpp
  CWE23_Relative_Path_Traversal__char_connect_socket_fopen_02.cpp
  CWE23_Relative_Path_Traversal__char_connect_socket_fopen_01.cpp
  fake_main.cpp
  코드를 생성하고 있습니다...
  io.c
Debug\CWE23_Relative_Path_Traversal__char_connect_socket_fopen_01.obj : warning LNK4042: 개체가 두 번 이상 지정되었습니다. 나머지는 무시됩니다.
  CWE23_Relative_Path_Traversal.vcxproj -> C:\git\romeo\c\Debug\CWE23_Relative_Path_Traversal.exe
