c:\git\romeo\c\cwe23_relative_path_traversal\debug\vc141.pdb
c:\git\romeo\c\cwe23_relative_path_traversal\debug\vc141.idb
c:\git\romeo\c\cwe23_relative_path_traversal\debug\cwe23_relative_path_traversal__wchar_t_console_fopen_01.obj
c:\git\romeo\c\cwe23_relative_path_traversal\debug\cwe23_relative_path_traversal__wchar_t_console_ifstream_01.obj
c:\git\romeo\c\cwe23_relative_path_traversal\debug\cwe23_relative_path_traversal__wchar_t_console_ofstream_01.obj
c:\git\romeo\c\cwe23_relative_path_traversal\debug\cwe23_relative_path_traversal__wchar_t_console_open_01.obj
c:\git\romeo\c\cwe23_relative_path_traversal\debug\cwe23_relative_path_traversal__wchar_t_console_w32createfile_01.obj
c:\git\romeo\c\cwe23_relative_path_traversal\debug\cwe23_relative_path_traversal__wchar_t_environment_fopen_01.obj
c:\git\romeo\c\cwe23_relative_path_traversal\debug\cwe23_relative_path_traversal__wchar_t_environment_ifstream_01.obj
c:\git\romeo\c\cwe23_relative_path_traversal\debug\cwe23_relative_path_traversal__wchar_t_environment_ofstream_01.obj
c:\git\romeo\c\cwe23_relative_path_traversal\debug\cwe23_relative_path_traversal__wchar_t_environment_open_01.obj
c:\git\romeo\c\cwe23_relative_path_traversal\debug\cwe23_relative_path_traversal__wchar_t_environment_w32createfile_01.obj
c:\git\romeo\c\cwe23_relative_path_traversal\debug\cwe23_relative_path_traversal__wchar_t_file_fopen_01.obj
c:\git\romeo\c\cwe23_relative_path_traversal\debug\cwe23_relative_path_traversal__wchar_t_file_ifstream_01.obj
c:\git\romeo\c\cwe23_relative_path_traversal\debug\cwe23_relative_path_traversal__wchar_t_file_ofstream_01.obj
c:\git\romeo\c\cwe23_relative_path_traversal\debug\cwe23_relative_path_traversal__wchar_t_file_open_01.obj
c:\git\romeo\c\cwe23_relative_path_traversal\debug\cwe23_relative_path_traversal__wchar_t_file_w32createfile_01.obj
c:\git\romeo\c\cwe23_relative_path_traversal\debug\cwe23_relative_path_traversal__wchar_t_listen_socket_fopen_01.obj
c:\git\romeo\c\cwe23_relative_path_traversal\debug\cwe23_relative_path_traversal__wchar_t_listen_socket_ifstream_01.obj
c:\git\romeo\c\cwe23_relative_path_traversal\debug\cwe23_relative_path_traversal__wchar_t_listen_socket_ofstream_01.obj
c:\git\romeo\c\cwe23_relative_path_traversal\debug\cwe23_relative_path_traversal__wchar_t_listen_socket_open_01.obj
c:\git\romeo\c\cwe23_relative_path_traversal\debug\cwe23_relative_path_traversal__wchar_t_listen_socket_w32createfile_01.obj
c:\git\romeo\c\cwe23_relative_path_traversal\debug\cwe23_relative_path_traversal__char_environment_fopen_01.obj
c:\git\romeo\c\cwe23_relative_path_traversal\debug\cwe23_relative_path_traversal__char_environment_ifstream_01.obj
c:\git\romeo\c\cwe23_relative_path_traversal\debug\cwe23_relative_path_traversal__char_environment_ofstream_01.obj
c:\git\romeo\c\cwe23_relative_path_traversal\debug\cwe23_relative_path_traversal__char_environment_open_01.obj
c:\git\romeo\c\cwe23_relative_path_traversal\debug\cwe23_relative_path_traversal__char_environment_w32createfile_01.obj
c:\git\romeo\c\cwe23_relative_path_traversal\debug\cwe23_relative_path_traversal__char_file_fopen_01.obj
c:\git\romeo\c\cwe23_relative_path_traversal\debug\cwe23_relative_path_traversal__char_file_ifstream_01.obj
c:\git\romeo\c\cwe23_relative_path_traversal\debug\cwe23_relative_path_traversal__char_file_ofstream_01.obj
c:\git\romeo\c\cwe23_relative_path_traversal\debug\cwe23_relative_path_traversal__char_file_open_01.obj
c:\git\romeo\c\cwe23_relative_path_traversal\debug\cwe23_relative_path_traversal__char_file_w32createfile_01.obj
c:\git\romeo\c\cwe23_relative_path_traversal\debug\cwe23_relative_path_traversal__char_listen_socket_fopen_01.obj
c:\git\romeo\c\cwe23_relative_path_traversal\debug\cwe23_relative_path_traversal__char_listen_socket_ifstream_01.obj
c:\git\romeo\c\cwe23_relative_path_traversal\debug\cwe23_relative_path_traversal__char_listen_socket_ofstream_01.obj
c:\git\romeo\c\cwe23_relative_path_traversal\debug\cwe23_relative_path_traversal__char_listen_socket_open_01.obj
c:\git\romeo\c\cwe23_relative_path_traversal\debug\cwe23_relative_path_traversal__char_listen_socket_w32createfile_01.obj
c:\git\romeo\c\cwe23_relative_path_traversal\debug\cwe23_relative_path_traversal__wchar_t_connect_socket_fopen_01.obj
c:\git\romeo\c\cwe23_relative_path_traversal\debug\cwe23_relative_path_traversal__wchar_t_connect_socket_ifstream_01.obj
c:\git\romeo\c\cwe23_relative_path_traversal\debug\cwe23_relative_path_traversal__wchar_t_connect_socket_ofstream_01.obj
c:\git\romeo\c\cwe23_relative_path_traversal\debug\cwe23_relative_path_traversal__wchar_t_connect_socket_open_01.obj
c:\git\romeo\c\cwe23_relative_path_traversal\debug\cwe23_relative_path_traversal__wchar_t_connect_socket_w32createfile_01.obj
c:\git\romeo\c\cwe23_relative_path_traversal\debug\cwe23_relative_path_traversal__char_connect_socket_fopen_81_goodg2b.obj
c:\git\romeo\c\cwe23_relative_path_traversal\debug\cwe23_relative_path_traversal__char_connect_socket_fopen_82a.obj
c:\git\romeo\c\cwe23_relative_path_traversal\debug\cwe23_relative_path_traversal__char_connect_socket_fopen_82_bad.obj
c:\git\romeo\c\cwe23_relative_path_traversal\debug\cwe23_relative_path_traversal__char_connect_socket_fopen_82_goodg2b.obj
c:\git\romeo\c\cwe23_relative_path_traversal\debug\cwe23_relative_path_traversal__char_connect_socket_fopen_83a.obj
c:\git\romeo\c\cwe23_relative_path_traversal\debug\cwe23_relative_path_traversal__char_connect_socket_fopen_83_bad.obj
c:\git\romeo\c\cwe23_relative_path_traversal\debug\cwe23_relative_path_traversal__char_connect_socket_fopen_83_goodg2b.obj
c:\git\romeo\c\cwe23_relative_path_traversal\debug\cwe23_relative_path_traversal__char_connect_socket_fopen_84a.obj
c:\git\romeo\c\cwe23_relative_path_traversal\debug\cwe23_relative_path_traversal__char_connect_socket_fopen_84_bad.obj
c:\git\romeo\c\cwe23_relative_path_traversal\debug\cwe23_relative_path_traversal__char_connect_socket_fopen_84_goodg2b.obj
c:\git\romeo\c\cwe23_relative_path_traversal\debug\cwe23_relative_path_traversal__char_connect_socket_fopen_01.obj
c:\git\romeo\c\cwe23_relative_path_traversal\debug\cwe23_relative_path_traversal__char_connect_socket_ifstream_01.obj
c:\git\romeo\c\cwe23_relative_path_traversal\debug\cwe23_relative_path_traversal__char_connect_socket_ofstream_01.obj
c:\git\romeo\c\cwe23_relative_path_traversal\debug\cwe23_relative_path_traversal__char_connect_socket_open_01.obj
c:\git\romeo\c\cwe23_relative_path_traversal\debug\cwe23_relative_path_traversal__char_connect_socket_w32createfile_01.obj
c:\git\romeo\c\cwe23_relative_path_traversal\debug\cwe23_relative_path_traversal__char_console_fopen_01.obj
c:\git\romeo\c\cwe23_relative_path_traversal\debug\cwe23_relative_path_traversal__char_console_ifstream_01.obj
c:\git\romeo\c\cwe23_relative_path_traversal\debug\cwe23_relative_path_traversal__char_console_ofstream_01.obj
c:\git\romeo\c\cwe23_relative_path_traversal\debug\cwe23_relative_path_traversal__char_console_open_01.obj
c:\git\romeo\c\cwe23_relative_path_traversal\debug\cwe23_relative_path_traversal__char_console_w32createfile_01.obj
c:\git\romeo\c\cwe23_relative_path_traversal\debug\cwe23_relative_path_traversal__char_connect_socket_fopen_63a.obj
c:\git\romeo\c\cwe23_relative_path_traversal\debug\cwe23_relative_path_traversal__char_connect_socket_fopen_63b.obj
c:\git\romeo\c\cwe23_relative_path_traversal\debug\cwe23_relative_path_traversal__char_connect_socket_fopen_64a.obj
c:\git\romeo\c\cwe23_relative_path_traversal\debug\cwe23_relative_path_traversal__char_connect_socket_fopen_64b.obj
c:\git\romeo\c\cwe23_relative_path_traversal\debug\cwe23_relative_path_traversal__char_connect_socket_fopen_65a.obj
c:\git\romeo\c\cwe23_relative_path_traversal\debug\cwe23_relative_path_traversal__char_connect_socket_fopen_65b.obj
c:\git\romeo\c\cwe23_relative_path_traversal\debug\cwe23_relative_path_traversal__char_connect_socket_fopen_66a.obj
c:\git\romeo\c\cwe23_relative_path_traversal\debug\cwe23_relative_path_traversal__char_connect_socket_fopen_66b.obj
c:\git\romeo\c\cwe23_relative_path_traversal\debug\cwe23_relative_path_traversal__char_connect_socket_fopen_67a.obj
c:\git\romeo\c\cwe23_relative_path_traversal\debug\cwe23_relative_path_traversal__char_connect_socket_fopen_67b.obj
c:\git\romeo\c\cwe23_relative_path_traversal\debug\cwe23_relative_path_traversal__char_connect_socket_fopen_68a.obj
c:\git\romeo\c\cwe23_relative_path_traversal\debug\cwe23_relative_path_traversal__char_connect_socket_fopen_68b.obj
c:\git\romeo\c\cwe23_relative_path_traversal\debug\cwe23_relative_path_traversal__char_connect_socket_fopen_72a.obj
c:\git\romeo\c\cwe23_relative_path_traversal\debug\cwe23_relative_path_traversal__char_connect_socket_fopen_72b.obj
c:\git\romeo\c\cwe23_relative_path_traversal\debug\cwe23_relative_path_traversal__char_connect_socket_fopen_73a.obj
c:\git\romeo\c\cwe23_relative_path_traversal\debug\cwe23_relative_path_traversal__char_connect_socket_fopen_73b.obj
c:\git\romeo\c\cwe23_relative_path_traversal\debug\cwe23_relative_path_traversal__char_connect_socket_fopen_74a.obj
c:\git\romeo\c\cwe23_relative_path_traversal\debug\cwe23_relative_path_traversal__char_connect_socket_fopen_74b.obj
c:\git\romeo\c\cwe23_relative_path_traversal\debug\cwe23_relative_path_traversal__char_connect_socket_fopen_81a.obj
c:\git\romeo\c\cwe23_relative_path_traversal\debug\cwe23_relative_path_traversal__char_connect_socket_fopen_81_bad.obj
c:\git\romeo\c\cwe23_relative_path_traversal\debug\cwe23_relative_path_traversal__char_connect_socket_fopen_44.obj
c:\git\romeo\c\cwe23_relative_path_traversal\debug\cwe23_relative_path_traversal__char_connect_socket_fopen_45.obj
c:\git\romeo\c\cwe23_relative_path_traversal\debug\cwe23_relative_path_traversal__char_connect_socket_fopen_51a.obj
c:\git\romeo\c\cwe23_relative_path_traversal\debug\cwe23_relative_path_traversal__char_connect_socket_fopen_51b.obj
c:\git\romeo\c\cwe23_relative_path_traversal\debug\cwe23_relative_path_traversal__char_connect_socket_fopen_52a.obj
c:\git\romeo\c\cwe23_relative_path_traversal\debug\cwe23_relative_path_traversal__char_connect_socket_fopen_52b.obj
c:\git\romeo\c\cwe23_relative_path_traversal\debug\cwe23_relative_path_traversal__char_connect_socket_fopen_52c.obj
c:\git\romeo\c\cwe23_relative_path_traversal\debug\cwe23_relative_path_traversal__char_connect_socket_fopen_53a.obj
c:\git\romeo\c\cwe23_relative_path_traversal\debug\cwe23_relative_path_traversal__char_connect_socket_fopen_53b.obj
c:\git\romeo\c\cwe23_relative_path_traversal\debug\cwe23_relative_path_traversal__char_connect_socket_fopen_53c.obj
c:\git\romeo\c\cwe23_relative_path_traversal\debug\cwe23_relative_path_traversal__char_connect_socket_fopen_53d.obj
c:\git\romeo\c\cwe23_relative_path_traversal\debug\cwe23_relative_path_traversal__char_connect_socket_fopen_54a.obj
c:\git\romeo\c\cwe23_relative_path_traversal\debug\cwe23_relative_path_traversal__char_connect_socket_fopen_54b.obj
c:\git\romeo\c\cwe23_relative_path_traversal\debug\cwe23_relative_path_traversal__char_connect_socket_fopen_54c.obj
c:\git\romeo\c\cwe23_relative_path_traversal\debug\cwe23_relative_path_traversal__char_connect_socket_fopen_54d.obj
c:\git\romeo\c\cwe23_relative_path_traversal\debug\cwe23_relative_path_traversal__char_connect_socket_fopen_54e.obj
c:\git\romeo\c\cwe23_relative_path_traversal\debug\cwe23_relative_path_traversal__char_connect_socket_fopen_61a.obj
c:\git\romeo\c\cwe23_relative_path_traversal\debug\cwe23_relative_path_traversal__char_connect_socket_fopen_61b.obj
c:\git\romeo\c\cwe23_relative_path_traversal\debug\cwe23_relative_path_traversal__char_connect_socket_fopen_62a.obj
c:\git\romeo\c\cwe23_relative_path_traversal\debug\cwe23_relative_path_traversal__char_connect_socket_fopen_62b.obj
c:\git\romeo\c\cwe23_relative_path_traversal\debug\cwe23_relative_path_traversal__char_connect_socket_fopen_09.obj
c:\git\romeo\c\cwe23_relative_path_traversal\debug\cwe23_relative_path_traversal__char_connect_socket_fopen_10.obj
c:\git\romeo\c\cwe23_relative_path_traversal\debug\cwe23_relative_path_traversal__char_connect_socket_fopen_11.obj
c:\git\romeo\c\cwe23_relative_path_traversal\debug\cwe23_relative_path_traversal__char_connect_socket_fopen_12.obj
c:\git\romeo\c\cwe23_relative_path_traversal\debug\cwe23_relative_path_traversal__char_connect_socket_fopen_13.obj
c:\git\romeo\c\cwe23_relative_path_traversal\debug\cwe23_relative_path_traversal__char_connect_socket_fopen_14.obj
c:\git\romeo\c\cwe23_relative_path_traversal\debug\cwe23_relative_path_traversal__char_connect_socket_fopen_15.obj
c:\git\romeo\c\cwe23_relative_path_traversal\debug\cwe23_relative_path_traversal__char_connect_socket_fopen_16.obj
c:\git\romeo\c\cwe23_relative_path_traversal\debug\cwe23_relative_path_traversal__char_connect_socket_fopen_17.obj
c:\git\romeo\c\cwe23_relative_path_traversal\debug\cwe23_relative_path_traversal__char_connect_socket_fopen_18.obj
c:\git\romeo\c\cwe23_relative_path_traversal\debug\cwe23_relative_path_traversal__char_connect_socket_fopen_21.obj
c:\git\romeo\c\cwe23_relative_path_traversal\debug\cwe23_relative_path_traversal__char_connect_socket_fopen_22a.obj
c:\git\romeo\c\cwe23_relative_path_traversal\debug\cwe23_relative_path_traversal__char_connect_socket_fopen_22b.obj
c:\git\romeo\c\cwe23_relative_path_traversal\debug\cwe23_relative_path_traversal__char_connect_socket_fopen_31.obj
c:\git\romeo\c\cwe23_relative_path_traversal\debug\cwe23_relative_path_traversal__char_connect_socket_fopen_32.obj
c:\git\romeo\c\cwe23_relative_path_traversal\debug\cwe23_relative_path_traversal__char_connect_socket_fopen_33.obj
c:\git\romeo\c\cwe23_relative_path_traversal\debug\cwe23_relative_path_traversal__char_connect_socket_fopen_34.obj
c:\git\romeo\c\cwe23_relative_path_traversal\debug\cwe23_relative_path_traversal__char_connect_socket_fopen_41.obj
c:\git\romeo\c\cwe23_relative_path_traversal\debug\cwe23_relative_path_traversal__char_connect_socket_fopen_42.obj
c:\git\romeo\c\cwe23_relative_path_traversal\debug\cwe23_relative_path_traversal__char_connect_socket_fopen_43.obj
c:\git\romeo\c\cwe23_relative_path_traversal\debug\fake_main.obj
c:\git\romeo\c\cwe23_relative_path_traversal\debug\cwe23_relative_path_traversal__char_connect_socket_fopen_02.obj
c:\git\romeo\c\cwe23_relative_path_traversal\debug\cwe23_relative_path_traversal__char_connect_socket_fopen_03.obj
c:\git\romeo\c\cwe23_relative_path_traversal\debug\cwe23_relative_path_traversal__char_connect_socket_fopen_04.obj
c:\git\romeo\c\cwe23_relative_path_traversal\debug\cwe23_relative_path_traversal__char_connect_socket_fopen_05.obj
c:\git\romeo\c\cwe23_relative_path_traversal\debug\cwe23_relative_path_traversal__char_connect_socket_fopen_06.obj
c:\git\romeo\c\cwe23_relative_path_traversal\debug\cwe23_relative_path_traversal__char_connect_socket_fopen_07.obj
c:\git\romeo\c\cwe23_relative_path_traversal\debug\cwe23_relative_path_traversal__char_connect_socket_fopen_08.obj
c:\git\romeo\c\cwe23_relative_path_traversal\debug\cwe23_relative_path_traversal.pdb
c:\git\romeo\c\cwe23_relative_path_traversal\debug\cwe23_relative_path_traversal.idb
c:\git\romeo\c\cwe23_relative_path_traversal\debug\io.obj
c:\git\romeo\c\debug\cwe23_relative_path_traversal.lib
c:\git\romeo\c\debug\cwe23_relative_path_traversal.ilk
c:\git\romeo\c\debug\cwe23_relative_path_traversal.exe
c:\git\romeo\c\debug\cwe23_relative_path_traversal.pdb
c:\git\romeo\c\cwe23_relative_path_traversal\debug\cwe23_re.22385e31.tlog\cl.command.1.tlog
c:\git\romeo\c\cwe23_relative_path_traversal\debug\cwe23_re.22385e31.tlog\cl.read.1.tlog
c:\git\romeo\c\cwe23_relative_path_traversal\debug\cwe23_re.22385e31.tlog\cl.write.1.tlog
c:\git\romeo\c\cwe23_relative_path_traversal\debug\cwe23_re.22385e31.tlog\lib-link.read.1.tlog
c:\git\romeo\c\cwe23_relative_path_traversal\debug\cwe23_re.22385e31.tlog\lib-link.write.1.tlog
c:\git\romeo\c\cwe23_relative_path_traversal\debug\cwe23_re.22385e31.tlog\lib.command.1.tlog
c:\git\romeo\c\cwe23_relative_path_traversal\debug\cwe23_re.22385e31.tlog\link.command.1.tlog
c:\git\romeo\c\cwe23_relative_path_traversal\debug\cwe23_re.22385e31.tlog\link.read.1.tlog
c:\git\romeo\c\cwe23_relative_path_traversal\debug\cwe23_re.22385e31.tlog\link.write.1.tlog
