C:\Program Files (x86)\Microsoft Visual Studio\2017\Community\Common7\IDE\VC\VCTargets\Microsoft.CppBuild.targets(937,5): warning MSB8027: 이름이 CWE404_Improper_Resource_Shutdown__fopen_w32_close_01.c인 둘 이상의 파일이 같은 위치에 출력을 생성합니다. 이로 인해 잘못된 빌드 결과가 나타날 수 있습니다.  관련된 파일은 m00\CWE404_Improper_Resource_Shutdown__fopen_w32_close_01.c, m01\CWE404_Improper_Resource_Shutdown__fopen_w32_close_01.c입니다.
  CWE404_Improper_Resource_Shutdown__fopen_w32_close_84_goodB2G.cpp
  CWE404_Improper_Resource_Shutdown__fopen_w32_close_84_bad.cpp
  CWE404_Improper_Resource_Shutdown__fopen_w32_close_84a.cpp
  CWE404_Improper_Resource_Shutdown__fopen_w32_close_83_goodB2G.cpp
  CWE404_Improper_Resource_Shutdown__fopen_w32_close_83_bad.cpp
  CWE404_Improper_Resource_Shutdown__fopen_w32_close_83a.cpp
  CWE404_Improper_Resource_Shutdown__fopen_w32_close_82_goodB2G.cpp
  CWE404_Improper_Resource_Shutdown__fopen_w32_close_82_bad.cpp
  CWE404_Improper_Resource_Shutdown__fopen_w32_close_82a.cpp
  CWE404_Improper_Resource_Shutdown__fopen_w32_close_81_goodB2G.cpp
  CWE404_Improper_Resource_Shutdown__fopen_w32_close_81_bad.cpp
  CWE404_Improper_Resource_Shutdown__fopen_w32_close_81a.cpp
  CWE404_Improper_Resource_Shutdown__fopen_w32_close_74b.cpp
  CWE404_Improper_Resource_Shutdown__fopen_w32_close_74a.cpp
  CWE404_Improper_Resource_Shutdown__fopen_w32_close_73b.cpp
  CWE404_Improper_Resource_Shutdown__fopen_w32_close_73a.cpp
  CWE404_Improper_Resource_Shutdown__fopen_w32_close_72b.cpp
  CWE404_Improper_Resource_Shutdown__fopen_w32_close_72a.cpp
  CWE404_Improper_Resource_Shutdown__fopen_w32_close_62b.cpp
  CWE404_Improper_Resource_Shutdown__fopen_w32_close_62a.cpp
  코드를 생성하고 있습니다...
  컴파일하고 있습니다...
  CWE404_Improper_Resource_Shutdown__fopen_w32_close_43.cpp
  CWE404_Improper_Resource_Shutdown__fopen_w32_close_33.cpp
  fake_main.cpp
  코드를 생성하고 있습니다...
  CWE404_Improper_Resource_Shutdown__w32CreateFile_fclose_01.c
  CWE404_Improper_Resource_Shutdown__w32CreateFile_close_01.c
  CWE404_Improper_Resource_Shutdown__open_w32CloseHandle_01.c
  CWE404_Improper_Resource_Shutdown__open_fclose_01.c
  CWE404_Improper_Resource_Shutdown__freopen_w32_close_01.c
  CWE404_Improper_Resource_Shutdown__freopen_w32CloseHandle_01.c
  CWE404_Improper_Resource_Shutdown__fopen_w32_close_01.c
  CWE404_Improper_Resource_Shutdown__fopen_w32CloseHandle_01.c
  CWE404_Improper_Resource_Shutdown__fopen_w32_close_68b.c
  CWE404_Improper_Resource_Shutdown__fopen_w32_close_68a.c
  CWE404_Improper_Resource_Shutdown__fopen_w32_close_67b.c
  CWE404_Improper_Resource_Shutdown__fopen_w32_close_67a.c
  CWE404_Improper_Resource_Shutdown__fopen_w32_close_66b.c
  CWE404_Improper_Resource_Shutdown__fopen_w32_close_66a.c
  CWE404_Improper_Resource_Shutdown__fopen_w32_close_65b.c
  CWE404_Improper_Resource_Shutdown__fopen_w32_close_65a.c
  CWE404_Improper_Resource_Shutdown__fopen_w32_close_64b.c
  CWE404_Improper_Resource_Shutdown__fopen_w32_close_64a.c
  CWE404_Improper_Resource_Shutdown__fopen_w32_close_63b.c
  CWE404_Improper_Resource_Shutdown__fopen_w32_close_63a.c
  코드를 생성하고 있습니다...
  컴파일하고 있습니다...
  CWE404_Improper_Resource_Shutdown__fopen_w32_close_61b.c
  CWE404_Improper_Resource_Shutdown__fopen_w32_close_61a.c
  CWE404_Improper_Resource_Shutdown__fopen_w32_close_54e.c
  CWE404_Improper_Resource_Shutdown__fopen_w32_close_54d.c
  CWE404_Improper_Resource_Shutdown__fopen_w32_close_54c.c
  CWE404_Improper_Resource_Shutdown__fopen_w32_close_54b.c
  CWE404_Improper_Resource_Shutdown__fopen_w32_close_54a.c
  CWE404_Improper_Resource_Shutdown__fopen_w32_close_53d.c
  CWE404_Improper_Resource_Shutdown__fopen_w32_close_53c.c
  CWE404_Improper_Resource_Shutdown__fopen_w32_close_53b.c
  CWE404_Improper_Resource_Shutdown__fopen_w32_close_53a.c
  CWE404_Improper_Resource_Shutdown__fopen_w32_close_52c.c
  CWE404_Improper_Resource_Shutdown__fopen_w32_close_52b.c
  CWE404_Improper_Resource_Shutdown__fopen_w32_close_52a.c
  CWE404_Improper_Resource_Shutdown__fopen_w32_close_51b.c
  CWE404_Improper_Resource_Shutdown__fopen_w32_close_51a.c
  CWE404_Improper_Resource_Shutdown__fopen_w32_close_45.c
  CWE404_Improper_Resource_Shutdown__fopen_w32_close_44.c
  CWE404_Improper_Resource_Shutdown__fopen_w32_close_42.c
  CWE404_Improper_Resource_Shutdown__fopen_w32_close_41.c
  코드를 생성하고 있습니다...
  컴파일하고 있습니다...
  CWE404_Improper_Resource_Shutdown__fopen_w32_close_34.c
  CWE404_Improper_Resource_Shutdown__fopen_w32_close_32.c
  CWE404_Improper_Resource_Shutdown__fopen_w32_close_31.c
  CWE404_Improper_Resource_Shutdown__fopen_w32_close_22b.c
  CWE404_Improper_Resource_Shutdown__fopen_w32_close_22a.c
  CWE404_Improper_Resource_Shutdown__fopen_w32_close_21.c
  CWE404_Improper_Resource_Shutdown__fopen_w32_close_18.c
  CWE404_Improper_Resource_Shutdown__fopen_w32_close_17.c
  CWE404_Improper_Resource_Shutdown__fopen_w32_close_16.c
  CWE404_Improper_Resource_Shutdown__fopen_w32_close_15.c
  CWE404_Improper_Resource_Shutdown__fopen_w32_close_14.c
  CWE404_Improper_Resource_Shutdown__fopen_w32_close_13.c
  CWE404_Improper_Resource_Shutdown__fopen_w32_close_12.c
  CWE404_Improper_Resource_Shutdown__fopen_w32_close_11.c
  CWE404_Improper_Resource_Shutdown__fopen_w32_close_10.c
  CWE404_Improper_Resource_Shutdown__fopen_w32_close_09.c
  CWE404_Improper_Resource_Shutdown__fopen_w32_close_08.c
  CWE404_Improper_Resource_Shutdown__fopen_w32_close_07.c
  CWE404_Improper_Resource_Shutdown__fopen_w32_close_06.c
  CWE404_Improper_Resource_Shutdown__fopen_w32_close_05.c
  코드를 생성하고 있습니다...
  컴파일하고 있습니다...
  CWE404_Improper_Resource_Shutdown__fopen_w32_close_04.c
  CWE404_Improper_Resource_Shutdown__fopen_w32_close_03.c
  CWE404_Improper_Resource_Shutdown__fopen_w32_close_02.c
  CWE404_Improper_Resource_Shutdown__fopen_w32_close_01.c
  io.c
  코드를 생성하고 있습니다...
Debug\CWE404_Improper_Resource_Shutdown__fopen_w32_close_01.obj : warning LNK4042: 개체가 두 번 이상 지정되었습니다. 나머지는 무시됩니다.
  CWE404_Improper_Resource_Shutdown.vcxproj -> C:\git\romeo\c\Debug\CWE404_Improper_Resource_Shutdown.exe
