c:\users\robert\documents\visual studio 2015\projects\codemind_test\cwe404_improper_resource_shutdown\debug\vc140.pdb
c:\users\robert\documents\visual studio 2015\projects\codemind_test\cwe404_improper_resource_shutdown\debug\vc140.idb
c:\users\robert\documents\visual studio 2015\projects\codemind_test\cwe404_improper_resource_shutdown\debug\cwe404_improper_resource_shutdown__fopen_w32_close_62a.obj
c:\users\robert\documents\visual studio 2015\projects\codemind_test\cwe404_improper_resource_shutdown\debug\cwe404_improper_resource_shutdown__fopen_w32_close_62b.obj
c:\users\robert\documents\visual studio 2015\projects\codemind_test\cwe404_improper_resource_shutdown\debug\cwe404_improper_resource_shutdown__fopen_w32_close_72a.obj
c:\users\robert\documents\visual studio 2015\projects\codemind_test\cwe404_improper_resource_shutdown\debug\cwe404_improper_resource_shutdown__fopen_w32_close_72b.obj
c:\users\robert\documents\visual studio 2015\projects\codemind_test\cwe404_improper_resource_shutdown\debug\cwe404_improper_resource_shutdown__fopen_w32_close_73a.obj
c:\users\robert\documents\visual studio 2015\projects\codemind_test\cwe404_improper_resource_shutdown\debug\cwe404_improper_resource_shutdown__fopen_w32_close_73b.obj
c:\users\robert\documents\visual studio 2015\projects\codemind_test\cwe404_improper_resource_shutdown\debug\cwe404_improper_resource_shutdown__fopen_w32_close_74a.obj
c:\users\robert\documents\visual studio 2015\projects\codemind_test\cwe404_improper_resource_shutdown\debug\cwe404_improper_resource_shutdown__fopen_w32_close_74b.obj
c:\users\robert\documents\visual studio 2015\projects\codemind_test\cwe404_improper_resource_shutdown\debug\cwe404_improper_resource_shutdown__fopen_w32_close_81a.obj
c:\users\robert\documents\visual studio 2015\projects\codemind_test\cwe404_improper_resource_shutdown\debug\cwe404_improper_resource_shutdown__fopen_w32_close_81_bad.obj
c:\users\robert\documents\visual studio 2015\projects\codemind_test\cwe404_improper_resource_shutdown\debug\cwe404_improper_resource_shutdown__fopen_w32_close_81_goodb2g.obj
c:\users\robert\documents\visual studio 2015\projects\codemind_test\cwe404_improper_resource_shutdown\debug\cwe404_improper_resource_shutdown__fopen_w32_close_82a.obj
c:\users\robert\documents\visual studio 2015\projects\codemind_test\cwe404_improper_resource_shutdown\debug\cwe404_improper_resource_shutdown__fopen_w32_close_82_bad.obj
c:\users\robert\documents\visual studio 2015\projects\codemind_test\cwe404_improper_resource_shutdown\debug\cwe404_improper_resource_shutdown__fopen_w32_close_82_goodb2g.obj
c:\users\robert\documents\visual studio 2015\projects\codemind_test\cwe404_improper_resource_shutdown\debug\cwe404_improper_resource_shutdown__fopen_w32_close_83a.obj
c:\users\robert\documents\visual studio 2015\projects\codemind_test\cwe404_improper_resource_shutdown\debug\cwe404_improper_resource_shutdown__fopen_w32_close_83_bad.obj
c:\users\robert\documents\visual studio 2015\projects\codemind_test\cwe404_improper_resource_shutdown\debug\cwe404_improper_resource_shutdown__fopen_w32_close_83_goodb2g.obj
c:\users\robert\documents\visual studio 2015\projects\codemind_test\cwe404_improper_resource_shutdown\debug\cwe404_improper_resource_shutdown__fopen_w32_close_84a.obj
c:\users\robert\documents\visual studio 2015\projects\codemind_test\cwe404_improper_resource_shutdown\debug\cwe404_improper_resource_shutdown__fopen_w32_close_84_bad.obj
c:\users\robert\documents\visual studio 2015\projects\codemind_test\cwe404_improper_resource_shutdown\debug\cwe404_improper_resource_shutdown__fopen_w32_close_84_goodb2g.obj
c:\users\robert\documents\visual studio 2015\projects\codemind_test\cwe404_improper_resource_shutdown\debug\fake_main.obj
c:\users\robert\documents\visual studio 2015\projects\codemind_test\cwe404_improper_resource_shutdown\debug\cwe404_improper_resource_shutdown__fopen_w32_close_33.obj
c:\users\robert\documents\visual studio 2015\projects\codemind_test\cwe404_improper_resource_shutdown\debug\cwe404_improper_resource_shutdown__fopen_w32_close_43.obj
c:\users\robert\documents\visual studio 2015\projects\codemind_test\cwe404_improper_resource_shutdown\debug\cwe404_improper_resource_shutdown__fopen_w32_close_63a.obj
c:\users\robert\documents\visual studio 2015\projects\codemind_test\cwe404_improper_resource_shutdown\debug\cwe404_improper_resource_shutdown__fopen_w32_close_63b.obj
c:\users\robert\documents\visual studio 2015\projects\codemind_test\cwe404_improper_resource_shutdown\debug\cwe404_improper_resource_shutdown__fopen_w32_close_64a.obj
c:\users\robert\documents\visual studio 2015\projects\codemind_test\cwe404_improper_resource_shutdown\debug\cwe404_improper_resource_shutdown__fopen_w32_close_64b.obj
c:\users\robert\documents\visual studio 2015\projects\codemind_test\cwe404_improper_resource_shutdown\debug\cwe404_improper_resource_shutdown__fopen_w32_close_65a.obj
c:\users\robert\documents\visual studio 2015\projects\codemind_test\cwe404_improper_resource_shutdown\debug\cwe404_improper_resource_shutdown__fopen_w32_close_65b.obj
c:\users\robert\documents\visual studio 2015\projects\codemind_test\cwe404_improper_resource_shutdown\debug\cwe404_improper_resource_shutdown__fopen_w32_close_66a.obj
c:\users\robert\documents\visual studio 2015\projects\codemind_test\cwe404_improper_resource_shutdown\debug\cwe404_improper_resource_shutdown__fopen_w32_close_66b.obj
c:\users\robert\documents\visual studio 2015\projects\codemind_test\cwe404_improper_resource_shutdown\debug\cwe404_improper_resource_shutdown__fopen_w32_close_67a.obj
c:\users\robert\documents\visual studio 2015\projects\codemind_test\cwe404_improper_resource_shutdown\debug\cwe404_improper_resource_shutdown__fopen_w32_close_67b.obj
c:\users\robert\documents\visual studio 2015\projects\codemind_test\cwe404_improper_resource_shutdown\debug\cwe404_improper_resource_shutdown__fopen_w32_close_68a.obj
c:\users\robert\documents\visual studio 2015\projects\codemind_test\cwe404_improper_resource_shutdown\debug\cwe404_improper_resource_shutdown__fopen_w32_close_68b.obj
c:\users\robert\documents\visual studio 2015\projects\codemind_test\cwe404_improper_resource_shutdown\debug\cwe404_improper_resource_shutdown__fopen_w32closehandle_01.obj
c:\users\robert\documents\visual studio 2015\projects\codemind_test\cwe404_improper_resource_shutdown\debug\cwe404_improper_resource_shutdown__fopen_w32_close_01.obj
c:\users\robert\documents\visual studio 2015\projects\codemind_test\cwe404_improper_resource_shutdown\debug\cwe404_improper_resource_shutdown__freopen_w32closehandle_01.obj
c:\users\robert\documents\visual studio 2015\projects\codemind_test\cwe404_improper_resource_shutdown\debug\cwe404_improper_resource_shutdown__freopen_w32_close_01.obj
c:\users\robert\documents\visual studio 2015\projects\codemind_test\cwe404_improper_resource_shutdown\debug\cwe404_improper_resource_shutdown__open_fclose_01.obj
c:\users\robert\documents\visual studio 2015\projects\codemind_test\cwe404_improper_resource_shutdown\debug\cwe404_improper_resource_shutdown__open_w32closehandle_01.obj
c:\users\robert\documents\visual studio 2015\projects\codemind_test\cwe404_improper_resource_shutdown\debug\cwe404_improper_resource_shutdown__w32createfile_close_01.obj
c:\users\robert\documents\visual studio 2015\projects\codemind_test\cwe404_improper_resource_shutdown\debug\cwe404_improper_resource_shutdown__w32createfile_fclose_01.obj
c:\users\robert\documents\visual studio 2015\projects\codemind_test\cwe404_improper_resource_shutdown\debug\cwe404_improper_resource_shutdown__fopen_w32_close_41.obj
c:\users\robert\documents\visual studio 2015\projects\codemind_test\cwe404_improper_resource_shutdown\debug\cwe404_improper_resource_shutdown__fopen_w32_close_42.obj
c:\users\robert\documents\visual studio 2015\projects\codemind_test\cwe404_improper_resource_shutdown\debug\cwe404_improper_resource_shutdown__fopen_w32_close_44.obj
c:\users\robert\documents\visual studio 2015\projects\codemind_test\cwe404_improper_resource_shutdown\debug\cwe404_improper_resource_shutdown__fopen_w32_close_45.obj
c:\users\robert\documents\visual studio 2015\projects\codemind_test\cwe404_improper_resource_shutdown\debug\cwe404_improper_resource_shutdown__fopen_w32_close_51a.obj
c:\users\robert\documents\visual studio 2015\projects\codemind_test\cwe404_improper_resource_shutdown\debug\cwe404_improper_resource_shutdown__fopen_w32_close_51b.obj
c:\users\robert\documents\visual studio 2015\projects\codemind_test\cwe404_improper_resource_shutdown\debug\cwe404_improper_resource_shutdown__fopen_w32_close_52a.obj
c:\users\robert\documents\visual studio 2015\projects\codemind_test\cwe404_improper_resource_shutdown\debug\cwe404_improper_resource_shutdown__fopen_w32_close_52b.obj
c:\users\robert\documents\visual studio 2015\projects\codemind_test\cwe404_improper_resource_shutdown\debug\cwe404_improper_resource_shutdown__fopen_w32_close_52c.obj
c:\users\robert\documents\visual studio 2015\projects\codemind_test\cwe404_improper_resource_shutdown\debug\cwe404_improper_resource_shutdown__fopen_w32_close_53a.obj
c:\users\robert\documents\visual studio 2015\projects\codemind_test\cwe404_improper_resource_shutdown\debug\cwe404_improper_resource_shutdown__fopen_w32_close_53b.obj
c:\users\robert\documents\visual studio 2015\projects\codemind_test\cwe404_improper_resource_shutdown\debug\cwe404_improper_resource_shutdown__fopen_w32_close_53c.obj
c:\users\robert\documents\visual studio 2015\projects\codemind_test\cwe404_improper_resource_shutdown\debug\cwe404_improper_resource_shutdown__fopen_w32_close_53d.obj
c:\users\robert\documents\visual studio 2015\projects\codemind_test\cwe404_improper_resource_shutdown\debug\cwe404_improper_resource_shutdown__fopen_w32_close_54a.obj
c:\users\robert\documents\visual studio 2015\projects\codemind_test\cwe404_improper_resource_shutdown\debug\cwe404_improper_resource_shutdown__fopen_w32_close_54b.obj
c:\users\robert\documents\visual studio 2015\projects\codemind_test\cwe404_improper_resource_shutdown\debug\cwe404_improper_resource_shutdown__fopen_w32_close_54c.obj
c:\users\robert\documents\visual studio 2015\projects\codemind_test\cwe404_improper_resource_shutdown\debug\cwe404_improper_resource_shutdown__fopen_w32_close_54d.obj
c:\users\robert\documents\visual studio 2015\projects\codemind_test\cwe404_improper_resource_shutdown\debug\cwe404_improper_resource_shutdown__fopen_w32_close_54e.obj
c:\users\robert\documents\visual studio 2015\projects\codemind_test\cwe404_improper_resource_shutdown\debug\cwe404_improper_resource_shutdown__fopen_w32_close_61a.obj
c:\users\robert\documents\visual studio 2015\projects\codemind_test\cwe404_improper_resource_shutdown\debug\cwe404_improper_resource_shutdown__fopen_w32_close_61b.obj
c:\users\robert\documents\visual studio 2015\projects\codemind_test\cwe404_improper_resource_shutdown\debug\cwe404_improper_resource_shutdown__fopen_w32_close_05.obj
c:\users\robert\documents\visual studio 2015\projects\codemind_test\cwe404_improper_resource_shutdown\debug\cwe404_improper_resource_shutdown__fopen_w32_close_06.obj
c:\users\robert\documents\visual studio 2015\projects\codemind_test\cwe404_improper_resource_shutdown\debug\cwe404_improper_resource_shutdown__fopen_w32_close_07.obj
c:\users\robert\documents\visual studio 2015\projects\codemind_test\cwe404_improper_resource_shutdown\debug\cwe404_improper_resource_shutdown__fopen_w32_close_08.obj
c:\users\robert\documents\visual studio 2015\projects\codemind_test\cwe404_improper_resource_shutdown\debug\cwe404_improper_resource_shutdown__fopen_w32_close_09.obj
c:\users\robert\documents\visual studio 2015\projects\codemind_test\cwe404_improper_resource_shutdown\debug\cwe404_improper_resource_shutdown__fopen_w32_close_10.obj
c:\users\robert\documents\visual studio 2015\projects\codemind_test\cwe404_improper_resource_shutdown\debug\cwe404_improper_resource_shutdown__fopen_w32_close_11.obj
c:\users\robert\documents\visual studio 2015\projects\codemind_test\cwe404_improper_resource_shutdown\debug\cwe404_improper_resource_shutdown__fopen_w32_close_12.obj
c:\users\robert\documents\visual studio 2015\projects\codemind_test\cwe404_improper_resource_shutdown\debug\cwe404_improper_resource_shutdown__fopen_w32_close_13.obj
c:\users\robert\documents\visual studio 2015\projects\codemind_test\cwe404_improper_resource_shutdown\debug\cwe404_improper_resource_shutdown__fopen_w32_close_14.obj
c:\users\robert\documents\visual studio 2015\projects\codemind_test\cwe404_improper_resource_shutdown\debug\cwe404_improper_resource_shutdown__fopen_w32_close_15.obj
c:\users\robert\documents\visual studio 2015\projects\codemind_test\cwe404_improper_resource_shutdown\debug\cwe404_improper_resource_shutdown__fopen_w32_close_16.obj
c:\users\robert\documents\visual studio 2015\projects\codemind_test\cwe404_improper_resource_shutdown\debug\cwe404_improper_resource_shutdown__fopen_w32_close_17.obj
c:\users\robert\documents\visual studio 2015\projects\codemind_test\cwe404_improper_resource_shutdown\debug\cwe404_improper_resource_shutdown__fopen_w32_close_18.obj
c:\users\robert\documents\visual studio 2015\projects\codemind_test\cwe404_improper_resource_shutdown\debug\cwe404_improper_resource_shutdown__fopen_w32_close_21.obj
c:\users\robert\documents\visual studio 2015\projects\codemind_test\cwe404_improper_resource_shutdown\debug\cwe404_improper_resource_shutdown__fopen_w32_close_22a.obj
c:\users\robert\documents\visual studio 2015\projects\codemind_test\cwe404_improper_resource_shutdown\debug\cwe404_improper_resource_shutdown__fopen_w32_close_22b.obj
c:\users\robert\documents\visual studio 2015\projects\codemind_test\cwe404_improper_resource_shutdown\debug\cwe404_improper_resource_shutdown__fopen_w32_close_31.obj
c:\users\robert\documents\visual studio 2015\projects\codemind_test\cwe404_improper_resource_shutdown\debug\cwe404_improper_resource_shutdown__fopen_w32_close_32.obj
c:\users\robert\documents\visual studio 2015\projects\codemind_test\cwe404_improper_resource_shutdown\debug\cwe404_improper_resource_shutdown__fopen_w32_close_34.obj
c:\users\robert\documents\visual studio 2015\projects\codemind_test\cwe404_improper_resource_shutdown\debug\io.obj
c:\users\robert\documents\visual studio 2015\projects\codemind_test\cwe404_improper_resource_shutdown\debug\cwe404_improper_resource_shutdown__fopen_w32_close_02.obj
c:\users\robert\documents\visual studio 2015\projects\codemind_test\cwe404_improper_resource_shutdown\debug\cwe404_improper_resource_shutdown__fopen_w32_close_03.obj
c:\users\robert\documents\visual studio 2015\projects\codemind_test\cwe404_improper_resource_shutdown\debug\cwe404_improper_resource_shutdown__fopen_w32_close_04.obj
c:\users\robert\documents\visual studio 2015\projects\codemind_test\debug\cwe404_improper_resource_shutdown.ilk
c:\users\robert\documents\visual studio 2015\projects\codemind_test\debug\cwe404_improper_resource_shutdown.exe
c:\users\robert\documents\visual studio 2015\projects\codemind_test\debug\cwe404_improper_resource_shutdown.pdb
c:\users\robert\documents\visual studio 2015\projects\codemind_test\cwe404_improper_resource_shutdown\debug\cwe404_i.16c3254b.tlog\cl.command.1.tlog
c:\users\robert\documents\visual studio 2015\projects\codemind_test\cwe404_improper_resource_shutdown\debug\cwe404_i.16c3254b.tlog\cl.read.1.tlog
c:\users\robert\documents\visual studio 2015\projects\codemind_test\cwe404_improper_resource_shutdown\debug\cwe404_i.16c3254b.tlog\cl.write.1.tlog
c:\users\robert\documents\visual studio 2015\projects\codemind_test\cwe404_improper_resource_shutdown\debug\cwe404_i.16c3254b.tlog\link.command.1.tlog
c:\users\robert\documents\visual studio 2015\projects\codemind_test\cwe404_improper_resource_shutdown\debug\cwe404_i.16c3254b.tlog\link.read.1.tlog
c:\users\robert\documents\visual studio 2015\projects\codemind_test\cwe404_improper_resource_shutdown\debug\cwe404_i.16c3254b.tlog\link.write.1.tlog
