C:\Program Files (x86)\Microsoft Visual Studio\2017\Community\Common7\IDE\VC\VCTargets\Microsoft.CppBuild.targets(937,5): warning MSB8027: 이름이 CWE590_Free_Memory_Not_on_Heap__delete_array_char_alloca_01.cpp인 둘 이상의 파일이 같은 위치에 출력을 생성합니다. 이로 인해 잘못된 빌드 결과가 나타날 수 있습니다.  관련된 파일은 m00\CWE590_Free_Memory_Not_on_Heap__delete_array_char_alloca_01.cpp, m01\CWE590_Free_Memory_Not_on_Heap__delete_array_char_alloca_01.cpp입니다.
  CWE590_Free_Memory_Not_on_Heap__delete_wchar_t_static_01.cpp
  CWE590_Free_Memory_Not_on_Heap__delete_wchar_t_placement_new_01.cpp
  CWE590_Free_Memory_Not_on_Heap__delete_wchar_t_declare_01.cpp
  CWE590_Free_Memory_Not_on_Heap__delete_wchar_t_alloca_01.cpp
  CWE590_Free_Memory_Not_on_Heap__delete_struct_static_01.cpp
  CWE590_Free_Memory_Not_on_Heap__delete_struct_placement_new_01.cpp
  CWE590_Free_Memory_Not_on_Heap__delete_struct_declare_01.cpp
  CWE590_Free_Memory_Not_on_Heap__delete_struct_alloca_01.cpp
  CWE590_Free_Memory_Not_on_Heap__delete_long_static_01.cpp
  CWE590_Free_Memory_Not_on_Heap__delete_long_placement_new_01.cpp
  CWE590_Free_Memory_Not_on_Heap__delete_long_declare_01.cpp
  CWE590_Free_Memory_Not_on_Heap__delete_long_alloca_01.cpp
  CWE590_Free_Memory_Not_on_Heap__delete_int_static_01.cpp
  CWE590_Free_Memory_Not_on_Heap__delete_int_placement_new_01.cpp
  CWE590_Free_Memory_Not_on_Heap__delete_int_declare_01.cpp
  CWE590_Free_Memory_Not_on_Heap__delete_int_alloca_01.cpp
  CWE590_Free_Memory_Not_on_Heap__delete_int64_t_static_01.cpp
  CWE590_Free_Memory_Not_on_Heap__delete_int64_t_placement_new_01.cpp
  CWE590_Free_Memory_Not_on_Heap__delete_int64_t_declare_01.cpp
  CWE590_Free_Memory_Not_on_Heap__delete_int64_t_alloca_01.cpp
  코드를 생성하고 있습니다...
  컴파일하고 있습니다...
  CWE590_Free_Memory_Not_on_Heap__delete_class_static_01.cpp
  CWE590_Free_Memory_Not_on_Heap__delete_class_placement_new_01.cpp
  CWE590_Free_Memory_Not_on_Heap__delete_class_declare_01.cpp
  CWE590_Free_Memory_Not_on_Heap__delete_class_alloca_01.cpp
  CWE590_Free_Memory_Not_on_Heap__delete_char_static_01.cpp
  CWE590_Free_Memory_Not_on_Heap__delete_char_placement_new_01.cpp
  CWE590_Free_Memory_Not_on_Heap__delete_char_declare_01.cpp
  CWE590_Free_Memory_Not_on_Heap__delete_char_alloca_01.cpp
  CWE590_Free_Memory_Not_on_Heap__delete_array_wchar_t_static_01.cpp
  CWE590_Free_Memory_Not_on_Heap__delete_array_wchar_t_declare_01.cpp
  CWE590_Free_Memory_Not_on_Heap__delete_array_wchar_t_alloca_01.cpp
  CWE590_Free_Memory_Not_on_Heap__delete_array_struct_static_01.cpp
  CWE590_Free_Memory_Not_on_Heap__delete_array_struct_declare_01.cpp
  CWE590_Free_Memory_Not_on_Heap__delete_array_struct_alloca_01.cpp
  CWE590_Free_Memory_Not_on_Heap__delete_array_long_static_01.cpp
  CWE590_Free_Memory_Not_on_Heap__delete_array_long_declare_01.cpp
  CWE590_Free_Memory_Not_on_Heap__delete_array_long_alloca_01.cpp
  CWE590_Free_Memory_Not_on_Heap__delete_array_int_static_01.cpp
  CWE590_Free_Memory_Not_on_Heap__delete_array_int_declare_01.cpp
  CWE590_Free_Memory_Not_on_Heap__delete_array_int_alloca_01.cpp
  코드를 생성하고 있습니다...
  컴파일하고 있습니다...
  CWE590_Free_Memory_Not_on_Heap__delete_array_int64_t_static_01.cpp
  CWE590_Free_Memory_Not_on_Heap__delete_array_int64_t_declare_01.cpp
  CWE590_Free_Memory_Not_on_Heap__delete_array_int64_t_alloca_01.cpp
  CWE590_Free_Memory_Not_on_Heap__delete_array_class_static_01.cpp
  CWE590_Free_Memory_Not_on_Heap__delete_array_class_declare_01.cpp
  CWE590_Free_Memory_Not_on_Heap__delete_array_class_alloca_01.cpp
  CWE590_Free_Memory_Not_on_Heap__delete_array_char_static_01.cpp
  CWE590_Free_Memory_Not_on_Heap__delete_array_char_declare_01.cpp
  CWE590_Free_Memory_Not_on_Heap__delete_array_char_alloca_01.cpp
  CWE590_Free_Memory_Not_on_Heap__delete_array_char_alloca_82_goodG2B.cpp
  CWE590_Free_Memory_Not_on_Heap__delete_array_char_alloca_82_bad.cpp
  CWE590_Free_Memory_Not_on_Heap__delete_array_char_alloca_82a.cpp
  CWE590_Free_Memory_Not_on_Heap__delete_array_char_alloca_81_goodG2B.cpp
  CWE590_Free_Memory_Not_on_Heap__delete_array_char_alloca_81_bad.cpp
  CWE590_Free_Memory_Not_on_Heap__delete_array_char_alloca_81a.cpp
  CWE590_Free_Memory_Not_on_Heap__delete_array_char_alloca_74b.cpp
  CWE590_Free_Memory_Not_on_Heap__delete_array_char_alloca_74a.cpp
  CWE590_Free_Memory_Not_on_Heap__delete_array_char_alloca_73b.cpp
  CWE590_Free_Memory_Not_on_Heap__delete_array_char_alloca_73a.cpp
  CWE590_Free_Memory_Not_on_Heap__delete_array_char_alloca_72b.cpp
  코드를 생성하고 있습니다...
  컴파일하고 있습니다...
  CWE590_Free_Memory_Not_on_Heap__delete_array_char_alloca_72a.cpp
  CWE590_Free_Memory_Not_on_Heap__delete_array_char_alloca_68b.cpp
  CWE590_Free_Memory_Not_on_Heap__delete_array_char_alloca_68a.cpp
  CWE590_Free_Memory_Not_on_Heap__delete_array_char_alloca_67b.cpp
  CWE590_Free_Memory_Not_on_Heap__delete_array_char_alloca_67a.cpp
  CWE590_Free_Memory_Not_on_Heap__delete_array_char_alloca_66b.cpp
  CWE590_Free_Memory_Not_on_Heap__delete_array_char_alloca_66a.cpp
  CWE590_Free_Memory_Not_on_Heap__delete_array_char_alloca_65b.cpp
  CWE590_Free_Memory_Not_on_Heap__delete_array_char_alloca_65a.cpp
  CWE590_Free_Memory_Not_on_Heap__delete_array_char_alloca_64b.cpp
  CWE590_Free_Memory_Not_on_Heap__delete_array_char_alloca_64a.cpp
  CWE590_Free_Memory_Not_on_Heap__delete_array_char_alloca_63b.cpp
  CWE590_Free_Memory_Not_on_Heap__delete_array_char_alloca_63a.cpp
  CWE590_Free_Memory_Not_on_Heap__delete_array_char_alloca_54e.cpp
  CWE590_Free_Memory_Not_on_Heap__delete_array_char_alloca_54d.cpp
  CWE590_Free_Memory_Not_on_Heap__delete_array_char_alloca_54c.cpp
  CWE590_Free_Memory_Not_on_Heap__delete_array_char_alloca_54b.cpp
  CWE590_Free_Memory_Not_on_Heap__delete_array_char_alloca_54a.cpp
  CWE590_Free_Memory_Not_on_Heap__delete_array_char_alloca_53d.cpp
  CWE590_Free_Memory_Not_on_Heap__delete_array_char_alloca_53c.cpp
  코드를 생성하고 있습니다...
  컴파일하고 있습니다...
  CWE590_Free_Memory_Not_on_Heap__delete_array_char_alloca_53b.cpp
  CWE590_Free_Memory_Not_on_Heap__delete_array_char_alloca_53a.cpp
  CWE590_Free_Memory_Not_on_Heap__delete_array_char_alloca_52c.cpp
  CWE590_Free_Memory_Not_on_Heap__delete_array_char_alloca_52b.cpp
  CWE590_Free_Memory_Not_on_Heap__delete_array_char_alloca_52a.cpp
  CWE590_Free_Memory_Not_on_Heap__delete_array_char_alloca_51b.cpp
  CWE590_Free_Memory_Not_on_Heap__delete_array_char_alloca_51a.cpp
  CWE590_Free_Memory_Not_on_Heap__delete_array_char_alloca_45.cpp
  CWE590_Free_Memory_Not_on_Heap__delete_array_char_alloca_44.cpp
  CWE590_Free_Memory_Not_on_Heap__delete_array_char_alloca_41.cpp
  CWE590_Free_Memory_Not_on_Heap__delete_array_char_alloca_34.cpp
  CWE590_Free_Memory_Not_on_Heap__delete_array_char_alloca_33.cpp
  CWE590_Free_Memory_Not_on_Heap__delete_array_char_alloca_32.cpp
  CWE590_Free_Memory_Not_on_Heap__delete_array_char_alloca_31.cpp
  CWE590_Free_Memory_Not_on_Heap__delete_array_char_alloca_18.cpp
  CWE590_Free_Memory_Not_on_Heap__delete_array_char_alloca_17.cpp
  CWE590_Free_Memory_Not_on_Heap__delete_array_char_alloca_16.cpp
  CWE590_Free_Memory_Not_on_Heap__delete_array_char_alloca_15.cpp
  CWE590_Free_Memory_Not_on_Heap__delete_array_char_alloca_14.cpp
  CWE590_Free_Memory_Not_on_Heap__delete_array_char_alloca_13.cpp
  코드를 생성하고 있습니다...
  컴파일하고 있습니다...
  CWE590_Free_Memory_Not_on_Heap__delete_array_char_alloca_12.cpp
  CWE590_Free_Memory_Not_on_Heap__delete_array_char_alloca_11.cpp
  CWE590_Free_Memory_Not_on_Heap__delete_array_char_alloca_10.cpp
  CWE590_Free_Memory_Not_on_Heap__delete_array_char_alloca_09.cpp
  CWE590_Free_Memory_Not_on_Heap__delete_array_char_alloca_08.cpp
  CWE590_Free_Memory_Not_on_Heap__delete_array_char_alloca_07.cpp
  CWE590_Free_Memory_Not_on_Heap__delete_array_char_alloca_06.cpp
  CWE590_Free_Memory_Not_on_Heap__delete_array_char_alloca_05.cpp
  CWE590_Free_Memory_Not_on_Heap__delete_array_char_alloca_04.cpp
  CWE590_Free_Memory_Not_on_Heap__delete_array_char_alloca_03.cpp
  CWE590_Free_Memory_Not_on_Heap__delete_array_char_alloca_02.cpp
  CWE590_Free_Memory_Not_on_Heap__delete_array_char_alloca_01.cpp
  fake_main.cpp
  코드를 생성하고 있습니다...
  CWE590_Free_Memory_Not_on_Heap__free_wchar_t_static_01.c
  CWE590_Free_Memory_Not_on_Heap__free_wchar_t_declare_01.c
  CWE590_Free_Memory_Not_on_Heap__free_wchar_t_alloca_01.c
  CWE590_Free_Memory_Not_on_Heap__free_struct_static_01.c
  CWE590_Free_Memory_Not_on_Heap__free_struct_declare_01.c
  CWE590_Free_Memory_Not_on_Heap__free_struct_alloca_01.c
  CWE590_Free_Memory_Not_on_Heap__free_long_static_01.c
  CWE590_Free_Memory_Not_on_Heap__free_long_declare_01.c
  CWE590_Free_Memory_Not_on_Heap__free_long_alloca_01.c
  CWE590_Free_Memory_Not_on_Heap__free_int_static_01.c
  CWE590_Free_Memory_Not_on_Heap__free_int_declare_01.c
  CWE590_Free_Memory_Not_on_Heap__free_int_alloca_01.c
  CWE590_Free_Memory_Not_on_Heap__free_int64_t_static_01.c
  CWE590_Free_Memory_Not_on_Heap__free_int64_t_declare_01.c
  CWE590_Free_Memory_Not_on_Heap__free_int64_t_alloca_01.c
  CWE590_Free_Memory_Not_on_Heap__free_char_static_01.c
  CWE590_Free_Memory_Not_on_Heap__free_char_declare_01.c
  CWE590_Free_Memory_Not_on_Heap__free_char_alloca_01.c
  io.c
  코드를 생성하고 있습니다...
Debug\CWE590_Free_Memory_Not_on_Heap__delete_array_char_alloca_01.obj : warning LNK4042: 개체가 두 번 이상 지정되었습니다. 나머지는 무시됩니다.
  CWE590_Free_Memory_Not_on_Heap.vcxproj -> C:\git\romeo\c\Debug\CWE590_Free_Memory_Not_on_Heap.exe
