c:\users\robert\documents\visual studio 2015\projects\codemind_test\cwe590_free_memory_not_on_heap\debug\vc140.pdb
c:\users\robert\documents\visual studio 2015\projects\codemind_test\cwe590_free_memory_not_on_heap\debug\vc140.idb
c:\users\robert\documents\visual studio 2015\projects\codemind_test\cwe590_free_memory_not_on_heap\debug\cwe590_free_memory_not_on_heap__delete_int64_t_alloca_01.obj
c:\users\robert\documents\visual studio 2015\projects\codemind_test\cwe590_free_memory_not_on_heap\debug\cwe590_free_memory_not_on_heap__delete_int64_t_declare_01.obj
c:\users\robert\documents\visual studio 2015\projects\codemind_test\cwe590_free_memory_not_on_heap\debug\cwe590_free_memory_not_on_heap__delete_int64_t_placement_new_01.obj
c:\users\robert\documents\visual studio 2015\projects\codemind_test\cwe590_free_memory_not_on_heap\debug\cwe590_free_memory_not_on_heap__delete_int64_t_static_01.obj
c:\users\robert\documents\visual studio 2015\projects\codemind_test\cwe590_free_memory_not_on_heap\debug\cwe590_free_memory_not_on_heap__delete_int_alloca_01.obj
c:\users\robert\documents\visual studio 2015\projects\codemind_test\cwe590_free_memory_not_on_heap\debug\cwe590_free_memory_not_on_heap__delete_int_declare_01.obj
c:\users\robert\documents\visual studio 2015\projects\codemind_test\cwe590_free_memory_not_on_heap\debug\cwe590_free_memory_not_on_heap__delete_int_placement_new_01.obj
c:\users\robert\documents\visual studio 2015\projects\codemind_test\cwe590_free_memory_not_on_heap\debug\cwe590_free_memory_not_on_heap__delete_int_static_01.obj
c:\users\robert\documents\visual studio 2015\projects\codemind_test\cwe590_free_memory_not_on_heap\debug\cwe590_free_memory_not_on_heap__delete_long_alloca_01.obj
c:\users\robert\documents\visual studio 2015\projects\codemind_test\cwe590_free_memory_not_on_heap\debug\cwe590_free_memory_not_on_heap__delete_long_declare_01.obj
c:\users\robert\documents\visual studio 2015\projects\codemind_test\cwe590_free_memory_not_on_heap\debug\cwe590_free_memory_not_on_heap__delete_long_placement_new_01.obj
c:\users\robert\documents\visual studio 2015\projects\codemind_test\cwe590_free_memory_not_on_heap\debug\cwe590_free_memory_not_on_heap__delete_long_static_01.obj
c:\users\robert\documents\visual studio 2015\projects\codemind_test\cwe590_free_memory_not_on_heap\debug\cwe590_free_memory_not_on_heap__delete_struct_alloca_01.obj
c:\users\robert\documents\visual studio 2015\projects\codemind_test\cwe590_free_memory_not_on_heap\debug\cwe590_free_memory_not_on_heap__delete_struct_declare_01.obj
c:\users\robert\documents\visual studio 2015\projects\codemind_test\cwe590_free_memory_not_on_heap\debug\cwe590_free_memory_not_on_heap__delete_struct_placement_new_01.obj
c:\users\robert\documents\visual studio 2015\projects\codemind_test\cwe590_free_memory_not_on_heap\debug\cwe590_free_memory_not_on_heap__delete_struct_static_01.obj
c:\users\robert\documents\visual studio 2015\projects\codemind_test\cwe590_free_memory_not_on_heap\debug\cwe590_free_memory_not_on_heap__delete_wchar_t_alloca_01.obj
c:\users\robert\documents\visual studio 2015\projects\codemind_test\cwe590_free_memory_not_on_heap\debug\cwe590_free_memory_not_on_heap__delete_wchar_t_declare_01.obj
c:\users\robert\documents\visual studio 2015\projects\codemind_test\cwe590_free_memory_not_on_heap\debug\cwe590_free_memory_not_on_heap__delete_wchar_t_placement_new_01.obj
c:\users\robert\documents\visual studio 2015\projects\codemind_test\cwe590_free_memory_not_on_heap\debug\cwe590_free_memory_not_on_heap__delete_wchar_t_static_01.obj
c:\users\robert\documents\visual studio 2015\projects\codemind_test\cwe590_free_memory_not_on_heap\debug\cwe590_free_memory_not_on_heap__delete_array_int_alloca_01.obj
c:\users\robert\documents\visual studio 2015\projects\codemind_test\cwe590_free_memory_not_on_heap\debug\cwe590_free_memory_not_on_heap__delete_array_int_declare_01.obj
c:\users\robert\documents\visual studio 2015\projects\codemind_test\cwe590_free_memory_not_on_heap\debug\cwe590_free_memory_not_on_heap__delete_array_int_static_01.obj
c:\users\robert\documents\visual studio 2015\projects\codemind_test\cwe590_free_memory_not_on_heap\debug\cwe590_free_memory_not_on_heap__delete_array_long_alloca_01.obj
c:\users\robert\documents\visual studio 2015\projects\codemind_test\cwe590_free_memory_not_on_heap\debug\cwe590_free_memory_not_on_heap__delete_array_long_declare_01.obj
c:\users\robert\documents\visual studio 2015\projects\codemind_test\cwe590_free_memory_not_on_heap\debug\cwe590_free_memory_not_on_heap__delete_array_long_static_01.obj
c:\users\robert\documents\visual studio 2015\projects\codemind_test\cwe590_free_memory_not_on_heap\debug\cwe590_free_memory_not_on_heap__delete_array_struct_alloca_01.obj
c:\users\robert\documents\visual studio 2015\projects\codemind_test\cwe590_free_memory_not_on_heap\debug\cwe590_free_memory_not_on_heap__delete_array_struct_declare_01.obj
c:\users\robert\documents\visual studio 2015\projects\codemind_test\cwe590_free_memory_not_on_heap\debug\cwe590_free_memory_not_on_heap__delete_array_struct_static_01.obj
c:\users\robert\documents\visual studio 2015\projects\codemind_test\cwe590_free_memory_not_on_heap\debug\cwe590_free_memory_not_on_heap__delete_array_wchar_t_alloca_01.obj
c:\users\robert\documents\visual studio 2015\projects\codemind_test\cwe590_free_memory_not_on_heap\debug\cwe590_free_memory_not_on_heap__delete_array_wchar_t_declare_01.obj
c:\users\robert\documents\visual studio 2015\projects\codemind_test\cwe590_free_memory_not_on_heap\debug\cwe590_free_memory_not_on_heap__delete_array_wchar_t_static_01.obj
c:\users\robert\documents\visual studio 2015\projects\codemind_test\cwe590_free_memory_not_on_heap\debug\cwe590_free_memory_not_on_heap__delete_char_alloca_01.obj
c:\users\robert\documents\visual studio 2015\projects\codemind_test\cwe590_free_memory_not_on_heap\debug\cwe590_free_memory_not_on_heap__delete_char_declare_01.obj
c:\users\robert\documents\visual studio 2015\projects\codemind_test\cwe590_free_memory_not_on_heap\debug\cwe590_free_memory_not_on_heap__delete_char_placement_new_01.obj
c:\users\robert\documents\visual studio 2015\projects\codemind_test\cwe590_free_memory_not_on_heap\debug\cwe590_free_memory_not_on_heap__delete_char_static_01.obj
c:\users\robert\documents\visual studio 2015\projects\codemind_test\cwe590_free_memory_not_on_heap\debug\cwe590_free_memory_not_on_heap__delete_class_alloca_01.obj
c:\users\robert\documents\visual studio 2015\projects\codemind_test\cwe590_free_memory_not_on_heap\debug\cwe590_free_memory_not_on_heap__delete_class_declare_01.obj
c:\users\robert\documents\visual studio 2015\projects\codemind_test\cwe590_free_memory_not_on_heap\debug\cwe590_free_memory_not_on_heap__delete_class_placement_new_01.obj
c:\users\robert\documents\visual studio 2015\projects\codemind_test\cwe590_free_memory_not_on_heap\debug\cwe590_free_memory_not_on_heap__delete_class_static_01.obj
c:\users\robert\documents\visual studio 2015\projects\codemind_test\cwe590_free_memory_not_on_heap\debug\cwe590_free_memory_not_on_heap__delete_array_char_alloca_72b.obj
c:\users\robert\documents\visual studio 2015\projects\codemind_test\cwe590_free_memory_not_on_heap\debug\cwe590_free_memory_not_on_heap__delete_array_char_alloca_73a.obj
c:\users\robert\documents\visual studio 2015\projects\codemind_test\cwe590_free_memory_not_on_heap\debug\cwe590_free_memory_not_on_heap__delete_array_char_alloca_73b.obj
c:\users\robert\documents\visual studio 2015\projects\codemind_test\cwe590_free_memory_not_on_heap\debug\cwe590_free_memory_not_on_heap__delete_array_char_alloca_74a.obj
c:\users\robert\documents\visual studio 2015\projects\codemind_test\cwe590_free_memory_not_on_heap\debug\cwe590_free_memory_not_on_heap__delete_array_char_alloca_74b.obj
c:\users\robert\documents\visual studio 2015\projects\codemind_test\cwe590_free_memory_not_on_heap\debug\cwe590_free_memory_not_on_heap__delete_array_char_alloca_81a.obj
c:\users\robert\documents\visual studio 2015\projects\codemind_test\cwe590_free_memory_not_on_heap\debug\cwe590_free_memory_not_on_heap__delete_array_char_alloca_81_bad.obj
c:\users\robert\documents\visual studio 2015\projects\codemind_test\cwe590_free_memory_not_on_heap\debug\cwe590_free_memory_not_on_heap__delete_array_char_alloca_81_goodg2b.obj
c:\users\robert\documents\visual studio 2015\projects\codemind_test\cwe590_free_memory_not_on_heap\debug\cwe590_free_memory_not_on_heap__delete_array_char_alloca_82a.obj
c:\users\robert\documents\visual studio 2015\projects\codemind_test\cwe590_free_memory_not_on_heap\debug\cwe590_free_memory_not_on_heap__delete_array_char_alloca_82_bad.obj
c:\users\robert\documents\visual studio 2015\projects\codemind_test\cwe590_free_memory_not_on_heap\debug\cwe590_free_memory_not_on_heap__delete_array_char_alloca_82_goodg2b.obj
c:\users\robert\documents\visual studio 2015\projects\codemind_test\cwe590_free_memory_not_on_heap\debug\cwe590_free_memory_not_on_heap__delete_array_char_alloca_01.obj
c:\users\robert\documents\visual studio 2015\projects\codemind_test\cwe590_free_memory_not_on_heap\debug\cwe590_free_memory_not_on_heap__delete_array_char_declare_01.obj
c:\users\robert\documents\visual studio 2015\projects\codemind_test\cwe590_free_memory_not_on_heap\debug\cwe590_free_memory_not_on_heap__delete_array_char_static_01.obj
c:\users\robert\documents\visual studio 2015\projects\codemind_test\cwe590_free_memory_not_on_heap\debug\cwe590_free_memory_not_on_heap__delete_array_class_alloca_01.obj
c:\users\robert\documents\visual studio 2015\projects\codemind_test\cwe590_free_memory_not_on_heap\debug\cwe590_free_memory_not_on_heap__delete_array_class_declare_01.obj
c:\users\robert\documents\visual studio 2015\projects\codemind_test\cwe590_free_memory_not_on_heap\debug\cwe590_free_memory_not_on_heap__delete_array_class_static_01.obj
c:\users\robert\documents\visual studio 2015\projects\codemind_test\cwe590_free_memory_not_on_heap\debug\cwe590_free_memory_not_on_heap__delete_array_int64_t_alloca_01.obj
c:\users\robert\documents\visual studio 2015\projects\codemind_test\cwe590_free_memory_not_on_heap\debug\cwe590_free_memory_not_on_heap__delete_array_int64_t_declare_01.obj
c:\users\robert\documents\visual studio 2015\projects\codemind_test\cwe590_free_memory_not_on_heap\debug\cwe590_free_memory_not_on_heap__delete_array_int64_t_static_01.obj
c:\users\robert\documents\visual studio 2015\projects\codemind_test\cwe590_free_memory_not_on_heap\debug\cwe590_free_memory_not_on_heap__delete_array_char_alloca_53c.obj
c:\users\robert\documents\visual studio 2015\projects\codemind_test\cwe590_free_memory_not_on_heap\debug\cwe590_free_memory_not_on_heap__delete_array_char_alloca_53d.obj
c:\users\robert\documents\visual studio 2015\projects\codemind_test\cwe590_free_memory_not_on_heap\debug\cwe590_free_memory_not_on_heap__delete_array_char_alloca_54a.obj
c:\users\robert\documents\visual studio 2015\projects\codemind_test\cwe590_free_memory_not_on_heap\debug\cwe590_free_memory_not_on_heap__delete_array_char_alloca_54b.obj
c:\users\robert\documents\visual studio 2015\projects\codemind_test\cwe590_free_memory_not_on_heap\debug\cwe590_free_memory_not_on_heap__delete_array_char_alloca_54c.obj
c:\users\robert\documents\visual studio 2015\projects\codemind_test\cwe590_free_memory_not_on_heap\debug\cwe590_free_memory_not_on_heap__delete_array_char_alloca_54d.obj
c:\users\robert\documents\visual studio 2015\projects\codemind_test\cwe590_free_memory_not_on_heap\debug\cwe590_free_memory_not_on_heap__delete_array_char_alloca_54e.obj
c:\users\robert\documents\visual studio 2015\projects\codemind_test\cwe590_free_memory_not_on_heap\debug\cwe590_free_memory_not_on_heap__delete_array_char_alloca_63a.obj
c:\users\robert\documents\visual studio 2015\projects\codemind_test\cwe590_free_memory_not_on_heap\debug\cwe590_free_memory_not_on_heap__delete_array_char_alloca_63b.obj
c:\users\robert\documents\visual studio 2015\projects\codemind_test\cwe590_free_memory_not_on_heap\debug\cwe590_free_memory_not_on_heap__delete_array_char_alloca_64a.obj
c:\users\robert\documents\visual studio 2015\projects\codemind_test\cwe590_free_memory_not_on_heap\debug\cwe590_free_memory_not_on_heap__delete_array_char_alloca_64b.obj
c:\users\robert\documents\visual studio 2015\projects\codemind_test\cwe590_free_memory_not_on_heap\debug\cwe590_free_memory_not_on_heap__delete_array_char_alloca_65a.obj
c:\users\robert\documents\visual studio 2015\projects\codemind_test\cwe590_free_memory_not_on_heap\debug\cwe590_free_memory_not_on_heap__delete_array_char_alloca_65b.obj
c:\users\robert\documents\visual studio 2015\projects\codemind_test\cwe590_free_memory_not_on_heap\debug\cwe590_free_memory_not_on_heap__delete_array_char_alloca_66a.obj
c:\users\robert\documents\visual studio 2015\projects\codemind_test\cwe590_free_memory_not_on_heap\debug\cwe590_free_memory_not_on_heap__delete_array_char_alloca_66b.obj
c:\users\robert\documents\visual studio 2015\projects\codemind_test\cwe590_free_memory_not_on_heap\debug\cwe590_free_memory_not_on_heap__delete_array_char_alloca_67a.obj
c:\users\robert\documents\visual studio 2015\projects\codemind_test\cwe590_free_memory_not_on_heap\debug\cwe590_free_memory_not_on_heap__delete_array_char_alloca_67b.obj
c:\users\robert\documents\visual studio 2015\projects\codemind_test\cwe590_free_memory_not_on_heap\debug\cwe590_free_memory_not_on_heap__delete_array_char_alloca_68a.obj
c:\users\robert\documents\visual studio 2015\projects\codemind_test\cwe590_free_memory_not_on_heap\debug\cwe590_free_memory_not_on_heap__delete_array_char_alloca_68b.obj
c:\users\robert\documents\visual studio 2015\projects\codemind_test\cwe590_free_memory_not_on_heap\debug\cwe590_free_memory_not_on_heap__delete_array_char_alloca_72a.obj
c:\users\robert\documents\visual studio 2015\projects\codemind_test\cwe590_free_memory_not_on_heap\debug\cwe590_free_memory_not_on_heap__delete_array_char_alloca_13.obj
c:\users\robert\documents\visual studio 2015\projects\codemind_test\cwe590_free_memory_not_on_heap\debug\cwe590_free_memory_not_on_heap__delete_array_char_alloca_14.obj
c:\users\robert\documents\visual studio 2015\projects\codemind_test\cwe590_free_memory_not_on_heap\debug\cwe590_free_memory_not_on_heap__delete_array_char_alloca_15.obj
c:\users\robert\documents\visual studio 2015\projects\codemind_test\cwe590_free_memory_not_on_heap\debug\cwe590_free_memory_not_on_heap__delete_array_char_alloca_16.obj
c:\users\robert\documents\visual studio 2015\projects\codemind_test\cwe590_free_memory_not_on_heap\debug\cwe590_free_memory_not_on_heap__delete_array_char_alloca_17.obj
c:\users\robert\documents\visual studio 2015\projects\codemind_test\cwe590_free_memory_not_on_heap\debug\cwe590_free_memory_not_on_heap__delete_array_char_alloca_18.obj
c:\users\robert\documents\visual studio 2015\projects\codemind_test\cwe590_free_memory_not_on_heap\debug\cwe590_free_memory_not_on_heap__delete_array_char_alloca_31.obj
c:\users\robert\documents\visual studio 2015\projects\codemind_test\cwe590_free_memory_not_on_heap\debug\cwe590_free_memory_not_on_heap__delete_array_char_alloca_32.obj
c:\users\robert\documents\visual studio 2015\projects\codemind_test\cwe590_free_memory_not_on_heap\debug\cwe590_free_memory_not_on_heap__delete_array_char_alloca_33.obj
c:\users\robert\documents\visual studio 2015\projects\codemind_test\cwe590_free_memory_not_on_heap\debug\cwe590_free_memory_not_on_heap__delete_array_char_alloca_34.obj
c:\users\robert\documents\visual studio 2015\projects\codemind_test\cwe590_free_memory_not_on_heap\debug\cwe590_free_memory_not_on_heap__delete_array_char_alloca_41.obj
c:\users\robert\documents\visual studio 2015\projects\codemind_test\cwe590_free_memory_not_on_heap\debug\cwe590_free_memory_not_on_heap__delete_array_char_alloca_44.obj
c:\users\robert\documents\visual studio 2015\projects\codemind_test\cwe590_free_memory_not_on_heap\debug\cwe590_free_memory_not_on_heap__delete_array_char_alloca_45.obj
c:\users\robert\documents\visual studio 2015\projects\codemind_test\cwe590_free_memory_not_on_heap\debug\cwe590_free_memory_not_on_heap__delete_array_char_alloca_51a.obj
c:\users\robert\documents\visual studio 2015\projects\codemind_test\cwe590_free_memory_not_on_heap\debug\cwe590_free_memory_not_on_heap__delete_array_char_alloca_51b.obj
c:\users\robert\documents\visual studio 2015\projects\codemind_test\cwe590_free_memory_not_on_heap\debug\cwe590_free_memory_not_on_heap__delete_array_char_alloca_52a.obj
c:\users\robert\documents\visual studio 2015\projects\codemind_test\cwe590_free_memory_not_on_heap\debug\cwe590_free_memory_not_on_heap__delete_array_char_alloca_52b.obj
c:\users\robert\documents\visual studio 2015\projects\codemind_test\cwe590_free_memory_not_on_heap\debug\cwe590_free_memory_not_on_heap__delete_array_char_alloca_52c.obj
c:\users\robert\documents\visual studio 2015\projects\codemind_test\cwe590_free_memory_not_on_heap\debug\cwe590_free_memory_not_on_heap__delete_array_char_alloca_53a.obj
c:\users\robert\documents\visual studio 2015\projects\codemind_test\cwe590_free_memory_not_on_heap\debug\cwe590_free_memory_not_on_heap__delete_array_char_alloca_53b.obj
c:\users\robert\documents\visual studio 2015\projects\codemind_test\cwe590_free_memory_not_on_heap\debug\fake_main.obj
c:\users\robert\documents\visual studio 2015\projects\codemind_test\cwe590_free_memory_not_on_heap\debug\cwe590_free_memory_not_on_heap__delete_array_char_alloca_02.obj
c:\users\robert\documents\visual studio 2015\projects\codemind_test\cwe590_free_memory_not_on_heap\debug\cwe590_free_memory_not_on_heap__delete_array_char_alloca_03.obj
c:\users\robert\documents\visual studio 2015\projects\codemind_test\cwe590_free_memory_not_on_heap\debug\cwe590_free_memory_not_on_heap__delete_array_char_alloca_04.obj
c:\users\robert\documents\visual studio 2015\projects\codemind_test\cwe590_free_memory_not_on_heap\debug\cwe590_free_memory_not_on_heap__delete_array_char_alloca_05.obj
c:\users\robert\documents\visual studio 2015\projects\codemind_test\cwe590_free_memory_not_on_heap\debug\cwe590_free_memory_not_on_heap__delete_array_char_alloca_06.obj
c:\users\robert\documents\visual studio 2015\projects\codemind_test\cwe590_free_memory_not_on_heap\debug\cwe590_free_memory_not_on_heap__delete_array_char_alloca_07.obj
c:\users\robert\documents\visual studio 2015\projects\codemind_test\cwe590_free_memory_not_on_heap\debug\cwe590_free_memory_not_on_heap__delete_array_char_alloca_08.obj
c:\users\robert\documents\visual studio 2015\projects\codemind_test\cwe590_free_memory_not_on_heap\debug\cwe590_free_memory_not_on_heap__delete_array_char_alloca_09.obj
c:\users\robert\documents\visual studio 2015\projects\codemind_test\cwe590_free_memory_not_on_heap\debug\cwe590_free_memory_not_on_heap__delete_array_char_alloca_10.obj
c:\users\robert\documents\visual studio 2015\projects\codemind_test\cwe590_free_memory_not_on_heap\debug\cwe590_free_memory_not_on_heap__delete_array_char_alloca_11.obj
c:\users\robert\documents\visual studio 2015\projects\codemind_test\cwe590_free_memory_not_on_heap\debug\cwe590_free_memory_not_on_heap__delete_array_char_alloca_12.obj
c:\users\robert\documents\visual studio 2015\projects\codemind_test\cwe590_free_memory_not_on_heap\debug\io.obj
c:\users\robert\documents\visual studio 2015\projects\codemind_test\cwe590_free_memory_not_on_heap\debug\cwe590_free_memory_not_on_heap__free_char_alloca_01.obj
c:\users\robert\documents\visual studio 2015\projects\codemind_test\cwe590_free_memory_not_on_heap\debug\cwe590_free_memory_not_on_heap__free_char_declare_01.obj
c:\users\robert\documents\visual studio 2015\projects\codemind_test\cwe590_free_memory_not_on_heap\debug\cwe590_free_memory_not_on_heap__free_char_static_01.obj
c:\users\robert\documents\visual studio 2015\projects\codemind_test\cwe590_free_memory_not_on_heap\debug\cwe590_free_memory_not_on_heap__free_int64_t_alloca_01.obj
c:\users\robert\documents\visual studio 2015\projects\codemind_test\cwe590_free_memory_not_on_heap\debug\cwe590_free_memory_not_on_heap__free_int64_t_declare_01.obj
c:\users\robert\documents\visual studio 2015\projects\codemind_test\cwe590_free_memory_not_on_heap\debug\cwe590_free_memory_not_on_heap__free_int64_t_static_01.obj
c:\users\robert\documents\visual studio 2015\projects\codemind_test\cwe590_free_memory_not_on_heap\debug\cwe590_free_memory_not_on_heap__free_int_alloca_01.obj
c:\users\robert\documents\visual studio 2015\projects\codemind_test\cwe590_free_memory_not_on_heap\debug\cwe590_free_memory_not_on_heap__free_int_declare_01.obj
c:\users\robert\documents\visual studio 2015\projects\codemind_test\cwe590_free_memory_not_on_heap\debug\cwe590_free_memory_not_on_heap__free_int_static_01.obj
c:\users\robert\documents\visual studio 2015\projects\codemind_test\cwe590_free_memory_not_on_heap\debug\cwe590_free_memory_not_on_heap__free_long_alloca_01.obj
c:\users\robert\documents\visual studio 2015\projects\codemind_test\cwe590_free_memory_not_on_heap\debug\cwe590_free_memory_not_on_heap__free_long_declare_01.obj
c:\users\robert\documents\visual studio 2015\projects\codemind_test\cwe590_free_memory_not_on_heap\debug\cwe590_free_memory_not_on_heap__free_long_static_01.obj
c:\users\robert\documents\visual studio 2015\projects\codemind_test\cwe590_free_memory_not_on_heap\debug\cwe590_free_memory_not_on_heap__free_struct_alloca_01.obj
c:\users\robert\documents\visual studio 2015\projects\codemind_test\cwe590_free_memory_not_on_heap\debug\cwe590_free_memory_not_on_heap__free_struct_declare_01.obj
c:\users\robert\documents\visual studio 2015\projects\codemind_test\cwe590_free_memory_not_on_heap\debug\cwe590_free_memory_not_on_heap__free_struct_static_01.obj
c:\users\robert\documents\visual studio 2015\projects\codemind_test\cwe590_free_memory_not_on_heap\debug\cwe590_free_memory_not_on_heap__free_wchar_t_alloca_01.obj
c:\users\robert\documents\visual studio 2015\projects\codemind_test\cwe590_free_memory_not_on_heap\debug\cwe590_free_memory_not_on_heap__free_wchar_t_declare_01.obj
c:\users\robert\documents\visual studio 2015\projects\codemind_test\cwe590_free_memory_not_on_heap\debug\cwe590_free_memory_not_on_heap__free_wchar_t_static_01.obj
c:\users\robert\documents\visual studio 2015\projects\codemind_test\debug\cwe590_free_memory_not_on_heap.ilk
c:\users\robert\documents\visual studio 2015\projects\codemind_test\debug\cwe590_free_memory_not_on_heap.exe
c:\users\robert\documents\visual studio 2015\projects\codemind_test\debug\cwe590_free_memory_not_on_heap.pdb
c:\users\robert\documents\visual studio 2015\projects\codemind_test\cwe590_free_memory_not_on_heap\debug\cwe590_f.0d353271.tlog\cl.command.1.tlog
c:\users\robert\documents\visual studio 2015\projects\codemind_test\cwe590_free_memory_not_on_heap\debug\cwe590_f.0d353271.tlog\cl.read.1.tlog
c:\users\robert\documents\visual studio 2015\projects\codemind_test\cwe590_free_memory_not_on_heap\debug\cwe590_f.0d353271.tlog\cl.write.1.tlog
c:\users\robert\documents\visual studio 2015\projects\codemind_test\cwe590_free_memory_not_on_heap\debug\cwe590_f.0d353271.tlog\link.command.1.tlog
c:\users\robert\documents\visual studio 2015\projects\codemind_test\cwe590_free_memory_not_on_heap\debug\cwe590_f.0d353271.tlog\link.read.1.tlog
c:\users\robert\documents\visual studio 2015\projects\codemind_test\cwe590_free_memory_not_on_heap\debug\cwe590_f.0d353271.tlog\link.write.1.tlog
