c:\git\romeo\c\cwe500_public_static_field_not_final\debug\vc141.pdb
c:\git\romeo\c\cwe500_public_static_field_not_final\debug\vc141.idb
c:\git\romeo\c\cwe500_public_static_field_not_final\debug\fake_main.obj
c:\git\romeo\c\cwe500_public_static_field_not_final\debug\cwe500_public_static_field_not_final__int_01_bad.obj
c:\git\romeo\c\cwe500_public_static_field_not_final\debug\cwe500_public_static_field_not_final__int_01_good1.obj
c:\git\romeo\c\cwe500_public_static_field_not_final\debug\cwe500_public_static_field_not_final.pdb
c:\git\romeo\c\cwe500_public_static_field_not_final\debug\cwe500_public_static_field_not_final.idb
c:\git\romeo\c\cwe500_public_static_field_not_final\debug\io.obj
c:\git\romeo\c\debug\cwe500_public_static_field_not_final.lib
c:\git\romeo\c\debug\cwe500_public_static_field_not_final.ilk
c:\git\romeo\c\debug\cwe500_public_static_field_not_final.exe
c:\git\romeo\c\debug\cwe500_public_static_field_not_final.pdb
c:\git\romeo\c\cwe500_public_static_field_not_final\debug\cwe500_p.d3ca5ab8.tlog\cl.command.1.tlog
c:\git\romeo\c\cwe500_public_static_field_not_final\debug\cwe500_p.d3ca5ab8.tlog\cl.read.1.tlog
c:\git\romeo\c\cwe500_public_static_field_not_final\debug\cwe500_p.d3ca5ab8.tlog\cl.write.1.tlog
c:\git\romeo\c\cwe500_public_static_field_not_final\debug\cwe500_p.d3ca5ab8.tlog\lib-link.read.1.tlog
c:\git\romeo\c\cwe500_public_static_field_not_final\debug\cwe500_p.d3ca5ab8.tlog\lib-link.write.1.tlog
c:\git\romeo\c\cwe500_public_static_field_not_final\debug\cwe500_p.d3ca5ab8.tlog\lib.command.1.tlog
c:\git\romeo\c\cwe500_public_static_field_not_final\debug\cwe500_p.d3ca5ab8.tlog\link.command.1.tlog
c:\git\romeo\c\cwe500_public_static_field_not_final\debug\cwe500_p.d3ca5ab8.tlog\link.read.1.tlog
c:\git\romeo\c\cwe500_public_static_field_not_final\debug\cwe500_p.d3ca5ab8.tlog\link.write.1.tlog
