C:\Program Files (x86)\Microsoft Visual Studio\2017\Community\Common7\IDE\VC\VCTargets\Microsoft.CppBuild.targets(937,5): warning MSB8027: 이름이 CWE319_Cleartext_Tx_Sensitive_Info__w32_char_connect_socket_01.c인 둘 이상의 파일이 같은 위치에 출력을 생성합니다. 이로 인해 잘못된 빌드 결과가 나타날 수 있습니다.  관련된 파일은 m00\CWE319_Cleartext_Tx_Sensitive_Info__w32_char_connect_socket_01.c, m01\CWE319_Cleartext_Tx_Sensitive_Info__w32_char_connect_socket_01.c입니다.
  CWE319_Cleartext_Tx_Sensitive_Info__w32_char_connect_socket_84_goodG2B.cpp
  CWE319_Cleartext_Tx_Sensitive_Info__w32_char_connect_socket_84_goodB2G.cpp
  CWE319_Cleartext_Tx_Sensitive_Info__w32_char_connect_socket_84_bad.cpp
  CWE319_Cleartext_Tx_Sensitive_Info__w32_char_connect_socket_84a.cpp
  CWE319_Cleartext_Tx_Sensitive_Info__w32_char_connect_socket_83_goodG2B.cpp
  CWE319_Cleartext_Tx_Sensitive_Info__w32_char_connect_socket_83_goodB2G.cpp
  CWE319_Cleartext_Tx_Sensitive_Info__w32_char_connect_socket_83_bad.cpp
  CWE319_Cleartext_Tx_Sensitive_Info__w32_char_connect_socket_83a.cpp
  CWE319_Cleartext_Tx_Sensitive_Info__w32_char_connect_socket_82_goodG2B.cpp
  CWE319_Cleartext_Tx_Sensitive_Info__w32_char_connect_socket_82_goodB2G.cpp
  CWE319_Cleartext_Tx_Sensitive_Info__w32_char_connect_socket_82_bad.cpp
  CWE319_Cleartext_Tx_Sensitive_Info__w32_char_connect_socket_82a.cpp
  CWE319_Cleartext_Tx_Sensitive_Info__w32_char_connect_socket_81_goodG2B.cpp
  CWE319_Cleartext_Tx_Sensitive_Info__w32_char_connect_socket_81_goodB2G.cpp
  CWE319_Cleartext_Tx_Sensitive_Info__w32_char_connect_socket_81_bad.cpp
  CWE319_Cleartext_Tx_Sensitive_Info__w32_char_connect_socket_81a.cpp
  CWE319_Cleartext_Tx_Sensitive_Info__w32_char_connect_socket_74b.cpp
  CWE319_Cleartext_Tx_Sensitive_Info__w32_char_connect_socket_74a.cpp
  CWE319_Cleartext_Tx_Sensitive_Info__w32_char_connect_socket_73b.cpp
  CWE319_Cleartext_Tx_Sensitive_Info__w32_char_connect_socket_73a.cpp
  코드를 생성하고 있습니다...
  컴파일하고 있습니다...
  CWE319_Cleartext_Tx_Sensitive_Info__w32_char_connect_socket_72b.cpp
  CWE319_Cleartext_Tx_Sensitive_Info__w32_char_connect_socket_72a.cpp
  CWE319_Cleartext_Tx_Sensitive_Info__w32_char_connect_socket_62b.cpp
  CWE319_Cleartext_Tx_Sensitive_Info__w32_char_connect_socket_62a.cpp
  CWE319_Cleartext_Tx_Sensitive_Info__w32_char_connect_socket_43.cpp
  CWE319_Cleartext_Tx_Sensitive_Info__w32_char_connect_socket_33.cpp
  fake_main.cpp
  코드를 생성하고 있습니다...
  CWE319_Cleartext_Tx_Sensitive_Info__w32_wchar_t_listen_socket_01.c
  CWE319_Cleartext_Tx_Sensitive_Info__w32_wchar_t_connect_socket_01.c
  CWE319_Cleartext_Tx_Sensitive_Info__w32_char_listen_socket_01.c
  CWE319_Cleartext_Tx_Sensitive_Info__w32_char_connect_socket_01.c
  CWE319_Cleartext_Tx_Sensitive_Info__w32_char_connect_socket_68b.c
  CWE319_Cleartext_Tx_Sensitive_Info__w32_char_connect_socket_68a.c
  CWE319_Cleartext_Tx_Sensitive_Info__w32_char_connect_socket_67b.c
  CWE319_Cleartext_Tx_Sensitive_Info__w32_char_connect_socket_67a.c
  CWE319_Cleartext_Tx_Sensitive_Info__w32_char_connect_socket_66b.c
  CWE319_Cleartext_Tx_Sensitive_Info__w32_char_connect_socket_66a.c
  CWE319_Cleartext_Tx_Sensitive_Info__w32_char_connect_socket_65b.c
  CWE319_Cleartext_Tx_Sensitive_Info__w32_char_connect_socket_65a.c
  CWE319_Cleartext_Tx_Sensitive_Info__w32_char_connect_socket_64b.c
  CWE319_Cleartext_Tx_Sensitive_Info__w32_char_connect_socket_64a.c
  CWE319_Cleartext_Tx_Sensitive_Info__w32_char_connect_socket_63b.c
  CWE319_Cleartext_Tx_Sensitive_Info__w32_char_connect_socket_63a.c
  CWE319_Cleartext_Tx_Sensitive_Info__w32_char_connect_socket_61b.c
  CWE319_Cleartext_Tx_Sensitive_Info__w32_char_connect_socket_61a.c
  CWE319_Cleartext_Tx_Sensitive_Info__w32_char_connect_socket_54e.c
  CWE319_Cleartext_Tx_Sensitive_Info__w32_char_connect_socket_54d.c
  코드를 생성하고 있습니다...
  컴파일하고 있습니다...
  CWE319_Cleartext_Tx_Sensitive_Info__w32_char_connect_socket_54c.c
  CWE319_Cleartext_Tx_Sensitive_Info__w32_char_connect_socket_54b.c
  CWE319_Cleartext_Tx_Sensitive_Info__w32_char_connect_socket_54a.c
  CWE319_Cleartext_Tx_Sensitive_Info__w32_char_connect_socket_53d.c
  CWE319_Cleartext_Tx_Sensitive_Info__w32_char_connect_socket_53c.c
  CWE319_Cleartext_Tx_Sensitive_Info__w32_char_connect_socket_53b.c
  CWE319_Cleartext_Tx_Sensitive_Info__w32_char_connect_socket_53a.c
  CWE319_Cleartext_Tx_Sensitive_Info__w32_char_connect_socket_52c.c
  CWE319_Cleartext_Tx_Sensitive_Info__w32_char_connect_socket_52b.c
  CWE319_Cleartext_Tx_Sensitive_Info__w32_char_connect_socket_52a.c
  CWE319_Cleartext_Tx_Sensitive_Info__w32_char_connect_socket_51b.c
  CWE319_Cleartext_Tx_Sensitive_Info__w32_char_connect_socket_51a.c
  CWE319_Cleartext_Tx_Sensitive_Info__w32_char_connect_socket_45.c
  CWE319_Cleartext_Tx_Sensitive_Info__w32_char_connect_socket_44.c
  CWE319_Cleartext_Tx_Sensitive_Info__w32_char_connect_socket_42.c
  CWE319_Cleartext_Tx_Sensitive_Info__w32_char_connect_socket_41.c
  CWE319_Cleartext_Tx_Sensitive_Info__w32_char_connect_socket_34.c
  CWE319_Cleartext_Tx_Sensitive_Info__w32_char_connect_socket_32.c
  CWE319_Cleartext_Tx_Sensitive_Info__w32_char_connect_socket_31.c
  CWE319_Cleartext_Tx_Sensitive_Info__w32_char_connect_socket_22b.c
  코드를 생성하고 있습니다...
  컴파일하고 있습니다...
  CWE319_Cleartext_Tx_Sensitive_Info__w32_char_connect_socket_22a.c
  CWE319_Cleartext_Tx_Sensitive_Info__w32_char_connect_socket_21.c
  CWE319_Cleartext_Tx_Sensitive_Info__w32_char_connect_socket_18.c
  CWE319_Cleartext_Tx_Sensitive_Info__w32_char_connect_socket_17.c
  CWE319_Cleartext_Tx_Sensitive_Info__w32_char_connect_socket_16.c
  CWE319_Cleartext_Tx_Sensitive_Info__w32_char_connect_socket_15.c
  CWE319_Cleartext_Tx_Sensitive_Info__w32_char_connect_socket_14.c
  CWE319_Cleartext_Tx_Sensitive_Info__w32_char_connect_socket_13.c
  CWE319_Cleartext_Tx_Sensitive_Info__w32_char_connect_socket_12.c
  CWE319_Cleartext_Tx_Sensitive_Info__w32_char_connect_socket_11.c
  CWE319_Cleartext_Tx_Sensitive_Info__w32_char_connect_socket_10.c
  CWE319_Cleartext_Tx_Sensitive_Info__w32_char_connect_socket_09.c
  CWE319_Cleartext_Tx_Sensitive_Info__w32_char_connect_socket_08.c
  CWE319_Cleartext_Tx_Sensitive_Info__w32_char_connect_socket_07.c
  CWE319_Cleartext_Tx_Sensitive_Info__w32_char_connect_socket_06.c
  CWE319_Cleartext_Tx_Sensitive_Info__w32_char_connect_socket_05.c
  CWE319_Cleartext_Tx_Sensitive_Info__w32_char_connect_socket_04.c
  CWE319_Cleartext_Tx_Sensitive_Info__w32_char_connect_socket_03.c
  CWE319_Cleartext_Tx_Sensitive_Info__w32_char_connect_socket_02.c
  CWE319_Cleartext_Tx_Sensitive_Info__w32_char_connect_socket_01.c
  코드를 생성하고 있습니다...
  컴파일하고 있습니다...
  io.c
  코드를 생성하고 있습니다...
Debug\CWE319_Cleartext_Tx_Sensitive_Info__w32_char_connect_socket_01.obj : warning LNK4042: 개체가 두 번 이상 지정되었습니다. 나머지는 무시됩니다.
  CWE319_Cleartext_Tx_Sensitive_Info.vcxproj -> C:\git\romeo\c\Debug\CWE319_Cleartext_Tx_Sensitive_Info.exe
