c:\git\romeo\c\cwe123_write_what_where_condition\debug\vc141.pdb
c:\git\romeo\c\cwe123_write_what_where_condition\debug\vc141.idb
c:\git\romeo\c\cwe123_write_what_where_condition\debug\cwe123_write_what_where_condition__connect_socket_62a.obj
c:\git\romeo\c\cwe123_write_what_where_condition\debug\cwe123_write_what_where_condition__connect_socket_62b.obj
c:\git\romeo\c\cwe123_write_what_where_condition\debug\cwe123_write_what_where_condition__connect_socket_72a.obj
c:\git\romeo\c\cwe123_write_what_where_condition\debug\cwe123_write_what_where_condition__connect_socket_72b.obj
c:\git\romeo\c\cwe123_write_what_where_condition\debug\cwe123_write_what_where_condition__connect_socket_73a.obj
c:\git\romeo\c\cwe123_write_what_where_condition\debug\cwe123_write_what_where_condition__connect_socket_73b.obj
c:\git\romeo\c\cwe123_write_what_where_condition\debug\cwe123_write_what_where_condition__connect_socket_74a.obj
c:\git\romeo\c\cwe123_write_what_where_condition\debug\cwe123_write_what_where_condition__connect_socket_74b.obj
c:\git\romeo\c\cwe123_write_what_where_condition\debug\cwe123_write_what_where_condition__connect_socket_81a.obj
c:\git\romeo\c\cwe123_write_what_where_condition\debug\cwe123_write_what_where_condition__connect_socket_81_bad.obj
c:\git\romeo\c\cwe123_write_what_where_condition\debug\cwe123_write_what_where_condition__connect_socket_81_goodg2b.obj
c:\git\romeo\c\cwe123_write_what_where_condition\debug\cwe123_write_what_where_condition__connect_socket_82a.obj
c:\git\romeo\c\cwe123_write_what_where_condition\debug\cwe123_write_what_where_condition__connect_socket_82_bad.obj
c:\git\romeo\c\cwe123_write_what_where_condition\debug\cwe123_write_what_where_condition__connect_socket_82_goodg2b.obj
c:\git\romeo\c\cwe123_write_what_where_condition\debug\cwe123_write_what_where_condition__connect_socket_83a.obj
c:\git\romeo\c\cwe123_write_what_where_condition\debug\cwe123_write_what_where_condition__connect_socket_83_bad.obj
c:\git\romeo\c\cwe123_write_what_where_condition\debug\cwe123_write_what_where_condition__connect_socket_83_goodg2b.obj
c:\git\romeo\c\cwe123_write_what_where_condition\debug\cwe123_write_what_where_condition__connect_socket_84a.obj
c:\git\romeo\c\cwe123_write_what_where_condition\debug\cwe123_write_what_where_condition__connect_socket_84_bad.obj
c:\git\romeo\c\cwe123_write_what_where_condition\debug\cwe123_write_what_where_condition__connect_socket_84_goodg2b.obj
c:\git\romeo\c\cwe123_write_what_where_condition\debug\fake_main.obj
c:\git\romeo\c\cwe123_write_what_where_condition\debug\cwe123_write_what_where_condition__connect_socket_33.obj
c:\git\romeo\c\cwe123_write_what_where_condition\debug\cwe123_write_what_where_condition__connect_socket_43.obj
c:\git\romeo\c\cwe123_write_what_where_condition\debug\cwe123_write_what_where_condition.pdb
c:\git\romeo\c\cwe123_write_what_where_condition\debug\cwe123_write_what_where_condition.idb
c:\git\romeo\c\cwe123_write_what_where_condition\debug\cwe123_write_what_where_condition__connect_socket_54c.obj
c:\git\romeo\c\cwe123_write_what_where_condition\debug\cwe123_write_what_where_condition__connect_socket_54d.obj
c:\git\romeo\c\cwe123_write_what_where_condition\debug\cwe123_write_what_where_condition__connect_socket_54e.obj
c:\git\romeo\c\cwe123_write_what_where_condition\debug\cwe123_write_what_where_condition__connect_socket_61a.obj
c:\git\romeo\c\cwe123_write_what_where_condition\debug\cwe123_write_what_where_condition__connect_socket_61b.obj
c:\git\romeo\c\cwe123_write_what_where_condition\debug\cwe123_write_what_where_condition__connect_socket_63a.obj
c:\git\romeo\c\cwe123_write_what_where_condition\debug\cwe123_write_what_where_condition__connect_socket_63b.obj
c:\git\romeo\c\cwe123_write_what_where_condition\debug\cwe123_write_what_where_condition__connect_socket_64a.obj
c:\git\romeo\c\cwe123_write_what_where_condition\debug\cwe123_write_what_where_condition__connect_socket_64b.obj
c:\git\romeo\c\cwe123_write_what_where_condition\debug\cwe123_write_what_where_condition__connect_socket_65a.obj
c:\git\romeo\c\cwe123_write_what_where_condition\debug\cwe123_write_what_where_condition__connect_socket_65b.obj
c:\git\romeo\c\cwe123_write_what_where_condition\debug\cwe123_write_what_where_condition__connect_socket_66a.obj
c:\git\romeo\c\cwe123_write_what_where_condition\debug\cwe123_write_what_where_condition__connect_socket_66b.obj
c:\git\romeo\c\cwe123_write_what_where_condition\debug\cwe123_write_what_where_condition__connect_socket_67a.obj
c:\git\romeo\c\cwe123_write_what_where_condition\debug\cwe123_write_what_where_condition__connect_socket_67b.obj
c:\git\romeo\c\cwe123_write_what_where_condition\debug\cwe123_write_what_where_condition__connect_socket_68a.obj
c:\git\romeo\c\cwe123_write_what_where_condition\debug\cwe123_write_what_where_condition__connect_socket_68b.obj
c:\git\romeo\c\cwe123_write_what_where_condition\debug\cwe123_write_what_where_condition__connect_socket_01.obj
c:\git\romeo\c\cwe123_write_what_where_condition\debug\cwe123_write_what_where_condition__fgets_01.obj
c:\git\romeo\c\cwe123_write_what_where_condition\debug\cwe123_write_what_where_condition__listen_socket_01.obj
c:\git\romeo\c\cwe123_write_what_where_condition\debug\cwe123_write_what_where_condition__connect_socket_22a.obj
c:\git\romeo\c\cwe123_write_what_where_condition\debug\cwe123_write_what_where_condition__connect_socket_22b.obj
c:\git\romeo\c\cwe123_write_what_where_condition\debug\cwe123_write_what_where_condition__connect_socket_31.obj
c:\git\romeo\c\cwe123_write_what_where_condition\debug\cwe123_write_what_where_condition__connect_socket_32.obj
c:\git\romeo\c\cwe123_write_what_where_condition\debug\cwe123_write_what_where_condition__connect_socket_34.obj
c:\git\romeo\c\cwe123_write_what_where_condition\debug\cwe123_write_what_where_condition__connect_socket_41.obj
c:\git\romeo\c\cwe123_write_what_where_condition\debug\cwe123_write_what_where_condition__connect_socket_42.obj
c:\git\romeo\c\cwe123_write_what_where_condition\debug\cwe123_write_what_where_condition__connect_socket_44.obj
c:\git\romeo\c\cwe123_write_what_where_condition\debug\cwe123_write_what_where_condition__connect_socket_45.obj
c:\git\romeo\c\cwe123_write_what_where_condition\debug\cwe123_write_what_where_condition__connect_socket_51a.obj
c:\git\romeo\c\cwe123_write_what_where_condition\debug\cwe123_write_what_where_condition__connect_socket_51b.obj
c:\git\romeo\c\cwe123_write_what_where_condition\debug\cwe123_write_what_where_condition__connect_socket_52a.obj
c:\git\romeo\c\cwe123_write_what_where_condition\debug\cwe123_write_what_where_condition__connect_socket_52b.obj
c:\git\romeo\c\cwe123_write_what_where_condition\debug\cwe123_write_what_where_condition__connect_socket_52c.obj
c:\git\romeo\c\cwe123_write_what_where_condition\debug\cwe123_write_what_where_condition__connect_socket_53a.obj
c:\git\romeo\c\cwe123_write_what_where_condition\debug\cwe123_write_what_where_condition__connect_socket_53b.obj
c:\git\romeo\c\cwe123_write_what_where_condition\debug\cwe123_write_what_where_condition__connect_socket_53c.obj
c:\git\romeo\c\cwe123_write_what_where_condition\debug\cwe123_write_what_where_condition__connect_socket_53d.obj
c:\git\romeo\c\cwe123_write_what_where_condition\debug\cwe123_write_what_where_condition__connect_socket_54a.obj
c:\git\romeo\c\cwe123_write_what_where_condition\debug\cwe123_write_what_where_condition__connect_socket_54b.obj
c:\git\romeo\c\cwe123_write_what_where_condition\debug\io.obj
c:\git\romeo\c\cwe123_write_what_where_condition\debug\cwe123_write_what_where_condition__connect_socket_02.obj
c:\git\romeo\c\cwe123_write_what_where_condition\debug\cwe123_write_what_where_condition__connect_socket_03.obj
c:\git\romeo\c\cwe123_write_what_where_condition\debug\cwe123_write_what_where_condition__connect_socket_04.obj
c:\git\romeo\c\cwe123_write_what_where_condition\debug\cwe123_write_what_where_condition__connect_socket_05.obj
c:\git\romeo\c\cwe123_write_what_where_condition\debug\cwe123_write_what_where_condition__connect_socket_06.obj
c:\git\romeo\c\cwe123_write_what_where_condition\debug\cwe123_write_what_where_condition__connect_socket_07.obj
c:\git\romeo\c\cwe123_write_what_where_condition\debug\cwe123_write_what_where_condition__connect_socket_08.obj
c:\git\romeo\c\cwe123_write_what_where_condition\debug\cwe123_write_what_where_condition__connect_socket_09.obj
c:\git\romeo\c\cwe123_write_what_where_condition\debug\cwe123_write_what_where_condition__connect_socket_10.obj
c:\git\romeo\c\cwe123_write_what_where_condition\debug\cwe123_write_what_where_condition__connect_socket_11.obj
c:\git\romeo\c\cwe123_write_what_where_condition\debug\cwe123_write_what_where_condition__connect_socket_12.obj
c:\git\romeo\c\cwe123_write_what_where_condition\debug\cwe123_write_what_where_condition__connect_socket_13.obj
c:\git\romeo\c\cwe123_write_what_where_condition\debug\cwe123_write_what_where_condition__connect_socket_14.obj
c:\git\romeo\c\cwe123_write_what_where_condition\debug\cwe123_write_what_where_condition__connect_socket_15.obj
c:\git\romeo\c\cwe123_write_what_where_condition\debug\cwe123_write_what_where_condition__connect_socket_16.obj
c:\git\romeo\c\cwe123_write_what_where_condition\debug\cwe123_write_what_where_condition__connect_socket_17.obj
c:\git\romeo\c\cwe123_write_what_where_condition\debug\cwe123_write_what_where_condition__connect_socket_18.obj
c:\git\romeo\c\cwe123_write_what_where_condition\debug\cwe123_write_what_where_condition__connect_socket_21.obj
c:\git\romeo\c\debug\cwe123_write_what_where_condition.lib
c:\git\romeo\c\debug\cwe123_write_what_where_condition.ilk
c:\git\romeo\c\debug\cwe123_write_what_where_condition.exe
c:\git\romeo\c\debug\cwe123_write_what_where_condition.pdb
c:\git\romeo\c\cwe123_write_what_where_condition\debug\cwe123_w.b5dc35af.tlog\cl.command.1.tlog
c:\git\romeo\c\cwe123_write_what_where_condition\debug\cwe123_w.b5dc35af.tlog\cl.read.1.tlog
c:\git\romeo\c\cwe123_write_what_where_condition\debug\cwe123_w.b5dc35af.tlog\cl.write.1.tlog
c:\git\romeo\c\cwe123_write_what_where_condition\debug\cwe123_w.b5dc35af.tlog\lib-link.read.1.tlog
c:\git\romeo\c\cwe123_write_what_where_condition\debug\cwe123_w.b5dc35af.tlog\lib-link.write.1.tlog
c:\git\romeo\c\cwe123_write_what_where_condition\debug\cwe123_w.b5dc35af.tlog\lib.command.1.tlog
c:\git\romeo\c\cwe123_write_what_where_condition\debug\cwe123_w.b5dc35af.tlog\link.command.1.tlog
c:\git\romeo\c\cwe123_write_what_where_condition\debug\cwe123_w.b5dc35af.tlog\link.read.1.tlog
c:\git\romeo\c\cwe123_write_what_where_condition\debug\cwe123_w.b5dc35af.tlog\link.write.1.tlog
