C:\Program Files (x86)\Microsoft Visual Studio\2017\Community\Common7\IDE\VC\VCTargets\Microsoft.CppBuild.targets(937,5): warning MSB8027: 이름이 CWE190_Integer_Overflow__char_max_add_01.c인 둘 이상의 파일이 같은 위치에 출력을 생성합니다. 이로 인해 잘못된 빌드 결과가 나타날 수 있습니다.  관련된 파일은 m00\CWE190_Integer_Overflow__char_max_add_01.c, m01\CWE190_Integer_Overflow__char_max_add_01.c입니다.
  CWE190_Integer_Overflow__char_max_add_84_goodG2B.cpp
  CWE190_Integer_Overflow__char_max_add_84_goodB2G.cpp
  CWE190_Integer_Overflow__char_max_add_84_bad.cpp
  CWE190_Integer_Overflow__char_max_add_84a.cpp
  CWE190_Integer_Overflow__char_max_add_83_goodG2B.cpp
  CWE190_Integer_Overflow__char_max_add_83_goodB2G.cpp
  CWE190_Integer_Overflow__char_max_add_83_bad.cpp
  CWE190_Integer_Overflow__char_max_add_83a.cpp
  CWE190_Integer_Overflow__char_max_add_82_goodG2B.cpp
  CWE190_Integer_Overflow__char_max_add_82_goodB2G.cpp
  CWE190_Integer_Overflow__char_max_add_82_bad.cpp
  CWE190_Integer_Overflow__char_max_add_82a.cpp
  CWE190_Integer_Overflow__char_max_add_81_goodG2B.cpp
  CWE190_Integer_Overflow__char_max_add_81_goodB2G.cpp
  CWE190_Integer_Overflow__char_max_add_81_bad.cpp
  CWE190_Integer_Overflow__char_max_add_81a.cpp
  CWE190_Integer_Overflow__char_max_add_74b.cpp
  CWE190_Integer_Overflow__char_max_add_74a.cpp
  CWE190_Integer_Overflow__char_max_add_73b.cpp
  CWE190_Integer_Overflow__char_max_add_73a.cpp
  코드를 생성하고 있습니다...
  컴파일하고 있습니다...
  CWE190_Integer_Overflow__char_max_add_72b.cpp
  CWE190_Integer_Overflow__char_max_add_72a.cpp
  CWE190_Integer_Overflow__char_max_add_62b.cpp
  CWE190_Integer_Overflow__char_max_add_62a.cpp
  CWE190_Integer_Overflow__char_max_add_43.cpp
  CWE190_Integer_Overflow__char_max_add_33.cpp
  fake_main.cpp
  코드를 생성하고 있습니다...
  CWE190_Integer_Overflow__unsigned_int_rand_square_01.c
  CWE190_Integer_Overflow__unsigned_int_rand_multiply_01.c
  CWE190_Integer_Overflow__unsigned_int_rand_add_01.c
  CWE190_Integer_Overflow__unsigned_int_max_square_01.c
  CWE190_Integer_Overflow__unsigned_int_max_multiply_01.c
  CWE190_Integer_Overflow__unsigned_int_max_add_01.c
  CWE190_Integer_Overflow__unsigned_int_fscanf_square_01.c
  CWE190_Integer_Overflow__unsigned_int_fscanf_multiply_01.c
  CWE190_Integer_Overflow__unsigned_int_fscanf_add_01.c
  CWE190_Integer_Overflow__short_rand_square_01.c
  CWE190_Integer_Overflow__short_rand_multiply_01.c
  CWE190_Integer_Overflow__short_rand_add_01.c
  CWE190_Integer_Overflow__short_max_square_01.c
  CWE190_Integer_Overflow__short_max_multiply_01.c
  CWE190_Integer_Overflow__short_max_add_01.c
  CWE190_Integer_Overflow__short_fscanf_square_01.c
  CWE190_Integer_Overflow__short_fscanf_multiply_01.c
  CWE190_Integer_Overflow__short_fscanf_add_01.c
  CWE190_Integer_Overflow__int_rand_square_01.c
  CWE190_Integer_Overflow__int_rand_multiply_01.c
  코드를 생성하고 있습니다...
  컴파일하고 있습니다...
  CWE190_Integer_Overflow__int_rand_add_01.c
  CWE190_Integer_Overflow__int_max_square_01.c
  CWE190_Integer_Overflow__int_max_multiply_01.c
  CWE190_Integer_Overflow__int_max_add_01.c
  CWE190_Integer_Overflow__int_listen_socket_square_01.c
  CWE190_Integer_Overflow__int_listen_socket_multiply_01.c
  CWE190_Integer_Overflow__int_listen_socket_add_01.c
  CWE190_Integer_Overflow__int_fscanf_square_01.c
  CWE190_Integer_Overflow__int_fscanf_multiply_01.c
  CWE190_Integer_Overflow__int_fscanf_add_01.c
  CWE190_Integer_Overflow__int_fgets_square_01.c
  CWE190_Integer_Overflow__int_fgets_multiply_01.c
  CWE190_Integer_Overflow__int_fgets_add_01.c
  CWE190_Integer_Overflow__int_connect_socket_square_01.c
  CWE190_Integer_Overflow__int_connect_socket_multiply_01.c
  CWE190_Integer_Overflow__int_connect_socket_add_01.c
  CWE190_Integer_Overflow__int64_t_rand_square_01.c
  CWE190_Integer_Overflow__int64_t_rand_multiply_01.c
  CWE190_Integer_Overflow__int64_t_rand_add_01.c
  CWE190_Integer_Overflow__int64_t_max_square_01.c
  코드를 생성하고 있습니다...
  컴파일하고 있습니다...
  CWE190_Integer_Overflow__int64_t_max_multiply_01.c
  CWE190_Integer_Overflow__int64_t_max_add_01.c
  CWE190_Integer_Overflow__int64_t_fscanf_square_01.c
  CWE190_Integer_Overflow__int64_t_fscanf_multiply_01.c
  CWE190_Integer_Overflow__int64_t_fscanf_add_01.c
  CWE190_Integer_Overflow__char_rand_square_01.c
  CWE190_Integer_Overflow__char_rand_multiply_01.c
  CWE190_Integer_Overflow__char_rand_add_01.c
  CWE190_Integer_Overflow__char_max_square_01.c
  CWE190_Integer_Overflow__char_max_multiply_01.c
  CWE190_Integer_Overflow__char_max_add_01.c
  CWE190_Integer_Overflow__char_fscanf_square_01.c
  CWE190_Integer_Overflow__char_fscanf_multiply_01.c
  CWE190_Integer_Overflow__char_fscanf_add_01.c
  CWE190_Integer_Overflow__char_max_add_68b.c
  CWE190_Integer_Overflow__char_max_add_68a.c
  CWE190_Integer_Overflow__char_max_add_67b.c
  CWE190_Integer_Overflow__char_max_add_67a.c
  CWE190_Integer_Overflow__char_max_add_66b.c
  CWE190_Integer_Overflow__char_max_add_66a.c
  코드를 생성하고 있습니다...
  컴파일하고 있습니다...
  CWE190_Integer_Overflow__char_max_add_65b.c
  CWE190_Integer_Overflow__char_max_add_65a.c
  CWE190_Integer_Overflow__char_max_add_64b.c
  CWE190_Integer_Overflow__char_max_add_64a.c
  CWE190_Integer_Overflow__char_max_add_63b.c
  CWE190_Integer_Overflow__char_max_add_63a.c
  CWE190_Integer_Overflow__char_max_add_61b.c
  CWE190_Integer_Overflow__char_max_add_61a.c
  CWE190_Integer_Overflow__char_max_add_54e.c
  CWE190_Integer_Overflow__char_max_add_54d.c
  CWE190_Integer_Overflow__char_max_add_54c.c
  CWE190_Integer_Overflow__char_max_add_54b.c
  CWE190_Integer_Overflow__char_max_add_54a.c
  CWE190_Integer_Overflow__char_max_add_53d.c
  CWE190_Integer_Overflow__char_max_add_53c.c
  CWE190_Integer_Overflow__char_max_add_53b.c
  CWE190_Integer_Overflow__char_max_add_53a.c
  CWE190_Integer_Overflow__char_max_add_52c.c
  CWE190_Integer_Overflow__char_max_add_52b.c
  CWE190_Integer_Overflow__char_max_add_52a.c
  코드를 생성하고 있습니다...
  컴파일하고 있습니다...
  CWE190_Integer_Overflow__char_max_add_51b.c
  CWE190_Integer_Overflow__char_max_add_51a.c
  CWE190_Integer_Overflow__char_max_add_45.c
  CWE190_Integer_Overflow__char_max_add_44.c
  CWE190_Integer_Overflow__char_max_add_42.c
  CWE190_Integer_Overflow__char_max_add_41.c
  CWE190_Integer_Overflow__char_max_add_34.c
  CWE190_Integer_Overflow__char_max_add_32.c
  CWE190_Integer_Overflow__char_max_add_31.c
  CWE190_Integer_Overflow__char_max_add_22b.c
  CWE190_Integer_Overflow__char_max_add_22a.c
  CWE190_Integer_Overflow__char_max_add_21.c
  CWE190_Integer_Overflow__char_max_add_18.c
  CWE190_Integer_Overflow__char_max_add_17.c
  CWE190_Integer_Overflow__char_max_add_16.c
  CWE190_Integer_Overflow__char_max_add_15.c
  CWE190_Integer_Overflow__char_max_add_14.c
  CWE190_Integer_Overflow__char_max_add_13.c
  CWE190_Integer_Overflow__char_max_add_12.c
  CWE190_Integer_Overflow__char_max_add_11.c
  코드를 생성하고 있습니다...
  컴파일하고 있습니다...
  CWE190_Integer_Overflow__char_max_add_10.c
  CWE190_Integer_Overflow__char_max_add_09.c
  CWE190_Integer_Overflow__char_max_add_08.c
  CWE190_Integer_Overflow__char_max_add_07.c
  CWE190_Integer_Overflow__char_max_add_06.c
  CWE190_Integer_Overflow__char_max_add_05.c
  CWE190_Integer_Overflow__char_max_add_04.c
  CWE190_Integer_Overflow__char_max_add_03.c
  CWE190_Integer_Overflow__char_max_add_02.c
  CWE190_Integer_Overflow__char_max_add_01.c
  io.c
  코드를 생성하고 있습니다...
Debug\CWE190_Integer_Overflow__char_max_add_01.obj : warning LNK4042: 개체가 두 번 이상 지정되었습니다. 나머지는 무시됩니다.
  CWE190_Integer_Overflow.vcxproj -> C:\git\romeo\c\Debug\CWE190_Integer_Overflow.exe
