c:\git\romeo\c\cwe190_integer_overflow\debug\vc141.pdb
c:\git\romeo\c\cwe190_integer_overflow\debug\vc141.idb
c:\git\romeo\c\cwe190_integer_overflow\debug\cwe190_integer_overflow__char_max_add_73a.obj
c:\git\romeo\c\cwe190_integer_overflow\debug\cwe190_integer_overflow__char_max_add_73b.obj
c:\git\romeo\c\cwe190_integer_overflow\debug\cwe190_integer_overflow__char_max_add_74a.obj
c:\git\romeo\c\cwe190_integer_overflow\debug\cwe190_integer_overflow__char_max_add_74b.obj
c:\git\romeo\c\cwe190_integer_overflow\debug\cwe190_integer_overflow__char_max_add_81a.obj
c:\git\romeo\c\cwe190_integer_overflow\debug\cwe190_integer_overflow__char_max_add_81_bad.obj
c:\git\romeo\c\cwe190_integer_overflow\debug\cwe190_integer_overflow__char_max_add_81_goodb2g.obj
c:\git\romeo\c\cwe190_integer_overflow\debug\cwe190_integer_overflow__char_max_add_81_goodg2b.obj
c:\git\romeo\c\cwe190_integer_overflow\debug\cwe190_integer_overflow__char_max_add_82a.obj
c:\git\romeo\c\cwe190_integer_overflow\debug\cwe190_integer_overflow__char_max_add_82_bad.obj
c:\git\romeo\c\cwe190_integer_overflow\debug\cwe190_integer_overflow__char_max_add_82_goodb2g.obj
c:\git\romeo\c\cwe190_integer_overflow\debug\cwe190_integer_overflow__char_max_add_82_goodg2b.obj
c:\git\romeo\c\cwe190_integer_overflow\debug\cwe190_integer_overflow__char_max_add_83a.obj
c:\git\romeo\c\cwe190_integer_overflow\debug\cwe190_integer_overflow__char_max_add_83_bad.obj
c:\git\romeo\c\cwe190_integer_overflow\debug\cwe190_integer_overflow__char_max_add_83_goodb2g.obj
c:\git\romeo\c\cwe190_integer_overflow\debug\cwe190_integer_overflow__char_max_add_83_goodg2b.obj
c:\git\romeo\c\cwe190_integer_overflow\debug\cwe190_integer_overflow__char_max_add_84a.obj
c:\git\romeo\c\cwe190_integer_overflow\debug\cwe190_integer_overflow__char_max_add_84_bad.obj
c:\git\romeo\c\cwe190_integer_overflow\debug\cwe190_integer_overflow__char_max_add_84_goodb2g.obj
c:\git\romeo\c\cwe190_integer_overflow\debug\cwe190_integer_overflow__char_max_add_84_goodg2b.obj
c:\git\romeo\c\cwe190_integer_overflow\debug\fake_main.obj
c:\git\romeo\c\cwe190_integer_overflow\debug\cwe190_integer_overflow__char_max_add_33.obj
c:\git\romeo\c\cwe190_integer_overflow\debug\cwe190_integer_overflow__char_max_add_43.obj
c:\git\romeo\c\cwe190_integer_overflow\debug\cwe190_integer_overflow__char_max_add_62a.obj
c:\git\romeo\c\cwe190_integer_overflow\debug\cwe190_integer_overflow__char_max_add_62b.obj
c:\git\romeo\c\cwe190_integer_overflow\debug\cwe190_integer_overflow__char_max_add_72a.obj
c:\git\romeo\c\cwe190_integer_overflow\debug\cwe190_integer_overflow__char_max_add_72b.obj
c:\git\romeo\c\cwe190_integer_overflow\debug\cwe190_integer_overflow__int_rand_multiply_01.obj
c:\git\romeo\c\cwe190_integer_overflow\debug\cwe190_integer_overflow__int_rand_square_01.obj
c:\git\romeo\c\cwe190_integer_overflow\debug\cwe190_integer_overflow__short_fscanf_add_01.obj
c:\git\romeo\c\cwe190_integer_overflow\debug\cwe190_integer_overflow__short_fscanf_multiply_01.obj
c:\git\romeo\c\cwe190_integer_overflow\debug\cwe190_integer_overflow__short_fscanf_square_01.obj
c:\git\romeo\c\cwe190_integer_overflow\debug\cwe190_integer_overflow__short_max_add_01.obj
c:\git\romeo\c\cwe190_integer_overflow\debug\cwe190_integer_overflow__short_max_multiply_01.obj
c:\git\romeo\c\cwe190_integer_overflow\debug\cwe190_integer_overflow__short_max_square_01.obj
c:\git\romeo\c\cwe190_integer_overflow\debug\cwe190_integer_overflow__short_rand_add_01.obj
c:\git\romeo\c\cwe190_integer_overflow\debug\cwe190_integer_overflow__short_rand_multiply_01.obj
c:\git\romeo\c\cwe190_integer_overflow\debug\cwe190_integer_overflow__short_rand_square_01.obj
c:\git\romeo\c\cwe190_integer_overflow\debug\cwe190_integer_overflow__unsigned_int_fscanf_add_01.obj
c:\git\romeo\c\cwe190_integer_overflow\debug\cwe190_integer_overflow__unsigned_int_fscanf_multiply_01.obj
c:\git\romeo\c\cwe190_integer_overflow\debug\cwe190_integer_overflow__unsigned_int_fscanf_square_01.obj
c:\git\romeo\c\cwe190_integer_overflow\debug\cwe190_integer_overflow__unsigned_int_max_add_01.obj
c:\git\romeo\c\cwe190_integer_overflow\debug\cwe190_integer_overflow__unsigned_int_max_multiply_01.obj
c:\git\romeo\c\cwe190_integer_overflow\debug\cwe190_integer_overflow__unsigned_int_max_square_01.obj
c:\git\romeo\c\cwe190_integer_overflow\debug\cwe190_integer_overflow__unsigned_int_rand_add_01.obj
c:\git\romeo\c\cwe190_integer_overflow\debug\cwe190_integer_overflow__unsigned_int_rand_multiply_01.obj
c:\git\romeo\c\cwe190_integer_overflow\debug\cwe190_integer_overflow__unsigned_int_rand_square_01.obj
c:\git\romeo\c\cwe190_integer_overflow\debug\cwe190_integer_overflow__int64_t_max_square_01.obj
c:\git\romeo\c\cwe190_integer_overflow\debug\cwe190_integer_overflow__int64_t_rand_add_01.obj
c:\git\romeo\c\cwe190_integer_overflow\debug\cwe190_integer_overflow__int64_t_rand_multiply_01.obj
c:\git\romeo\c\cwe190_integer_overflow\debug\cwe190_integer_overflow__int64_t_rand_square_01.obj
c:\git\romeo\c\cwe190_integer_overflow\debug\cwe190_integer_overflow__int_connect_socket_add_01.obj
c:\git\romeo\c\cwe190_integer_overflow\debug\cwe190_integer_overflow__int_connect_socket_multiply_01.obj
c:\git\romeo\c\cwe190_integer_overflow\debug\cwe190_integer_overflow__int_connect_socket_square_01.obj
c:\git\romeo\c\cwe190_integer_overflow\debug\cwe190_integer_overflow__int_fgets_add_01.obj
c:\git\romeo\c\cwe190_integer_overflow\debug\cwe190_integer_overflow__int_fgets_multiply_01.obj
c:\git\romeo\c\cwe190_integer_overflow\debug\cwe190_integer_overflow__int_fgets_square_01.obj
c:\git\romeo\c\cwe190_integer_overflow\debug\cwe190_integer_overflow__int_fscanf_add_01.obj
c:\git\romeo\c\cwe190_integer_overflow\debug\cwe190_integer_overflow__int_fscanf_multiply_01.obj
c:\git\romeo\c\cwe190_integer_overflow\debug\cwe190_integer_overflow__int_fscanf_square_01.obj
c:\git\romeo\c\cwe190_integer_overflow\debug\cwe190_integer_overflow__int_listen_socket_add_01.obj
c:\git\romeo\c\cwe190_integer_overflow\debug\cwe190_integer_overflow__int_listen_socket_multiply_01.obj
c:\git\romeo\c\cwe190_integer_overflow\debug\cwe190_integer_overflow__int_listen_socket_square_01.obj
c:\git\romeo\c\cwe190_integer_overflow\debug\cwe190_integer_overflow__int_max_add_01.obj
c:\git\romeo\c\cwe190_integer_overflow\debug\cwe190_integer_overflow__int_max_multiply_01.obj
c:\git\romeo\c\cwe190_integer_overflow\debug\cwe190_integer_overflow__int_max_square_01.obj
c:\git\romeo\c\cwe190_integer_overflow\debug\cwe190_integer_overflow__int_rand_add_01.obj
c:\git\romeo\c\cwe190_integer_overflow\debug\cwe190_integer_overflow__char_max_add_66a.obj
c:\git\romeo\c\cwe190_integer_overflow\debug\cwe190_integer_overflow__char_max_add_66b.obj
c:\git\romeo\c\cwe190_integer_overflow\debug\cwe190_integer_overflow__char_max_add_67a.obj
c:\git\romeo\c\cwe190_integer_overflow\debug\cwe190_integer_overflow__char_max_add_67b.obj
c:\git\romeo\c\cwe190_integer_overflow\debug\cwe190_integer_overflow__char_max_add_68a.obj
c:\git\romeo\c\cwe190_integer_overflow\debug\cwe190_integer_overflow__char_max_add_68b.obj
c:\git\romeo\c\cwe190_integer_overflow\debug\cwe190_integer_overflow__char_fscanf_add_01.obj
c:\git\romeo\c\cwe190_integer_overflow\debug\cwe190_integer_overflow__char_fscanf_multiply_01.obj
c:\git\romeo\c\cwe190_integer_overflow\debug\cwe190_integer_overflow__char_fscanf_square_01.obj
c:\git\romeo\c\cwe190_integer_overflow\debug\cwe190_integer_overflow__char_max_add_01.obj
c:\git\romeo\c\cwe190_integer_overflow\debug\cwe190_integer_overflow__char_max_multiply_01.obj
c:\git\romeo\c\cwe190_integer_overflow\debug\cwe190_integer_overflow__char_max_square_01.obj
c:\git\romeo\c\cwe190_integer_overflow\debug\cwe190_integer_overflow__char_rand_add_01.obj
c:\git\romeo\c\cwe190_integer_overflow\debug\cwe190_integer_overflow__char_rand_multiply_01.obj
c:\git\romeo\c\cwe190_integer_overflow\debug\cwe190_integer_overflow__char_rand_square_01.obj
c:\git\romeo\c\cwe190_integer_overflow\debug\cwe190_integer_overflow__int64_t_fscanf_add_01.obj
c:\git\romeo\c\cwe190_integer_overflow\debug\cwe190_integer_overflow__int64_t_fscanf_multiply_01.obj
c:\git\romeo\c\cwe190_integer_overflow\debug\cwe190_integer_overflow__int64_t_fscanf_square_01.obj
c:\git\romeo\c\cwe190_integer_overflow\debug\cwe190_integer_overflow__int64_t_max_add_01.obj
c:\git\romeo\c\cwe190_integer_overflow\debug\cwe190_integer_overflow__int64_t_max_multiply_01.obj
c:\git\romeo\c\cwe190_integer_overflow\debug\cwe190_integer_overflow__char_max_add_52a.obj
c:\git\romeo\c\cwe190_integer_overflow\debug\cwe190_integer_overflow__char_max_add_52b.obj
c:\git\romeo\c\cwe190_integer_overflow\debug\cwe190_integer_overflow__char_max_add_52c.obj
c:\git\romeo\c\cwe190_integer_overflow\debug\cwe190_integer_overflow__char_max_add_53a.obj
c:\git\romeo\c\cwe190_integer_overflow\debug\cwe190_integer_overflow__char_max_add_53b.obj
c:\git\romeo\c\cwe190_integer_overflow\debug\cwe190_integer_overflow__char_max_add_53c.obj
c:\git\romeo\c\cwe190_integer_overflow\debug\cwe190_integer_overflow__char_max_add_53d.obj
c:\git\romeo\c\cwe190_integer_overflow\debug\cwe190_integer_overflow__char_max_add_54a.obj
c:\git\romeo\c\cwe190_integer_overflow\debug\cwe190_integer_overflow__char_max_add_54b.obj
c:\git\romeo\c\cwe190_integer_overflow\debug\cwe190_integer_overflow__char_max_add_54c.obj
c:\git\romeo\c\cwe190_integer_overflow\debug\cwe190_integer_overflow__char_max_add_54d.obj
c:\git\romeo\c\cwe190_integer_overflow\debug\cwe190_integer_overflow__char_max_add_54e.obj
c:\git\romeo\c\cwe190_integer_overflow\debug\cwe190_integer_overflow__char_max_add_61a.obj
c:\git\romeo\c\cwe190_integer_overflow\debug\cwe190_integer_overflow__char_max_add_61b.obj
c:\git\romeo\c\cwe190_integer_overflow\debug\cwe190_integer_overflow__char_max_add_63a.obj
c:\git\romeo\c\cwe190_integer_overflow\debug\cwe190_integer_overflow__char_max_add_63b.obj
c:\git\romeo\c\cwe190_integer_overflow\debug\cwe190_integer_overflow__char_max_add_64a.obj
c:\git\romeo\c\cwe190_integer_overflow\debug\cwe190_integer_overflow__char_max_add_64b.obj
c:\git\romeo\c\cwe190_integer_overflow\debug\cwe190_integer_overflow__char_max_add_65a.obj
c:\git\romeo\c\cwe190_integer_overflow\debug\cwe190_integer_overflow__char_max_add_65b.obj
c:\git\romeo\c\cwe190_integer_overflow\debug\cwe190_integer_overflow__char_max_add_11.obj
c:\git\romeo\c\cwe190_integer_overflow\debug\cwe190_integer_overflow__char_max_add_12.obj
c:\git\romeo\c\cwe190_integer_overflow\debug\cwe190_integer_overflow__char_max_add_13.obj
c:\git\romeo\c\cwe190_integer_overflow\debug\cwe190_integer_overflow__char_max_add_14.obj
c:\git\romeo\c\cwe190_integer_overflow\debug\cwe190_integer_overflow__char_max_add_15.obj
c:\git\romeo\c\cwe190_integer_overflow\debug\cwe190_integer_overflow__char_max_add_16.obj
c:\git\romeo\c\cwe190_integer_overflow\debug\cwe190_integer_overflow__char_max_add_17.obj
c:\git\romeo\c\cwe190_integer_overflow\debug\cwe190_integer_overflow__char_max_add_18.obj
c:\git\romeo\c\cwe190_integer_overflow\debug\cwe190_integer_overflow__char_max_add_21.obj
c:\git\romeo\c\cwe190_integer_overflow\debug\cwe190_integer_overflow__char_max_add_22a.obj
c:\git\romeo\c\cwe190_integer_overflow\debug\cwe190_integer_overflow__char_max_add_22b.obj
c:\git\romeo\c\cwe190_integer_overflow\debug\cwe190_integer_overflow__char_max_add_31.obj
c:\git\romeo\c\cwe190_integer_overflow\debug\cwe190_integer_overflow__char_max_add_32.obj
c:\git\romeo\c\cwe190_integer_overflow\debug\cwe190_integer_overflow__char_max_add_34.obj
c:\git\romeo\c\cwe190_integer_overflow\debug\cwe190_integer_overflow__char_max_add_41.obj
c:\git\romeo\c\cwe190_integer_overflow\debug\cwe190_integer_overflow__char_max_add_42.obj
c:\git\romeo\c\cwe190_integer_overflow\debug\cwe190_integer_overflow__char_max_add_44.obj
c:\git\romeo\c\cwe190_integer_overflow\debug\cwe190_integer_overflow__char_max_add_45.obj
c:\git\romeo\c\cwe190_integer_overflow\debug\cwe190_integer_overflow__char_max_add_51a.obj
c:\git\romeo\c\cwe190_integer_overflow\debug\cwe190_integer_overflow__char_max_add_51b.obj
c:\git\romeo\c\cwe190_integer_overflow\debug\io.obj
c:\git\romeo\c\cwe190_integer_overflow\debug\cwe190_integer_overflow__char_max_add_02.obj
c:\git\romeo\c\cwe190_integer_overflow\debug\cwe190_integer_overflow__char_max_add_03.obj
c:\git\romeo\c\cwe190_integer_overflow\debug\cwe190_integer_overflow__char_max_add_04.obj
c:\git\romeo\c\cwe190_integer_overflow\debug\cwe190_integer_overflow__char_max_add_05.obj
c:\git\romeo\c\cwe190_integer_overflow\debug\cwe190_integer_overflow__char_max_add_06.obj
c:\git\romeo\c\cwe190_integer_overflow\debug\cwe190_integer_overflow__char_max_add_07.obj
c:\git\romeo\c\cwe190_integer_overflow\debug\cwe190_integer_overflow__char_max_add_08.obj
c:\git\romeo\c\cwe190_integer_overflow\debug\cwe190_integer_overflow__char_max_add_09.obj
c:\git\romeo\c\cwe190_integer_overflow\debug\cwe190_integer_overflow__char_max_add_10.obj
c:\git\romeo\c\debug\cwe190_integer_overflow.ilk
c:\git\romeo\c\debug\cwe190_integer_overflow.exe
c:\git\romeo\c\debug\cwe190_integer_overflow.pdb
c:\git\romeo\c\cwe190_integer_overflow\debug\cwe190_i.f3f5f44b.tlog\cl.command.1.tlog
c:\git\romeo\c\cwe190_integer_overflow\debug\cwe190_i.f3f5f44b.tlog\cl.read.1.tlog
c:\git\romeo\c\cwe190_integer_overflow\debug\cwe190_i.f3f5f44b.tlog\cl.write.1.tlog
c:\git\romeo\c\cwe190_integer_overflow\debug\cwe190_i.f3f5f44b.tlog\link.command.1.tlog
c:\git\romeo\c\cwe190_integer_overflow\debug\cwe190_i.f3f5f44b.tlog\link.read.1.tlog
c:\git\romeo\c\cwe190_integer_overflow\debug\cwe190_i.f3f5f44b.tlog\link.write.1.tlog
