c:\users\robert\documents\visual studio 2015\projects\codemind_test\cwe121_stack_based_buffer_overflow\debug\vc140.pdb
c:\users\robert\documents\visual studio 2015\projects\codemind_test\cwe121_stack_based_buffer_overflow\debug\vc140.idb
c:\users\robert\documents\visual studio 2015\projects\codemind_test\cwe121_stack_based_buffer_overflow\debug\cwe121_stack_based_buffer_overflow__src_char_alloca_cat_63a.obj
c:\users\robert\documents\visual studio 2015\projects\codemind_test\cwe121_stack_based_buffer_overflow\debug\cwe121_stack_based_buffer_overflow__src_char_alloca_cat_63b.obj
c:\users\robert\documents\visual studio 2015\projects\codemind_test\cwe121_stack_based_buffer_overflow\debug\cwe121_stack_based_buffer_overflow__src_char_alloca_cat_64a.obj
c:\users\robert\documents\visual studio 2015\projects\codemind_test\cwe121_stack_based_buffer_overflow\debug\cwe121_stack_based_buffer_overflow__src_char_alloca_cat_64b.obj
c:\users\robert\documents\visual studio 2015\projects\codemind_test\cwe121_stack_based_buffer_overflow\debug\cwe121_stack_based_buffer_overflow__src_char_alloca_cat_65a.obj
c:\users\robert\documents\visual studio 2015\projects\codemind_test\cwe121_stack_based_buffer_overflow\debug\cwe121_stack_based_buffer_overflow__src_char_alloca_cat_65b.obj
c:\users\robert\documents\visual studio 2015\projects\codemind_test\cwe121_stack_based_buffer_overflow\debug\cwe121_stack_based_buffer_overflow__src_char_alloca_cat_66a.obj
c:\users\robert\documents\visual studio 2015\projects\codemind_test\cwe121_stack_based_buffer_overflow\debug\cwe121_stack_based_buffer_overflow__src_char_alloca_cat_66b.obj
c:\users\robert\documents\visual studio 2015\projects\codemind_test\cwe121_stack_based_buffer_overflow\debug\cwe121_stack_based_buffer_overflow__src_char_alloca_cat_67a.obj
c:\users\robert\documents\visual studio 2015\projects\codemind_test\cwe121_stack_based_buffer_overflow\debug\cwe121_stack_based_buffer_overflow__src_char_alloca_cat_67b.obj
c:\users\robert\documents\visual studio 2015\projects\codemind_test\cwe121_stack_based_buffer_overflow\debug\cwe121_stack_based_buffer_overflow__src_char_alloca_cat_68a.obj
c:\users\robert\documents\visual studio 2015\projects\codemind_test\cwe121_stack_based_buffer_overflow\debug\cwe121_stack_based_buffer_overflow__src_char_alloca_cat_68b.obj
c:\users\robert\documents\visual studio 2015\projects\codemind_test\cwe121_stack_based_buffer_overflow\debug\cwe121_stack_based_buffer_overflow__src_char_alloca_cat_01.obj
c:\users\robert\documents\visual studio 2015\projects\codemind_test\cwe121_stack_based_buffer_overflow\debug\cwe121_stack_based_buffer_overflow__src_char_alloca_cpy_01.obj
c:\users\robert\documents\visual studio 2015\projects\codemind_test\cwe121_stack_based_buffer_overflow\debug\cwe121_stack_based_buffer_overflow__src_char_declare_cat_01.obj
c:\users\robert\documents\visual studio 2015\projects\codemind_test\cwe121_stack_based_buffer_overflow\debug\cwe121_stack_based_buffer_overflow__src_char_declare_cpy_01.obj
c:\users\robert\documents\visual studio 2015\projects\codemind_test\cwe121_stack_based_buffer_overflow\debug\cwe121_stack_based_buffer_overflow__src_wchar_t_alloca_cat_01.obj
c:\users\robert\documents\visual studio 2015\projects\codemind_test\cwe121_stack_based_buffer_overflow\debug\cwe121_stack_based_buffer_overflow__src_wchar_t_alloca_cpy_01.obj
c:\users\robert\documents\visual studio 2015\projects\codemind_test\cwe121_stack_based_buffer_overflow\debug\cwe121_stack_based_buffer_overflow__src_wchar_t_declare_cat_01.obj
c:\users\robert\documents\visual studio 2015\projects\codemind_test\cwe121_stack_based_buffer_overflow\debug\cwe121_stack_based_buffer_overflow__src_wchar_t_declare_cpy_01.obj
c:\users\robert\documents\visual studio 2015\projects\codemind_test\cwe121_stack_based_buffer_overflow\debug\cwe121_stack_based_buffer_overflow__src_char_alloca_cat_41.obj
c:\users\robert\documents\visual studio 2015\projects\codemind_test\cwe121_stack_based_buffer_overflow\debug\cwe121_stack_based_buffer_overflow__src_char_alloca_cat_42.obj
c:\users\robert\documents\visual studio 2015\projects\codemind_test\cwe121_stack_based_buffer_overflow\debug\cwe121_stack_based_buffer_overflow__src_char_alloca_cat_44.obj
c:\users\robert\documents\visual studio 2015\projects\codemind_test\cwe121_stack_based_buffer_overflow\debug\cwe121_stack_based_buffer_overflow__src_char_alloca_cat_45.obj
c:\users\robert\documents\visual studio 2015\projects\codemind_test\cwe121_stack_based_buffer_overflow\debug\cwe121_stack_based_buffer_overflow__src_char_alloca_cat_51a.obj
c:\users\robert\documents\visual studio 2015\projects\codemind_test\cwe121_stack_based_buffer_overflow\debug\cwe121_stack_based_buffer_overflow__src_char_alloca_cat_51b.obj
c:\users\robert\documents\visual studio 2015\projects\codemind_test\cwe121_stack_based_buffer_overflow\debug\cwe121_stack_based_buffer_overflow__src_char_alloca_cat_52a.obj
c:\users\robert\documents\visual studio 2015\projects\codemind_test\cwe121_stack_based_buffer_overflow\debug\cwe121_stack_based_buffer_overflow__src_char_alloca_cat_52b.obj
c:\users\robert\documents\visual studio 2015\projects\codemind_test\cwe121_stack_based_buffer_overflow\debug\cwe121_stack_based_buffer_overflow__src_char_alloca_cat_52c.obj
c:\users\robert\documents\visual studio 2015\projects\codemind_test\cwe121_stack_based_buffer_overflow\debug\cwe121_stack_based_buffer_overflow__src_char_alloca_cat_53a.obj
c:\users\robert\documents\visual studio 2015\projects\codemind_test\cwe121_stack_based_buffer_overflow\debug\cwe121_stack_based_buffer_overflow__src_char_alloca_cat_53b.obj
c:\users\robert\documents\visual studio 2015\projects\codemind_test\cwe121_stack_based_buffer_overflow\debug\cwe121_stack_based_buffer_overflow__src_char_alloca_cat_53c.obj
c:\users\robert\documents\visual studio 2015\projects\codemind_test\cwe121_stack_based_buffer_overflow\debug\cwe121_stack_based_buffer_overflow__src_char_alloca_cat_53d.obj
c:\users\robert\documents\visual studio 2015\projects\codemind_test\cwe121_stack_based_buffer_overflow\debug\cwe121_stack_based_buffer_overflow__src_char_alloca_cat_54a.obj
c:\users\robert\documents\visual studio 2015\projects\codemind_test\cwe121_stack_based_buffer_overflow\debug\cwe121_stack_based_buffer_overflow__src_char_alloca_cat_54b.obj
c:\users\robert\documents\visual studio 2015\projects\codemind_test\cwe121_stack_based_buffer_overflow\debug\cwe121_stack_based_buffer_overflow__src_char_alloca_cat_54c.obj
c:\users\robert\documents\visual studio 2015\projects\codemind_test\cwe121_stack_based_buffer_overflow\debug\cwe121_stack_based_buffer_overflow__src_char_alloca_cat_54d.obj
c:\users\robert\documents\visual studio 2015\projects\codemind_test\cwe121_stack_based_buffer_overflow\debug\cwe121_stack_based_buffer_overflow__src_char_alloca_cat_54e.obj
c:\users\robert\documents\visual studio 2015\projects\codemind_test\cwe121_stack_based_buffer_overflow\debug\cwe121_stack_based_buffer_overflow__src_char_alloca_cat_61a.obj
c:\users\robert\documents\visual studio 2015\projects\codemind_test\cwe121_stack_based_buffer_overflow\debug\cwe121_stack_based_buffer_overflow__src_char_alloca_cat_61b.obj
c:\users\robert\documents\visual studio 2015\projects\codemind_test\cwe121_stack_based_buffer_overflow\debug\cwe121_stack_based_buffer_overflow__src_char_alloca_cat_05.obj
c:\users\robert\documents\visual studio 2015\projects\codemind_test\cwe121_stack_based_buffer_overflow\debug\cwe121_stack_based_buffer_overflow__src_char_alloca_cat_06.obj
c:\users\robert\documents\visual studio 2015\projects\codemind_test\cwe121_stack_based_buffer_overflow\debug\cwe121_stack_based_buffer_overflow__src_char_alloca_cat_07.obj
c:\users\robert\documents\visual studio 2015\projects\codemind_test\cwe121_stack_based_buffer_overflow\debug\cwe121_stack_based_buffer_overflow__src_char_alloca_cat_08.obj
c:\users\robert\documents\visual studio 2015\projects\codemind_test\cwe121_stack_based_buffer_overflow\debug\cwe121_stack_based_buffer_overflow__src_char_alloca_cat_09.obj
c:\users\robert\documents\visual studio 2015\projects\codemind_test\cwe121_stack_based_buffer_overflow\debug\cwe121_stack_based_buffer_overflow__src_char_alloca_cat_10.obj
c:\users\robert\documents\visual studio 2015\projects\codemind_test\cwe121_stack_based_buffer_overflow\debug\cwe121_stack_based_buffer_overflow__src_char_alloca_cat_11.obj
c:\users\robert\documents\visual studio 2015\projects\codemind_test\cwe121_stack_based_buffer_overflow\debug\cwe121_stack_based_buffer_overflow__src_char_alloca_cat_12.obj
c:\users\robert\documents\visual studio 2015\projects\codemind_test\cwe121_stack_based_buffer_overflow\debug\cwe121_stack_based_buffer_overflow__src_char_alloca_cat_13.obj
c:\users\robert\documents\visual studio 2015\projects\codemind_test\cwe121_stack_based_buffer_overflow\debug\cwe121_stack_based_buffer_overflow__src_char_alloca_cat_14.obj
c:\users\robert\documents\visual studio 2015\projects\codemind_test\cwe121_stack_based_buffer_overflow\debug\cwe121_stack_based_buffer_overflow__src_char_alloca_cat_15.obj
c:\users\robert\documents\visual studio 2015\projects\codemind_test\cwe121_stack_based_buffer_overflow\debug\cwe121_stack_based_buffer_overflow__src_char_alloca_cat_16.obj
c:\users\robert\documents\visual studio 2015\projects\codemind_test\cwe121_stack_based_buffer_overflow\debug\cwe121_stack_based_buffer_overflow__src_char_alloca_cat_17.obj
c:\users\robert\documents\visual studio 2015\projects\codemind_test\cwe121_stack_based_buffer_overflow\debug\cwe121_stack_based_buffer_overflow__src_char_alloca_cat_18.obj
c:\users\robert\documents\visual studio 2015\projects\codemind_test\cwe121_stack_based_buffer_overflow\debug\cwe121_stack_based_buffer_overflow__src_char_alloca_cat_21.obj
c:\users\robert\documents\visual studio 2015\projects\codemind_test\cwe121_stack_based_buffer_overflow\debug\cwe121_stack_based_buffer_overflow__src_char_alloca_cat_22a.obj
c:\users\robert\documents\visual studio 2015\projects\codemind_test\cwe121_stack_based_buffer_overflow\debug\cwe121_stack_based_buffer_overflow__src_char_alloca_cat_22b.obj
c:\users\robert\documents\visual studio 2015\projects\codemind_test\cwe121_stack_based_buffer_overflow\debug\cwe121_stack_based_buffer_overflow__src_char_alloca_cat_31.obj
c:\users\robert\documents\visual studio 2015\projects\codemind_test\cwe121_stack_based_buffer_overflow\debug\cwe121_stack_based_buffer_overflow__src_char_alloca_cat_32.obj
c:\users\robert\documents\visual studio 2015\projects\codemind_test\cwe121_stack_based_buffer_overflow\debug\cwe121_stack_based_buffer_overflow__src_char_alloca_cat_34.obj
c:\users\robert\documents\visual studio 2015\projects\codemind_test\cwe121_stack_based_buffer_overflow\debug\cwe121_stack_based_buffer_overflow__char_type_overrun_memcpy_07.obj
c:\users\robert\documents\visual studio 2015\projects\codemind_test\cwe121_stack_based_buffer_overflow\debug\cwe121_stack_based_buffer_overflow__char_type_overrun_memcpy_08.obj
c:\users\robert\documents\visual studio 2015\projects\codemind_test\cwe121_stack_based_buffer_overflow\debug\cwe121_stack_based_buffer_overflow__char_type_overrun_memcpy_09.obj
c:\users\robert\documents\visual studio 2015\projects\codemind_test\cwe121_stack_based_buffer_overflow\debug\cwe121_stack_based_buffer_overflow__char_type_overrun_memcpy_10.obj
c:\users\robert\documents\visual studio 2015\projects\codemind_test\cwe121_stack_based_buffer_overflow\debug\cwe121_stack_based_buffer_overflow__char_type_overrun_memcpy_11.obj
c:\users\robert\documents\visual studio 2015\projects\codemind_test\cwe121_stack_based_buffer_overflow\debug\cwe121_stack_based_buffer_overflow__char_type_overrun_memcpy_12.obj
c:\users\robert\documents\visual studio 2015\projects\codemind_test\cwe121_stack_based_buffer_overflow\debug\cwe121_stack_based_buffer_overflow__char_type_overrun_memcpy_13.obj
c:\users\robert\documents\visual studio 2015\projects\codemind_test\cwe121_stack_based_buffer_overflow\debug\cwe121_stack_based_buffer_overflow__char_type_overrun_memcpy_14.obj
c:\users\robert\documents\visual studio 2015\projects\codemind_test\cwe121_stack_based_buffer_overflow\debug\cwe121_stack_based_buffer_overflow__char_type_overrun_memcpy_15.obj
c:\users\robert\documents\visual studio 2015\projects\codemind_test\cwe121_stack_based_buffer_overflow\debug\cwe121_stack_based_buffer_overflow__char_type_overrun_memcpy_16.obj
c:\users\robert\documents\visual studio 2015\projects\codemind_test\cwe121_stack_based_buffer_overflow\debug\cwe121_stack_based_buffer_overflow__char_type_overrun_memcpy_17.obj
c:\users\robert\documents\visual studio 2015\projects\codemind_test\cwe121_stack_based_buffer_overflow\debug\cwe121_stack_based_buffer_overflow__char_type_overrun_memcpy_18.obj
c:\users\robert\documents\visual studio 2015\projects\codemind_test\cwe121_stack_based_buffer_overflow\debug\cwe121_stack_based_buffer_overflow__char_type_overrun_memcpy_01.obj
c:\users\robert\documents\visual studio 2015\projects\codemind_test\cwe121_stack_based_buffer_overflow\debug\cwe121_stack_based_buffer_overflow__char_type_overrun_memmove_01.obj
c:\users\robert\documents\visual studio 2015\projects\codemind_test\cwe121_stack_based_buffer_overflow\debug\cwe121_stack_based_buffer_overflow__wchar_t_type_overrun_memcpy_01.obj
c:\users\robert\documents\visual studio 2015\projects\codemind_test\cwe121_stack_based_buffer_overflow\debug\cwe121_stack_based_buffer_overflow__wchar_t_type_overrun_memmove_01.obj
c:\users\robert\documents\visual studio 2015\projects\codemind_test\cwe121_stack_based_buffer_overflow\debug\cwe121_stack_based_buffer_overflow__src_char_alloca_cat_02.obj
c:\users\robert\documents\visual studio 2015\projects\codemind_test\cwe121_stack_based_buffer_overflow\debug\cwe121_stack_based_buffer_overflow__src_char_alloca_cat_03.obj
c:\users\robert\documents\visual studio 2015\projects\codemind_test\cwe121_stack_based_buffer_overflow\debug\cwe121_stack_based_buffer_overflow__src_char_alloca_cat_04.obj
c:\users\robert\documents\visual studio 2015\projects\codemind_test\cwe121_stack_based_buffer_overflow\debug\cwe121_stack_based_buffer_overflow__cwe805_wchar_t_declare_loop_01.obj
c:\users\robert\documents\visual studio 2015\projects\codemind_test\cwe121_stack_based_buffer_overflow\debug\cwe121_stack_based_buffer_overflow__cwe805_wchar_t_declare_memcpy_01.obj
c:\users\robert\documents\visual studio 2015\projects\codemind_test\cwe121_stack_based_buffer_overflow\debug\cwe121_stack_based_buffer_overflow__cwe805_wchar_t_declare_memmove_01.obj
c:\users\robert\documents\visual studio 2015\projects\codemind_test\cwe121_stack_based_buffer_overflow\debug\cwe121_stack_based_buffer_overflow__cwe805_wchar_t_declare_ncat_01.obj
c:\users\robert\documents\visual studio 2015\projects\codemind_test\cwe121_stack_based_buffer_overflow\debug\cwe121_stack_based_buffer_overflow__cwe805_wchar_t_declare_ncpy_01.obj
c:\users\robert\documents\visual studio 2015\projects\codemind_test\cwe121_stack_based_buffer_overflow\debug\cwe121_stack_based_buffer_overflow__cwe805_wchar_t_declare_snprintf_01.obj
c:\users\robert\documents\visual studio 2015\projects\codemind_test\cwe121_stack_based_buffer_overflow\debug\cwe121_stack_based_buffer_overflow__dest_char_alloca_cat_01.obj
c:\users\robert\documents\visual studio 2015\projects\codemind_test\cwe121_stack_based_buffer_overflow\debug\cwe121_stack_based_buffer_overflow__dest_char_alloca_cpy_01.obj
c:\users\robert\documents\visual studio 2015\projects\codemind_test\cwe121_stack_based_buffer_overflow\debug\cwe121_stack_based_buffer_overflow__dest_char_declare_cat_01.obj
c:\users\robert\documents\visual studio 2015\projects\codemind_test\cwe121_stack_based_buffer_overflow\debug\cwe121_stack_based_buffer_overflow__dest_char_declare_cpy_01.obj
c:\users\robert\documents\visual studio 2015\projects\codemind_test\cwe121_stack_based_buffer_overflow\debug\cwe121_stack_based_buffer_overflow__dest_wchar_t_alloca_cat_01.obj
c:\users\robert\documents\visual studio 2015\projects\codemind_test\cwe121_stack_based_buffer_overflow\debug\cwe121_stack_based_buffer_overflow__dest_wchar_t_alloca_cpy_01.obj
c:\users\robert\documents\visual studio 2015\projects\codemind_test\cwe121_stack_based_buffer_overflow\debug\cwe121_stack_based_buffer_overflow__dest_wchar_t_declare_cat_01.obj
c:\users\robert\documents\visual studio 2015\projects\codemind_test\cwe121_stack_based_buffer_overflow\debug\cwe121_stack_based_buffer_overflow__dest_wchar_t_declare_cpy_01.obj
c:\users\robert\documents\visual studio 2015\projects\codemind_test\cwe121_stack_based_buffer_overflow\debug\cwe121_stack_based_buffer_overflow__char_type_overrun_memcpy_02.obj
c:\users\robert\documents\visual studio 2015\projects\codemind_test\cwe121_stack_based_buffer_overflow\debug\cwe121_stack_based_buffer_overflow__char_type_overrun_memcpy_03.obj
c:\users\robert\documents\visual studio 2015\projects\codemind_test\cwe121_stack_based_buffer_overflow\debug\cwe121_stack_based_buffer_overflow__char_type_overrun_memcpy_04.obj
c:\users\robert\documents\visual studio 2015\projects\codemind_test\cwe121_stack_based_buffer_overflow\debug\cwe121_stack_based_buffer_overflow__char_type_overrun_memcpy_05.obj
c:\users\robert\documents\visual studio 2015\projects\codemind_test\cwe121_stack_based_buffer_overflow\debug\cwe121_stack_based_buffer_overflow__char_type_overrun_memcpy_06.obj
c:\users\robert\documents\visual studio 2015\projects\codemind_test\cwe121_stack_based_buffer_overflow\debug\cwe121_stack_based_buffer_overflow__cwe805_int64_t_declare_memcpy_01.obj
c:\users\robert\documents\visual studio 2015\projects\codemind_test\cwe121_stack_based_buffer_overflow\debug\cwe121_stack_based_buffer_overflow__cwe805_int64_t_declare_memmove_01.obj
c:\users\robert\documents\visual studio 2015\projects\codemind_test\cwe121_stack_based_buffer_overflow\debug\cwe121_stack_based_buffer_overflow__cwe805_int_alloca_loop_01.obj
c:\users\robert\documents\visual studio 2015\projects\codemind_test\cwe121_stack_based_buffer_overflow\debug\cwe121_stack_based_buffer_overflow__cwe805_int_alloca_memcpy_01.obj
c:\users\robert\documents\visual studio 2015\projects\codemind_test\cwe121_stack_based_buffer_overflow\debug\cwe121_stack_based_buffer_overflow__cwe805_int_alloca_memmove_01.obj
c:\users\robert\documents\visual studio 2015\projects\codemind_test\cwe121_stack_based_buffer_overflow\debug\cwe121_stack_based_buffer_overflow__cwe805_int_declare_loop_01.obj
c:\users\robert\documents\visual studio 2015\projects\codemind_test\cwe121_stack_based_buffer_overflow\debug\cwe121_stack_based_buffer_overflow__cwe805_int_declare_memcpy_01.obj
c:\users\robert\documents\visual studio 2015\projects\codemind_test\cwe121_stack_based_buffer_overflow\debug\cwe121_stack_based_buffer_overflow__cwe805_int_declare_memmove_01.obj
c:\users\robert\documents\visual studio 2015\projects\codemind_test\cwe121_stack_based_buffer_overflow\debug\cwe121_stack_based_buffer_overflow__cwe805_struct_alloca_loop_01.obj
c:\users\robert\documents\visual studio 2015\projects\codemind_test\cwe121_stack_based_buffer_overflow\debug\cwe121_stack_based_buffer_overflow__cwe805_struct_alloca_memcpy_01.obj
c:\users\robert\documents\visual studio 2015\projects\codemind_test\cwe121_stack_based_buffer_overflow\debug\cwe121_stack_based_buffer_overflow__cwe805_struct_alloca_memmove_01.obj
c:\users\robert\documents\visual studio 2015\projects\codemind_test\cwe121_stack_based_buffer_overflow\debug\cwe121_stack_based_buffer_overflow__cwe805_struct_declare_loop_01.obj
c:\users\robert\documents\visual studio 2015\projects\codemind_test\cwe121_stack_based_buffer_overflow\debug\cwe121_stack_based_buffer_overflow__cwe805_struct_declare_memcpy_01.obj
c:\users\robert\documents\visual studio 2015\projects\codemind_test\cwe121_stack_based_buffer_overflow\debug\cwe121_stack_based_buffer_overflow__cwe805_struct_declare_memmove_01.obj
c:\users\robert\documents\visual studio 2015\projects\codemind_test\cwe121_stack_based_buffer_overflow\debug\cwe121_stack_based_buffer_overflow__cwe805_wchar_t_alloca_loop_01.obj
c:\users\robert\documents\visual studio 2015\projects\codemind_test\cwe121_stack_based_buffer_overflow\debug\cwe121_stack_based_buffer_overflow__cwe805_wchar_t_alloca_memcpy_01.obj
c:\users\robert\documents\visual studio 2015\projects\codemind_test\cwe121_stack_based_buffer_overflow\debug\cwe121_stack_based_buffer_overflow__cwe805_wchar_t_alloca_memmove_01.obj
c:\users\robert\documents\visual studio 2015\projects\codemind_test\cwe121_stack_based_buffer_overflow\debug\cwe121_stack_based_buffer_overflow__cwe805_wchar_t_alloca_ncat_01.obj
c:\users\robert\documents\visual studio 2015\projects\codemind_test\cwe121_stack_based_buffer_overflow\debug\cwe121_stack_based_buffer_overflow__cwe805_wchar_t_alloca_ncpy_01.obj
c:\users\robert\documents\visual studio 2015\projects\codemind_test\cwe121_stack_based_buffer_overflow\debug\cwe121_stack_based_buffer_overflow__cwe805_wchar_t_alloca_snprintf_01.obj
c:\users\robert\documents\visual studio 2015\projects\codemind_test\cwe121_stack_based_buffer_overflow\debug\cwe121_stack_based_buffer_overflow__cwe193_wchar_t_declare_loop_01.obj
c:\users\robert\documents\visual studio 2015\projects\codemind_test\cwe121_stack_based_buffer_overflow\debug\cwe121_stack_based_buffer_overflow__cwe193_wchar_t_declare_memcpy_01.obj
c:\users\robert\documents\visual studio 2015\projects\codemind_test\cwe121_stack_based_buffer_overflow\debug\cwe121_stack_based_buffer_overflow__cwe193_wchar_t_declare_memmove_01.obj
c:\users\robert\documents\visual studio 2015\projects\codemind_test\cwe121_stack_based_buffer_overflow\debug\cwe121_stack_based_buffer_overflow__cwe193_wchar_t_declare_ncpy_01.obj
c:\users\robert\documents\visual studio 2015\projects\codemind_test\cwe121_stack_based_buffer_overflow\debug\cwe121_stack_based_buffer_overflow__cwe805_char_alloca_loop_01.obj
c:\users\robert\documents\visual studio 2015\projects\codemind_test\cwe121_stack_based_buffer_overflow\debug\cwe121_stack_based_buffer_overflow__cwe805_char_alloca_memcpy_01.obj
c:\users\robert\documents\visual studio 2015\projects\codemind_test\cwe121_stack_based_buffer_overflow\debug\cwe121_stack_based_buffer_overflow__cwe805_char_alloca_memmove_01.obj
c:\users\robert\documents\visual studio 2015\projects\codemind_test\cwe121_stack_based_buffer_overflow\debug\cwe121_stack_based_buffer_overflow__cwe805_char_alloca_ncat_01.obj
c:\users\robert\documents\visual studio 2015\projects\codemind_test\cwe121_stack_based_buffer_overflow\debug\cwe121_stack_based_buffer_overflow__cwe805_char_alloca_ncpy_01.obj
c:\users\robert\documents\visual studio 2015\projects\codemind_test\cwe121_stack_based_buffer_overflow\debug\cwe121_stack_based_buffer_overflow__cwe805_char_alloca_snprintf_01.obj
c:\users\robert\documents\visual studio 2015\projects\codemind_test\cwe121_stack_based_buffer_overflow\debug\cwe121_stack_based_buffer_overflow__cwe805_char_declare_loop_01.obj
c:\users\robert\documents\visual studio 2015\projects\codemind_test\cwe121_stack_based_buffer_overflow\debug\cwe121_stack_based_buffer_overflow__cwe805_char_declare_memcpy_01.obj
c:\users\robert\documents\visual studio 2015\projects\codemind_test\cwe121_stack_based_buffer_overflow\debug\cwe121_stack_based_buffer_overflow__cwe805_char_declare_memmove_01.obj
c:\users\robert\documents\visual studio 2015\projects\codemind_test\cwe121_stack_based_buffer_overflow\debug\cwe121_stack_based_buffer_overflow__cwe805_char_declare_ncat_01.obj
c:\users\robert\documents\visual studio 2015\projects\codemind_test\cwe121_stack_based_buffer_overflow\debug\cwe121_stack_based_buffer_overflow__cwe805_char_declare_ncpy_01.obj
c:\users\robert\documents\visual studio 2015\projects\codemind_test\cwe121_stack_based_buffer_overflow\debug\cwe121_stack_based_buffer_overflow__cwe805_char_declare_snprintf_01.obj
c:\users\robert\documents\visual studio 2015\projects\codemind_test\cwe121_stack_based_buffer_overflow\debug\cwe121_stack_based_buffer_overflow__cwe805_int64_t_alloca_loop_01.obj
c:\users\robert\documents\visual studio 2015\projects\codemind_test\cwe121_stack_based_buffer_overflow\debug\cwe121_stack_based_buffer_overflow__cwe805_int64_t_alloca_memcpy_01.obj
c:\users\robert\documents\visual studio 2015\projects\codemind_test\cwe121_stack_based_buffer_overflow\debug\cwe121_stack_based_buffer_overflow__cwe805_int64_t_alloca_memmove_01.obj
c:\users\robert\documents\visual studio 2015\projects\codemind_test\cwe121_stack_based_buffer_overflow\debug\cwe121_stack_based_buffer_overflow__cwe805_int64_t_declare_loop_01.obj
c:\users\robert\documents\visual studio 2015\projects\codemind_test\cwe121_stack_based_buffer_overflow\debug\cwe121_stack_based_buffer_overflow__cwe193_wchar_t_declare_loop_66b.obj
c:\users\robert\documents\visual studio 2015\projects\codemind_test\cwe121_stack_based_buffer_overflow\debug\cwe121_stack_based_buffer_overflow__cwe193_wchar_t_declare_loop_67a.obj
c:\users\robert\documents\visual studio 2015\projects\codemind_test\cwe121_stack_based_buffer_overflow\debug\cwe121_stack_based_buffer_overflow__cwe193_wchar_t_declare_loop_67b.obj
c:\users\robert\documents\visual studio 2015\projects\codemind_test\cwe121_stack_based_buffer_overflow\debug\cwe121_stack_based_buffer_overflow__cwe193_wchar_t_declare_loop_68a.obj
c:\users\robert\documents\visual studio 2015\projects\codemind_test\cwe121_stack_based_buffer_overflow\debug\cwe121_stack_based_buffer_overflow__cwe193_wchar_t_declare_loop_68b.obj
c:\users\robert\documents\visual studio 2015\projects\codemind_test\cwe121_stack_based_buffer_overflow\debug\cwe121_stack_based_buffer_overflow__cwe193_char_alloca_loop_01.obj
c:\users\robert\documents\visual studio 2015\projects\codemind_test\cwe121_stack_based_buffer_overflow\debug\cwe121_stack_based_buffer_overflow__cwe193_char_alloca_memcpy_01.obj
c:\users\robert\documents\visual studio 2015\projects\codemind_test\cwe121_stack_based_buffer_overflow\debug\cwe121_stack_based_buffer_overflow__cwe193_char_alloca_memmove_01.obj
c:\users\robert\documents\visual studio 2015\projects\codemind_test\cwe121_stack_based_buffer_overflow\debug\cwe121_stack_based_buffer_overflow__cwe193_char_alloca_ncpy_01.obj
c:\users\robert\documents\visual studio 2015\projects\codemind_test\cwe121_stack_based_buffer_overflow\debug\cwe121_stack_based_buffer_overflow__cwe193_char_declare_cpy_01.obj
c:\users\robert\documents\visual studio 2015\projects\codemind_test\cwe121_stack_based_buffer_overflow\debug\cwe121_stack_based_buffer_overflow__cwe193_char_declare_loop_01.obj
c:\users\robert\documents\visual studio 2015\projects\codemind_test\cwe121_stack_based_buffer_overflow\debug\cwe121_stack_based_buffer_overflow__cwe193_char_declare_memcpy_01.obj
c:\users\robert\documents\visual studio 2015\projects\codemind_test\cwe121_stack_based_buffer_overflow\debug\cwe121_stack_based_buffer_overflow__cwe193_char_declare_memmove_01.obj
c:\users\robert\documents\visual studio 2015\projects\codemind_test\cwe121_stack_based_buffer_overflow\debug\cwe121_stack_based_buffer_overflow__cwe193_char_declare_ncpy_01.obj
c:\users\robert\documents\visual studio 2015\projects\codemind_test\cwe121_stack_based_buffer_overflow\debug\cwe121_stack_based_buffer_overflow__cwe193_wchar_t_alloca_cpy_01.obj
c:\users\robert\documents\visual studio 2015\projects\codemind_test\cwe121_stack_based_buffer_overflow\debug\cwe121_stack_based_buffer_overflow__cwe193_wchar_t_alloca_loop_01.obj
c:\users\robert\documents\visual studio 2015\projects\codemind_test\cwe121_stack_based_buffer_overflow\debug\cwe121_stack_based_buffer_overflow__cwe193_wchar_t_alloca_memcpy_01.obj
c:\users\robert\documents\visual studio 2015\projects\codemind_test\cwe121_stack_based_buffer_overflow\debug\cwe121_stack_based_buffer_overflow__cwe193_wchar_t_alloca_memmove_01.obj
c:\users\robert\documents\visual studio 2015\projects\codemind_test\cwe121_stack_based_buffer_overflow\debug\cwe121_stack_based_buffer_overflow__cwe193_wchar_t_alloca_ncpy_01.obj
c:\users\robert\documents\visual studio 2015\projects\codemind_test\cwe121_stack_based_buffer_overflow\debug\cwe121_stack_based_buffer_overflow__cwe193_wchar_t_declare_cpy_01.obj
c:\users\robert\documents\visual studio 2015\projects\codemind_test\cwe121_stack_based_buffer_overflow\debug\cwe121_stack_based_buffer_overflow__cwe193_wchar_t_declare_loop_51b.obj
c:\users\robert\documents\visual studio 2015\projects\codemind_test\cwe121_stack_based_buffer_overflow\debug\cwe121_stack_based_buffer_overflow__cwe193_wchar_t_declare_loop_52a.obj
c:\users\robert\documents\visual studio 2015\projects\codemind_test\cwe121_stack_based_buffer_overflow\debug\cwe121_stack_based_buffer_overflow__cwe193_wchar_t_declare_loop_52b.obj
c:\users\robert\documents\visual studio 2015\projects\codemind_test\cwe121_stack_based_buffer_overflow\debug\cwe121_stack_based_buffer_overflow__cwe193_wchar_t_declare_loop_52c.obj
c:\users\robert\documents\visual studio 2015\projects\codemind_test\cwe121_stack_based_buffer_overflow\debug\cwe121_stack_based_buffer_overflow__cwe193_wchar_t_declare_loop_53a.obj
c:\users\robert\documents\visual studio 2015\projects\codemind_test\cwe121_stack_based_buffer_overflow\debug\cwe121_stack_based_buffer_overflow__cwe193_wchar_t_declare_loop_53b.obj
c:\users\robert\documents\visual studio 2015\projects\codemind_test\cwe121_stack_based_buffer_overflow\debug\cwe121_stack_based_buffer_overflow__cwe193_wchar_t_declare_loop_53c.obj
c:\users\robert\documents\visual studio 2015\projects\codemind_test\cwe121_stack_based_buffer_overflow\debug\cwe121_stack_based_buffer_overflow__cwe193_wchar_t_declare_loop_53d.obj
c:\users\robert\documents\visual studio 2015\projects\codemind_test\cwe121_stack_based_buffer_overflow\debug\cwe121_stack_based_buffer_overflow__cwe193_wchar_t_declare_loop_54a.obj
c:\users\robert\documents\visual studio 2015\projects\codemind_test\cwe121_stack_based_buffer_overflow\debug\cwe121_stack_based_buffer_overflow__cwe193_wchar_t_declare_loop_54b.obj
c:\users\robert\documents\visual studio 2015\projects\codemind_test\cwe121_stack_based_buffer_overflow\debug\cwe121_stack_based_buffer_overflow__cwe193_wchar_t_declare_loop_54c.obj
c:\users\robert\documents\visual studio 2015\projects\codemind_test\cwe121_stack_based_buffer_overflow\debug\cwe121_stack_based_buffer_overflow__cwe193_wchar_t_declare_loop_54d.obj
c:\users\robert\documents\visual studio 2015\projects\codemind_test\cwe121_stack_based_buffer_overflow\debug\cwe121_stack_based_buffer_overflow__cwe193_wchar_t_declare_loop_54e.obj
c:\users\robert\documents\visual studio 2015\projects\codemind_test\cwe121_stack_based_buffer_overflow\debug\cwe121_stack_based_buffer_overflow__cwe193_wchar_t_declare_loop_63a.obj
c:\users\robert\documents\visual studio 2015\projects\codemind_test\cwe121_stack_based_buffer_overflow\debug\cwe121_stack_based_buffer_overflow__cwe193_wchar_t_declare_loop_63b.obj
c:\users\robert\documents\visual studio 2015\projects\codemind_test\cwe121_stack_based_buffer_overflow\debug\cwe121_stack_based_buffer_overflow__cwe193_wchar_t_declare_loop_64a.obj
c:\users\robert\documents\visual studio 2015\projects\codemind_test\cwe121_stack_based_buffer_overflow\debug\cwe121_stack_based_buffer_overflow__cwe193_wchar_t_declare_loop_64b.obj
c:\users\robert\documents\visual studio 2015\projects\codemind_test\cwe121_stack_based_buffer_overflow\debug\cwe121_stack_based_buffer_overflow__cwe193_wchar_t_declare_loop_65a.obj
c:\users\robert\documents\visual studio 2015\projects\codemind_test\cwe121_stack_based_buffer_overflow\debug\cwe121_stack_based_buffer_overflow__cwe193_wchar_t_declare_loop_65b.obj
c:\users\robert\documents\visual studio 2015\projects\codemind_test\cwe121_stack_based_buffer_overflow\debug\cwe121_stack_based_buffer_overflow__cwe193_wchar_t_declare_loop_66a.obj
c:\users\robert\documents\visual studio 2015\projects\codemind_test\cwe121_stack_based_buffer_overflow\debug\cwe121_stack_based_buffer_overflow__cwe193_wchar_t_declare_loop_06.obj
c:\users\robert\documents\visual studio 2015\projects\codemind_test\cwe121_stack_based_buffer_overflow\debug\cwe121_stack_based_buffer_overflow__cwe193_wchar_t_declare_loop_07.obj
c:\users\robert\documents\visual studio 2015\projects\codemind_test\cwe121_stack_based_buffer_overflow\debug\cwe121_stack_based_buffer_overflow__cwe193_wchar_t_declare_loop_08.obj
c:\users\robert\documents\visual studio 2015\projects\codemind_test\cwe121_stack_based_buffer_overflow\debug\cwe121_stack_based_buffer_overflow__cwe193_wchar_t_declare_loop_09.obj
c:\users\robert\documents\visual studio 2015\projects\codemind_test\cwe121_stack_based_buffer_overflow\debug\cwe121_stack_based_buffer_overflow__cwe193_wchar_t_declare_loop_10.obj
c:\users\robert\documents\visual studio 2015\projects\codemind_test\cwe121_stack_based_buffer_overflow\debug\cwe121_stack_based_buffer_overflow__cwe193_wchar_t_declare_loop_11.obj
c:\users\robert\documents\visual studio 2015\projects\codemind_test\cwe121_stack_based_buffer_overflow\debug\cwe121_stack_based_buffer_overflow__cwe193_wchar_t_declare_loop_12.obj
c:\users\robert\documents\visual studio 2015\projects\codemind_test\cwe121_stack_based_buffer_overflow\debug\cwe121_stack_based_buffer_overflow__cwe193_wchar_t_declare_loop_13.obj
c:\users\robert\documents\visual studio 2015\projects\codemind_test\cwe121_stack_based_buffer_overflow\debug\cwe121_stack_based_buffer_overflow__cwe193_wchar_t_declare_loop_14.obj
c:\users\robert\documents\visual studio 2015\projects\codemind_test\cwe121_stack_based_buffer_overflow\debug\cwe121_stack_based_buffer_overflow__cwe193_wchar_t_declare_loop_15.obj
c:\users\robert\documents\visual studio 2015\projects\codemind_test\cwe121_stack_based_buffer_overflow\debug\cwe121_stack_based_buffer_overflow__cwe193_wchar_t_declare_loop_16.obj
c:\users\robert\documents\visual studio 2015\projects\codemind_test\cwe121_stack_based_buffer_overflow\debug\cwe121_stack_based_buffer_overflow__cwe193_wchar_t_declare_loop_17.obj
c:\users\robert\documents\visual studio 2015\projects\codemind_test\cwe121_stack_based_buffer_overflow\debug\cwe121_stack_based_buffer_overflow__cwe193_wchar_t_declare_loop_18.obj
c:\users\robert\documents\visual studio 2015\projects\codemind_test\cwe121_stack_based_buffer_overflow\debug\cwe121_stack_based_buffer_overflow__cwe193_wchar_t_declare_loop_31.obj
c:\users\robert\documents\visual studio 2015\projects\codemind_test\cwe121_stack_based_buffer_overflow\debug\cwe121_stack_based_buffer_overflow__cwe193_wchar_t_declare_loop_32.obj
c:\users\robert\documents\visual studio 2015\projects\codemind_test\cwe121_stack_based_buffer_overflow\debug\cwe121_stack_based_buffer_overflow__cwe193_wchar_t_declare_loop_34.obj
c:\users\robert\documents\visual studio 2015\projects\codemind_test\cwe121_stack_based_buffer_overflow\debug\cwe121_stack_based_buffer_overflow__cwe193_wchar_t_declare_loop_41.obj
c:\users\robert\documents\visual studio 2015\projects\codemind_test\cwe121_stack_based_buffer_overflow\debug\cwe121_stack_based_buffer_overflow__cwe193_wchar_t_declare_loop_44.obj
c:\users\robert\documents\visual studio 2015\projects\codemind_test\cwe121_stack_based_buffer_overflow\debug\cwe121_stack_based_buffer_overflow__cwe193_wchar_t_declare_loop_45.obj
c:\users\robert\documents\visual studio 2015\projects\codemind_test\cwe121_stack_based_buffer_overflow\debug\cwe121_stack_based_buffer_overflow__cwe193_wchar_t_declare_loop_51a.obj
c:\users\robert\documents\visual studio 2015\projects\codemind_test\cwe121_stack_based_buffer_overflow\debug\cwe121_stack_based_buffer_overflow__cwe806_char_declare_ncat_01.obj
c:\users\robert\documents\visual studio 2015\projects\codemind_test\cwe121_stack_based_buffer_overflow\debug\cwe121_stack_based_buffer_overflow__cwe806_char_declare_ncpy_01.obj
c:\users\robert\documents\visual studio 2015\projects\codemind_test\cwe121_stack_based_buffer_overflow\debug\cwe121_stack_based_buffer_overflow__cwe806_char_declare_snprintf_01.obj
c:\users\robert\documents\visual studio 2015\projects\codemind_test\cwe121_stack_based_buffer_overflow\debug\cwe121_stack_based_buffer_overflow__cwe806_wchar_t_alloca_loop_01.obj
c:\users\robert\documents\visual studio 2015\projects\codemind_test\cwe121_stack_based_buffer_overflow\debug\cwe121_stack_based_buffer_overflow__cwe806_wchar_t_alloca_memcpy_01.obj
c:\users\robert\documents\visual studio 2015\projects\codemind_test\cwe121_stack_based_buffer_overflow\debug\cwe121_stack_based_buffer_overflow__cwe806_wchar_t_alloca_memmove_01.obj
c:\users\robert\documents\visual studio 2015\projects\codemind_test\cwe121_stack_based_buffer_overflow\debug\cwe121_stack_based_buffer_overflow__cwe806_wchar_t_alloca_ncat_01.obj
c:\users\robert\documents\visual studio 2015\projects\codemind_test\cwe121_stack_based_buffer_overflow\debug\cwe121_stack_based_buffer_overflow__cwe806_wchar_t_alloca_ncpy_01.obj
c:\users\robert\documents\visual studio 2015\projects\codemind_test\cwe121_stack_based_buffer_overflow\debug\cwe121_stack_based_buffer_overflow__cwe806_wchar_t_alloca_snprintf_01.obj
c:\users\robert\documents\visual studio 2015\projects\codemind_test\cwe121_stack_based_buffer_overflow\debug\cwe121_stack_based_buffer_overflow__cwe806_wchar_t_declare_loop_01.obj
c:\users\robert\documents\visual studio 2015\projects\codemind_test\cwe121_stack_based_buffer_overflow\debug\cwe121_stack_based_buffer_overflow__cwe806_wchar_t_declare_memcpy_01.obj
c:\users\robert\documents\visual studio 2015\projects\codemind_test\cwe121_stack_based_buffer_overflow\debug\cwe121_stack_based_buffer_overflow__cwe806_wchar_t_declare_memmove_01.obj
c:\users\robert\documents\visual studio 2015\projects\codemind_test\cwe121_stack_based_buffer_overflow\debug\cwe121_stack_based_buffer_overflow__cwe806_wchar_t_declare_ncat_01.obj
c:\users\robert\documents\visual studio 2015\projects\codemind_test\cwe121_stack_based_buffer_overflow\debug\cwe121_stack_based_buffer_overflow__cwe806_wchar_t_declare_ncpy_01.obj
c:\users\robert\documents\visual studio 2015\projects\codemind_test\cwe121_stack_based_buffer_overflow\debug\cwe121_stack_based_buffer_overflow__cwe806_wchar_t_declare_snprintf_01.obj
c:\users\robert\documents\visual studio 2015\projects\codemind_test\cwe121_stack_based_buffer_overflow\debug\cwe121_stack_based_buffer_overflow__cwe193_wchar_t_declare_loop_02.obj
c:\users\robert\documents\visual studio 2015\projects\codemind_test\cwe121_stack_based_buffer_overflow\debug\cwe121_stack_based_buffer_overflow__cwe193_wchar_t_declare_loop_03.obj
c:\users\robert\documents\visual studio 2015\projects\codemind_test\cwe121_stack_based_buffer_overflow\debug\cwe121_stack_based_buffer_overflow__cwe193_wchar_t_declare_loop_04.obj
c:\users\robert\documents\visual studio 2015\projects\codemind_test\cwe121_stack_based_buffer_overflow\debug\cwe121_stack_based_buffer_overflow__cwe193_wchar_t_declare_loop_05.obj
c:\users\robert\documents\visual studio 2015\projects\codemind_test\cwe121_stack_based_buffer_overflow\debug\cwe121_stack_based_buffer_overflow__cwe806_char_declare_loop_68b.obj
c:\users\robert\documents\visual studio 2015\projects\codemind_test\cwe121_stack_based_buffer_overflow\debug\cwe121_stack_based_buffer_overflow__cwe129_connect_socket_01.obj
c:\users\robert\documents\visual studio 2015\projects\codemind_test\cwe121_stack_based_buffer_overflow\debug\cwe121_stack_based_buffer_overflow__cwe129_fgets_01.obj
c:\users\robert\documents\visual studio 2015\projects\codemind_test\cwe121_stack_based_buffer_overflow\debug\cwe121_stack_based_buffer_overflow__cwe129_fscanf_01.obj
c:\users\robert\documents\visual studio 2015\projects\codemind_test\cwe121_stack_based_buffer_overflow\debug\cwe121_stack_based_buffer_overflow__cwe129_large_01.obj
c:\users\robert\documents\visual studio 2015\projects\codemind_test\cwe121_stack_based_buffer_overflow\debug\cwe121_stack_based_buffer_overflow__cwe129_listen_socket_01.obj
c:\users\robert\documents\visual studio 2015\projects\codemind_test\cwe121_stack_based_buffer_overflow\debug\cwe121_stack_based_buffer_overflow__cwe129_rand_01.obj
c:\users\robert\documents\visual studio 2015\projects\codemind_test\cwe121_stack_based_buffer_overflow\debug\cwe121_stack_based_buffer_overflow__cwe131_loop_01.obj
c:\users\robert\documents\visual studio 2015\projects\codemind_test\cwe121_stack_based_buffer_overflow\debug\cwe121_stack_based_buffer_overflow__cwe131_memcpy_01.obj
c:\users\robert\documents\visual studio 2015\projects\codemind_test\cwe121_stack_based_buffer_overflow\debug\cwe121_stack_based_buffer_overflow__cwe131_memmove_01.obj
c:\users\robert\documents\visual studio 2015\projects\codemind_test\cwe121_stack_based_buffer_overflow\debug\cwe121_stack_based_buffer_overflow__cwe135_01.obj
c:\users\robert\documents\visual studio 2015\projects\codemind_test\cwe121_stack_based_buffer_overflow\debug\cwe121_stack_based_buffer_overflow__cwe806_char_alloca_loop_01.obj
c:\users\robert\documents\visual studio 2015\projects\codemind_test\cwe121_stack_based_buffer_overflow\debug\cwe121_stack_based_buffer_overflow__cwe806_char_alloca_memcpy_01.obj
c:\users\robert\documents\visual studio 2015\projects\codemind_test\cwe121_stack_based_buffer_overflow\debug\cwe121_stack_based_buffer_overflow__cwe806_char_alloca_memmove_01.obj
c:\users\robert\documents\visual studio 2015\projects\codemind_test\cwe121_stack_based_buffer_overflow\debug\cwe121_stack_based_buffer_overflow__cwe806_char_alloca_ncat_01.obj
c:\users\robert\documents\visual studio 2015\projects\codemind_test\cwe121_stack_based_buffer_overflow\debug\cwe121_stack_based_buffer_overflow__cwe806_char_alloca_ncpy_01.obj
c:\users\robert\documents\visual studio 2015\projects\codemind_test\cwe121_stack_based_buffer_overflow\debug\cwe121_stack_based_buffer_overflow__cwe806_char_alloca_snprintf_01.obj
c:\users\robert\documents\visual studio 2015\projects\codemind_test\cwe121_stack_based_buffer_overflow\debug\cwe121_stack_based_buffer_overflow__cwe806_char_declare_loop_01.obj
c:\users\robert\documents\visual studio 2015\projects\codemind_test\cwe121_stack_based_buffer_overflow\debug\cwe121_stack_based_buffer_overflow__cwe806_char_declare_memcpy_01.obj
c:\users\robert\documents\visual studio 2015\projects\codemind_test\cwe121_stack_based_buffer_overflow\debug\cwe121_stack_based_buffer_overflow__cwe806_char_declare_memmove_01.obj
c:\users\robert\documents\visual studio 2015\projects\codemind_test\cwe121_stack_based_buffer_overflow\debug\cwe121_stack_based_buffer_overflow__cwe806_char_declare_loop_53c.obj
c:\users\robert\documents\visual studio 2015\projects\codemind_test\cwe121_stack_based_buffer_overflow\debug\cwe121_stack_based_buffer_overflow__cwe806_char_declare_loop_53d.obj
c:\users\robert\documents\visual studio 2015\projects\codemind_test\cwe121_stack_based_buffer_overflow\debug\cwe121_stack_based_buffer_overflow__cwe806_char_declare_loop_54a.obj
c:\users\robert\documents\visual studio 2015\projects\codemind_test\cwe121_stack_based_buffer_overflow\debug\cwe121_stack_based_buffer_overflow__cwe806_char_declare_loop_54b.obj
c:\users\robert\documents\visual studio 2015\projects\codemind_test\cwe121_stack_based_buffer_overflow\debug\cwe121_stack_based_buffer_overflow__cwe806_char_declare_loop_54c.obj
c:\users\robert\documents\visual studio 2015\projects\codemind_test\cwe121_stack_based_buffer_overflow\debug\cwe121_stack_based_buffer_overflow__cwe806_char_declare_loop_54d.obj
c:\users\robert\documents\visual studio 2015\projects\codemind_test\cwe121_stack_based_buffer_overflow\debug\cwe121_stack_based_buffer_overflow__cwe806_char_declare_loop_54e.obj
c:\users\robert\documents\visual studio 2015\projects\codemind_test\cwe121_stack_based_buffer_overflow\debug\cwe121_stack_based_buffer_overflow__cwe806_char_declare_loop_61a.obj
c:\users\robert\documents\visual studio 2015\projects\codemind_test\cwe121_stack_based_buffer_overflow\debug\cwe121_stack_based_buffer_overflow__cwe806_char_declare_loop_61b.obj
c:\users\robert\documents\visual studio 2015\projects\codemind_test\cwe121_stack_based_buffer_overflow\debug\cwe121_stack_based_buffer_overflow__cwe806_char_declare_loop_63a.obj
c:\users\robert\documents\visual studio 2015\projects\codemind_test\cwe121_stack_based_buffer_overflow\debug\cwe121_stack_based_buffer_overflow__cwe806_char_declare_loop_63b.obj
c:\users\robert\documents\visual studio 2015\projects\codemind_test\cwe121_stack_based_buffer_overflow\debug\cwe121_stack_based_buffer_overflow__cwe806_char_declare_loop_64a.obj
c:\users\robert\documents\visual studio 2015\projects\codemind_test\cwe121_stack_based_buffer_overflow\debug\cwe121_stack_based_buffer_overflow__cwe806_char_declare_loop_64b.obj
c:\users\robert\documents\visual studio 2015\projects\codemind_test\cwe121_stack_based_buffer_overflow\debug\cwe121_stack_based_buffer_overflow__cwe806_char_declare_loop_65a.obj
c:\users\robert\documents\visual studio 2015\projects\codemind_test\cwe121_stack_based_buffer_overflow\debug\cwe121_stack_based_buffer_overflow__cwe806_char_declare_loop_65b.obj
c:\users\robert\documents\visual studio 2015\projects\codemind_test\cwe121_stack_based_buffer_overflow\debug\cwe121_stack_based_buffer_overflow__cwe806_char_declare_loop_66a.obj
c:\users\robert\documents\visual studio 2015\projects\codemind_test\cwe121_stack_based_buffer_overflow\debug\cwe121_stack_based_buffer_overflow__cwe806_char_declare_loop_66b.obj
c:\users\robert\documents\visual studio 2015\projects\codemind_test\cwe121_stack_based_buffer_overflow\debug\cwe121_stack_based_buffer_overflow__cwe806_char_declare_loop_67a.obj
c:\users\robert\documents\visual studio 2015\projects\codemind_test\cwe121_stack_based_buffer_overflow\debug\cwe121_stack_based_buffer_overflow__cwe806_char_declare_loop_67b.obj
c:\users\robert\documents\visual studio 2015\projects\codemind_test\cwe121_stack_based_buffer_overflow\debug\cwe121_stack_based_buffer_overflow__cwe806_char_declare_loop_68a.obj
c:\users\robert\documents\visual studio 2015\projects\codemind_test\cwe121_stack_based_buffer_overflow\debug\cwe121_stack_based_buffer_overflow__cwe806_char_declare_loop_16.obj
c:\users\robert\documents\visual studio 2015\projects\codemind_test\cwe121_stack_based_buffer_overflow\debug\cwe121_stack_based_buffer_overflow__cwe806_char_declare_loop_17.obj
c:\users\robert\documents\visual studio 2015\projects\codemind_test\cwe121_stack_based_buffer_overflow\debug\cwe121_stack_based_buffer_overflow__cwe806_char_declare_loop_18.obj
c:\users\robert\documents\visual studio 2015\projects\codemind_test\cwe121_stack_based_buffer_overflow\debug\cwe121_stack_based_buffer_overflow__cwe806_char_declare_loop_21.obj
c:\users\robert\documents\visual studio 2015\projects\codemind_test\cwe121_stack_based_buffer_overflow\debug\cwe121_stack_based_buffer_overflow__cwe806_char_declare_loop_22a.obj
c:\users\robert\documents\visual studio 2015\projects\codemind_test\cwe121_stack_based_buffer_overflow\debug\cwe121_stack_based_buffer_overflow__cwe806_char_declare_loop_22b.obj
c:\users\robert\documents\visual studio 2015\projects\codemind_test\cwe121_stack_based_buffer_overflow\debug\cwe121_stack_based_buffer_overflow__cwe806_char_declare_loop_31.obj
c:\users\robert\documents\visual studio 2015\projects\codemind_test\cwe121_stack_based_buffer_overflow\debug\cwe121_stack_based_buffer_overflow__cwe806_char_declare_loop_32.obj
c:\users\robert\documents\visual studio 2015\projects\codemind_test\cwe121_stack_based_buffer_overflow\debug\cwe121_stack_based_buffer_overflow__cwe806_char_declare_loop_34.obj
c:\users\robert\documents\visual studio 2015\projects\codemind_test\cwe121_stack_based_buffer_overflow\debug\cwe121_stack_based_buffer_overflow__cwe806_char_declare_loop_41.obj
c:\users\robert\documents\visual studio 2015\projects\codemind_test\cwe121_stack_based_buffer_overflow\debug\cwe121_stack_based_buffer_overflow__cwe806_char_declare_loop_42.obj
c:\users\robert\documents\visual studio 2015\projects\codemind_test\cwe121_stack_based_buffer_overflow\debug\cwe121_stack_based_buffer_overflow__cwe806_char_declare_loop_44.obj
c:\users\robert\documents\visual studio 2015\projects\codemind_test\cwe121_stack_based_buffer_overflow\debug\cwe121_stack_based_buffer_overflow__cwe806_char_declare_loop_45.obj
c:\users\robert\documents\visual studio 2015\projects\codemind_test\cwe121_stack_based_buffer_overflow\debug\cwe121_stack_based_buffer_overflow__cwe806_char_declare_loop_51a.obj
c:\users\robert\documents\visual studio 2015\projects\codemind_test\cwe121_stack_based_buffer_overflow\debug\cwe121_stack_based_buffer_overflow__cwe806_char_declare_loop_51b.obj
c:\users\robert\documents\visual studio 2015\projects\codemind_test\cwe121_stack_based_buffer_overflow\debug\cwe121_stack_based_buffer_overflow__cwe806_char_declare_loop_52a.obj
c:\users\robert\documents\visual studio 2015\projects\codemind_test\cwe121_stack_based_buffer_overflow\debug\cwe121_stack_based_buffer_overflow__cwe806_char_declare_loop_52b.obj
c:\users\robert\documents\visual studio 2015\projects\codemind_test\cwe121_stack_based_buffer_overflow\debug\cwe121_stack_based_buffer_overflow__cwe806_char_declare_loop_52c.obj
c:\users\robert\documents\visual studio 2015\projects\codemind_test\cwe121_stack_based_buffer_overflow\debug\cwe121_stack_based_buffer_overflow__cwe806_char_declare_loop_53a.obj
c:\users\robert\documents\visual studio 2015\projects\codemind_test\cwe121_stack_based_buffer_overflow\debug\cwe121_stack_based_buffer_overflow__cwe806_char_declare_loop_53b.obj
c:\users\robert\documents\visual studio 2015\projects\codemind_test\cwe121_stack_based_buffer_overflow\debug\io.obj
c:\users\robert\documents\visual studio 2015\projects\codemind_test\cwe121_stack_based_buffer_overflow\debug\cwe121_stack_based_buffer_overflow__cwe806_char_declare_loop_02.obj
c:\users\robert\documents\visual studio 2015\projects\codemind_test\cwe121_stack_based_buffer_overflow\debug\cwe121_stack_based_buffer_overflow__cwe806_char_declare_loop_03.obj
c:\users\robert\documents\visual studio 2015\projects\codemind_test\cwe121_stack_based_buffer_overflow\debug\cwe121_stack_based_buffer_overflow__cwe806_char_declare_loop_04.obj
c:\users\robert\documents\visual studio 2015\projects\codemind_test\cwe121_stack_based_buffer_overflow\debug\cwe121_stack_based_buffer_overflow__cwe806_char_declare_loop_05.obj
c:\users\robert\documents\visual studio 2015\projects\codemind_test\cwe121_stack_based_buffer_overflow\debug\cwe121_stack_based_buffer_overflow__cwe806_char_declare_loop_06.obj
c:\users\robert\documents\visual studio 2015\projects\codemind_test\cwe121_stack_based_buffer_overflow\debug\cwe121_stack_based_buffer_overflow__cwe806_char_declare_loop_07.obj
c:\users\robert\documents\visual studio 2015\projects\codemind_test\cwe121_stack_based_buffer_overflow\debug\cwe121_stack_based_buffer_overflow__cwe806_char_declare_loop_08.obj
c:\users\robert\documents\visual studio 2015\projects\codemind_test\cwe121_stack_based_buffer_overflow\debug\cwe121_stack_based_buffer_overflow__cwe806_char_declare_loop_09.obj
c:\users\robert\documents\visual studio 2015\projects\codemind_test\cwe121_stack_based_buffer_overflow\debug\cwe121_stack_based_buffer_overflow__cwe806_char_declare_loop_10.obj
c:\users\robert\documents\visual studio 2015\projects\codemind_test\cwe121_stack_based_buffer_overflow\debug\cwe121_stack_based_buffer_overflow__cwe806_char_declare_loop_11.obj
c:\users\robert\documents\visual studio 2015\projects\codemind_test\cwe121_stack_based_buffer_overflow\debug\cwe121_stack_based_buffer_overflow__cwe806_char_declare_loop_12.obj
c:\users\robert\documents\visual studio 2015\projects\codemind_test\cwe121_stack_based_buffer_overflow\debug\cwe121_stack_based_buffer_overflow__cwe806_char_declare_loop_13.obj
c:\users\robert\documents\visual studio 2015\projects\codemind_test\cwe121_stack_based_buffer_overflow\debug\cwe121_stack_based_buffer_overflow__cwe806_char_declare_loop_14.obj
c:\users\robert\documents\visual studio 2015\projects\codemind_test\cwe121_stack_based_buffer_overflow\debug\cwe121_stack_based_buffer_overflow__cwe806_char_declare_loop_15.obj
c:\users\robert\documents\visual studio 2015\projects\codemind_test\cwe121_stack_based_buffer_overflow\debug\cwe121_stack_based_buffer_overflow__src_char_alloca_cat_62b.obj
c:\users\robert\documents\visual studio 2015\projects\codemind_test\cwe121_stack_based_buffer_overflow\debug\cwe121_stack_based_buffer_overflow__src_char_alloca_cat_72a.obj
c:\users\robert\documents\visual studio 2015\projects\codemind_test\cwe121_stack_based_buffer_overflow\debug\cwe121_stack_based_buffer_overflow__src_char_alloca_cat_72b.obj
c:\users\robert\documents\visual studio 2015\projects\codemind_test\cwe121_stack_based_buffer_overflow\debug\cwe121_stack_based_buffer_overflow__src_char_alloca_cat_73a.obj
c:\users\robert\documents\visual studio 2015\projects\codemind_test\cwe121_stack_based_buffer_overflow\debug\cwe121_stack_based_buffer_overflow__src_char_alloca_cat_73b.obj
c:\users\robert\documents\visual studio 2015\projects\codemind_test\cwe121_stack_based_buffer_overflow\debug\cwe121_stack_based_buffer_overflow__src_char_alloca_cat_74a.obj
c:\users\robert\documents\visual studio 2015\projects\codemind_test\cwe121_stack_based_buffer_overflow\debug\cwe121_stack_based_buffer_overflow__src_char_alloca_cat_74b.obj
c:\users\robert\documents\visual studio 2015\projects\codemind_test\cwe121_stack_based_buffer_overflow\debug\cwe121_stack_based_buffer_overflow__src_char_alloca_cat_81a.obj
c:\users\robert\documents\visual studio 2015\projects\codemind_test\cwe121_stack_based_buffer_overflow\debug\cwe121_stack_based_buffer_overflow__src_char_alloca_cat_81_bad.obj
c:\users\robert\documents\visual studio 2015\projects\codemind_test\cwe121_stack_based_buffer_overflow\debug\cwe121_stack_based_buffer_overflow__src_char_alloca_cat_81_goodg2b.obj
c:\users\robert\documents\visual studio 2015\projects\codemind_test\cwe121_stack_based_buffer_overflow\debug\cwe121_stack_based_buffer_overflow__src_char_alloca_cat_82a.obj
c:\users\robert\documents\visual studio 2015\projects\codemind_test\cwe121_stack_based_buffer_overflow\debug\cwe121_stack_based_buffer_overflow__src_char_alloca_cat_82_bad.obj
c:\users\robert\documents\visual studio 2015\projects\codemind_test\cwe121_stack_based_buffer_overflow\debug\cwe121_stack_based_buffer_overflow__src_char_alloca_cat_82_goodg2b.obj
c:\users\robert\documents\visual studio 2015\projects\codemind_test\cwe121_stack_based_buffer_overflow\debug\cwe121_stack_based_buffer_overflow__src_char_alloca_cat_83a.obj
c:\users\robert\documents\visual studio 2015\projects\codemind_test\cwe121_stack_based_buffer_overflow\debug\cwe121_stack_based_buffer_overflow__src_char_alloca_cat_83_bad.obj
c:\users\robert\documents\visual studio 2015\projects\codemind_test\cwe121_stack_based_buffer_overflow\debug\cwe121_stack_based_buffer_overflow__src_char_alloca_cat_83_goodg2b.obj
c:\users\robert\documents\visual studio 2015\projects\codemind_test\cwe121_stack_based_buffer_overflow\debug\cwe121_stack_based_buffer_overflow__src_char_alloca_cat_84a.obj
c:\users\robert\documents\visual studio 2015\projects\codemind_test\cwe121_stack_based_buffer_overflow\debug\cwe121_stack_based_buffer_overflow__src_char_alloca_cat_84_bad.obj
c:\users\robert\documents\visual studio 2015\projects\codemind_test\cwe121_stack_based_buffer_overflow\debug\cwe121_stack_based_buffer_overflow__src_char_alloca_cat_84_goodg2b.obj
c:\users\robert\documents\visual studio 2015\projects\codemind_test\cwe121_stack_based_buffer_overflow\debug\fake_main.obj
c:\users\robert\documents\visual studio 2015\projects\codemind_test\cwe121_stack_based_buffer_overflow\debug\cwe121_stack_based_buffer_overflow__cwe806_char_declare_loop_84_bad.obj
c:\users\robert\documents\visual studio 2015\projects\codemind_test\cwe121_stack_based_buffer_overflow\debug\cwe121_stack_based_buffer_overflow__cwe806_char_declare_loop_84_goodg2b.obj
c:\users\robert\documents\visual studio 2015\projects\codemind_test\cwe121_stack_based_buffer_overflow\debug\cwe121_stack_based_buffer_overflow__cwe193_wchar_t_declare_loop_33.obj
c:\users\robert\documents\visual studio 2015\projects\codemind_test\cwe121_stack_based_buffer_overflow\debug\cwe121_stack_based_buffer_overflow__cwe193_wchar_t_declare_loop_72a.obj
c:\users\robert\documents\visual studio 2015\projects\codemind_test\cwe121_stack_based_buffer_overflow\debug\cwe121_stack_based_buffer_overflow__cwe193_wchar_t_declare_loop_72b.obj
c:\users\robert\documents\visual studio 2015\projects\codemind_test\cwe121_stack_based_buffer_overflow\debug\cwe121_stack_based_buffer_overflow__cwe193_wchar_t_declare_loop_73a.obj
c:\users\robert\documents\visual studio 2015\projects\codemind_test\cwe121_stack_based_buffer_overflow\debug\cwe121_stack_based_buffer_overflow__cwe193_wchar_t_declare_loop_73b.obj
c:\users\robert\documents\visual studio 2015\projects\codemind_test\cwe121_stack_based_buffer_overflow\debug\cwe121_stack_based_buffer_overflow__cwe193_wchar_t_declare_loop_74a.obj
c:\users\robert\documents\visual studio 2015\projects\codemind_test\cwe121_stack_based_buffer_overflow\debug\cwe121_stack_based_buffer_overflow__cwe193_wchar_t_declare_loop_74b.obj
c:\users\robert\documents\visual studio 2015\projects\codemind_test\cwe121_stack_based_buffer_overflow\debug\cwe121_stack_based_buffer_overflow__cwe193_wchar_t_declare_loop_81a.obj
c:\users\robert\documents\visual studio 2015\projects\codemind_test\cwe121_stack_based_buffer_overflow\debug\cwe121_stack_based_buffer_overflow__cwe193_wchar_t_declare_loop_81_bad.obj
c:\users\robert\documents\visual studio 2015\projects\codemind_test\cwe121_stack_based_buffer_overflow\debug\cwe121_stack_based_buffer_overflow__cwe193_wchar_t_declare_loop_81_goodg2b.obj
c:\users\robert\documents\visual studio 2015\projects\codemind_test\cwe121_stack_based_buffer_overflow\debug\cwe121_stack_based_buffer_overflow__cwe193_wchar_t_declare_loop_82a.obj
c:\users\robert\documents\visual studio 2015\projects\codemind_test\cwe121_stack_based_buffer_overflow\debug\cwe121_stack_based_buffer_overflow__cwe193_wchar_t_declare_loop_82_bad.obj
c:\users\robert\documents\visual studio 2015\projects\codemind_test\cwe121_stack_based_buffer_overflow\debug\cwe121_stack_based_buffer_overflow__cwe193_wchar_t_declare_loop_82_goodg2b.obj
c:\users\robert\documents\visual studio 2015\projects\codemind_test\cwe121_stack_based_buffer_overflow\debug\cwe121_stack_based_buffer_overflow__placement_new_alloca_01.obj
c:\users\robert\documents\visual studio 2015\projects\codemind_test\cwe121_stack_based_buffer_overflow\debug\cwe121_stack_based_buffer_overflow__placement_new_declare_01.obj
c:\users\robert\documents\visual studio 2015\projects\codemind_test\cwe121_stack_based_buffer_overflow\debug\cwe121_stack_based_buffer_overflow__src_char_alloca_cat_33.obj
c:\users\robert\documents\visual studio 2015\projects\codemind_test\cwe121_stack_based_buffer_overflow\debug\cwe121_stack_based_buffer_overflow__src_char_alloca_cat_43.obj
c:\users\robert\documents\visual studio 2015\projects\codemind_test\cwe121_stack_based_buffer_overflow\debug\cwe121_stack_based_buffer_overflow__src_char_alloca_cat_62a.obj
c:\users\robert\documents\visual studio 2015\projects\codemind_test\cwe121_stack_based_buffer_overflow\debug\cwe121_stack_based_buffer_overflow__cwe806_char_declare_loop_33.obj
c:\users\robert\documents\visual studio 2015\projects\codemind_test\cwe121_stack_based_buffer_overflow\debug\cwe121_stack_based_buffer_overflow__cwe806_char_declare_loop_43.obj
c:\users\robert\documents\visual studio 2015\projects\codemind_test\cwe121_stack_based_buffer_overflow\debug\cwe121_stack_based_buffer_overflow__cwe806_char_declare_loop_62a.obj
c:\users\robert\documents\visual studio 2015\projects\codemind_test\cwe121_stack_based_buffer_overflow\debug\cwe121_stack_based_buffer_overflow__cwe806_char_declare_loop_62b.obj
c:\users\robert\documents\visual studio 2015\projects\codemind_test\cwe121_stack_based_buffer_overflow\debug\cwe121_stack_based_buffer_overflow__cwe806_char_declare_loop_72a.obj
c:\users\robert\documents\visual studio 2015\projects\codemind_test\cwe121_stack_based_buffer_overflow\debug\cwe121_stack_based_buffer_overflow__cwe806_char_declare_loop_72b.obj
c:\users\robert\documents\visual studio 2015\projects\codemind_test\cwe121_stack_based_buffer_overflow\debug\cwe121_stack_based_buffer_overflow__cwe806_char_declare_loop_73a.obj
c:\users\robert\documents\visual studio 2015\projects\codemind_test\cwe121_stack_based_buffer_overflow\debug\cwe121_stack_based_buffer_overflow__cwe806_char_declare_loop_73b.obj
c:\users\robert\documents\visual studio 2015\projects\codemind_test\cwe121_stack_based_buffer_overflow\debug\cwe121_stack_based_buffer_overflow__cwe806_char_declare_loop_74a.obj
c:\users\robert\documents\visual studio 2015\projects\codemind_test\cwe121_stack_based_buffer_overflow\debug\cwe121_stack_based_buffer_overflow__cwe806_char_declare_loop_74b.obj
c:\users\robert\documents\visual studio 2015\projects\codemind_test\cwe121_stack_based_buffer_overflow\debug\cwe121_stack_based_buffer_overflow__cwe806_char_declare_loop_81a.obj
c:\users\robert\documents\visual studio 2015\projects\codemind_test\cwe121_stack_based_buffer_overflow\debug\cwe121_stack_based_buffer_overflow__cwe806_char_declare_loop_81_bad.obj
c:\users\robert\documents\visual studio 2015\projects\codemind_test\cwe121_stack_based_buffer_overflow\debug\cwe121_stack_based_buffer_overflow__cwe806_char_declare_loop_81_goodg2b.obj
c:\users\robert\documents\visual studio 2015\projects\codemind_test\cwe121_stack_based_buffer_overflow\debug\cwe121_stack_based_buffer_overflow__cwe806_char_declare_loop_82a.obj
c:\users\robert\documents\visual studio 2015\projects\codemind_test\cwe121_stack_based_buffer_overflow\debug\cwe121_stack_based_buffer_overflow__cwe806_char_declare_loop_82_bad.obj
c:\users\robert\documents\visual studio 2015\projects\codemind_test\cwe121_stack_based_buffer_overflow\debug\cwe121_stack_based_buffer_overflow__cwe806_char_declare_loop_82_goodg2b.obj
c:\users\robert\documents\visual studio 2015\projects\codemind_test\cwe121_stack_based_buffer_overflow\debug\cwe121_stack_based_buffer_overflow__cwe806_char_declare_loop_83a.obj
c:\users\robert\documents\visual studio 2015\projects\codemind_test\cwe121_stack_based_buffer_overflow\debug\cwe121_stack_based_buffer_overflow__cwe806_char_declare_loop_83_bad.obj
c:\users\robert\documents\visual studio 2015\projects\codemind_test\cwe121_stack_based_buffer_overflow\debug\cwe121_stack_based_buffer_overflow__cwe806_char_declare_loop_83_goodg2b.obj
c:\users\robert\documents\visual studio 2015\projects\codemind_test\cwe121_stack_based_buffer_overflow\debug\cwe121_stack_based_buffer_overflow__cwe806_char_declare_loop_84a.obj
c:\users\robert\documents\visual studio 2015\projects\codemind_test\debug\cwe121_stack_based_buffer_overflow.ilk
c:\users\robert\documents\visual studio 2015\projects\codemind_test\debug\cwe121_stack_based_buffer_overflow.exe
c:\users\robert\documents\visual studio 2015\projects\codemind_test\debug\cwe121_stack_based_buffer_overflow.pdb
c:\users\robert\documents\visual studio 2015\projects\codemind_test\cwe121_stack_based_buffer_overflow\debug\cwe121_s.2ce1bc72.tlog\cl.command.1.tlog
c:\users\robert\documents\visual studio 2015\projects\codemind_test\cwe121_stack_based_buffer_overflow\debug\cwe121_s.2ce1bc72.tlog\cl.read.1.tlog
c:\users\robert\documents\visual studio 2015\projects\codemind_test\cwe121_stack_based_buffer_overflow\debug\cwe121_s.2ce1bc72.tlog\cl.write.1.tlog
c:\users\robert\documents\visual studio 2015\projects\codemind_test\cwe121_stack_based_buffer_overflow\debug\cwe121_s.2ce1bc72.tlog\link.command.1.tlog
c:\users\robert\documents\visual studio 2015\projects\codemind_test\cwe121_stack_based_buffer_overflow\debug\cwe121_s.2ce1bc72.tlog\link.read.1.tlog
c:\users\robert\documents\visual studio 2015\projects\codemind_test\cwe121_stack_based_buffer_overflow\debug\cwe121_s.2ce1bc72.tlog\link.write.1.tlog
