C:\Program Files (x86)\Microsoft Visual Studio\2017\Community\Common7\IDE\VC\VCTargets\Microsoft.CppBuild.targets(937,5): warning MSB8027: 이름이 CWE416_Use_After_Free__malloc_free_char_01.c인 둘 이상의 파일이 같은 위치에 출력을 생성합니다. 이로 인해 잘못된 빌드 결과가 나타날 수 있습니다.  관련된 파일은 m00\CWE416_Use_After_Free__malloc_free_char_01.c, m01\CWE416_Use_After_Free__malloc_free_char_01.c입니다.
  CWE416_Use_After_Free__operator_equals_01_good1.cpp
  CWE416_Use_After_Free__operator_equals_01_bad.cpp
  CWE416_Use_After_Free__new_delete_wchar_t_01.cpp
  CWE416_Use_After_Free__new_delete_struct_01.cpp
  CWE416_Use_After_Free__new_delete_long_01.cpp
  CWE416_Use_After_Free__new_delete_int_01.cpp
  CWE416_Use_After_Free__new_delete_int64_t_01.cpp
  CWE416_Use_After_Free__new_delete_class_01.cpp
  CWE416_Use_After_Free__new_delete_char_01.cpp
  CWE416_Use_After_Free__new_delete_array_wchar_t_01.cpp
  CWE416_Use_After_Free__new_delete_array_struct_01.cpp
  CWE416_Use_After_Free__new_delete_array_long_01.cpp
  CWE416_Use_After_Free__new_delete_array_int_01.cpp
  CWE416_Use_After_Free__new_delete_array_int64_t_01.cpp
  CWE416_Use_After_Free__new_delete_array_class_01.cpp
  CWE416_Use_After_Free__new_delete_array_char_01.cpp
  CWE416_Use_After_Free__malloc_free_char_62b.cpp
  CWE416_Use_After_Free__malloc_free_char_62a.cpp
  CWE416_Use_After_Free__malloc_free_char_43.cpp
  fake_main.cpp
  코드를 생성하고 있습니다...
  CWE416_Use_After_Free__return_freed_ptr_18.c
  CWE416_Use_After_Free__return_freed_ptr_17.c
  CWE416_Use_After_Free__return_freed_ptr_16.c
  CWE416_Use_After_Free__return_freed_ptr_15.c
  CWE416_Use_After_Free__return_freed_ptr_14.c
  CWE416_Use_After_Free__return_freed_ptr_13.c
  CWE416_Use_After_Free__return_freed_ptr_12.c
  CWE416_Use_After_Free__return_freed_ptr_11.c
  CWE416_Use_After_Free__return_freed_ptr_10.c
  CWE416_Use_After_Free__return_freed_ptr_09.c
  CWE416_Use_After_Free__return_freed_ptr_08.c
  CWE416_Use_After_Free__return_freed_ptr_07.c
  CWE416_Use_After_Free__return_freed_ptr_06.c
  CWE416_Use_After_Free__return_freed_ptr_05.c
  CWE416_Use_After_Free__return_freed_ptr_04.c
  CWE416_Use_After_Free__return_freed_ptr_03.c
  CWE416_Use_After_Free__return_freed_ptr_02.c
  CWE416_Use_After_Free__return_freed_ptr_01.c
  CWE416_Use_After_Free__malloc_free_wchar_t_01.c
  CWE416_Use_After_Free__malloc_free_struct_01.c
  코드를 생성하고 있습니다...
  컴파일하고 있습니다...
  CWE416_Use_After_Free__malloc_free_long_01.c
  CWE416_Use_After_Free__malloc_free_int_01.c
  CWE416_Use_After_Free__malloc_free_int64_t_01.c
  CWE416_Use_After_Free__malloc_free_char_01.c
  CWE416_Use_After_Free__malloc_free_char_64b.c
  CWE416_Use_After_Free__malloc_free_char_64a.c
  CWE416_Use_After_Free__malloc_free_char_63b.c
  CWE416_Use_After_Free__malloc_free_char_63a.c
  CWE416_Use_After_Free__malloc_free_char_18.c
  CWE416_Use_After_Free__malloc_free_char_17.c
  CWE416_Use_After_Free__malloc_free_char_16.c
  CWE416_Use_After_Free__malloc_free_char_15.c
  CWE416_Use_After_Free__malloc_free_char_14.c
  CWE416_Use_After_Free__malloc_free_char_13.c
  CWE416_Use_After_Free__malloc_free_char_12.c
  CWE416_Use_After_Free__malloc_free_char_11.c
  CWE416_Use_After_Free__malloc_free_char_10.c
  CWE416_Use_After_Free__malloc_free_char_09.c
  CWE416_Use_After_Free__malloc_free_char_08.c
  CWE416_Use_After_Free__malloc_free_char_07.c
  코드를 생성하고 있습니다...
  컴파일하고 있습니다...
  CWE416_Use_After_Free__malloc_free_char_06.c
  CWE416_Use_After_Free__malloc_free_char_05.c
  CWE416_Use_After_Free__malloc_free_char_04.c
  CWE416_Use_After_Free__malloc_free_char_03.c
  CWE416_Use_After_Free__malloc_free_char_02.c
  CWE416_Use_After_Free__malloc_free_char_01.c
  io.c
  코드를 생성하고 있습니다...
Debug\CWE416_Use_After_Free__malloc_free_char_01.obj : warning LNK4042: 개체가 두 번 이상 지정되었습니다. 나머지는 무시됩니다.
  CWE416_Use_After_Free.vcxproj -> C:\git\romeo\c\Debug\CWE416_Use_After_Free.exe
