C:\Program Files (x86)\Microsoft Visual Studio\2017\Community\Common7\IDE\VC\VCTargets\Microsoft.CppBuild.targets(937,5): warning MSB8027: 이름이 CWE321_Hard_Coded_Cryptographic_Key__w32_char_01.c인 둘 이상의 파일이 같은 위치에 출력을 생성합니다. 이로 인해 잘못된 빌드 결과가 나타날 수 있습니다.  관련된 파일은 m00\CWE321_Hard_Coded_Cryptographic_Key__w32_char_01.c, m01\CWE321_Hard_Coded_Cryptographic_Key__w32_char_01.c입니다.
  CWE321_Hard_Coded_Cryptographic_Key__w32_char_84_goodG2B.cpp
  CWE321_Hard_Coded_Cryptographic_Key__w32_char_84_bad.cpp
  CWE321_Hard_Coded_Cryptographic_Key__w32_char_84a.cpp
  CWE321_Hard_Coded_Cryptographic_Key__w32_char_83_goodG2B.cpp
  CWE321_Hard_Coded_Cryptographic_Key__w32_char_83_bad.cpp
  CWE321_Hard_Coded_Cryptographic_Key__w32_char_83a.cpp
  CWE321_Hard_Coded_Cryptographic_Key__w32_char_82_goodG2B.cpp
  CWE321_Hard_Coded_Cryptographic_Key__w32_char_82_bad.cpp
  CWE321_Hard_Coded_Cryptographic_Key__w32_char_82a.cpp
  CWE321_Hard_Coded_Cryptographic_Key__w32_char_81_goodG2B.cpp
  CWE321_Hard_Coded_Cryptographic_Key__w32_char_81_bad.cpp
  CWE321_Hard_Coded_Cryptographic_Key__w32_char_81a.cpp
  CWE321_Hard_Coded_Cryptographic_Key__w32_char_74b.cpp
  CWE321_Hard_Coded_Cryptographic_Key__w32_char_74a.cpp
  CWE321_Hard_Coded_Cryptographic_Key__w32_char_73b.cpp
  CWE321_Hard_Coded_Cryptographic_Key__w32_char_73a.cpp
  CWE321_Hard_Coded_Cryptographic_Key__w32_char_72b.cpp
  CWE321_Hard_Coded_Cryptographic_Key__w32_char_72a.cpp
  CWE321_Hard_Coded_Cryptographic_Key__w32_char_62b.cpp
  CWE321_Hard_Coded_Cryptographic_Key__w32_char_62a.cpp
  코드를 생성하고 있습니다...
  컴파일하고 있습니다...
  CWE321_Hard_Coded_Cryptographic_Key__w32_char_43.cpp
  CWE321_Hard_Coded_Cryptographic_Key__w32_char_33.cpp
  fake_main.cpp
  코드를 생성하고 있습니다...
  CWE321_Hard_Coded_Cryptographic_Key__w32_wchar_t_01.c
  CWE321_Hard_Coded_Cryptographic_Key__w32_char_01.c
  CWE321_Hard_Coded_Cryptographic_Key__w32_char_68b.c
  CWE321_Hard_Coded_Cryptographic_Key__w32_char_68a.c
  CWE321_Hard_Coded_Cryptographic_Key__w32_char_67b.c
  CWE321_Hard_Coded_Cryptographic_Key__w32_char_67a.c
  CWE321_Hard_Coded_Cryptographic_Key__w32_char_66b.c
  CWE321_Hard_Coded_Cryptographic_Key__w32_char_66a.c
  CWE321_Hard_Coded_Cryptographic_Key__w32_char_65b.c
  CWE321_Hard_Coded_Cryptographic_Key__w32_char_65a.c
  CWE321_Hard_Coded_Cryptographic_Key__w32_char_64b.c
  CWE321_Hard_Coded_Cryptographic_Key__w32_char_64a.c
  CWE321_Hard_Coded_Cryptographic_Key__w32_char_63b.c
  CWE321_Hard_Coded_Cryptographic_Key__w32_char_63a.c
  CWE321_Hard_Coded_Cryptographic_Key__w32_char_61b.c
  CWE321_Hard_Coded_Cryptographic_Key__w32_char_61a.c
  CWE321_Hard_Coded_Cryptographic_Key__w32_char_54e.c
  CWE321_Hard_Coded_Cryptographic_Key__w32_char_54d.c
  CWE321_Hard_Coded_Cryptographic_Key__w32_char_54c.c
  CWE321_Hard_Coded_Cryptographic_Key__w32_char_54b.c
  코드를 생성하고 있습니다...
  컴파일하고 있습니다...
  CWE321_Hard_Coded_Cryptographic_Key__w32_char_54a.c
  CWE321_Hard_Coded_Cryptographic_Key__w32_char_53d.c
  CWE321_Hard_Coded_Cryptographic_Key__w32_char_53c.c
  CWE321_Hard_Coded_Cryptographic_Key__w32_char_53b.c
  CWE321_Hard_Coded_Cryptographic_Key__w32_char_53a.c
  CWE321_Hard_Coded_Cryptographic_Key__w32_char_52c.c
  CWE321_Hard_Coded_Cryptographic_Key__w32_char_52b.c
  CWE321_Hard_Coded_Cryptographic_Key__w32_char_52a.c
  CWE321_Hard_Coded_Cryptographic_Key__w32_char_51b.c
  CWE321_Hard_Coded_Cryptographic_Key__w32_char_51a.c
  CWE321_Hard_Coded_Cryptographic_Key__w32_char_45.c
  CWE321_Hard_Coded_Cryptographic_Key__w32_char_44.c
  CWE321_Hard_Coded_Cryptographic_Key__w32_char_42.c
  CWE321_Hard_Coded_Cryptographic_Key__w32_char_41.c
  CWE321_Hard_Coded_Cryptographic_Key__w32_char_34.c
  CWE321_Hard_Coded_Cryptographic_Key__w32_char_32.c
  CWE321_Hard_Coded_Cryptographic_Key__w32_char_31.c
  CWE321_Hard_Coded_Cryptographic_Key__w32_char_22b.c
  CWE321_Hard_Coded_Cryptographic_Key__w32_char_22a.c
  CWE321_Hard_Coded_Cryptographic_Key__w32_char_21.c
  코드를 생성하고 있습니다...
  컴파일하고 있습니다...
  CWE321_Hard_Coded_Cryptographic_Key__w32_char_18.c
  CWE321_Hard_Coded_Cryptographic_Key__w32_char_17.c
  CWE321_Hard_Coded_Cryptographic_Key__w32_char_16.c
  CWE321_Hard_Coded_Cryptographic_Key__w32_char_15.c
  CWE321_Hard_Coded_Cryptographic_Key__w32_char_14.c
  CWE321_Hard_Coded_Cryptographic_Key__w32_char_13.c
  CWE321_Hard_Coded_Cryptographic_Key__w32_char_12.c
  CWE321_Hard_Coded_Cryptographic_Key__w32_char_11.c
  CWE321_Hard_Coded_Cryptographic_Key__w32_char_10.c
  CWE321_Hard_Coded_Cryptographic_Key__w32_char_09.c
  CWE321_Hard_Coded_Cryptographic_Key__w32_char_08.c
  CWE321_Hard_Coded_Cryptographic_Key__w32_char_07.c
  CWE321_Hard_Coded_Cryptographic_Key__w32_char_06.c
  CWE321_Hard_Coded_Cryptographic_Key__w32_char_05.c
  CWE321_Hard_Coded_Cryptographic_Key__w32_char_04.c
  CWE321_Hard_Coded_Cryptographic_Key__w32_char_03.c
  CWE321_Hard_Coded_Cryptographic_Key__w32_char_02.c
  CWE321_Hard_Coded_Cryptographic_Key__w32_char_01.c
  io.c
  코드를 생성하고 있습니다...
Debug\CWE321_Hard_Coded_Cryptographic_Key__w32_char_01.obj : warning LNK4042: 개체가 두 번 이상 지정되었습니다. 나머지는 무시됩니다.
  CWE321_Hard_Coded_Cryptographic_Key.vcxproj -> C:\git\romeo\c\Debug\CWE321_Hard_Coded_Cryptographic_Key.exe
