c:\git\romeo\c\cwe321_hard_coded_cryptographic_key\debug\vc141.pdb
c:\git\romeo\c\cwe321_hard_coded_cryptographic_key\debug\vc141.idb
c:\git\romeo\c\cwe321_hard_coded_cryptographic_key\debug\cwe321_hard_coded_cryptographic_key__w32_char_62a.obj
c:\git\romeo\c\cwe321_hard_coded_cryptographic_key\debug\cwe321_hard_coded_cryptographic_key__w32_char_62b.obj
c:\git\romeo\c\cwe321_hard_coded_cryptographic_key\debug\cwe321_hard_coded_cryptographic_key__w32_char_72a.obj
c:\git\romeo\c\cwe321_hard_coded_cryptographic_key\debug\cwe321_hard_coded_cryptographic_key__w32_char_72b.obj
c:\git\romeo\c\cwe321_hard_coded_cryptographic_key\debug\cwe321_hard_coded_cryptographic_key__w32_char_73a.obj
c:\git\romeo\c\cwe321_hard_coded_cryptographic_key\debug\cwe321_hard_coded_cryptographic_key__w32_char_73b.obj
c:\git\romeo\c\cwe321_hard_coded_cryptographic_key\debug\cwe321_hard_coded_cryptographic_key__w32_char_74a.obj
c:\git\romeo\c\cwe321_hard_coded_cryptographic_key\debug\cwe321_hard_coded_cryptographic_key__w32_char_74b.obj
c:\git\romeo\c\cwe321_hard_coded_cryptographic_key\debug\cwe321_hard_coded_cryptographic_key__w32_char_81a.obj
c:\git\romeo\c\cwe321_hard_coded_cryptographic_key\debug\cwe321_hard_coded_cryptographic_key__w32_char_81_bad.obj
c:\git\romeo\c\cwe321_hard_coded_cryptographic_key\debug\cwe321_hard_coded_cryptographic_key__w32_char_81_goodg2b.obj
c:\git\romeo\c\cwe321_hard_coded_cryptographic_key\debug\cwe321_hard_coded_cryptographic_key__w32_char_82a.obj
c:\git\romeo\c\cwe321_hard_coded_cryptographic_key\debug\cwe321_hard_coded_cryptographic_key__w32_char_82_bad.obj
c:\git\romeo\c\cwe321_hard_coded_cryptographic_key\debug\cwe321_hard_coded_cryptographic_key__w32_char_82_goodg2b.obj
c:\git\romeo\c\cwe321_hard_coded_cryptographic_key\debug\cwe321_hard_coded_cryptographic_key__w32_char_83a.obj
c:\git\romeo\c\cwe321_hard_coded_cryptographic_key\debug\cwe321_hard_coded_cryptographic_key__w32_char_83_bad.obj
c:\git\romeo\c\cwe321_hard_coded_cryptographic_key\debug\cwe321_hard_coded_cryptographic_key__w32_char_83_goodg2b.obj
c:\git\romeo\c\cwe321_hard_coded_cryptographic_key\debug\cwe321_hard_coded_cryptographic_key__w32_char_84a.obj
c:\git\romeo\c\cwe321_hard_coded_cryptographic_key\debug\cwe321_hard_coded_cryptographic_key__w32_char_84_bad.obj
c:\git\romeo\c\cwe321_hard_coded_cryptographic_key\debug\cwe321_hard_coded_cryptographic_key__w32_char_84_goodg2b.obj
c:\git\romeo\c\cwe321_hard_coded_cryptographic_key\debug\fake_main.obj
c:\git\romeo\c\cwe321_hard_coded_cryptographic_key\debug\cwe321_hard_coded_cryptographic_key__w32_char_33.obj
c:\git\romeo\c\cwe321_hard_coded_cryptographic_key\debug\cwe321_hard_coded_cryptographic_key__w32_char_43.obj
c:\users\juho\appdata\local\microsoft\vscommon\15.0\sqm\vctoolstelemetry.dat
c:\git\romeo\c\cwe321_hard_coded_cryptographic_key\debug\cwe321_hard_coded_cryptographic_key__w32_char_54b.obj
c:\git\romeo\c\cwe321_hard_coded_cryptographic_key\debug\cwe321_hard_coded_cryptographic_key__w32_char_54c.obj
c:\git\romeo\c\cwe321_hard_coded_cryptographic_key\debug\cwe321_hard_coded_cryptographic_key__w32_char_54d.obj
c:\git\romeo\c\cwe321_hard_coded_cryptographic_key\debug\cwe321_hard_coded_cryptographic_key__w32_char_54e.obj
c:\git\romeo\c\cwe321_hard_coded_cryptographic_key\debug\cwe321_hard_coded_cryptographic_key__w32_char_61a.obj
c:\git\romeo\c\cwe321_hard_coded_cryptographic_key\debug\cwe321_hard_coded_cryptographic_key__w32_char_61b.obj
c:\git\romeo\c\cwe321_hard_coded_cryptographic_key\debug\cwe321_hard_coded_cryptographic_key__w32_char_63a.obj
c:\git\romeo\c\cwe321_hard_coded_cryptographic_key\debug\cwe321_hard_coded_cryptographic_key__w32_char_63b.obj
c:\git\romeo\c\cwe321_hard_coded_cryptographic_key\debug\cwe321_hard_coded_cryptographic_key__w32_char_64a.obj
c:\git\romeo\c\cwe321_hard_coded_cryptographic_key\debug\cwe321_hard_coded_cryptographic_key__w32_char_64b.obj
c:\git\romeo\c\cwe321_hard_coded_cryptographic_key\debug\cwe321_hard_coded_cryptographic_key__w32_char_65a.obj
c:\git\romeo\c\cwe321_hard_coded_cryptographic_key\debug\cwe321_hard_coded_cryptographic_key__w32_char_65b.obj
c:\git\romeo\c\cwe321_hard_coded_cryptographic_key\debug\cwe321_hard_coded_cryptographic_key__w32_char_66a.obj
c:\git\romeo\c\cwe321_hard_coded_cryptographic_key\debug\cwe321_hard_coded_cryptographic_key__w32_char_66b.obj
c:\git\romeo\c\cwe321_hard_coded_cryptographic_key\debug\cwe321_hard_coded_cryptographic_key__w32_char_67a.obj
c:\git\romeo\c\cwe321_hard_coded_cryptographic_key\debug\cwe321_hard_coded_cryptographic_key__w32_char_67b.obj
c:\git\romeo\c\cwe321_hard_coded_cryptographic_key\debug\cwe321_hard_coded_cryptographic_key__w32_char_68a.obj
c:\git\romeo\c\cwe321_hard_coded_cryptographic_key\debug\cwe321_hard_coded_cryptographic_key__w32_char_68b.obj
c:\git\romeo\c\cwe321_hard_coded_cryptographic_key\debug\cwe321_hard_coded_cryptographic_key__w32_char_01.obj
c:\git\romeo\c\cwe321_hard_coded_cryptographic_key\debug\cwe321_hard_coded_cryptographic_key__w32_wchar_t_01.obj
c:\users\juho\appdata\local\temp\{e57387f7-3bfb-4f61-8ee7-1d9b8ce11b16}
c:\git\romeo\c\cwe321_hard_coded_cryptographic_key\debug\cwe321_h.f5d21c97.tlog\cl.command.1.tlog
c:\git\romeo\c\cwe321_hard_coded_cryptographic_key\debug\cwe321_h.f5d21c97.tlog\cl.read.1.tlog
c:\git\romeo\c\cwe321_hard_coded_cryptographic_key\debug\cwe321_h.f5d21c97.tlog\cl.write.1.tlog
