c:\users\robert\documents\visual studio 2015\projects\codemind_test\cwe253_incorrect_check_of_function_return_value\debug\vc140.pdb
c:\users\robert\documents\visual studio 2015\projects\codemind_test\cwe253_incorrect_check_of_function_return_value\debug\vc140.idb
c:\users\robert\documents\visual studio 2015\projects\codemind_test\cwe253_incorrect_check_of_function_return_value\debug\fake_main.obj
c:\users\robert\documents\visual studio 2015\projects\codemind_test\cwe253_incorrect_check_of_function_return_value\debug\cwe253_incorrect_check_of_function_return_value__char_w32createmutex_07.obj
c:\users\robert\documents\visual studio 2015\projects\codemind_test\cwe253_incorrect_check_of_function_return_value\debug\cwe253_incorrect_check_of_function_return_value__char_w32createmutex_08.obj
c:\users\robert\documents\visual studio 2015\projects\codemind_test\cwe253_incorrect_check_of_function_return_value\debug\cwe253_incorrect_check_of_function_return_value__char_w32createmutex_09.obj
c:\users\robert\documents\visual studio 2015\projects\codemind_test\cwe253_incorrect_check_of_function_return_value\debug\cwe253_incorrect_check_of_function_return_value__char_w32createmutex_10.obj
c:\users\robert\documents\visual studio 2015\projects\codemind_test\cwe253_incorrect_check_of_function_return_value\debug\cwe253_incorrect_check_of_function_return_value__char_w32createmutex_11.obj
c:\users\robert\documents\visual studio 2015\projects\codemind_test\cwe253_incorrect_check_of_function_return_value\debug\cwe253_incorrect_check_of_function_return_value__char_w32createmutex_12.obj
c:\users\robert\documents\visual studio 2015\projects\codemind_test\cwe253_incorrect_check_of_function_return_value\debug\cwe253_incorrect_check_of_function_return_value__char_w32createmutex_13.obj
c:\users\robert\documents\visual studio 2015\projects\codemind_test\cwe253_incorrect_check_of_function_return_value\debug\cwe253_incorrect_check_of_function_return_value__char_w32createmutex_14.obj
c:\users\robert\documents\visual studio 2015\projects\codemind_test\cwe253_incorrect_check_of_function_return_value\debug\cwe253_incorrect_check_of_function_return_value__char_w32createmutex_15.obj
c:\users\robert\documents\visual studio 2015\projects\codemind_test\cwe253_incorrect_check_of_function_return_value\debug\cwe253_incorrect_check_of_function_return_value__char_w32createmutex_16.obj
c:\users\robert\documents\visual studio 2015\projects\codemind_test\cwe253_incorrect_check_of_function_return_value\debug\cwe253_incorrect_check_of_function_return_value__char_w32createmutex_17.obj
c:\users\robert\documents\visual studio 2015\projects\codemind_test\cwe253_incorrect_check_of_function_return_value\debug\cwe253_incorrect_check_of_function_return_value__char_w32createmutex_18.obj
c:\users\robert\documents\visual studio 2015\projects\codemind_test\cwe253_incorrect_check_of_function_return_value\debug\cwe253_incorrect_check_of_function_return_value__char_w32createmutex_01.obj
c:\users\robert\documents\visual studio 2015\projects\codemind_test\cwe253_incorrect_check_of_function_return_value\debug\cwe253_incorrect_check_of_function_return_value__char_w32createnamedpipe_01.obj
c:\users\robert\documents\visual studio 2015\projects\codemind_test\cwe253_incorrect_check_of_function_return_value\debug\cwe253_incorrect_check_of_function_return_value__char_w32impersonatenamedpipeclient_01.obj
c:\users\robert\documents\visual studio 2015\projects\codemind_test\cwe253_incorrect_check_of_function_return_value\debug\cwe253_incorrect_check_of_function_return_value__w32_impersonateself_01.obj
c:\users\robert\documents\visual studio 2015\projects\codemind_test\cwe253_incorrect_check_of_function_return_value\debug\cwe253_incorrect_check_of_function_return_value__w32_rpcimpersonateclient_01.obj
c:\users\robert\documents\visual studio 2015\projects\codemind_test\cwe253_incorrect_check_of_function_return_value\debug\cwe253_incorrect_check_of_function_return_value__wchar_t_w32createmutex_01.obj
c:\users\robert\documents\visual studio 2015\projects\codemind_test\cwe253_incorrect_check_of_function_return_value\debug\cwe253_incorrect_check_of_function_return_value__wchar_t_w32createnamedpipe_01.obj
c:\users\robert\documents\visual studio 2015\projects\codemind_test\cwe253_incorrect_check_of_function_return_value\debug\cwe253_incorrect_check_of_function_return_value__wchar_t_w32impersonatenamedpipeclient_01.obj
c:\users\robert\documents\visual studio 2015\projects\codemind_test\cwe253_incorrect_check_of_function_return_value\debug\cwe253_incorrect_check_of_function_return_value__wchar_t_fprintf_01.obj
c:\users\robert\documents\visual studio 2015\projects\codemind_test\cwe253_incorrect_check_of_function_return_value\debug\cwe253_incorrect_check_of_function_return_value__wchar_t_fputc_01.obj
c:\users\robert\documents\visual studio 2015\projects\codemind_test\cwe253_incorrect_check_of_function_return_value\debug\cwe253_incorrect_check_of_function_return_value__wchar_t_fputs_01.obj
c:\users\robert\documents\visual studio 2015\projects\codemind_test\cwe253_incorrect_check_of_function_return_value\debug\cwe253_incorrect_check_of_function_return_value__wchar_t_fread_01.obj
c:\users\robert\documents\visual studio 2015\projects\codemind_test\cwe253_incorrect_check_of_function_return_value\debug\cwe253_incorrect_check_of_function_return_value__wchar_t_fscanf_01.obj
c:\users\robert\documents\visual studio 2015\projects\codemind_test\cwe253_incorrect_check_of_function_return_value\debug\cwe253_incorrect_check_of_function_return_value__wchar_t_fwrite_01.obj
c:\users\robert\documents\visual studio 2015\projects\codemind_test\cwe253_incorrect_check_of_function_return_value\debug\cwe253_incorrect_check_of_function_return_value__wchar_t_putchar_01.obj
c:\users\robert\documents\visual studio 2015\projects\codemind_test\cwe253_incorrect_check_of_function_return_value\debug\cwe253_incorrect_check_of_function_return_value__wchar_t_putc_01.obj
c:\users\robert\documents\visual studio 2015\projects\codemind_test\cwe253_incorrect_check_of_function_return_value\debug\cwe253_incorrect_check_of_function_return_value__wchar_t_puts_01.obj
c:\users\robert\documents\visual studio 2015\projects\codemind_test\cwe253_incorrect_check_of_function_return_value\debug\cwe253_incorrect_check_of_function_return_value__wchar_t_remove_01.obj
c:\users\robert\documents\visual studio 2015\projects\codemind_test\cwe253_incorrect_check_of_function_return_value\debug\cwe253_incorrect_check_of_function_return_value__wchar_t_rename_01.obj
c:\users\robert\documents\visual studio 2015\projects\codemind_test\cwe253_incorrect_check_of_function_return_value\debug\cwe253_incorrect_check_of_function_return_value__wchar_t_scanf_01.obj
c:\users\robert\documents\visual studio 2015\projects\codemind_test\cwe253_incorrect_check_of_function_return_value\debug\cwe253_incorrect_check_of_function_return_value__wchar_t_snprintf_01.obj
c:\users\robert\documents\visual studio 2015\projects\codemind_test\cwe253_incorrect_check_of_function_return_value\debug\cwe253_incorrect_check_of_function_return_value__wchar_t_sscanf_01.obj
c:\users\robert\documents\visual studio 2015\projects\codemind_test\cwe253_incorrect_check_of_function_return_value\debug\cwe253_incorrect_check_of_function_return_value__char_w32createmutex_02.obj
c:\users\robert\documents\visual studio 2015\projects\codemind_test\cwe253_incorrect_check_of_function_return_value\debug\cwe253_incorrect_check_of_function_return_value__char_w32createmutex_03.obj
c:\users\robert\documents\visual studio 2015\projects\codemind_test\cwe253_incorrect_check_of_function_return_value\debug\cwe253_incorrect_check_of_function_return_value__char_w32createmutex_04.obj
c:\users\robert\documents\visual studio 2015\projects\codemind_test\cwe253_incorrect_check_of_function_return_value\debug\cwe253_incorrect_check_of_function_return_value__char_w32createmutex_05.obj
c:\users\robert\documents\visual studio 2015\projects\codemind_test\cwe253_incorrect_check_of_function_return_value\debug\cwe253_incorrect_check_of_function_return_value__char_w32createmutex_06.obj
c:\users\robert\documents\visual studio 2015\projects\codemind_test\cwe253_incorrect_check_of_function_return_value\debug\cwe253_incorrect_check_of_function_return_value__char_fgets_15.obj
c:\users\robert\documents\visual studio 2015\projects\codemind_test\cwe253_incorrect_check_of_function_return_value\debug\cwe253_incorrect_check_of_function_return_value__char_fgets_16.obj
c:\users\robert\documents\visual studio 2015\projects\codemind_test\cwe253_incorrect_check_of_function_return_value\debug\cwe253_incorrect_check_of_function_return_value__char_fgets_17.obj
c:\users\robert\documents\visual studio 2015\projects\codemind_test\cwe253_incorrect_check_of_function_return_value\debug\cwe253_incorrect_check_of_function_return_value__char_fgets_18.obj
c:\users\robert\documents\visual studio 2015\projects\codemind_test\cwe253_incorrect_check_of_function_return_value\debug\cwe253_incorrect_check_of_function_return_value__char_fgets_01.obj
c:\users\robert\documents\visual studio 2015\projects\codemind_test\cwe253_incorrect_check_of_function_return_value\debug\cwe253_incorrect_check_of_function_return_value__char_fprintf_01.obj
c:\users\robert\documents\visual studio 2015\projects\codemind_test\cwe253_incorrect_check_of_function_return_value\debug\cwe253_incorrect_check_of_function_return_value__char_fputc_01.obj
c:\users\robert\documents\visual studio 2015\projects\codemind_test\cwe253_incorrect_check_of_function_return_value\debug\cwe253_incorrect_check_of_function_return_value__char_fputs_01.obj
c:\users\robert\documents\visual studio 2015\projects\codemind_test\cwe253_incorrect_check_of_function_return_value\debug\cwe253_incorrect_check_of_function_return_value__char_fread_01.obj
c:\users\robert\documents\visual studio 2015\projects\codemind_test\cwe253_incorrect_check_of_function_return_value\debug\cwe253_incorrect_check_of_function_return_value__char_fscanf_01.obj
c:\users\robert\documents\visual studio 2015\projects\codemind_test\cwe253_incorrect_check_of_function_return_value\debug\cwe253_incorrect_check_of_function_return_value__char_fwrite_01.obj
c:\users\robert\documents\visual studio 2015\projects\codemind_test\cwe253_incorrect_check_of_function_return_value\debug\cwe253_incorrect_check_of_function_return_value__char_putchar_01.obj
c:\users\robert\documents\visual studio 2015\projects\codemind_test\cwe253_incorrect_check_of_function_return_value\debug\cwe253_incorrect_check_of_function_return_value__char_putc_01.obj
c:\users\robert\documents\visual studio 2015\projects\codemind_test\cwe253_incorrect_check_of_function_return_value\debug\cwe253_incorrect_check_of_function_return_value__char_puts_01.obj
c:\users\robert\documents\visual studio 2015\projects\codemind_test\cwe253_incorrect_check_of_function_return_value\debug\cwe253_incorrect_check_of_function_return_value__char_remove_01.obj
c:\users\robert\documents\visual studio 2015\projects\codemind_test\cwe253_incorrect_check_of_function_return_value\debug\cwe253_incorrect_check_of_function_return_value__char_rename_01.obj
c:\users\robert\documents\visual studio 2015\projects\codemind_test\cwe253_incorrect_check_of_function_return_value\debug\cwe253_incorrect_check_of_function_return_value__char_scanf_01.obj
c:\users\robert\documents\visual studio 2015\projects\codemind_test\cwe253_incorrect_check_of_function_return_value\debug\cwe253_incorrect_check_of_function_return_value__char_snprintf_01.obj
c:\users\robert\documents\visual studio 2015\projects\codemind_test\cwe253_incorrect_check_of_function_return_value\debug\cwe253_incorrect_check_of_function_return_value__char_sscanf_01.obj
c:\users\robert\documents\visual studio 2015\projects\codemind_test\cwe253_incorrect_check_of_function_return_value\debug\cwe253_incorrect_check_of_function_return_value__wchar_t_fgets_01.obj
c:\users\robert\documents\visual studio 2015\projects\codemind_test\cwe253_incorrect_check_of_function_return_value\debug\io.obj
c:\users\robert\documents\visual studio 2015\projects\codemind_test\cwe253_incorrect_check_of_function_return_value\debug\cwe253_incorrect_check_of_function_return_value__char_fgets_02.obj
c:\users\robert\documents\visual studio 2015\projects\codemind_test\cwe253_incorrect_check_of_function_return_value\debug\cwe253_incorrect_check_of_function_return_value__char_fgets_03.obj
c:\users\robert\documents\visual studio 2015\projects\codemind_test\cwe253_incorrect_check_of_function_return_value\debug\cwe253_incorrect_check_of_function_return_value__char_fgets_04.obj
c:\users\robert\documents\visual studio 2015\projects\codemind_test\cwe253_incorrect_check_of_function_return_value\debug\cwe253_incorrect_check_of_function_return_value__char_fgets_05.obj
c:\users\robert\documents\visual studio 2015\projects\codemind_test\cwe253_incorrect_check_of_function_return_value\debug\cwe253_incorrect_check_of_function_return_value__char_fgets_06.obj
c:\users\robert\documents\visual studio 2015\projects\codemind_test\cwe253_incorrect_check_of_function_return_value\debug\cwe253_incorrect_check_of_function_return_value__char_fgets_07.obj
c:\users\robert\documents\visual studio 2015\projects\codemind_test\cwe253_incorrect_check_of_function_return_value\debug\cwe253_incorrect_check_of_function_return_value__char_fgets_08.obj
c:\users\robert\documents\visual studio 2015\projects\codemind_test\cwe253_incorrect_check_of_function_return_value\debug\cwe253_incorrect_check_of_function_return_value__char_fgets_09.obj
c:\users\robert\documents\visual studio 2015\projects\codemind_test\cwe253_incorrect_check_of_function_return_value\debug\cwe253_incorrect_check_of_function_return_value__char_fgets_10.obj
c:\users\robert\documents\visual studio 2015\projects\codemind_test\cwe253_incorrect_check_of_function_return_value\debug\cwe253_incorrect_check_of_function_return_value__char_fgets_11.obj
c:\users\robert\documents\visual studio 2015\projects\codemind_test\cwe253_incorrect_check_of_function_return_value\debug\cwe253_incorrect_check_of_function_return_value__char_fgets_12.obj
c:\users\robert\documents\visual studio 2015\projects\codemind_test\cwe253_incorrect_check_of_function_return_value\debug\cwe253_incorrect_check_of_function_return_value__char_fgets_13.obj
c:\users\robert\documents\visual studio 2015\projects\codemind_test\cwe253_incorrect_check_of_function_return_value\debug\cwe253_incorrect_check_of_function_return_value__char_fgets_14.obj
c:\users\robert\documents\visual studio 2015\projects\codemind_test\debug\cwe253_incorrect_check_of_function_return_value.ilk
c:\users\robert\documents\visual studio 2015\projects\codemind_test\debug\cwe253_incorrect_check_of_function_return_value.exe
c:\users\robert\documents\visual studio 2015\projects\codemind_test\debug\cwe253_incorrect_check_of_function_return_value.pdb
c:\users\robert\documents\visual studio 2015\projects\codemind_test\cwe253_incorrect_check_of_function_return_value\debug\cwe253_i.f5d86858.tlog\cl.command.1.tlog
c:\users\robert\documents\visual studio 2015\projects\codemind_test\cwe253_incorrect_check_of_function_return_value\debug\cwe253_i.f5d86858.tlog\cl.read.1.tlog
c:\users\robert\documents\visual studio 2015\projects\codemind_test\cwe253_incorrect_check_of_function_return_value\debug\cwe253_i.f5d86858.tlog\cl.write.1.tlog
c:\users\robert\documents\visual studio 2015\projects\codemind_test\cwe253_incorrect_check_of_function_return_value\debug\cwe253_i.f5d86858.tlog\link.command.1.tlog
c:\users\robert\documents\visual studio 2015\projects\codemind_test\cwe253_incorrect_check_of_function_return_value\debug\cwe253_i.f5d86858.tlog\link.read.1.tlog
c:\users\robert\documents\visual studio 2015\projects\codemind_test\cwe253_incorrect_check_of_function_return_value\debug\cwe253_i.f5d86858.tlog\link.write.1.tlog
