C:\Program Files (x86)\Microsoft Visual Studio\2017\Community\Common7\IDE\VC\VCTargets\Microsoft.CppBuild.targets(937,5): warning MSB8027: 이름이 CWE253_Incorrect_Check_of_Function_Return_Value__char_fgets_01.c인 둘 이상의 파일이 같은 위치에 출력을 생성합니다. 이로 인해 잘못된 빌드 결과가 나타날 수 있습니다.  관련된 파일은 m00\CWE253_Incorrect_Check_of_Function_Return_Value__char_fgets_01.c, m01\CWE253_Incorrect_Check_of_Function_Return_Value__char_fgets_01.c입니다.
C:\Program Files (x86)\Microsoft Visual Studio\2017\Community\Common7\IDE\VC\VCTargets\Microsoft.CppBuild.targets(937,5): warning MSB8027: 이름이 CWE253_Incorrect_Check_of_Function_Return_Value__char_w32CreateMutex_01.c인 둘 이상의 파일이 같은 위치에 출력을 생성합니다. 이로 인해 잘못된 빌드 결과가 나타날 수 있습니다.  관련된 파일은 m10\CWE253_Incorrect_Check_of_Function_Return_Value__char_w32CreateMutex_01.c, m11\CWE253_Incorrect_Check_of_Function_Return_Value__char_w32CreateMutex_01.c입니다.
  fake_main.cpp
  CWE253_Incorrect_Check_of_Function_Return_Value__wchar_t_w32ImpersonateNamedPipeClient_01.c
  CWE253_Incorrect_Check_of_Function_Return_Value__wchar_t_w32CreateNamedPipe_01.c
  CWE253_Incorrect_Check_of_Function_Return_Value__wchar_t_w32CreateMutex_01.c
  CWE253_Incorrect_Check_of_Function_Return_Value__w32_RpcImpersonateClient_01.c
  CWE253_Incorrect_Check_of_Function_Return_Value__w32_ImpersonateSelf_01.c
  CWE253_Incorrect_Check_of_Function_Return_Value__char_w32ImpersonateNamedPipeClient_01.c
  CWE253_Incorrect_Check_of_Function_Return_Value__char_w32CreateNamedPipe_01.c
  CWE253_Incorrect_Check_of_Function_Return_Value__char_w32CreateMutex_01.c
  CWE253_Incorrect_Check_of_Function_Return_Value__char_w32CreateMutex_18.c
  CWE253_Incorrect_Check_of_Function_Return_Value__char_w32CreateMutex_17.c
  CWE253_Incorrect_Check_of_Function_Return_Value__char_w32CreateMutex_16.c
  CWE253_Incorrect_Check_of_Function_Return_Value__char_w32CreateMutex_15.c
  CWE253_Incorrect_Check_of_Function_Return_Value__char_w32CreateMutex_14.c
  CWE253_Incorrect_Check_of_Function_Return_Value__char_w32CreateMutex_13.c
  CWE253_Incorrect_Check_of_Function_Return_Value__char_w32CreateMutex_12.c
  CWE253_Incorrect_Check_of_Function_Return_Value__char_w32CreateMutex_11.c
  CWE253_Incorrect_Check_of_Function_Return_Value__char_w32CreateMutex_10.c
  CWE253_Incorrect_Check_of_Function_Return_Value__char_w32CreateMutex_09.c
  CWE253_Incorrect_Check_of_Function_Return_Value__char_w32CreateMutex_08.c
  CWE253_Incorrect_Check_of_Function_Return_Value__char_w32CreateMutex_07.c
  코드를 생성하고 있습니다...
  컴파일하고 있습니다...
  CWE253_Incorrect_Check_of_Function_Return_Value__char_w32CreateMutex_06.c
  CWE253_Incorrect_Check_of_Function_Return_Value__char_w32CreateMutex_05.c
  CWE253_Incorrect_Check_of_Function_Return_Value__char_w32CreateMutex_04.c
  CWE253_Incorrect_Check_of_Function_Return_Value__char_w32CreateMutex_03.c
  CWE253_Incorrect_Check_of_Function_Return_Value__char_w32CreateMutex_02.c
  CWE253_Incorrect_Check_of_Function_Return_Value__char_w32CreateMutex_01.c
  CWE253_Incorrect_Check_of_Function_Return_Value__wchar_t_sscanf_01.c
  CWE253_Incorrect_Check_of_Function_Return_Value__wchar_t_snprintf_01.c
  CWE253_Incorrect_Check_of_Function_Return_Value__wchar_t_scanf_01.c
  CWE253_Incorrect_Check_of_Function_Return_Value__wchar_t_rename_01.c
  CWE253_Incorrect_Check_of_Function_Return_Value__wchar_t_remove_01.c
  CWE253_Incorrect_Check_of_Function_Return_Value__wchar_t_puts_01.c
  CWE253_Incorrect_Check_of_Function_Return_Value__wchar_t_putc_01.c
  CWE253_Incorrect_Check_of_Function_Return_Value__wchar_t_putchar_01.c
  CWE253_Incorrect_Check_of_Function_Return_Value__wchar_t_fwrite_01.c
  CWE253_Incorrect_Check_of_Function_Return_Value__wchar_t_fscanf_01.c
  CWE253_Incorrect_Check_of_Function_Return_Value__wchar_t_fread_01.c
  CWE253_Incorrect_Check_of_Function_Return_Value__wchar_t_fputs_01.c
  CWE253_Incorrect_Check_of_Function_Return_Value__wchar_t_fputc_01.c
  CWE253_Incorrect_Check_of_Function_Return_Value__wchar_t_fprintf_01.c
  코드를 생성하고 있습니다...
  컴파일하고 있습니다...
  CWE253_Incorrect_Check_of_Function_Return_Value__wchar_t_fgets_01.c
  CWE253_Incorrect_Check_of_Function_Return_Value__char_sscanf_01.c
  CWE253_Incorrect_Check_of_Function_Return_Value__char_snprintf_01.c
  CWE253_Incorrect_Check_of_Function_Return_Value__char_scanf_01.c
  CWE253_Incorrect_Check_of_Function_Return_Value__char_rename_01.c
  CWE253_Incorrect_Check_of_Function_Return_Value__char_remove_01.c
  CWE253_Incorrect_Check_of_Function_Return_Value__char_puts_01.c
  CWE253_Incorrect_Check_of_Function_Return_Value__char_putc_01.c
  CWE253_Incorrect_Check_of_Function_Return_Value__char_putchar_01.c
  CWE253_Incorrect_Check_of_Function_Return_Value__char_fwrite_01.c
  CWE253_Incorrect_Check_of_Function_Return_Value__char_fscanf_01.c
  CWE253_Incorrect_Check_of_Function_Return_Value__char_fread_01.c
  CWE253_Incorrect_Check_of_Function_Return_Value__char_fputs_01.c
  CWE253_Incorrect_Check_of_Function_Return_Value__char_fputc_01.c
  CWE253_Incorrect_Check_of_Function_Return_Value__char_fprintf_01.c
  CWE253_Incorrect_Check_of_Function_Return_Value__char_fgets_01.c
  CWE253_Incorrect_Check_of_Function_Return_Value__char_fgets_18.c
  CWE253_Incorrect_Check_of_Function_Return_Value__char_fgets_17.c
  CWE253_Incorrect_Check_of_Function_Return_Value__char_fgets_16.c
  CWE253_Incorrect_Check_of_Function_Return_Value__char_fgets_15.c
  코드를 생성하고 있습니다...
  컴파일하고 있습니다...
  CWE253_Incorrect_Check_of_Function_Return_Value__char_fgets_14.c
  CWE253_Incorrect_Check_of_Function_Return_Value__char_fgets_13.c
  CWE253_Incorrect_Check_of_Function_Return_Value__char_fgets_12.c
  CWE253_Incorrect_Check_of_Function_Return_Value__char_fgets_11.c
  CWE253_Incorrect_Check_of_Function_Return_Value__char_fgets_10.c
  CWE253_Incorrect_Check_of_Function_Return_Value__char_fgets_09.c
  CWE253_Incorrect_Check_of_Function_Return_Value__char_fgets_08.c
  CWE253_Incorrect_Check_of_Function_Return_Value__char_fgets_07.c
  CWE253_Incorrect_Check_of_Function_Return_Value__char_fgets_06.c
  CWE253_Incorrect_Check_of_Function_Return_Value__char_fgets_05.c
  CWE253_Incorrect_Check_of_Function_Return_Value__char_fgets_04.c
  CWE253_Incorrect_Check_of_Function_Return_Value__char_fgets_03.c
  CWE253_Incorrect_Check_of_Function_Return_Value__char_fgets_02.c
  CWE253_Incorrect_Check_of_Function_Return_Value__char_fgets_01.c
  io.c
  코드를 생성하고 있습니다...
Debug\CWE253_Incorrect_Check_of_Function_Return_Value__char_fgets_01.obj : warning LNK4042: 개체가 두 번 이상 지정되었습니다. 나머지는 무시됩니다.
Debug\CWE253_Incorrect_Check_of_Function_Return_Value__char_w32CreateMutex_01.obj : warning LNK4042: 개체가 두 번 이상 지정되었습니다. 나머지는 무시됩니다.
  CWE253_Incorrect_Check_of_Function_Return_Value.vcxproj -> C:\git\romeo\c\Debug\CWE253_Incorrect_Check_of_Function_Return_Value.exe
