c:\git\romeo\c\cwe780_use_of_rsa_algorithm_without_oaep\debug\vc141.pdb
c:\git\romeo\c\cwe780_use_of_rsa_algorithm_without_oaep\debug\vc141.idb
c:\git\romeo\c\cwe780_use_of_rsa_algorithm_without_oaep\debug\fake_main.obj
c:\git\romeo\c\cwe780_use_of_rsa_algorithm_without_oaep\debug\io.obj
c:\git\romeo\c\cwe780_use_of_rsa_algorithm_without_oaep\debug\cwe780_use_of_rsa_algorithm_without_oaep__w32_01.obj
c:\git\romeo\c\cwe780_use_of_rsa_algorithm_without_oaep\debug\cwe780_use_of_rsa_algorithm_without_oaep__w32_02.obj
c:\git\romeo\c\cwe780_use_of_rsa_algorithm_without_oaep\debug\cwe780_use_of_rsa_algorithm_without_oaep__w32_03.obj
c:\git\romeo\c\cwe780_use_of_rsa_algorithm_without_oaep\debug\cwe780_use_of_rsa_algorithm_without_oaep__w32_04.obj
c:\git\romeo\c\cwe780_use_of_rsa_algorithm_without_oaep\debug\cwe780_use_of_rsa_algorithm_without_oaep__w32_05.obj
c:\git\romeo\c\cwe780_use_of_rsa_algorithm_without_oaep\debug\cwe780_use_of_rsa_algorithm_without_oaep__w32_06.obj
c:\git\romeo\c\cwe780_use_of_rsa_algorithm_without_oaep\debug\cwe780_use_of_rsa_algorithm_without_oaep__w32_07.obj
c:\git\romeo\c\cwe780_use_of_rsa_algorithm_without_oaep\debug\cwe780_use_of_rsa_algorithm_without_oaep__w32_08.obj
c:\git\romeo\c\cwe780_use_of_rsa_algorithm_without_oaep\debug\cwe780_use_of_rsa_algorithm_without_oaep__w32_09.obj
c:\git\romeo\c\cwe780_use_of_rsa_algorithm_without_oaep\debug\cwe780_use_of_rsa_algorithm_without_oaep__w32_10.obj
c:\git\romeo\c\cwe780_use_of_rsa_algorithm_without_oaep\debug\cwe780_use_of_rsa_algorithm_without_oaep__w32_11.obj
c:\git\romeo\c\cwe780_use_of_rsa_algorithm_without_oaep\debug\cwe780_use_of_rsa_algorithm_without_oaep__w32_12.obj
c:\git\romeo\c\cwe780_use_of_rsa_algorithm_without_oaep\debug\cwe780_use_of_rsa_algorithm_without_oaep__w32_13.obj
c:\git\romeo\c\cwe780_use_of_rsa_algorithm_without_oaep\debug\cwe780_use_of_rsa_algorithm_without_oaep__w32_14.obj
c:\git\romeo\c\cwe780_use_of_rsa_algorithm_without_oaep\debug\cwe780_use_of_rsa_algorithm_without_oaep__w32_15.obj
c:\git\romeo\c\cwe780_use_of_rsa_algorithm_without_oaep\debug\cwe780_use_of_rsa_algorithm_without_oaep__w32_16.obj
c:\git\romeo\c\cwe780_use_of_rsa_algorithm_without_oaep\debug\cwe780_use_of_rsa_algorithm_without_oaep__w32_17.obj
c:\git\romeo\c\cwe780_use_of_rsa_algorithm_without_oaep\debug\cwe780_use_of_rsa_algorithm_without_oaep__w32_18.obj
c:\git\romeo\c\debug\cwe780_use_of_rsa_algorithm_without_oaep.ilk
c:\git\romeo\c\debug\cwe780_use_of_rsa_algorithm_without_oaep.exe
c:\git\romeo\c\debug\cwe780_use_of_rsa_algorithm_without_oaep.pdb
c:\git\romeo\c\cwe780_use_of_rsa_algorithm_without_oaep\debug\cwe780_u.7e554915.tlog\cl.command.1.tlog
c:\git\romeo\c\cwe780_use_of_rsa_algorithm_without_oaep\debug\cwe780_u.7e554915.tlog\cl.read.1.tlog
c:\git\romeo\c\cwe780_use_of_rsa_algorithm_without_oaep\debug\cwe780_u.7e554915.tlog\cl.write.1.tlog
c:\git\romeo\c\cwe780_use_of_rsa_algorithm_without_oaep\debug\cwe780_u.7e554915.tlog\link.command.1.tlog
c:\git\romeo\c\cwe780_use_of_rsa_algorithm_without_oaep\debug\cwe780_u.7e554915.tlog\link.read.1.tlog
c:\git\romeo\c\cwe780_use_of_rsa_algorithm_without_oaep\debug\cwe780_u.7e554915.tlog\link.write.1.tlog
