  fake_main.cpp
  CWE780_Use_of_RSA_Algorithm_Without_OAEP__w32_18.c
  CWE780_Use_of_RSA_Algorithm_Without_OAEP__w32_17.c
  CWE780_Use_of_RSA_Algorithm_Without_OAEP__w32_16.c
  CWE780_Use_of_RSA_Algorithm_Without_OAEP__w32_15.c
  CWE780_Use_of_RSA_Algorithm_Without_OAEP__w32_14.c
  CWE780_Use_of_RSA_Algorithm_Without_OAEP__w32_13.c
  CWE780_Use_of_RSA_Algorithm_Without_OAEP__w32_12.c
  CWE780_Use_of_RSA_Algorithm_Without_OAEP__w32_11.c
  CWE780_Use_of_RSA_Algorithm_Without_OAEP__w32_10.c
  CWE780_Use_of_RSA_Algorithm_Without_OAEP__w32_09.c
  CWE780_Use_of_RSA_Algorithm_Without_OAEP__w32_08.c
  CWE780_Use_of_RSA_Algorithm_Without_OAEP__w32_07.c
  CWE780_Use_of_RSA_Algorithm_Without_OAEP__w32_06.c
  CWE780_Use_of_RSA_Algorithm_Without_OAEP__w32_05.c
  CWE780_Use_of_RSA_Algorithm_Without_OAEP__w32_04.c
  CWE780_Use_of_RSA_Algorithm_Without_OAEP__w32_03.c
  CWE780_Use_of_RSA_Algorithm_Without_OAEP__w32_02.c
  CWE780_Use_of_RSA_Algorithm_Without_OAEP__w32_01.c
  io.c
  코드를 생성하고 있습니다...
  CWE780_Use_of_RSA_Algorithm_Without_OAEP.vcxproj -> C:\git\romeo\c\Debug\CWE780_Use_of_RSA_Algorithm_Without_OAEP.exe
