c:\git\romeo\c\cwe273_improper_check_for_dropped_privileges\debug\vc141.pdb
c:\git\romeo\c\cwe273_improper_check_for_dropped_privileges\debug\vc141.idb
c:\git\romeo\c\cwe273_improper_check_for_dropped_privileges\debug\fake_main.obj
c:\git\romeo\c\cwe273_improper_check_for_dropped_privileges\debug\cwe273_improper_check_for_dropped_privileges.pdb
c:\git\romeo\c\cwe273_improper_check_for_dropped_privileges\debug\cwe273_improper_check_for_dropped_privileges.idb
c:\git\romeo\c\cwe273_improper_check_for_dropped_privileges\debug\cwe273_improper_check_for_dropped_privileges__w32_impersonatenamedpipeclient_17.obj
c:\git\romeo\c\cwe273_improper_check_for_dropped_privileges\debug\cwe273_improper_check_for_dropped_privileges__w32_impersonatenamedpipeclient_18.obj
c:\git\romeo\c\cwe273_improper_check_for_dropped_privileges\debug\cwe273_improper_check_for_dropped_privileges__w32_rpcimpersonateclient_01.obj
c:\git\romeo\c\cwe273_improper_check_for_dropped_privileges\debug\cwe273_improper_check_for_dropped_privileges__w32_rpcimpersonateclient_02.obj
c:\git\romeo\c\cwe273_improper_check_for_dropped_privileges\debug\cwe273_improper_check_for_dropped_privileges__w32_rpcimpersonateclient_03.obj
c:\git\romeo\c\cwe273_improper_check_for_dropped_privileges\debug\cwe273_improper_check_for_dropped_privileges__w32_rpcimpersonateclient_04.obj
c:\git\romeo\c\cwe273_improper_check_for_dropped_privileges\debug\cwe273_improper_check_for_dropped_privileges__w32_rpcimpersonateclient_05.obj
c:\git\romeo\c\cwe273_improper_check_for_dropped_privileges\debug\cwe273_improper_check_for_dropped_privileges__w32_rpcimpersonateclient_06.obj
c:\git\romeo\c\cwe273_improper_check_for_dropped_privileges\debug\cwe273_improper_check_for_dropped_privileges__w32_rpcimpersonateclient_07.obj
c:\git\romeo\c\cwe273_improper_check_for_dropped_privileges\debug\cwe273_improper_check_for_dropped_privileges__w32_rpcimpersonateclient_08.obj
c:\git\romeo\c\cwe273_improper_check_for_dropped_privileges\debug\cwe273_improper_check_for_dropped_privileges__w32_rpcimpersonateclient_09.obj
c:\git\romeo\c\cwe273_improper_check_for_dropped_privileges\debug\cwe273_improper_check_for_dropped_privileges__w32_rpcimpersonateclient_10.obj
c:\git\romeo\c\cwe273_improper_check_for_dropped_privileges\debug\cwe273_improper_check_for_dropped_privileges__w32_rpcimpersonateclient_11.obj
c:\git\romeo\c\cwe273_improper_check_for_dropped_privileges\debug\cwe273_improper_check_for_dropped_privileges__w32_rpcimpersonateclient_12.obj
c:\git\romeo\c\cwe273_improper_check_for_dropped_privileges\debug\cwe273_improper_check_for_dropped_privileges__w32_rpcimpersonateclient_13.obj
c:\git\romeo\c\cwe273_improper_check_for_dropped_privileges\debug\cwe273_improper_check_for_dropped_privileges__w32_rpcimpersonateclient_14.obj
c:\git\romeo\c\cwe273_improper_check_for_dropped_privileges\debug\cwe273_improper_check_for_dropped_privileges__w32_rpcimpersonateclient_15.obj
c:\git\romeo\c\cwe273_improper_check_for_dropped_privileges\debug\cwe273_improper_check_for_dropped_privileges__w32_rpcimpersonateclient_16.obj
c:\git\romeo\c\cwe273_improper_check_for_dropped_privileges\debug\cwe273_improper_check_for_dropped_privileges__w32_rpcimpersonateclient_17.obj
c:\git\romeo\c\cwe273_improper_check_for_dropped_privileges\debug\cwe273_improper_check_for_dropped_privileges__w32_rpcimpersonateclient_18.obj
c:\git\romeo\c\cwe273_improper_check_for_dropped_privileges\debug\io.obj
c:\git\romeo\c\cwe273_improper_check_for_dropped_privileges\debug\cwe273_improper_check_for_dropped_privileges__w32_impersonatenamedpipeclient_01.obj
c:\git\romeo\c\cwe273_improper_check_for_dropped_privileges\debug\cwe273_improper_check_for_dropped_privileges__w32_impersonatenamedpipeclient_02.obj
c:\git\romeo\c\cwe273_improper_check_for_dropped_privileges\debug\cwe273_improper_check_for_dropped_privileges__w32_impersonatenamedpipeclient_03.obj
c:\git\romeo\c\cwe273_improper_check_for_dropped_privileges\debug\cwe273_improper_check_for_dropped_privileges__w32_impersonatenamedpipeclient_04.obj
c:\git\romeo\c\cwe273_improper_check_for_dropped_privileges\debug\cwe273_improper_check_for_dropped_privileges__w32_impersonatenamedpipeclient_05.obj
c:\git\romeo\c\cwe273_improper_check_for_dropped_privileges\debug\cwe273_improper_check_for_dropped_privileges__w32_impersonatenamedpipeclient_06.obj
c:\git\romeo\c\cwe273_improper_check_for_dropped_privileges\debug\cwe273_improper_check_for_dropped_privileges__w32_impersonatenamedpipeclient_07.obj
c:\git\romeo\c\cwe273_improper_check_for_dropped_privileges\debug\cwe273_improper_check_for_dropped_privileges__w32_impersonatenamedpipeclient_08.obj
c:\git\romeo\c\cwe273_improper_check_for_dropped_privileges\debug\cwe273_improper_check_for_dropped_privileges__w32_impersonatenamedpipeclient_09.obj
c:\git\romeo\c\cwe273_improper_check_for_dropped_privileges\debug\cwe273_improper_check_for_dropped_privileges__w32_impersonatenamedpipeclient_10.obj
c:\git\romeo\c\cwe273_improper_check_for_dropped_privileges\debug\cwe273_improper_check_for_dropped_privileges__w32_impersonatenamedpipeclient_11.obj
c:\git\romeo\c\cwe273_improper_check_for_dropped_privileges\debug\cwe273_improper_check_for_dropped_privileges__w32_impersonatenamedpipeclient_12.obj
c:\git\romeo\c\cwe273_improper_check_for_dropped_privileges\debug\cwe273_improper_check_for_dropped_privileges__w32_impersonatenamedpipeclient_13.obj
c:\git\romeo\c\cwe273_improper_check_for_dropped_privileges\debug\cwe273_improper_check_for_dropped_privileges__w32_impersonatenamedpipeclient_14.obj
c:\git\romeo\c\cwe273_improper_check_for_dropped_privileges\debug\cwe273_improper_check_for_dropped_privileges__w32_impersonatenamedpipeclient_15.obj
c:\git\romeo\c\cwe273_improper_check_for_dropped_privileges\debug\cwe273_improper_check_for_dropped_privileges__w32_impersonatenamedpipeclient_16.obj
c:\git\romeo\c\debug\cwe273_improper_check_for_dropped_privileges.lib
c:\git\romeo\c\debug\cwe273_improper_check_for_dropped_privileges.ilk
c:\git\romeo\c\debug\cwe273_improper_check_for_dropped_privileges.exe
c:\git\romeo\c\debug\cwe273_improper_check_for_dropped_privileges.pdb
c:\git\romeo\c\cwe273_improper_check_for_dropped_privileges\debug\cwe273_i.3909049e.tlog\cl.command.1.tlog
c:\git\romeo\c\cwe273_improper_check_for_dropped_privileges\debug\cwe273_i.3909049e.tlog\cl.read.1.tlog
c:\git\romeo\c\cwe273_improper_check_for_dropped_privileges\debug\cwe273_i.3909049e.tlog\cl.write.1.tlog
c:\git\romeo\c\cwe273_improper_check_for_dropped_privileges\debug\cwe273_i.3909049e.tlog\lib-link.read.1.tlog
c:\git\romeo\c\cwe273_improper_check_for_dropped_privileges\debug\cwe273_i.3909049e.tlog\lib-link.write.1.tlog
c:\git\romeo\c\cwe273_improper_check_for_dropped_privileges\debug\cwe273_i.3909049e.tlog\lib.command.1.tlog
c:\git\romeo\c\cwe273_improper_check_for_dropped_privileges\debug\cwe273_i.3909049e.tlog\link.command.1.tlog
c:\git\romeo\c\cwe273_improper_check_for_dropped_privileges\debug\cwe273_i.3909049e.tlog\link.read.1.tlog
c:\git\romeo\c\cwe273_improper_check_for_dropped_privileges\debug\cwe273_i.3909049e.tlog\link.write.1.tlog
