  fake_main.cpp
  CWE273_Improper_Check_for_Dropped_Privileges__w32_RpcImpersonateClient_18.c
  CWE273_Improper_Check_for_Dropped_Privileges__w32_RpcImpersonateClient_17.c
  CWE273_Improper_Check_for_Dropped_Privileges__w32_RpcImpersonateClient_16.c
  CWE273_Improper_Check_for_Dropped_Privileges__w32_RpcImpersonateClient_15.c
  CWE273_Improper_Check_for_Dropped_Privileges__w32_RpcImpersonateClient_14.c
  CWE273_Improper_Check_for_Dropped_Privileges__w32_RpcImpersonateClient_13.c
  CWE273_Improper_Check_for_Dropped_Privileges__w32_RpcImpersonateClient_12.c
  CWE273_Improper_Check_for_Dropped_Privileges__w32_RpcImpersonateClient_11.c
  CWE273_Improper_Check_for_Dropped_Privileges__w32_RpcImpersonateClient_10.c
  CWE273_Improper_Check_for_Dropped_Privileges__w32_RpcImpersonateClient_09.c
  CWE273_Improper_Check_for_Dropped_Privileges__w32_RpcImpersonateClient_08.c
  CWE273_Improper_Check_for_Dropped_Privileges__w32_RpcImpersonateClient_07.c
  CWE273_Improper_Check_for_Dropped_Privileges__w32_RpcImpersonateClient_06.c
  CWE273_Improper_Check_for_Dropped_Privileges__w32_RpcImpersonateClient_05.c
  CWE273_Improper_Check_for_Dropped_Privileges__w32_RpcImpersonateClient_04.c
  CWE273_Improper_Check_for_Dropped_Privileges__w32_RpcImpersonateClient_03.c
  CWE273_Improper_Check_for_Dropped_Privileges__w32_RpcImpersonateClient_02.c
  CWE273_Improper_Check_for_Dropped_Privileges__w32_RpcImpersonateClient_01.c
  CWE273_Improper_Check_for_Dropped_Privileges__w32_ImpersonateNamedPipeClient_18.c
  CWE273_Improper_Check_for_Dropped_Privileges__w32_ImpersonateNamedPipeClient_17.c
  코드를 생성하고 있습니다...
  컴파일하고 있습니다...
  CWE273_Improper_Check_for_Dropped_Privileges__w32_ImpersonateNamedPipeClient_16.c
  CWE273_Improper_Check_for_Dropped_Privileges__w32_ImpersonateNamedPipeClient_15.c
  CWE273_Improper_Check_for_Dropped_Privileges__w32_ImpersonateNamedPipeClient_14.c
  CWE273_Improper_Check_for_Dropped_Privileges__w32_ImpersonateNamedPipeClient_13.c
  CWE273_Improper_Check_for_Dropped_Privileges__w32_ImpersonateNamedPipeClient_12.c
  CWE273_Improper_Check_for_Dropped_Privileges__w32_ImpersonateNamedPipeClient_11.c
  CWE273_Improper_Check_for_Dropped_Privileges__w32_ImpersonateNamedPipeClient_10.c
  CWE273_Improper_Check_for_Dropped_Privileges__w32_ImpersonateNamedPipeClient_09.c
  CWE273_Improper_Check_for_Dropped_Privileges__w32_ImpersonateNamedPipeClient_08.c
  CWE273_Improper_Check_for_Dropped_Privileges__w32_ImpersonateNamedPipeClient_07.c
  CWE273_Improper_Check_for_Dropped_Privileges__w32_ImpersonateNamedPipeClient_06.c
  CWE273_Improper_Check_for_Dropped_Privileges__w32_ImpersonateNamedPipeClient_05.c
  CWE273_Improper_Check_for_Dropped_Privileges__w32_ImpersonateNamedPipeClient_04.c
  CWE273_Improper_Check_for_Dropped_Privileges__w32_ImpersonateNamedPipeClient_03.c
  CWE273_Improper_Check_for_Dropped_Privileges__w32_ImpersonateNamedPipeClient_02.c
  CWE273_Improper_Check_for_Dropped_Privileges__w32_ImpersonateNamedPipeClient_01.c
  io.c
  코드를 생성하고 있습니다...
  CWE273_Improper_Check_for_Dropped_Privileges.vcxproj -> C:\git\romeo\c\Debug\CWE273_Improper_Check_for_Dropped_Privileges.exe
