C:\Program Files (x86)\Microsoft Visual Studio\2017\Community\Common7\IDE\VC\VCTargets\Microsoft.CppBuild.targets(937,5): warning MSB8027: 이름이 CWE415_Double_Free__malloc_free_char_01.c인 둘 이상의 파일이 같은 위치에 출력을 생성합니다. 이로 인해 잘못된 빌드 결과가 나타날 수 있습니다.  관련된 파일은 m00\CWE415_Double_Free__malloc_free_char_01.c, m01\CWE415_Double_Free__malloc_free_char_01.c입니다.
  CWE415_Double_Free__no_copy_const_01_good1.cpp
  CWE415_Double_Free__no_copy_const_01_bad.cpp
  CWE415_Double_Free__no_assignment_op_01_good1.cpp
  CWE415_Double_Free__no_assignment_op_01_bad.cpp
  CWE415_Double_Free__new_delete_wchar_t_01.cpp
  CWE415_Double_Free__new_delete_struct_01.cpp
  CWE415_Double_Free__new_delete_long_01.cpp
  CWE415_Double_Free__new_delete_int_01.cpp
  CWE415_Double_Free__new_delete_int64_t_01.cpp
  CWE415_Double_Free__new_delete_class_01.cpp
  CWE415_Double_Free__new_delete_char_01.cpp
  CWE415_Double_Free__new_delete_array_wchar_t_01.cpp
  CWE415_Double_Free__new_delete_array_struct_01.cpp
  CWE415_Double_Free__new_delete_array_long_01.cpp
  CWE415_Double_Free__new_delete_array_int_01.cpp
  CWE415_Double_Free__new_delete_array_int64_t_01.cpp
  CWE415_Double_Free__new_delete_array_class_01.cpp
  CWE415_Double_Free__new_delete_array_char_01.cpp
  CWE415_Double_Free__malloc_free_char_84_goodG2B.cpp
  CWE415_Double_Free__malloc_free_char_84_goodB2G.cpp
  코드를 생성하고 있습니다...
  컴파일하고 있습니다...
  CWE415_Double_Free__malloc_free_char_84_bad.cpp
  CWE415_Double_Free__malloc_free_char_84a.cpp
  CWE415_Double_Free__malloc_free_char_83_goodG2B.cpp
  CWE415_Double_Free__malloc_free_char_83_goodB2G.cpp
  CWE415_Double_Free__malloc_free_char_83_bad.cpp
  CWE415_Double_Free__malloc_free_char_83a.cpp
  CWE415_Double_Free__malloc_free_char_82_goodG2B.cpp
  CWE415_Double_Free__malloc_free_char_82_goodB2G.cpp
  CWE415_Double_Free__malloc_free_char_82_bad.cpp
  CWE415_Double_Free__malloc_free_char_82a.cpp
  CWE415_Double_Free__malloc_free_char_81_goodG2B.cpp
  CWE415_Double_Free__malloc_free_char_81_goodB2G.cpp
  CWE415_Double_Free__malloc_free_char_81_bad.cpp
  CWE415_Double_Free__malloc_free_char_81a.cpp
  CWE415_Double_Free__malloc_free_char_74b.cpp
  CWE415_Double_Free__malloc_free_char_74a.cpp
  CWE415_Double_Free__malloc_free_char_73b.cpp
  CWE415_Double_Free__malloc_free_char_73a.cpp
  CWE415_Double_Free__malloc_free_char_72b.cpp
  CWE415_Double_Free__malloc_free_char_72a.cpp
  코드를 생성하고 있습니다...
  컴파일하고 있습니다...
  CWE415_Double_Free__malloc_free_char_62b.cpp
  CWE415_Double_Free__malloc_free_char_62a.cpp
  CWE415_Double_Free__malloc_free_char_43.cpp
  CWE415_Double_Free__malloc_free_char_33.cpp
  fake_main.cpp
  코드를 생성하고 있습니다...
  CWE415_Double_Free__malloc_free_wchar_t_01.c
  CWE415_Double_Free__malloc_free_struct_01.c
  CWE415_Double_Free__malloc_free_long_01.c
  CWE415_Double_Free__malloc_free_int_01.c
  CWE415_Double_Free__malloc_free_int64_t_01.c
  CWE415_Double_Free__malloc_free_char_01.c
  CWE415_Double_Free__malloc_free_char_68b.c
  CWE415_Double_Free__malloc_free_char_68a.c
  CWE415_Double_Free__malloc_free_char_67b.c
  CWE415_Double_Free__malloc_free_char_67a.c
  CWE415_Double_Free__malloc_free_char_66b.c
  CWE415_Double_Free__malloc_free_char_66a.c
  CWE415_Double_Free__malloc_free_char_65b.c
  CWE415_Double_Free__malloc_free_char_65a.c
  CWE415_Double_Free__malloc_free_char_64b.c
  CWE415_Double_Free__malloc_free_char_64a.c
  CWE415_Double_Free__malloc_free_char_63b.c
  CWE415_Double_Free__malloc_free_char_63a.c
  CWE415_Double_Free__malloc_free_char_61b.c
  CWE415_Double_Free__malloc_free_char_61a.c
  코드를 생성하고 있습니다...
  컴파일하고 있습니다...
  CWE415_Double_Free__malloc_free_char_54e.c
  CWE415_Double_Free__malloc_free_char_54d.c
  CWE415_Double_Free__malloc_free_char_54c.c
  CWE415_Double_Free__malloc_free_char_54b.c
  CWE415_Double_Free__malloc_free_char_54a.c
  CWE415_Double_Free__malloc_free_char_53d.c
  CWE415_Double_Free__malloc_free_char_53c.c
  CWE415_Double_Free__malloc_free_char_53b.c
  CWE415_Double_Free__malloc_free_char_53a.c
  CWE415_Double_Free__malloc_free_char_52c.c
  CWE415_Double_Free__malloc_free_char_52b.c
  CWE415_Double_Free__malloc_free_char_52a.c
  CWE415_Double_Free__malloc_free_char_51b.c
  CWE415_Double_Free__malloc_free_char_51a.c
  CWE415_Double_Free__malloc_free_char_45.c
  CWE415_Double_Free__malloc_free_char_44.c
  CWE415_Double_Free__malloc_free_char_42.c
  CWE415_Double_Free__malloc_free_char_41.c
  CWE415_Double_Free__malloc_free_char_34.c
  CWE415_Double_Free__malloc_free_char_32.c
  코드를 생성하고 있습니다...
  컴파일하고 있습니다...
  CWE415_Double_Free__malloc_free_char_31.c
  CWE415_Double_Free__malloc_free_char_22b.c
  CWE415_Double_Free__malloc_free_char_22a.c
  CWE415_Double_Free__malloc_free_char_21.c
  CWE415_Double_Free__malloc_free_char_18.c
  CWE415_Double_Free__malloc_free_char_17.c
  CWE415_Double_Free__malloc_free_char_16.c
  CWE415_Double_Free__malloc_free_char_15.c
  CWE415_Double_Free__malloc_free_char_14.c
  CWE415_Double_Free__malloc_free_char_13.c
  CWE415_Double_Free__malloc_free_char_12.c
  CWE415_Double_Free__malloc_free_char_11.c
  CWE415_Double_Free__malloc_free_char_10.c
  CWE415_Double_Free__malloc_free_char_09.c
  CWE415_Double_Free__malloc_free_char_08.c
  CWE415_Double_Free__malloc_free_char_07.c
  CWE415_Double_Free__malloc_free_char_06.c
  CWE415_Double_Free__malloc_free_char_05.c
  CWE415_Double_Free__malloc_free_char_04.c
  CWE415_Double_Free__malloc_free_char_03.c
  코드를 생성하고 있습니다...
  컴파일하고 있습니다...
  CWE415_Double_Free__malloc_free_char_02.c
  CWE415_Double_Free__malloc_free_char_01.c
  io.c
  코드를 생성하고 있습니다...
Debug\CWE415_Double_Free__malloc_free_char_01.obj : warning LNK4042: 개체가 두 번 이상 지정되었습니다. 나머지는 무시됩니다.
  CWE415_Double_Free.vcxproj -> C:\git\romeo\c\Debug\CWE415_Double_Free.exe
