  fake_main.cpp
  CWE587_Assignment_of_Fixed_Address_to_Pointer__basic_18.c
  CWE587_Assignment_of_Fixed_Address_to_Pointer__basic_17.c
  CWE587_Assignment_of_Fixed_Address_to_Pointer__basic_16.c
  CWE587_Assignment_of_Fixed_Address_to_Pointer__basic_15.c
  CWE587_Assignment_of_Fixed_Address_to_Pointer__basic_14.c
  CWE587_Assignment_of_Fixed_Address_to_Pointer__basic_13.c
  CWE587_Assignment_of_Fixed_Address_to_Pointer__basic_12.c
  CWE587_Assignment_of_Fixed_Address_to_Pointer__basic_11.c
  CWE587_Assignment_of_Fixed_Address_to_Pointer__basic_10.c
  CWE587_Assignment_of_Fixed_Address_to_Pointer__basic_09.c
  CWE587_Assignment_of_Fixed_Address_to_Pointer__basic_08.c
  CWE587_Assignment_of_Fixed_Address_to_Pointer__basic_07.c
  CWE587_Assignment_of_Fixed_Address_to_Pointer__basic_06.c
  CWE587_Assignment_of_Fixed_Address_to_Pointer__basic_05.c
  CWE587_Assignment_of_Fixed_Address_to_Pointer__basic_04.c
  CWE587_Assignment_of_Fixed_Address_to_Pointer__basic_03.c
  CWE587_Assignment_of_Fixed_Address_to_Pointer__basic_02.c
  CWE587_Assignment_of_Fixed_Address_to_Pointer__basic_01.c
  io.c
  코드를 생성하고 있습니다...
  CWE587_Assignment_of_Fixed_Address_to_Pointer.vcxproj -> C:\git\romeo\c\Debug\CWE587_Assignment_of_Fixed_Address_to_Pointer.exe
