c:\git\romeo\c\cwe587_assignment_of_fixed_address_to_pointer\debug\vc141.pdb
c:\git\romeo\c\cwe587_assignment_of_fixed_address_to_pointer\debug\vc141.idb
c:\git\romeo\c\cwe587_assignment_of_fixed_address_to_pointer\debug\fake_main.obj
c:\git\romeo\c\cwe587_assignment_of_fixed_address_to_pointer\debug\io.obj
c:\git\romeo\c\cwe587_assignment_of_fixed_address_to_pointer\debug\cwe587_assignment_of_fixed_address_to_pointer__basic_01.obj
c:\git\romeo\c\cwe587_assignment_of_fixed_address_to_pointer\debug\cwe587_assignment_of_fixed_address_to_pointer__basic_02.obj
c:\git\romeo\c\cwe587_assignment_of_fixed_address_to_pointer\debug\cwe587_assignment_of_fixed_address_to_pointer__basic_03.obj
c:\git\romeo\c\cwe587_assignment_of_fixed_address_to_pointer\debug\cwe587_assignment_of_fixed_address_to_pointer__basic_04.obj
c:\git\romeo\c\cwe587_assignment_of_fixed_address_to_pointer\debug\cwe587_assignment_of_fixed_address_to_pointer__basic_05.obj
c:\git\romeo\c\cwe587_assignment_of_fixed_address_to_pointer\debug\cwe587_assignment_of_fixed_address_to_pointer__basic_06.obj
c:\git\romeo\c\cwe587_assignment_of_fixed_address_to_pointer\debug\cwe587_assignment_of_fixed_address_to_pointer__basic_07.obj
c:\git\romeo\c\cwe587_assignment_of_fixed_address_to_pointer\debug\cwe587_assignment_of_fixed_address_to_pointer__basic_08.obj
c:\git\romeo\c\cwe587_assignment_of_fixed_address_to_pointer\debug\cwe587_assignment_of_fixed_address_to_pointer__basic_09.obj
c:\git\romeo\c\cwe587_assignment_of_fixed_address_to_pointer\debug\cwe587_assignment_of_fixed_address_to_pointer__basic_10.obj
c:\git\romeo\c\cwe587_assignment_of_fixed_address_to_pointer\debug\cwe587_assignment_of_fixed_address_to_pointer__basic_11.obj
c:\git\romeo\c\cwe587_assignment_of_fixed_address_to_pointer\debug\cwe587_assignment_of_fixed_address_to_pointer__basic_12.obj
c:\git\romeo\c\cwe587_assignment_of_fixed_address_to_pointer\debug\cwe587_assignment_of_fixed_address_to_pointer__basic_13.obj
c:\git\romeo\c\cwe587_assignment_of_fixed_address_to_pointer\debug\cwe587_assignment_of_fixed_address_to_pointer__basic_14.obj
c:\git\romeo\c\cwe587_assignment_of_fixed_address_to_pointer\debug\cwe587_assignment_of_fixed_address_to_pointer__basic_15.obj
c:\git\romeo\c\cwe587_assignment_of_fixed_address_to_pointer\debug\cwe587_assignment_of_fixed_address_to_pointer__basic_16.obj
c:\git\romeo\c\cwe587_assignment_of_fixed_address_to_pointer\debug\cwe587_assignment_of_fixed_address_to_pointer__basic_17.obj
c:\git\romeo\c\cwe587_assignment_of_fixed_address_to_pointer\debug\cwe587_assignment_of_fixed_address_to_pointer__basic_18.obj
c:\git\romeo\c\debug\cwe587_assignment_of_fixed_address_to_pointer.ilk
c:\git\romeo\c\debug\cwe587_assignment_of_fixed_address_to_pointer.exe
c:\git\romeo\c\debug\cwe587_assignment_of_fixed_address_to_pointer.pdb
c:\git\romeo\c\cwe587_assignment_of_fixed_address_to_pointer\debug\cwe587_a.79da2119.tlog\cl.command.1.tlog
c:\git\romeo\c\cwe587_assignment_of_fixed_address_to_pointer\debug\cwe587_a.79da2119.tlog\cl.read.1.tlog
c:\git\romeo\c\cwe587_assignment_of_fixed_address_to_pointer\debug\cwe587_a.79da2119.tlog\cl.write.1.tlog
c:\git\romeo\c\cwe587_assignment_of_fixed_address_to_pointer\debug\cwe587_a.79da2119.tlog\link.command.1.tlog
c:\git\romeo\c\cwe587_assignment_of_fixed_address_to_pointer\debug\cwe587_a.79da2119.tlog\link.read.1.tlog
c:\git\romeo\c\cwe587_assignment_of_fixed_address_to_pointer\debug\cwe587_a.79da2119.tlog\link.write.1.tlog
