c:\git\romeo\c\cwe615_info_exposure_by_comment\debug\vc141.pdb
c:\git\romeo\c\cwe615_info_exposure_by_comment\debug\vc141.idb
c:\git\romeo\c\cwe615_info_exposure_by_comment\debug\fake_main.obj
c:\git\romeo\c\cwe615_info_exposure_by_comment\debug\cwe615_info_exposure_by_comment.pdb
c:\git\romeo\c\cwe615_info_exposure_by_comment\debug\cwe615_info_exposure_by_comment.idb
c:\git\romeo\c\cwe615_info_exposure_by_comment\debug\io.obj
c:\git\romeo\c\cwe615_info_exposure_by_comment\debug\cwe615_info_exposure_by_comment__w32_01.obj
c:\git\romeo\c\cwe615_info_exposure_by_comment\debug\cwe615_info_exposure_by_comment__w32_02.obj
c:\git\romeo\c\cwe615_info_exposure_by_comment\debug\cwe615_info_exposure_by_comment__w32_03.obj
c:\git\romeo\c\cwe615_info_exposure_by_comment\debug\cwe615_info_exposure_by_comment__w32_04.obj
c:\git\romeo\c\cwe615_info_exposure_by_comment\debug\cwe615_info_exposure_by_comment__w32_05.obj
c:\git\romeo\c\cwe615_info_exposure_by_comment\debug\cwe615_info_exposure_by_comment__w32_06.obj
c:\git\romeo\c\cwe615_info_exposure_by_comment\debug\cwe615_info_exposure_by_comment__w32_07.obj
c:\git\romeo\c\cwe615_info_exposure_by_comment\debug\cwe615_info_exposure_by_comment__w32_08.obj
c:\git\romeo\c\cwe615_info_exposure_by_comment\debug\cwe615_info_exposure_by_comment__w32_09.obj
c:\git\romeo\c\cwe615_info_exposure_by_comment\debug\cwe615_info_exposure_by_comment__w32_10.obj
c:\git\romeo\c\cwe615_info_exposure_by_comment\debug\cwe615_info_exposure_by_comment__w32_11.obj
c:\git\romeo\c\cwe615_info_exposure_by_comment\debug\cwe615_info_exposure_by_comment__w32_12.obj
c:\git\romeo\c\cwe615_info_exposure_by_comment\debug\cwe615_info_exposure_by_comment__w32_13.obj
c:\git\romeo\c\cwe615_info_exposure_by_comment\debug\cwe615_info_exposure_by_comment__w32_14.obj
c:\git\romeo\c\cwe615_info_exposure_by_comment\debug\cwe615_info_exposure_by_comment__w32_15.obj
c:\git\romeo\c\cwe615_info_exposure_by_comment\debug\cwe615_info_exposure_by_comment__w32_16.obj
c:\git\romeo\c\cwe615_info_exposure_by_comment\debug\cwe615_info_exposure_by_comment__w32_17.obj
c:\git\romeo\c\cwe615_info_exposure_by_comment\debug\cwe615_info_exposure_by_comment__w32_18.obj
c:\git\romeo\c\debug\cwe615_info_exposure_by_comment.lib
c:\git\romeo\c\debug\cwe615_info_exposure_by_comment.ilk
c:\git\romeo\c\debug\cwe615_info_exposure_by_comment.exe
c:\git\romeo\c\debug\cwe615_info_exposure_by_comment.pdb
c:\git\romeo\c\cwe615_info_exposure_by_comment\debug\cwe615_i.a3a250aa.tlog\cl.command.1.tlog
c:\git\romeo\c\cwe615_info_exposure_by_comment\debug\cwe615_i.a3a250aa.tlog\cl.read.1.tlog
c:\git\romeo\c\cwe615_info_exposure_by_comment\debug\cwe615_i.a3a250aa.tlog\cl.write.1.tlog
c:\git\romeo\c\cwe615_info_exposure_by_comment\debug\cwe615_i.a3a250aa.tlog\lib-link.read.1.tlog
c:\git\romeo\c\cwe615_info_exposure_by_comment\debug\cwe615_i.a3a250aa.tlog\lib-link.write.1.tlog
c:\git\romeo\c\cwe615_info_exposure_by_comment\debug\cwe615_i.a3a250aa.tlog\lib.command.1.tlog
c:\git\romeo\c\cwe615_info_exposure_by_comment\debug\cwe615_i.a3a250aa.tlog\link.command.1.tlog
c:\git\romeo\c\cwe615_info_exposure_by_comment\debug\cwe615_i.a3a250aa.tlog\link.read.1.tlog
c:\git\romeo\c\cwe615_info_exposure_by_comment\debug\cwe615_i.a3a250aa.tlog\link.write.1.tlog
