c:\git\romeo\c\cwe562_return_of_stack_variable_address\debug\vc141.pdb
c:\git\romeo\c\cwe562_return_of_stack_variable_address\debug\vc141.idb
c:\git\romeo\c\cwe562_return_of_stack_variable_address\debug\fake_main.obj
c:\git\romeo\c\cwe562_return_of_stack_variable_address\debug\cwe562_return_of_stack_variable_address__return_local_class_member_01.obj
c:\git\romeo\c\cwe562_return_of_stack_variable_address\debug\cwe562_return_of_stack_variable_address.pdb
c:\git\romeo\c\cwe562_return_of_stack_variable_address\debug\cwe562_return_of_stack_variable_address.idb
c:\git\romeo\c\cwe562_return_of_stack_variable_address\debug\io.obj
c:\git\romeo\c\cwe562_return_of_stack_variable_address\debug\cwe562_return_of_stack_variable_address__return_buf_01.obj
c:\git\romeo\c\cwe562_return_of_stack_variable_address\debug\cwe562_return_of_stack_variable_address__return_pointer_buf_01.obj
c:\git\romeo\c\debug\cwe562_return_of_stack_variable_address.lib
c:\git\romeo\c\debug\cwe562_return_of_stack_variable_address.ilk
c:\git\romeo\c\debug\cwe562_return_of_stack_variable_address.exe
c:\git\romeo\c\debug\cwe562_return_of_stack_variable_address.pdb
c:\git\romeo\c\cwe562_return_of_stack_variable_address\debug\cwe562_r.f8ee9be4.tlog\cl.command.1.tlog
c:\git\romeo\c\cwe562_return_of_stack_variable_address\debug\cwe562_r.f8ee9be4.tlog\cl.read.1.tlog
c:\git\romeo\c\cwe562_return_of_stack_variable_address\debug\cwe562_r.f8ee9be4.tlog\cl.write.1.tlog
c:\git\romeo\c\cwe562_return_of_stack_variable_address\debug\cwe562_r.f8ee9be4.tlog\lib-link.read.1.tlog
c:\git\romeo\c\cwe562_return_of_stack_variable_address\debug\cwe562_r.f8ee9be4.tlog\lib-link.write.1.tlog
c:\git\romeo\c\cwe562_return_of_stack_variable_address\debug\cwe562_r.f8ee9be4.tlog\lib.command.1.tlog
c:\git\romeo\c\cwe562_return_of_stack_variable_address\debug\cwe562_r.f8ee9be4.tlog\link.command.1.tlog
c:\git\romeo\c\cwe562_return_of_stack_variable_address\debug\cwe562_r.f8ee9be4.tlog\link.read.1.tlog
c:\git\romeo\c\cwe562_return_of_stack_variable_address\debug\cwe562_r.f8ee9be4.tlog\link.write.1.tlog
