c:\git\romeo\c\cwe134_uncontrolled_format_string\debug\vc141.pdb
c:\git\romeo\c\cwe134_uncontrolled_format_string\debug\vc141.idb
c:\git\romeo\c\cwe134_uncontrolled_format_string\debug\cwe134_uncontrolled_format_string__char_connect_socket_vfprintf_73a.obj
c:\git\romeo\c\cwe134_uncontrolled_format_string\debug\cwe134_uncontrolled_format_string__char_connect_socket_vfprintf_73b.obj
c:\git\romeo\c\cwe134_uncontrolled_format_string\debug\cwe134_uncontrolled_format_string__char_connect_socket_vfprintf_74a.obj
c:\git\romeo\c\cwe134_uncontrolled_format_string\debug\cwe134_uncontrolled_format_string__char_connect_socket_vfprintf_74b.obj
c:\git\romeo\c\cwe134_uncontrolled_format_string\debug\cwe134_uncontrolled_format_string__char_connect_socket_vfprintf_81a.obj
c:\git\romeo\c\cwe134_uncontrolled_format_string\debug\cwe134_uncontrolled_format_string__char_connect_socket_vfprintf_81_bad.obj
c:\git\romeo\c\cwe134_uncontrolled_format_string\debug\cwe134_uncontrolled_format_string__char_connect_socket_vfprintf_81_goodb2g.obj
c:\git\romeo\c\cwe134_uncontrolled_format_string\debug\cwe134_uncontrolled_format_string__char_connect_socket_vfprintf_81_goodg2b.obj
c:\git\romeo\c\cwe134_uncontrolled_format_string\debug\cwe134_uncontrolled_format_string__char_connect_socket_vfprintf_82a.obj
c:\git\romeo\c\cwe134_uncontrolled_format_string\debug\cwe134_uncontrolled_format_string__char_connect_socket_vfprintf_82_bad.obj
c:\git\romeo\c\cwe134_uncontrolled_format_string\debug\cwe134_uncontrolled_format_string__char_connect_socket_vfprintf_82_goodb2g.obj
c:\git\romeo\c\cwe134_uncontrolled_format_string\debug\cwe134_uncontrolled_format_string__char_connect_socket_vfprintf_82_goodg2b.obj
c:\git\romeo\c\cwe134_uncontrolled_format_string\debug\cwe134_uncontrolled_format_string__char_connect_socket_vfprintf_83a.obj
c:\git\romeo\c\cwe134_uncontrolled_format_string\debug\cwe134_uncontrolled_format_string__char_connect_socket_vfprintf_83_bad.obj
c:\git\romeo\c\cwe134_uncontrolled_format_string\debug\cwe134_uncontrolled_format_string__char_connect_socket_vfprintf_83_goodb2g.obj
c:\git\romeo\c\cwe134_uncontrolled_format_string\debug\cwe134_uncontrolled_format_string__char_connect_socket_vfprintf_83_goodg2b.obj
c:\git\romeo\c\cwe134_uncontrolled_format_string\debug\cwe134_uncontrolled_format_string__char_connect_socket_vfprintf_84a.obj
c:\git\romeo\c\cwe134_uncontrolled_format_string\debug\cwe134_uncontrolled_format_string__char_connect_socket_vfprintf_84_bad.obj
c:\git\romeo\c\cwe134_uncontrolled_format_string\debug\cwe134_uncontrolled_format_string__char_connect_socket_vfprintf_84_goodb2g.obj
c:\git\romeo\c\cwe134_uncontrolled_format_string\debug\cwe134_uncontrolled_format_string__char_connect_socket_vfprintf_84_goodg2b.obj
c:\git\romeo\c\cwe134_uncontrolled_format_string\debug\cwe134_uncontrolled_format_string__char_connect_socket_fprintf_81_goodb2g.obj
c:\git\romeo\c\cwe134_uncontrolled_format_string\debug\cwe134_uncontrolled_format_string__char_connect_socket_fprintf_81_goodg2b.obj
c:\git\romeo\c\cwe134_uncontrolled_format_string\debug\cwe134_uncontrolled_format_string__char_connect_socket_fprintf_82a.obj
c:\git\romeo\c\cwe134_uncontrolled_format_string\debug\cwe134_uncontrolled_format_string__char_connect_socket_fprintf_82_bad.obj
c:\git\romeo\c\cwe134_uncontrolled_format_string\debug\cwe134_uncontrolled_format_string__char_connect_socket_fprintf_82_goodb2g.obj
c:\git\romeo\c\cwe134_uncontrolled_format_string\debug\cwe134_uncontrolled_format_string__char_connect_socket_fprintf_82_goodg2b.obj
c:\git\romeo\c\cwe134_uncontrolled_format_string\debug\cwe134_uncontrolled_format_string__char_connect_socket_fprintf_83a.obj
c:\git\romeo\c\cwe134_uncontrolled_format_string\debug\cwe134_uncontrolled_format_string__char_connect_socket_fprintf_83_bad.obj
c:\git\romeo\c\cwe134_uncontrolled_format_string\debug\cwe134_uncontrolled_format_string__char_connect_socket_fprintf_83_goodb2g.obj
c:\git\romeo\c\cwe134_uncontrolled_format_string\debug\cwe134_uncontrolled_format_string__char_connect_socket_fprintf_83_goodg2b.obj
c:\git\romeo\c\cwe134_uncontrolled_format_string\debug\cwe134_uncontrolled_format_string__char_connect_socket_fprintf_84a.obj
c:\git\romeo\c\cwe134_uncontrolled_format_string\debug\cwe134_uncontrolled_format_string__char_connect_socket_fprintf_84_bad.obj
c:\git\romeo\c\cwe134_uncontrolled_format_string\debug\cwe134_uncontrolled_format_string__char_connect_socket_fprintf_84_goodb2g.obj
c:\git\romeo\c\cwe134_uncontrolled_format_string\debug\cwe134_uncontrolled_format_string__char_connect_socket_fprintf_84_goodg2b.obj
c:\git\romeo\c\cwe134_uncontrolled_format_string\debug\cwe134_uncontrolled_format_string__char_connect_socket_vfprintf_33.obj
c:\git\romeo\c\cwe134_uncontrolled_format_string\debug\cwe134_uncontrolled_format_string__char_connect_socket_vfprintf_43.obj
c:\git\romeo\c\cwe134_uncontrolled_format_string\debug\cwe134_uncontrolled_format_string__char_connect_socket_vfprintf_62a.obj
c:\git\romeo\c\cwe134_uncontrolled_format_string\debug\cwe134_uncontrolled_format_string__char_connect_socket_vfprintf_62b.obj
c:\git\romeo\c\cwe134_uncontrolled_format_string\debug\cwe134_uncontrolled_format_string__char_connect_socket_vfprintf_72a.obj
c:\git\romeo\c\cwe134_uncontrolled_format_string\debug\cwe134_uncontrolled_format_string__char_connect_socket_vfprintf_72b.obj
c:\git\romeo\c\cwe134_uncontrolled_format_string\debug\fake_main.obj
c:\git\romeo\c\cwe134_uncontrolled_format_string\debug\cwe134_uncontrolled_format_string__char_connect_socket_fprintf_33.obj
c:\git\romeo\c\cwe134_uncontrolled_format_string\debug\cwe134_uncontrolled_format_string__char_connect_socket_fprintf_43.obj
c:\git\romeo\c\cwe134_uncontrolled_format_string\debug\cwe134_uncontrolled_format_string__char_connect_socket_fprintf_62a.obj
c:\git\romeo\c\cwe134_uncontrolled_format_string\debug\cwe134_uncontrolled_format_string__char_connect_socket_fprintf_62b.obj
c:\git\romeo\c\cwe134_uncontrolled_format_string\debug\cwe134_uncontrolled_format_string__char_connect_socket_fprintf_72a.obj
c:\git\romeo\c\cwe134_uncontrolled_format_string\debug\cwe134_uncontrolled_format_string__char_connect_socket_fprintf_72b.obj
c:\git\romeo\c\cwe134_uncontrolled_format_string\debug\cwe134_uncontrolled_format_string__char_connect_socket_fprintf_73a.obj
c:\git\romeo\c\cwe134_uncontrolled_format_string\debug\cwe134_uncontrolled_format_string__char_connect_socket_fprintf_73b.obj
c:\git\romeo\c\cwe134_uncontrolled_format_string\debug\cwe134_uncontrolled_format_string__char_connect_socket_fprintf_74a.obj
c:\git\romeo\c\cwe134_uncontrolled_format_string\debug\cwe134_uncontrolled_format_string__char_connect_socket_fprintf_74b.obj
c:\git\romeo\c\cwe134_uncontrolled_format_string\debug\cwe134_uncontrolled_format_string__char_connect_socket_fprintf_81a.obj
c:\git\romeo\c\cwe134_uncontrolled_format_string\debug\cwe134_uncontrolled_format_string__char_connect_socket_fprintf_81_bad.obj
c:\git\romeo\c\cwe134_uncontrolled_format_string\debug\cwe134_uncontrolled_format_string__char_file_vprintf_01.obj
c:\git\romeo\c\cwe134_uncontrolled_format_string\debug\cwe134_uncontrolled_format_string__char_file_w32_vsnprintf_01.obj
c:\git\romeo\c\cwe134_uncontrolled_format_string\debug\cwe134_uncontrolled_format_string__char_listen_socket_vfprintf_01.obj
c:\git\romeo\c\cwe134_uncontrolled_format_string\debug\cwe134_uncontrolled_format_string__char_listen_socket_vprintf_01.obj
c:\git\romeo\c\cwe134_uncontrolled_format_string\debug\cwe134_uncontrolled_format_string__char_listen_socket_w32_vsnprintf_01.obj
c:\git\romeo\c\cwe134_uncontrolled_format_string\debug\cwe134_uncontrolled_format_string__wchar_t_connect_socket_vfprintf_01.obj
c:\git\romeo\c\cwe134_uncontrolled_format_string\debug\cwe134_uncontrolled_format_string__wchar_t_connect_socket_vprintf_01.obj
c:\git\romeo\c\cwe134_uncontrolled_format_string\debug\cwe134_uncontrolled_format_string__wchar_t_connect_socket_w32_vsnprintf_01.obj
c:\git\romeo\c\cwe134_uncontrolled_format_string\debug\cwe134_uncontrolled_format_string__wchar_t_console_vfprintf_01.obj
c:\git\romeo\c\cwe134_uncontrolled_format_string\debug\cwe134_uncontrolled_format_string__wchar_t_console_vprintf_01.obj
c:\git\romeo\c\cwe134_uncontrolled_format_string\debug\cwe134_uncontrolled_format_string__wchar_t_console_w32_vsnprintf_01.obj
c:\git\romeo\c\cwe134_uncontrolled_format_string\debug\cwe134_uncontrolled_format_string__wchar_t_environment_vfprintf_01.obj
c:\git\romeo\c\cwe134_uncontrolled_format_string\debug\cwe134_uncontrolled_format_string__wchar_t_environment_vprintf_01.obj
c:\git\romeo\c\cwe134_uncontrolled_format_string\debug\cwe134_uncontrolled_format_string__wchar_t_environment_w32_vsnprintf_01.obj
c:\git\romeo\c\cwe134_uncontrolled_format_string\debug\cwe134_uncontrolled_format_string__wchar_t_file_vfprintf_01.obj
c:\git\romeo\c\cwe134_uncontrolled_format_string\debug\cwe134_uncontrolled_format_string__wchar_t_file_vprintf_01.obj
c:\git\romeo\c\cwe134_uncontrolled_format_string\debug\cwe134_uncontrolled_format_string__wchar_t_file_w32_vsnprintf_01.obj
c:\git\romeo\c\cwe134_uncontrolled_format_string\debug\cwe134_uncontrolled_format_string__wchar_t_listen_socket_vfprintf_01.obj
c:\git\romeo\c\cwe134_uncontrolled_format_string\debug\cwe134_uncontrolled_format_string__wchar_t_listen_socket_vprintf_01.obj
c:\git\romeo\c\cwe134_uncontrolled_format_string\debug\cwe134_uncontrolled_format_string__wchar_t_listen_socket_w32_vsnprintf_01.obj
c:\git\romeo\c\cwe134_uncontrolled_format_string\debug\cwe134_uncontrolled_format_string__char_connect_socket_vfprintf_64a.obj
c:\git\romeo\c\cwe134_uncontrolled_format_string\debug\cwe134_uncontrolled_format_string__char_connect_socket_vfprintf_64b.obj
c:\git\romeo\c\cwe134_uncontrolled_format_string\debug\cwe134_uncontrolled_format_string__char_connect_socket_vfprintf_65a.obj
c:\git\romeo\c\cwe134_uncontrolled_format_string\debug\cwe134_uncontrolled_format_string__char_connect_socket_vfprintf_65b.obj
c:\git\romeo\c\cwe134_uncontrolled_format_string\debug\cwe134_uncontrolled_format_string__char_connect_socket_vfprintf_66a.obj
c:\git\romeo\c\cwe134_uncontrolled_format_string\debug\cwe134_uncontrolled_format_string__char_connect_socket_vfprintf_66b.obj
c:\git\romeo\c\cwe134_uncontrolled_format_string\debug\cwe134_uncontrolled_format_string__char_connect_socket_vfprintf_67a.obj
c:\git\romeo\c\cwe134_uncontrolled_format_string\debug\cwe134_uncontrolled_format_string__char_connect_socket_vfprintf_67b.obj
c:\git\romeo\c\cwe134_uncontrolled_format_string\debug\cwe134_uncontrolled_format_string__char_connect_socket_vfprintf_68a.obj
c:\git\romeo\c\cwe134_uncontrolled_format_string\debug\cwe134_uncontrolled_format_string__char_connect_socket_vfprintf_68b.obj
c:\git\romeo\c\cwe134_uncontrolled_format_string\debug\cwe134_uncontrolled_format_string__char_connect_socket_vfprintf_01.obj
c:\git\romeo\c\cwe134_uncontrolled_format_string\debug\cwe134_uncontrolled_format_string__char_connect_socket_vprintf_01.obj
c:\git\romeo\c\cwe134_uncontrolled_format_string\debug\cwe134_uncontrolled_format_string__char_connect_socket_w32_vsnprintf_01.obj
c:\git\romeo\c\cwe134_uncontrolled_format_string\debug\cwe134_uncontrolled_format_string__char_console_vfprintf_01.obj
c:\git\romeo\c\cwe134_uncontrolled_format_string\debug\cwe134_uncontrolled_format_string__char_console_vprintf_01.obj
c:\git\romeo\c\cwe134_uncontrolled_format_string\debug\cwe134_uncontrolled_format_string__char_console_w32_vsnprintf_01.obj
c:\git\romeo\c\cwe134_uncontrolled_format_string\debug\cwe134_uncontrolled_format_string__char_environment_vfprintf_01.obj
c:\git\romeo\c\cwe134_uncontrolled_format_string\debug\cwe134_uncontrolled_format_string__char_environment_vprintf_01.obj
c:\git\romeo\c\cwe134_uncontrolled_format_string\debug\cwe134_uncontrolled_format_string__char_environment_w32_vsnprintf_01.obj
c:\git\romeo\c\cwe134_uncontrolled_format_string\debug\cwe134_uncontrolled_format_string__char_file_vfprintf_01.obj
c:\git\romeo\c\cwe134_uncontrolled_format_string\debug\cwe134_u.0eb6fc37.tlog\cl.command.1.tlog
c:\git\romeo\c\cwe134_uncontrolled_format_string\debug\cwe134_u.0eb6fc37.tlog\cl.read.1.tlog
c:\git\romeo\c\cwe134_uncontrolled_format_string\debug\cwe134_u.0eb6fc37.tlog\cl.write.1.tlog
