C:\Program Files (x86)\Microsoft Visual Studio\2017\Community\Common7\IDE\VC\VCTargets\Microsoft.CppBuild.targets(937,5): warning MSB8027: 이름이 CWE134_Uncontrolled_Format_String__char_connect_socket_fprintf_01.c인 둘 이상의 파일이 같은 위치에 출력을 생성합니다. 이로 인해 잘못된 빌드 결과가 나타날 수 있습니다.  관련된 파일은 m00\CWE134_Uncontrolled_Format_String__char_connect_socket_fprintf_01.c, m01\CWE134_Uncontrolled_Format_String__char_connect_socket_fprintf_01.c입니다.
C:\Program Files (x86)\Microsoft Visual Studio\2017\Community\Common7\IDE\VC\VCTargets\Microsoft.CppBuild.targets(937,5): warning MSB8027: 이름이 CWE134_Uncontrolled_Format_String__char_connect_socket_vfprintf_01.c인 둘 이상의 파일이 같은 위치에 출력을 생성합니다. 이로 인해 잘못된 빌드 결과가 나타날 수 있습니다.  관련된 파일은 m10\CWE134_Uncontrolled_Format_String__char_connect_socket_vfprintf_01.c, m11\CWE134_Uncontrolled_Format_String__char_connect_socket_vfprintf_01.c입니다.
  CWE134_Uncontrolled_Format_String__char_connect_socket_vfprintf_84_goodG2B.cpp
  CWE134_Uncontrolled_Format_String__char_connect_socket_vfprintf_84_goodB2G.cpp
  CWE134_Uncontrolled_Format_String__char_connect_socket_vfprintf_84_bad.cpp
  CWE134_Uncontrolled_Format_String__char_connect_socket_vfprintf_84a.cpp
  CWE134_Uncontrolled_Format_String__char_connect_socket_vfprintf_83_goodG2B.cpp
  CWE134_Uncontrolled_Format_String__char_connect_socket_vfprintf_83_goodB2G.cpp
  CWE134_Uncontrolled_Format_String__char_connect_socket_vfprintf_83_bad.cpp
  CWE134_Uncontrolled_Format_String__char_connect_socket_vfprintf_83a.cpp
  CWE134_Uncontrolled_Format_String__char_connect_socket_vfprintf_82_goodG2B.cpp
  CWE134_Uncontrolled_Format_String__char_connect_socket_vfprintf_82_goodB2G.cpp
  CWE134_Uncontrolled_Format_String__char_connect_socket_vfprintf_82_bad.cpp
  CWE134_Uncontrolled_Format_String__char_connect_socket_vfprintf_82a.cpp
  CWE134_Uncontrolled_Format_String__char_connect_socket_vfprintf_81_goodG2B.cpp
  CWE134_Uncontrolled_Format_String__char_connect_socket_vfprintf_81_goodB2G.cpp
  CWE134_Uncontrolled_Format_String__char_connect_socket_vfprintf_81_bad.cpp
  CWE134_Uncontrolled_Format_String__char_connect_socket_vfprintf_81a.cpp
  CWE134_Uncontrolled_Format_String__char_connect_socket_vfprintf_74b.cpp
  CWE134_Uncontrolled_Format_String__char_connect_socket_vfprintf_74a.cpp
  CWE134_Uncontrolled_Format_String__char_connect_socket_vfprintf_73b.cpp
  CWE134_Uncontrolled_Format_String__char_connect_socket_vfprintf_73a.cpp
  코드를 생성하고 있습니다...
  컴파일하고 있습니다...
  CWE134_Uncontrolled_Format_String__char_connect_socket_vfprintf_72b.cpp
  CWE134_Uncontrolled_Format_String__char_connect_socket_vfprintf_72a.cpp
  CWE134_Uncontrolled_Format_String__char_connect_socket_vfprintf_62b.cpp
  CWE134_Uncontrolled_Format_String__char_connect_socket_vfprintf_62a.cpp
  CWE134_Uncontrolled_Format_String__char_connect_socket_vfprintf_43.cpp
  CWE134_Uncontrolled_Format_String__char_connect_socket_vfprintf_33.cpp
  CWE134_Uncontrolled_Format_String__char_connect_socket_fprintf_84_goodG2B.cpp
  CWE134_Uncontrolled_Format_String__char_connect_socket_fprintf_84_goodB2G.cpp
  CWE134_Uncontrolled_Format_String__char_connect_socket_fprintf_84_bad.cpp
  CWE134_Uncontrolled_Format_String__char_connect_socket_fprintf_84a.cpp
  CWE134_Uncontrolled_Format_String__char_connect_socket_fprintf_83_goodG2B.cpp
  CWE134_Uncontrolled_Format_String__char_connect_socket_fprintf_83_goodB2G.cpp
  CWE134_Uncontrolled_Format_String__char_connect_socket_fprintf_83_bad.cpp
  CWE134_Uncontrolled_Format_String__char_connect_socket_fprintf_83a.cpp
  CWE134_Uncontrolled_Format_String__char_connect_socket_fprintf_82_goodG2B.cpp
  CWE134_Uncontrolled_Format_String__char_connect_socket_fprintf_82_goodB2G.cpp
  CWE134_Uncontrolled_Format_String__char_connect_socket_fprintf_82_bad.cpp
  CWE134_Uncontrolled_Format_String__char_connect_socket_fprintf_82a.cpp
  CWE134_Uncontrolled_Format_String__char_connect_socket_fprintf_81_goodG2B.cpp
  CWE134_Uncontrolled_Format_String__char_connect_socket_fprintf_81_goodB2G.cpp
  코드를 생성하고 있습니다...
  컴파일하고 있습니다...
  CWE134_Uncontrolled_Format_String__char_connect_socket_fprintf_81_bad.cpp
  CWE134_Uncontrolled_Format_String__char_connect_socket_fprintf_81a.cpp
  CWE134_Uncontrolled_Format_String__char_connect_socket_fprintf_74b.cpp
  CWE134_Uncontrolled_Format_String__char_connect_socket_fprintf_74a.cpp
  CWE134_Uncontrolled_Format_String__char_connect_socket_fprintf_73b.cpp
  CWE134_Uncontrolled_Format_String__char_connect_socket_fprintf_73a.cpp
  CWE134_Uncontrolled_Format_String__char_connect_socket_fprintf_72b.cpp
  CWE134_Uncontrolled_Format_String__char_connect_socket_fprintf_72a.cpp
  CWE134_Uncontrolled_Format_String__char_connect_socket_fprintf_62b.cpp
  CWE134_Uncontrolled_Format_String__char_connect_socket_fprintf_62a.cpp
  CWE134_Uncontrolled_Format_String__char_connect_socket_fprintf_43.cpp
  CWE134_Uncontrolled_Format_String__char_connect_socket_fprintf_33.cpp
  fake_main.cpp
  코드를 생성하고 있습니다...
  CWE134_Uncontrolled_Format_String__wchar_t_listen_socket_w32_vsnprintf_01.c
  CWE134_Uncontrolled_Format_String__wchar_t_listen_socket_vprintf_01.c
  CWE134_Uncontrolled_Format_String__wchar_t_listen_socket_vfprintf_01.c
  CWE134_Uncontrolled_Format_String__wchar_t_file_w32_vsnprintf_01.c
  CWE134_Uncontrolled_Format_String__wchar_t_file_vprintf_01.c
  CWE134_Uncontrolled_Format_String__wchar_t_file_vfprintf_01.c
  CWE134_Uncontrolled_Format_String__wchar_t_environment_w32_vsnprintf_01.c
  CWE134_Uncontrolled_Format_String__wchar_t_environment_vprintf_01.c
  CWE134_Uncontrolled_Format_String__wchar_t_environment_vfprintf_01.c
  CWE134_Uncontrolled_Format_String__wchar_t_console_w32_vsnprintf_01.c
  CWE134_Uncontrolled_Format_String__wchar_t_console_vprintf_01.c
  CWE134_Uncontrolled_Format_String__wchar_t_console_vfprintf_01.c
  CWE134_Uncontrolled_Format_String__wchar_t_connect_socket_w32_vsnprintf_01.c
  CWE134_Uncontrolled_Format_String__wchar_t_connect_socket_vprintf_01.c
  CWE134_Uncontrolled_Format_String__wchar_t_connect_socket_vfprintf_01.c
  CWE134_Uncontrolled_Format_String__char_listen_socket_w32_vsnprintf_01.c
  CWE134_Uncontrolled_Format_String__char_listen_socket_vprintf_01.c
  CWE134_Uncontrolled_Format_String__char_listen_socket_vfprintf_01.c
  CWE134_Uncontrolled_Format_String__char_file_w32_vsnprintf_01.c
  CWE134_Uncontrolled_Format_String__char_file_vprintf_01.c
  코드를 생성하고 있습니다...
  컴파일하고 있습니다...
  CWE134_Uncontrolled_Format_String__char_file_vfprintf_01.c
  CWE134_Uncontrolled_Format_String__char_environment_w32_vsnprintf_01.c
  CWE134_Uncontrolled_Format_String__char_environment_vprintf_01.c
  CWE134_Uncontrolled_Format_String__char_environment_vfprintf_01.c
  CWE134_Uncontrolled_Format_String__char_console_w32_vsnprintf_01.c
  CWE134_Uncontrolled_Format_String__char_console_vprintf_01.c
  CWE134_Uncontrolled_Format_String__char_console_vfprintf_01.c
  CWE134_Uncontrolled_Format_String__char_connect_socket_w32_vsnprintf_01.c
  CWE134_Uncontrolled_Format_String__char_connect_socket_vprintf_01.c
  CWE134_Uncontrolled_Format_String__char_connect_socket_vfprintf_01.c
  CWE134_Uncontrolled_Format_String__char_connect_socket_vfprintf_68b.c
  CWE134_Uncontrolled_Format_String__char_connect_socket_vfprintf_68a.c
  CWE134_Uncontrolled_Format_String__char_connect_socket_vfprintf_67b.c
  CWE134_Uncontrolled_Format_String__char_connect_socket_vfprintf_67a.c
  CWE134_Uncontrolled_Format_String__char_connect_socket_vfprintf_66b.c
  CWE134_Uncontrolled_Format_String__char_connect_socket_vfprintf_66a.c
  CWE134_Uncontrolled_Format_String__char_connect_socket_vfprintf_65b.c
  CWE134_Uncontrolled_Format_String__char_connect_socket_vfprintf_65a.c
  CWE134_Uncontrolled_Format_String__char_connect_socket_vfprintf_64b.c
  CWE134_Uncontrolled_Format_String__char_connect_socket_vfprintf_64a.c
  코드를 생성하고 있습니다...
  컴파일하고 있습니다...
  CWE134_Uncontrolled_Format_String__char_connect_socket_vfprintf_63b.c
  CWE134_Uncontrolled_Format_String__char_connect_socket_vfprintf_63a.c
  CWE134_Uncontrolled_Format_String__char_connect_socket_vfprintf_61b.c
  CWE134_Uncontrolled_Format_String__char_connect_socket_vfprintf_61a.c
  CWE134_Uncontrolled_Format_String__char_connect_socket_vfprintf_54e.c
  CWE134_Uncontrolled_Format_String__char_connect_socket_vfprintf_54d.c
  CWE134_Uncontrolled_Format_String__char_connect_socket_vfprintf_54c.c
  CWE134_Uncontrolled_Format_String__char_connect_socket_vfprintf_54b.c
  CWE134_Uncontrolled_Format_String__char_connect_socket_vfprintf_54a.c
  CWE134_Uncontrolled_Format_String__char_connect_socket_vfprintf_53d.c
  CWE134_Uncontrolled_Format_String__char_connect_socket_vfprintf_53c.c
  CWE134_Uncontrolled_Format_String__char_connect_socket_vfprintf_53b.c
  CWE134_Uncontrolled_Format_String__char_connect_socket_vfprintf_53a.c
  CWE134_Uncontrolled_Format_String__char_connect_socket_vfprintf_52c.c
  CWE134_Uncontrolled_Format_String__char_connect_socket_vfprintf_52b.c
  CWE134_Uncontrolled_Format_String__char_connect_socket_vfprintf_52a.c
  CWE134_Uncontrolled_Format_String__char_connect_socket_vfprintf_51b.c
  CWE134_Uncontrolled_Format_String__char_connect_socket_vfprintf_51a.c
  CWE134_Uncontrolled_Format_String__char_connect_socket_vfprintf_45.c
  CWE134_Uncontrolled_Format_String__char_connect_socket_vfprintf_44.c
  코드를 생성하고 있습니다...
  컴파일하고 있습니다...
  CWE134_Uncontrolled_Format_String__char_connect_socket_vfprintf_42.c
  CWE134_Uncontrolled_Format_String__char_connect_socket_vfprintf_41.c
  CWE134_Uncontrolled_Format_String__char_connect_socket_vfprintf_34.c
  CWE134_Uncontrolled_Format_String__char_connect_socket_vfprintf_32.c
  CWE134_Uncontrolled_Format_String__char_connect_socket_vfprintf_31.c
  CWE134_Uncontrolled_Format_String__char_connect_socket_vfprintf_22b.c
  CWE134_Uncontrolled_Format_String__char_connect_socket_vfprintf_22a.c
  CWE134_Uncontrolled_Format_String__char_connect_socket_vfprintf_21.c
  CWE134_Uncontrolled_Format_String__char_connect_socket_vfprintf_18.c
  CWE134_Uncontrolled_Format_String__char_connect_socket_vfprintf_17.c
  CWE134_Uncontrolled_Format_String__char_connect_socket_vfprintf_16.c
  CWE134_Uncontrolled_Format_String__char_connect_socket_vfprintf_15.c
  CWE134_Uncontrolled_Format_String__char_connect_socket_vfprintf_14.c
  CWE134_Uncontrolled_Format_String__char_connect_socket_vfprintf_13.c
  CWE134_Uncontrolled_Format_String__char_connect_socket_vfprintf_12.c
  CWE134_Uncontrolled_Format_String__char_connect_socket_vfprintf_11.c
  CWE134_Uncontrolled_Format_String__char_connect_socket_vfprintf_10.c
  CWE134_Uncontrolled_Format_String__char_connect_socket_vfprintf_09.c
  CWE134_Uncontrolled_Format_String__char_connect_socket_vfprintf_08.c
  CWE134_Uncontrolled_Format_String__char_connect_socket_vfprintf_07.c
  코드를 생성하고 있습니다...
  컴파일하고 있습니다...
  CWE134_Uncontrolled_Format_String__char_connect_socket_vfprintf_06.c
  CWE134_Uncontrolled_Format_String__char_connect_socket_vfprintf_05.c
  CWE134_Uncontrolled_Format_String__char_connect_socket_vfprintf_04.c
  CWE134_Uncontrolled_Format_String__char_connect_socket_vfprintf_03.c
  CWE134_Uncontrolled_Format_String__char_connect_socket_vfprintf_02.c
  CWE134_Uncontrolled_Format_String__char_connect_socket_vfprintf_01.c
  CWE134_Uncontrolled_Format_String__wchar_t_listen_socket_snprintf_01.c
  CWE134_Uncontrolled_Format_String__wchar_t_listen_socket_printf_01.c
  CWE134_Uncontrolled_Format_String__wchar_t_listen_socket_fprintf_01.c
  CWE134_Uncontrolled_Format_String__wchar_t_file_snprintf_01.c
  CWE134_Uncontrolled_Format_String__wchar_t_file_printf_01.c
  CWE134_Uncontrolled_Format_String__wchar_t_file_fprintf_01.c
  CWE134_Uncontrolled_Format_String__wchar_t_environment_snprintf_01.c
  CWE134_Uncontrolled_Format_String__wchar_t_environment_printf_01.c
  CWE134_Uncontrolled_Format_String__wchar_t_environment_fprintf_01.c
  CWE134_Uncontrolled_Format_String__wchar_t_console_snprintf_01.c
  CWE134_Uncontrolled_Format_String__wchar_t_console_printf_01.c
  CWE134_Uncontrolled_Format_String__wchar_t_console_fprintf_01.c
  CWE134_Uncontrolled_Format_String__wchar_t_connect_socket_snprintf_01.c
  CWE134_Uncontrolled_Format_String__wchar_t_connect_socket_printf_01.c
  코드를 생성하고 있습니다...
  컴파일하고 있습니다...
  CWE134_Uncontrolled_Format_String__wchar_t_connect_socket_fprintf_01.c
  CWE134_Uncontrolled_Format_String__char_listen_socket_snprintf_01.c
  CWE134_Uncontrolled_Format_String__char_listen_socket_printf_01.c
  CWE134_Uncontrolled_Format_String__char_listen_socket_fprintf_01.c
  CWE134_Uncontrolled_Format_String__char_file_snprintf_01.c
  CWE134_Uncontrolled_Format_String__char_file_printf_01.c
  CWE134_Uncontrolled_Format_String__char_file_fprintf_01.c
  CWE134_Uncontrolled_Format_String__char_environment_snprintf_01.c
  CWE134_Uncontrolled_Format_String__char_environment_printf_01.c
  CWE134_Uncontrolled_Format_String__char_environment_fprintf_01.c
  CWE134_Uncontrolled_Format_String__char_console_snprintf_01.c
  CWE134_Uncontrolled_Format_String__char_console_printf_01.c
  CWE134_Uncontrolled_Format_String__char_console_fprintf_01.c
  CWE134_Uncontrolled_Format_String__char_connect_socket_snprintf_01.c
  CWE134_Uncontrolled_Format_String__char_connect_socket_printf_01.c
  CWE134_Uncontrolled_Format_String__char_connect_socket_fprintf_01.c
  CWE134_Uncontrolled_Format_String__char_connect_socket_fprintf_68b.c
  CWE134_Uncontrolled_Format_String__char_connect_socket_fprintf_68a.c
  CWE134_Uncontrolled_Format_String__char_connect_socket_fprintf_67b.c
  CWE134_Uncontrolled_Format_String__char_connect_socket_fprintf_67a.c
  코드를 생성하고 있습니다...
  컴파일하고 있습니다...
  CWE134_Uncontrolled_Format_String__char_connect_socket_fprintf_66b.c
  CWE134_Uncontrolled_Format_String__char_connect_socket_fprintf_66a.c
  CWE134_Uncontrolled_Format_String__char_connect_socket_fprintf_65b.c
  CWE134_Uncontrolled_Format_String__char_connect_socket_fprintf_65a.c
  CWE134_Uncontrolled_Format_String__char_connect_socket_fprintf_64b.c
  CWE134_Uncontrolled_Format_String__char_connect_socket_fprintf_64a.c
  CWE134_Uncontrolled_Format_String__char_connect_socket_fprintf_63b.c
  CWE134_Uncontrolled_Format_String__char_connect_socket_fprintf_63a.c
  CWE134_Uncontrolled_Format_String__char_connect_socket_fprintf_61b.c
  CWE134_Uncontrolled_Format_String__char_connect_socket_fprintf_61a.c
  CWE134_Uncontrolled_Format_String__char_connect_socket_fprintf_54e.c
  CWE134_Uncontrolled_Format_String__char_connect_socket_fprintf_54d.c
  CWE134_Uncontrolled_Format_String__char_connect_socket_fprintf_54c.c
  CWE134_Uncontrolled_Format_String__char_connect_socket_fprintf_54b.c
  CWE134_Uncontrolled_Format_String__char_connect_socket_fprintf_54a.c
  CWE134_Uncontrolled_Format_String__char_connect_socket_fprintf_53d.c
  CWE134_Uncontrolled_Format_String__char_connect_socket_fprintf_53c.c
  CWE134_Uncontrolled_Format_String__char_connect_socket_fprintf_53b.c
  CWE134_Uncontrolled_Format_String__char_connect_socket_fprintf_53a.c
  CWE134_Uncontrolled_Format_String__char_connect_socket_fprintf_52c.c
  코드를 생성하고 있습니다...
  컴파일하고 있습니다...
  CWE134_Uncontrolled_Format_String__char_connect_socket_fprintf_52b.c
  CWE134_Uncontrolled_Format_String__char_connect_socket_fprintf_52a.c
  CWE134_Uncontrolled_Format_String__char_connect_socket_fprintf_51b.c
  CWE134_Uncontrolled_Format_String__char_connect_socket_fprintf_51a.c
  CWE134_Uncontrolled_Format_String__char_connect_socket_fprintf_45.c
  CWE134_Uncontrolled_Format_String__char_connect_socket_fprintf_44.c
  CWE134_Uncontrolled_Format_String__char_connect_socket_fprintf_42.c
  CWE134_Uncontrolled_Format_String__char_connect_socket_fprintf_41.c
  CWE134_Uncontrolled_Format_String__char_connect_socket_fprintf_34.c
  CWE134_Uncontrolled_Format_String__char_connect_socket_fprintf_32.c
  CWE134_Uncontrolled_Format_String__char_connect_socket_fprintf_31.c
  CWE134_Uncontrolled_Format_String__char_connect_socket_fprintf_22b.c
  CWE134_Uncontrolled_Format_String__char_connect_socket_fprintf_22a.c
  CWE134_Uncontrolled_Format_String__char_connect_socket_fprintf_21.c
  CWE134_Uncontrolled_Format_String__char_connect_socket_fprintf_18.c
  CWE134_Uncontrolled_Format_String__char_connect_socket_fprintf_17.c
  CWE134_Uncontrolled_Format_String__char_connect_socket_fprintf_16.c
  CWE134_Uncontrolled_Format_String__char_connect_socket_fprintf_15.c
  CWE134_Uncontrolled_Format_String__char_connect_socket_fprintf_14.c
  CWE134_Uncontrolled_Format_String__char_connect_socket_fprintf_13.c
  코드를 생성하고 있습니다...
  컴파일하고 있습니다...
  CWE134_Uncontrolled_Format_String__char_connect_socket_fprintf_12.c
  CWE134_Uncontrolled_Format_String__char_connect_socket_fprintf_11.c
  CWE134_Uncontrolled_Format_String__char_connect_socket_fprintf_10.c
  CWE134_Uncontrolled_Format_String__char_connect_socket_fprintf_09.c
  CWE134_Uncontrolled_Format_String__char_connect_socket_fprintf_08.c
  CWE134_Uncontrolled_Format_String__char_connect_socket_fprintf_07.c
  CWE134_Uncontrolled_Format_String__char_connect_socket_fprintf_06.c
  CWE134_Uncontrolled_Format_String__char_connect_socket_fprintf_05.c
  CWE134_Uncontrolled_Format_String__char_connect_socket_fprintf_04.c
  CWE134_Uncontrolled_Format_String__char_connect_socket_fprintf_03.c
  CWE134_Uncontrolled_Format_String__char_connect_socket_fprintf_02.c
  CWE134_Uncontrolled_Format_String__char_connect_socket_fprintf_01.c
  io.c
  코드를 생성하고 있습니다...
Debug\CWE134_Uncontrolled_Format_String__char_connect_socket_fprintf_01.obj : warning LNK4042: 개체가 두 번 이상 지정되었습니다. 나머지는 무시됩니다.
Debug\CWE134_Uncontrolled_Format_String__char_connect_socket_vfprintf_01.obj : warning LNK4042: 개체가 두 번 이상 지정되었습니다. 나머지는 무시됩니다.
  CWE134_Uncontrolled_Format_String.vcxproj -> C:\git\romeo\c\Debug\CWE134_Uncontrolled_Format_String.exe
