c:\users\robert\documents\visual studio 2015\projects\codemind_test\cwe338_weak_prng\debug\vc140.pdb
c:\users\robert\documents\visual studio 2015\projects\codemind_test\cwe338_weak_prng\debug\vc140.idb
c:\users\robert\documents\visual studio 2015\projects\codemind_test\cwe338_weak_prng\debug\fake_main.obj
c:\users\robert\documents\visual studio 2015\projects\codemind_test\cwe338_weak_prng\debug\io.obj
c:\users\robert\documents\visual studio 2015\projects\codemind_test\cwe338_weak_prng\debug\cwe338_weak_prng__w32_01.obj
c:\users\robert\documents\visual studio 2015\projects\codemind_test\cwe338_weak_prng\debug\cwe338_weak_prng__w32_02.obj
c:\users\robert\documents\visual studio 2015\projects\codemind_test\cwe338_weak_prng\debug\cwe338_weak_prng__w32_03.obj
c:\users\robert\documents\visual studio 2015\projects\codemind_test\cwe338_weak_prng\debug\cwe338_weak_prng__w32_04.obj
c:\users\robert\documents\visual studio 2015\projects\codemind_test\cwe338_weak_prng\debug\cwe338_weak_prng__w32_05.obj
c:\users\robert\documents\visual studio 2015\projects\codemind_test\cwe338_weak_prng\debug\cwe338_weak_prng__w32_06.obj
c:\users\robert\documents\visual studio 2015\projects\codemind_test\cwe338_weak_prng\debug\cwe338_weak_prng__w32_07.obj
c:\users\robert\documents\visual studio 2015\projects\codemind_test\cwe338_weak_prng\debug\cwe338_weak_prng__w32_08.obj
c:\users\robert\documents\visual studio 2015\projects\codemind_test\cwe338_weak_prng\debug\cwe338_weak_prng__w32_09.obj
c:\users\robert\documents\visual studio 2015\projects\codemind_test\cwe338_weak_prng\debug\cwe338_weak_prng__w32_10.obj
c:\users\robert\documents\visual studio 2015\projects\codemind_test\cwe338_weak_prng\debug\cwe338_weak_prng__w32_11.obj
c:\users\robert\documents\visual studio 2015\projects\codemind_test\cwe338_weak_prng\debug\cwe338_weak_prng__w32_12.obj
c:\users\robert\documents\visual studio 2015\projects\codemind_test\cwe338_weak_prng\debug\cwe338_weak_prng__w32_13.obj
c:\users\robert\documents\visual studio 2015\projects\codemind_test\cwe338_weak_prng\debug\cwe338_weak_prng__w32_14.obj
c:\users\robert\documents\visual studio 2015\projects\codemind_test\cwe338_weak_prng\debug\cwe338_weak_prng__w32_15.obj
c:\users\robert\documents\visual studio 2015\projects\codemind_test\cwe338_weak_prng\debug\cwe338_weak_prng__w32_16.obj
c:\users\robert\documents\visual studio 2015\projects\codemind_test\cwe338_weak_prng\debug\cwe338_weak_prng__w32_17.obj
c:\users\robert\documents\visual studio 2015\projects\codemind_test\cwe338_weak_prng\debug\cwe338_weak_prng__w32_18.obj
c:\users\robert\documents\visual studio 2015\projects\codemind_test\debug\cwe338_weak_prng.ilk
c:\users\robert\documents\visual studio 2015\projects\codemind_test\debug\cwe338_weak_prng.exe
c:\users\robert\documents\visual studio 2015\projects\codemind_test\debug\cwe338_weak_prng.pdb
c:\users\robert\documents\visual studio 2015\projects\codemind_test\cwe338_weak_prng\debug\cwe338_weak_prng.tlog\cl.command.1.tlog
c:\users\robert\documents\visual studio 2015\projects\codemind_test\cwe338_weak_prng\debug\cwe338_weak_prng.tlog\cl.read.1.tlog
c:\users\robert\documents\visual studio 2015\projects\codemind_test\cwe338_weak_prng\debug\cwe338_weak_prng.tlog\cl.write.1.tlog
c:\users\robert\documents\visual studio 2015\projects\codemind_test\cwe338_weak_prng\debug\cwe338_weak_prng.tlog\link.command.1.tlog
c:\users\robert\documents\visual studio 2015\projects\codemind_test\cwe338_weak_prng\debug\cwe338_weak_prng.tlog\link.read.1.tlog
c:\users\robert\documents\visual studio 2015\projects\codemind_test\cwe338_weak_prng\debug\cwe338_weak_prng.tlog\link.write.1.tlog
