  fake_main.cpp
  CWE338_Weak_PRNG__w32_18.c
  CWE338_Weak_PRNG__w32_17.c
  CWE338_Weak_PRNG__w32_16.c
  CWE338_Weak_PRNG__w32_15.c
  CWE338_Weak_PRNG__w32_14.c
  CWE338_Weak_PRNG__w32_13.c
  CWE338_Weak_PRNG__w32_12.c
  CWE338_Weak_PRNG__w32_11.c
  CWE338_Weak_PRNG__w32_10.c
  CWE338_Weak_PRNG__w32_09.c
  CWE338_Weak_PRNG__w32_08.c
  CWE338_Weak_PRNG__w32_07.c
  CWE338_Weak_PRNG__w32_06.c
  CWE338_Weak_PRNG__w32_05.c
  CWE338_Weak_PRNG__w32_04.c
  CWE338_Weak_PRNG__w32_03.c
  CWE338_Weak_PRNG__w32_02.c
  CWE338_Weak_PRNG__w32_01.c
  io.c
  코드를 생성하고 있습니다...
  CWE338_Weak_PRNG.vcxproj -> C:\git\romeo\c\Debug\CWE338_Weak_PRNG.exe
