c:\git\romeo\c\cwe36_absolute_path_traversal\debug\vc141.pdb
c:\git\romeo\c\cwe36_absolute_path_traversal\debug\vc141.idb
c:\git\romeo\c\cwe36_absolute_path_traversal\debug\cwe36_absolute_path_traversal__wchar_t_console_fopen_01.obj
c:\git\romeo\c\cwe36_absolute_path_traversal\debug\cwe36_absolute_path_traversal__wchar_t_console_ifstream_01.obj
c:\git\romeo\c\cwe36_absolute_path_traversal\debug\cwe36_absolute_path_traversal__wchar_t_console_ofstream_01.obj
c:\git\romeo\c\cwe36_absolute_path_traversal\debug\cwe36_absolute_path_traversal__wchar_t_console_open_01.obj
c:\git\romeo\c\cwe36_absolute_path_traversal\debug\cwe36_absolute_path_traversal__wchar_t_console_w32createfile_01.obj
c:\git\romeo\c\cwe36_absolute_path_traversal\debug\cwe36_absolute_path_traversal__wchar_t_environment_fopen_01.obj
c:\git\romeo\c\cwe36_absolute_path_traversal\debug\cwe36_absolute_path_traversal__wchar_t_environment_ifstream_01.obj
c:\git\romeo\c\cwe36_absolute_path_traversal\debug\cwe36_absolute_path_traversal__wchar_t_environment_ofstream_01.obj
c:\git\romeo\c\cwe36_absolute_path_traversal\debug\cwe36_absolute_path_traversal__wchar_t_environment_open_01.obj
c:\git\romeo\c\cwe36_absolute_path_traversal\debug\cwe36_absolute_path_traversal__wchar_t_environment_w32createfile_01.obj
c:\git\romeo\c\cwe36_absolute_path_traversal\debug\cwe36_absolute_path_traversal__wchar_t_file_fopen_01.obj
c:\git\romeo\c\cwe36_absolute_path_traversal\debug\cwe36_absolute_path_traversal__wchar_t_file_ifstream_01.obj
c:\git\romeo\c\cwe36_absolute_path_traversal\debug\cwe36_absolute_path_traversal__wchar_t_file_ofstream_01.obj
c:\git\romeo\c\cwe36_absolute_path_traversal\debug\cwe36_absolute_path_traversal__wchar_t_file_open_01.obj
c:\git\romeo\c\cwe36_absolute_path_traversal\debug\cwe36_absolute_path_traversal__wchar_t_file_w32createfile_01.obj
c:\git\romeo\c\cwe36_absolute_path_traversal\debug\cwe36_absolute_path_traversal__wchar_t_listen_socket_fopen_01.obj
c:\git\romeo\c\cwe36_absolute_path_traversal\debug\cwe36_absolute_path_traversal__wchar_t_listen_socket_ifstream_01.obj
c:\git\romeo\c\cwe36_absolute_path_traversal\debug\cwe36_absolute_path_traversal__wchar_t_listen_socket_ofstream_01.obj
c:\git\romeo\c\cwe36_absolute_path_traversal\debug\cwe36_absolute_path_traversal__wchar_t_listen_socket_open_01.obj
c:\git\romeo\c\cwe36_absolute_path_traversal\debug\cwe36_absolute_path_traversal__wchar_t_listen_socket_w32createfile_01.obj
c:\git\romeo\c\cwe36_absolute_path_traversal\debug\cwe36_absolute_path_traversal__char_environment_fopen_01.obj
c:\git\romeo\c\cwe36_absolute_path_traversal\debug\cwe36_absolute_path_traversal__char_environment_ifstream_01.obj
c:\git\romeo\c\cwe36_absolute_path_traversal\debug\cwe36_absolute_path_traversal__char_environment_ofstream_01.obj
c:\git\romeo\c\cwe36_absolute_path_traversal\debug\cwe36_absolute_path_traversal__char_environment_open_01.obj
c:\git\romeo\c\cwe36_absolute_path_traversal\debug\cwe36_absolute_path_traversal__char_environment_w32createfile_01.obj
c:\git\romeo\c\cwe36_absolute_path_traversal\debug\cwe36_absolute_path_traversal__char_file_fopen_01.obj
c:\git\romeo\c\cwe36_absolute_path_traversal\debug\cwe36_absolute_path_traversal__char_file_ifstream_01.obj
c:\git\romeo\c\cwe36_absolute_path_traversal\debug\cwe36_absolute_path_traversal__char_file_ofstream_01.obj
c:\git\romeo\c\cwe36_absolute_path_traversal\debug\cwe36_absolute_path_traversal__char_file_open_01.obj
c:\git\romeo\c\cwe36_absolute_path_traversal\debug\cwe36_absolute_path_traversal__char_file_w32createfile_01.obj
c:\git\romeo\c\cwe36_absolute_path_traversal\debug\cwe36_absolute_path_traversal__char_listen_socket_fopen_01.obj
c:\git\romeo\c\cwe36_absolute_path_traversal\debug\cwe36_absolute_path_traversal__char_listen_socket_ifstream_01.obj
c:\git\romeo\c\cwe36_absolute_path_traversal\debug\cwe36_absolute_path_traversal__char_listen_socket_ofstream_01.obj
c:\git\romeo\c\cwe36_absolute_path_traversal\debug\cwe36_absolute_path_traversal__char_listen_socket_open_01.obj
c:\git\romeo\c\cwe36_absolute_path_traversal\debug\cwe36_absolute_path_traversal__char_listen_socket_w32createfile_01.obj
c:\git\romeo\c\cwe36_absolute_path_traversal\debug\cwe36_absolute_path_traversal__wchar_t_connect_socket_fopen_01.obj
c:\git\romeo\c\cwe36_absolute_path_traversal\debug\cwe36_absolute_path_traversal__wchar_t_connect_socket_ifstream_01.obj
c:\git\romeo\c\cwe36_absolute_path_traversal\debug\cwe36_absolute_path_traversal__wchar_t_connect_socket_ofstream_01.obj
c:\git\romeo\c\cwe36_absolute_path_traversal\debug\cwe36_absolute_path_traversal__wchar_t_connect_socket_open_01.obj
c:\git\romeo\c\cwe36_absolute_path_traversal\debug\cwe36_absolute_path_traversal__wchar_t_connect_socket_w32createfile_01.obj
c:\git\romeo\c\cwe36_absolute_path_traversal\debug\cwe36_absolute_path_traversal__char_connect_socket_fopen_81_goodg2b.obj
c:\git\romeo\c\cwe36_absolute_path_traversal\debug\cwe36_absolute_path_traversal__char_connect_socket_fopen_82a.obj
c:\git\romeo\c\cwe36_absolute_path_traversal\debug\cwe36_absolute_path_traversal__char_connect_socket_fopen_82_bad.obj
c:\git\romeo\c\cwe36_absolute_path_traversal\debug\cwe36_absolute_path_traversal__char_connect_socket_fopen_82_goodg2b.obj
c:\git\romeo\c\cwe36_absolute_path_traversal\debug\cwe36_absolute_path_traversal__char_connect_socket_fopen_83a.obj
c:\git\romeo\c\cwe36_absolute_path_traversal\debug\cwe36_absolute_path_traversal__char_connect_socket_fopen_83_bad.obj
c:\git\romeo\c\cwe36_absolute_path_traversal\debug\cwe36_absolute_path_traversal__char_connect_socket_fopen_83_goodg2b.obj
c:\git\romeo\c\cwe36_absolute_path_traversal\debug\cwe36_absolute_path_traversal__char_connect_socket_fopen_84a.obj
c:\git\romeo\c\cwe36_absolute_path_traversal\debug\cwe36_absolute_path_traversal__char_connect_socket_fopen_84_bad.obj
c:\git\romeo\c\cwe36_absolute_path_traversal\debug\cwe36_absolute_path_traversal__char_connect_socket_fopen_84_goodg2b.obj
c:\git\romeo\c\cwe36_absolute_path_traversal\debug\cwe36_absolute_path_traversal__char_connect_socket_fopen_01.obj
c:\git\romeo\c\cwe36_absolute_path_traversal\debug\cwe36_absolute_path_traversal__char_connect_socket_ifstream_01.obj
c:\git\romeo\c\cwe36_absolute_path_traversal\debug\cwe36_absolute_path_traversal__char_connect_socket_ofstream_01.obj
c:\git\romeo\c\cwe36_absolute_path_traversal\debug\cwe36_absolute_path_traversal__char_connect_socket_open_01.obj
c:\git\romeo\c\cwe36_absolute_path_traversal\debug\cwe36_absolute_path_traversal__char_connect_socket_w32createfile_01.obj
c:\git\romeo\c\cwe36_absolute_path_traversal\debug\cwe36_absolute_path_traversal__char_console_fopen_01.obj
c:\git\romeo\c\cwe36_absolute_path_traversal\debug\cwe36_absolute_path_traversal__char_console_ifstream_01.obj
c:\git\romeo\c\cwe36_absolute_path_traversal\debug\cwe36_absolute_path_traversal__char_console_ofstream_01.obj
c:\git\romeo\c\cwe36_absolute_path_traversal\debug\cwe36_absolute_path_traversal__char_console_open_01.obj
c:\git\romeo\c\cwe36_absolute_path_traversal\debug\cwe36_absolute_path_traversal__char_console_w32createfile_01.obj
c:\git\romeo\c\cwe36_absolute_path_traversal\debug\cwe36_ab.a765193b.tlog\cl.command.1.tlog
c:\git\romeo\c\cwe36_absolute_path_traversal\debug\cwe36_ab.a765193b.tlog\cl.read.1.tlog
c:\git\romeo\c\cwe36_absolute_path_traversal\debug\cwe36_ab.a765193b.tlog\cl.write.1.tlog
