c:\git\romeo\c\cwe191_integer_underflow\debug\vc141.pdb
c:\git\romeo\c\cwe191_integer_underflow\debug\vc141.idb
c:\git\romeo\c\cwe191_integer_underflow\debug\cwe191_integer_underflow__char_min_sub_73a.obj
c:\git\romeo\c\cwe191_integer_underflow\debug\cwe191_integer_underflow__char_min_sub_73b.obj
c:\git\romeo\c\cwe191_integer_underflow\debug\cwe191_integer_underflow__char_min_sub_74a.obj
c:\git\romeo\c\cwe191_integer_underflow\debug\cwe191_integer_underflow__char_min_sub_74b.obj
c:\git\romeo\c\cwe191_integer_underflow\debug\cwe191_integer_underflow__char_min_sub_81a.obj
c:\git\romeo\c\cwe191_integer_underflow\debug\cwe191_integer_underflow__char_min_sub_81_bad.obj
c:\git\romeo\c\cwe191_integer_underflow\debug\cwe191_integer_underflow__char_min_sub_81_goodb2g.obj
c:\git\romeo\c\cwe191_integer_underflow\debug\cwe191_integer_underflow__char_min_sub_81_goodg2b.obj
c:\git\romeo\c\cwe191_integer_underflow\debug\cwe191_integer_underflow__char_min_sub_82a.obj
c:\git\romeo\c\cwe191_integer_underflow\debug\cwe191_integer_underflow__char_min_sub_82_bad.obj
c:\git\romeo\c\cwe191_integer_underflow\debug\cwe191_integer_underflow__char_min_sub_82_goodb2g.obj
c:\git\romeo\c\cwe191_integer_underflow\debug\cwe191_integer_underflow__char_min_sub_82_goodg2b.obj
c:\git\romeo\c\cwe191_integer_underflow\debug\cwe191_integer_underflow__char_min_sub_83a.obj
c:\git\romeo\c\cwe191_integer_underflow\debug\cwe191_integer_underflow__char_min_sub_83_bad.obj
c:\git\romeo\c\cwe191_integer_underflow\debug\cwe191_integer_underflow__char_min_sub_83_goodb2g.obj
c:\git\romeo\c\cwe191_integer_underflow\debug\cwe191_integer_underflow__char_min_sub_83_goodg2b.obj
c:\git\romeo\c\cwe191_integer_underflow\debug\cwe191_integer_underflow__char_min_sub_84a.obj
c:\git\romeo\c\cwe191_integer_underflow\debug\cwe191_integer_underflow__char_min_sub_84_bad.obj
c:\git\romeo\c\cwe191_integer_underflow\debug\cwe191_integer_underflow__char_min_sub_84_goodb2g.obj
c:\git\romeo\c\cwe191_integer_underflow\debug\cwe191_integer_underflow__char_min_sub_84_goodg2b.obj
c:\git\romeo\c\cwe191_integer_underflow\debug\fake_main.obj
c:\git\romeo\c\cwe191_integer_underflow\debug\cwe191_integer_underflow__char_min_sub_33.obj
c:\git\romeo\c\cwe191_integer_underflow\debug\cwe191_integer_underflow__char_min_sub_43.obj
c:\git\romeo\c\cwe191_integer_underflow\debug\cwe191_integer_underflow__char_min_sub_62a.obj
c:\git\romeo\c\cwe191_integer_underflow\debug\cwe191_integer_underflow__char_min_sub_62b.obj
c:\git\romeo\c\cwe191_integer_underflow\debug\cwe191_integer_underflow__char_min_sub_72a.obj
c:\git\romeo\c\cwe191_integer_underflow\debug\cwe191_integer_underflow__char_min_sub_72b.obj
c:\git\romeo\c\cwe191_integer_underflow\debug\cwe191_integer_underflow__int_connect_socket_sub_01.obj
c:\git\romeo\c\cwe191_integer_underflow\debug\cwe191_integer_underflow__int_fgets_multiply_01.obj
c:\git\romeo\c\cwe191_integer_underflow\debug\cwe191_integer_underflow__int_fgets_sub_01.obj
c:\git\romeo\c\cwe191_integer_underflow\debug\cwe191_integer_underflow__int_fscanf_multiply_01.obj
c:\git\romeo\c\cwe191_integer_underflow\debug\cwe191_integer_underflow__int_fscanf_sub_01.obj
c:\git\romeo\c\cwe191_integer_underflow\debug\cwe191_integer_underflow__int_listen_socket_multiply_01.obj
c:\git\romeo\c\cwe191_integer_underflow\debug\cwe191_integer_underflow__int_listen_socket_sub_01.obj
c:\git\romeo\c\cwe191_integer_underflow\debug\cwe191_integer_underflow__int_min_multiply_01.obj
c:\git\romeo\c\cwe191_integer_underflow\debug\cwe191_integer_underflow__int_min_sub_01.obj
c:\git\romeo\c\cwe191_integer_underflow\debug\cwe191_integer_underflow__int_rand_multiply_01.obj
c:\git\romeo\c\cwe191_integer_underflow\debug\cwe191_integer_underflow__int_rand_sub_01.obj
c:\git\romeo\c\cwe191_integer_underflow\debug\cwe191_integer_underflow__short_fscanf_multiply_01.obj
c:\git\romeo\c\cwe191_integer_underflow\debug\cwe191_integer_underflow__short_fscanf_sub_01.obj
c:\git\romeo\c\cwe191_integer_underflow\debug\cwe191_integer_underflow__short_min_multiply_01.obj
c:\git\romeo\c\cwe191_integer_underflow\debug\cwe191_integer_underflow__short_min_sub_01.obj
c:\git\romeo\c\cwe191_integer_underflow\debug\cwe191_integer_underflow__short_rand_multiply_01.obj
c:\git\romeo\c\cwe191_integer_underflow\debug\cwe191_integer_underflow__short_rand_sub_01.obj
c:\git\romeo\c\cwe191_integer_underflow\debug\cwe191_integer_underflow__unsigned_int_fscanf_sub_01.obj
c:\git\romeo\c\cwe191_integer_underflow\debug\cwe191_integer_underflow__unsigned_int_min_sub_01.obj
c:\git\romeo\c\cwe191_integer_underflow\debug\cwe191_integer_underflow__unsigned_int_rand_sub_01.obj
c:\git\romeo\c\cwe191_integer_underflow\debug\cwe191_integer_underflow__char_min_sub_65b.obj
c:\git\romeo\c\cwe191_integer_underflow\debug\cwe191_integer_underflow__char_min_sub_66a.obj
c:\git\romeo\c\cwe191_integer_underflow\debug\cwe191_integer_underflow__char_min_sub_66b.obj
c:\git\romeo\c\cwe191_integer_underflow\debug\cwe191_integer_underflow__char_min_sub_67a.obj
c:\git\romeo\c\cwe191_integer_underflow\debug\cwe191_integer_underflow__char_min_sub_67b.obj
c:\git\romeo\c\cwe191_integer_underflow\debug\cwe191_integer_underflow__char_min_sub_68a.obj
c:\git\romeo\c\cwe191_integer_underflow\debug\cwe191_integer_underflow__char_min_sub_68b.obj
c:\git\romeo\c\cwe191_integer_underflow\debug\cwe191_integer_underflow__char_fscanf_multiply_01.obj
c:\git\romeo\c\cwe191_integer_underflow\debug\cwe191_integer_underflow__char_fscanf_sub_01.obj
c:\git\romeo\c\cwe191_integer_underflow\debug\cwe191_integer_underflow__char_min_multiply_01.obj
c:\git\romeo\c\cwe191_integer_underflow\debug\cwe191_integer_underflow__char_min_sub_01.obj
c:\git\romeo\c\cwe191_integer_underflow\debug\cwe191_integer_underflow__char_rand_multiply_01.obj
c:\git\romeo\c\cwe191_integer_underflow\debug\cwe191_integer_underflow__char_rand_sub_01.obj
c:\git\romeo\c\cwe191_integer_underflow\debug\cwe191_integer_underflow__int64_t_fscanf_multiply_01.obj
c:\git\romeo\c\cwe191_integer_underflow\debug\cwe191_integer_underflow__int64_t_fscanf_sub_01.obj
c:\git\romeo\c\cwe191_integer_underflow\debug\cwe191_integer_underflow__int64_t_min_multiply_01.obj
c:\git\romeo\c\cwe191_integer_underflow\debug\cwe191_integer_underflow__int64_t_min_sub_01.obj
c:\git\romeo\c\cwe191_integer_underflow\debug\cwe191_integer_underflow__int64_t_rand_multiply_01.obj
c:\git\romeo\c\cwe191_integer_underflow\debug\cwe191_integer_underflow__int64_t_rand_sub_01.obj
c:\git\romeo\c\cwe191_integer_underflow\debug\cwe191_integer_underflow__int_connect_socket_multiply_01.obj
c:\git\romeo\c\cwe191_integer_underflow\debug\cwe191_integer_underflow__char_min_sub_51b.obj
c:\git\romeo\c\cwe191_integer_underflow\debug\cwe191_integer_underflow__char_min_sub_52a.obj
c:\git\romeo\c\cwe191_integer_underflow\debug\cwe191_integer_underflow__char_min_sub_52b.obj
c:\git\romeo\c\cwe191_integer_underflow\debug\cwe191_integer_underflow__char_min_sub_52c.obj
c:\git\romeo\c\cwe191_integer_underflow\debug\cwe191_integer_underflow__char_min_sub_53a.obj
c:\git\romeo\c\cwe191_integer_underflow\debug\cwe191_integer_underflow__char_min_sub_53b.obj
c:\git\romeo\c\cwe191_integer_underflow\debug\cwe191_integer_underflow__char_min_sub_53c.obj
c:\git\romeo\c\cwe191_integer_underflow\debug\cwe191_integer_underflow__char_min_sub_53d.obj
c:\git\romeo\c\cwe191_integer_underflow\debug\cwe191_integer_underflow__char_min_sub_54a.obj
c:\git\romeo\c\cwe191_integer_underflow\debug\cwe191_integer_underflow__char_min_sub_54b.obj
c:\git\romeo\c\cwe191_integer_underflow\debug\cwe191_integer_underflow__char_min_sub_54c.obj
c:\git\romeo\c\cwe191_integer_underflow\debug\cwe191_integer_underflow__char_min_sub_54d.obj
c:\git\romeo\c\cwe191_integer_underflow\debug\cwe191_integer_underflow__char_min_sub_54e.obj
c:\git\romeo\c\cwe191_integer_underflow\debug\cwe191_integer_underflow__char_min_sub_61a.obj
c:\git\romeo\c\cwe191_integer_underflow\debug\cwe191_integer_underflow__char_min_sub_61b.obj
c:\git\romeo\c\cwe191_integer_underflow\debug\cwe191_integer_underflow__char_min_sub_63a.obj
c:\git\romeo\c\cwe191_integer_underflow\debug\cwe191_integer_underflow__char_min_sub_63b.obj
c:\git\romeo\c\cwe191_integer_underflow\debug\cwe191_integer_underflow__char_min_sub_64a.obj
c:\git\romeo\c\cwe191_integer_underflow\debug\cwe191_integer_underflow__char_min_sub_64b.obj
c:\git\romeo\c\cwe191_integer_underflow\debug\cwe191_integer_underflow__char_min_sub_65a.obj
c:\git\romeo\c\cwe191_integer_underflow\debug\cwe191_integer_underflow__char_min_sub_10.obj
c:\git\romeo\c\cwe191_integer_underflow\debug\cwe191_integer_underflow__char_min_sub_11.obj
c:\git\romeo\c\cwe191_integer_underflow\debug\cwe191_integer_underflow__char_min_sub_12.obj
c:\git\romeo\c\cwe191_integer_underflow\debug\cwe191_integer_underflow__char_min_sub_13.obj
c:\git\romeo\c\cwe191_integer_underflow\debug\cwe191_integer_underflow__char_min_sub_14.obj
c:\git\romeo\c\cwe191_integer_underflow\debug\cwe191_integer_underflow__char_min_sub_15.obj
c:\git\romeo\c\cwe191_integer_underflow\debug\cwe191_integer_underflow__char_min_sub_16.obj
c:\git\romeo\c\cwe191_integer_underflow\debug\cwe191_integer_underflow__char_min_sub_17.obj
c:\git\romeo\c\cwe191_integer_underflow\debug\cwe191_integer_underflow__char_min_sub_18.obj
c:\git\romeo\c\cwe191_integer_underflow\debug\cwe191_integer_underflow__char_min_sub_21.obj
c:\git\romeo\c\cwe191_integer_underflow\debug\cwe191_integer_underflow__char_min_sub_22a.obj
c:\git\romeo\c\cwe191_integer_underflow\debug\cwe191_integer_underflow__char_min_sub_22b.obj
c:\git\romeo\c\cwe191_integer_underflow\debug\cwe191_integer_underflow__char_min_sub_31.obj
c:\git\romeo\c\cwe191_integer_underflow\debug\cwe191_integer_underflow__char_min_sub_32.obj
c:\git\romeo\c\cwe191_integer_underflow\debug\cwe191_integer_underflow__char_min_sub_34.obj
c:\git\romeo\c\cwe191_integer_underflow\debug\cwe191_integer_underflow__char_min_sub_41.obj
c:\git\romeo\c\cwe191_integer_underflow\debug\cwe191_integer_underflow__char_min_sub_42.obj
c:\git\romeo\c\cwe191_integer_underflow\debug\cwe191_integer_underflow__char_min_sub_44.obj
c:\git\romeo\c\cwe191_integer_underflow\debug\cwe191_integer_underflow__char_min_sub_45.obj
c:\git\romeo\c\cwe191_integer_underflow\debug\cwe191_integer_underflow__char_min_sub_51a.obj
c:\git\romeo\c\cwe191_integer_underflow\debug\io.obj
c:\git\romeo\c\cwe191_integer_underflow\debug\cwe191_integer_underflow__char_min_sub_02.obj
c:\git\romeo\c\cwe191_integer_underflow\debug\cwe191_integer_underflow__char_min_sub_03.obj
c:\git\romeo\c\cwe191_integer_underflow\debug\cwe191_integer_underflow__char_min_sub_04.obj
c:\git\romeo\c\cwe191_integer_underflow\debug\cwe191_integer_underflow__char_min_sub_05.obj
c:\git\romeo\c\cwe191_integer_underflow\debug\cwe191_integer_underflow__char_min_sub_06.obj
c:\git\romeo\c\cwe191_integer_underflow\debug\cwe191_integer_underflow__char_min_sub_07.obj
c:\git\romeo\c\cwe191_integer_underflow\debug\cwe191_integer_underflow__char_min_sub_08.obj
c:\git\romeo\c\cwe191_integer_underflow\debug\cwe191_integer_underflow__char_min_sub_09.obj
c:\git\romeo\c\debug\cwe191_integer_underflow.ilk
c:\git\romeo\c\debug\cwe191_integer_underflow.exe
c:\git\romeo\c\debug\cwe191_integer_underflow.pdb
c:\git\romeo\c\cwe191_integer_underflow\debug\cwe191_i.f669f68b.tlog\cl.command.1.tlog
c:\git\romeo\c\cwe191_integer_underflow\debug\cwe191_i.f669f68b.tlog\cl.read.1.tlog
c:\git\romeo\c\cwe191_integer_underflow\debug\cwe191_i.f669f68b.tlog\cl.write.1.tlog
c:\git\romeo\c\cwe191_integer_underflow\debug\cwe191_i.f669f68b.tlog\link.command.1.tlog
c:\git\romeo\c\cwe191_integer_underflow\debug\cwe191_i.f669f68b.tlog\link.read.1.tlog
c:\git\romeo\c\cwe191_integer_underflow\debug\cwe191_i.f669f68b.tlog\link.write.1.tlog
