C:\Program Files (x86)\Microsoft Visual Studio\2017\Community\Common7\IDE\VC\VCTargets\Microsoft.CppBuild.targets(937,5): warning MSB8027: 이름이 CWE191_Integer_Underflow__char_min_sub_01.c인 둘 이상의 파일이 같은 위치에 출력을 생성합니다. 이로 인해 잘못된 빌드 결과가 나타날 수 있습니다.  관련된 파일은 m00\CWE191_Integer_Underflow__char_min_sub_01.c, m01\CWE191_Integer_Underflow__char_min_sub_01.c입니다.
  CWE191_Integer_Underflow__char_min_sub_84_goodG2B.cpp
  CWE191_Integer_Underflow__char_min_sub_84_goodB2G.cpp
  CWE191_Integer_Underflow__char_min_sub_84_bad.cpp
  CWE191_Integer_Underflow__char_min_sub_84a.cpp
  CWE191_Integer_Underflow__char_min_sub_83_goodG2B.cpp
  CWE191_Integer_Underflow__char_min_sub_83_goodB2G.cpp
  CWE191_Integer_Underflow__char_min_sub_83_bad.cpp
  CWE191_Integer_Underflow__char_min_sub_83a.cpp
  CWE191_Integer_Underflow__char_min_sub_82_goodG2B.cpp
  CWE191_Integer_Underflow__char_min_sub_82_goodB2G.cpp
  CWE191_Integer_Underflow__char_min_sub_82_bad.cpp
  CWE191_Integer_Underflow__char_min_sub_82a.cpp
  CWE191_Integer_Underflow__char_min_sub_81_goodG2B.cpp
  CWE191_Integer_Underflow__char_min_sub_81_goodB2G.cpp
  CWE191_Integer_Underflow__char_min_sub_81_bad.cpp
  CWE191_Integer_Underflow__char_min_sub_81a.cpp
  CWE191_Integer_Underflow__char_min_sub_74b.cpp
  CWE191_Integer_Underflow__char_min_sub_74a.cpp
  CWE191_Integer_Underflow__char_min_sub_73b.cpp
  CWE191_Integer_Underflow__char_min_sub_73a.cpp
  코드를 생성하고 있습니다...
  컴파일하고 있습니다...
  CWE191_Integer_Underflow__char_min_sub_72b.cpp
  CWE191_Integer_Underflow__char_min_sub_72a.cpp
  CWE191_Integer_Underflow__char_min_sub_62b.cpp
  CWE191_Integer_Underflow__char_min_sub_62a.cpp
  CWE191_Integer_Underflow__char_min_sub_43.cpp
  CWE191_Integer_Underflow__char_min_sub_33.cpp
  fake_main.cpp
  코드를 생성하고 있습니다...
  CWE191_Integer_Underflow__unsigned_int_rand_sub_01.c
  CWE191_Integer_Underflow__unsigned_int_min_sub_01.c
  CWE191_Integer_Underflow__unsigned_int_fscanf_sub_01.c
  CWE191_Integer_Underflow__short_rand_sub_01.c
  CWE191_Integer_Underflow__short_rand_multiply_01.c
  CWE191_Integer_Underflow__short_min_sub_01.c
  CWE191_Integer_Underflow__short_min_multiply_01.c
  CWE191_Integer_Underflow__short_fscanf_sub_01.c
  CWE191_Integer_Underflow__short_fscanf_multiply_01.c
  CWE191_Integer_Underflow__int_rand_sub_01.c
  CWE191_Integer_Underflow__int_rand_multiply_01.c
  CWE191_Integer_Underflow__int_min_sub_01.c
  CWE191_Integer_Underflow__int_min_multiply_01.c
  CWE191_Integer_Underflow__int_listen_socket_sub_01.c
  CWE191_Integer_Underflow__int_listen_socket_multiply_01.c
  CWE191_Integer_Underflow__int_fscanf_sub_01.c
  CWE191_Integer_Underflow__int_fscanf_multiply_01.c
  CWE191_Integer_Underflow__int_fgets_sub_01.c
  CWE191_Integer_Underflow__int_fgets_multiply_01.c
  CWE191_Integer_Underflow__int_connect_socket_sub_01.c
  코드를 생성하고 있습니다...
  컴파일하고 있습니다...
  CWE191_Integer_Underflow__int_connect_socket_multiply_01.c
  CWE191_Integer_Underflow__int64_t_rand_sub_01.c
  CWE191_Integer_Underflow__int64_t_rand_multiply_01.c
  CWE191_Integer_Underflow__int64_t_min_sub_01.c
  CWE191_Integer_Underflow__int64_t_min_multiply_01.c
  CWE191_Integer_Underflow__int64_t_fscanf_sub_01.c
  CWE191_Integer_Underflow__int64_t_fscanf_multiply_01.c
  CWE191_Integer_Underflow__char_rand_sub_01.c
  CWE191_Integer_Underflow__char_rand_multiply_01.c
  CWE191_Integer_Underflow__char_min_sub_01.c
  CWE191_Integer_Underflow__char_min_multiply_01.c
  CWE191_Integer_Underflow__char_fscanf_sub_01.c
  CWE191_Integer_Underflow__char_fscanf_multiply_01.c
  CWE191_Integer_Underflow__char_min_sub_68b.c
  CWE191_Integer_Underflow__char_min_sub_68a.c
  CWE191_Integer_Underflow__char_min_sub_67b.c
  CWE191_Integer_Underflow__char_min_sub_67a.c
  CWE191_Integer_Underflow__char_min_sub_66b.c
  CWE191_Integer_Underflow__char_min_sub_66a.c
  CWE191_Integer_Underflow__char_min_sub_65b.c
  코드를 생성하고 있습니다...
  컴파일하고 있습니다...
  CWE191_Integer_Underflow__char_min_sub_65a.c
  CWE191_Integer_Underflow__char_min_sub_64b.c
  CWE191_Integer_Underflow__char_min_sub_64a.c
  CWE191_Integer_Underflow__char_min_sub_63b.c
  CWE191_Integer_Underflow__char_min_sub_63a.c
  CWE191_Integer_Underflow__char_min_sub_61b.c
  CWE191_Integer_Underflow__char_min_sub_61a.c
  CWE191_Integer_Underflow__char_min_sub_54e.c
  CWE191_Integer_Underflow__char_min_sub_54d.c
  CWE191_Integer_Underflow__char_min_sub_54c.c
  CWE191_Integer_Underflow__char_min_sub_54b.c
  CWE191_Integer_Underflow__char_min_sub_54a.c
  CWE191_Integer_Underflow__char_min_sub_53d.c
  CWE191_Integer_Underflow__char_min_sub_53c.c
  CWE191_Integer_Underflow__char_min_sub_53b.c
  CWE191_Integer_Underflow__char_min_sub_53a.c
  CWE191_Integer_Underflow__char_min_sub_52c.c
  CWE191_Integer_Underflow__char_min_sub_52b.c
  CWE191_Integer_Underflow__char_min_sub_52a.c
  CWE191_Integer_Underflow__char_min_sub_51b.c
  코드를 생성하고 있습니다...
  컴파일하고 있습니다...
  CWE191_Integer_Underflow__char_min_sub_51a.c
  CWE191_Integer_Underflow__char_min_sub_45.c
  CWE191_Integer_Underflow__char_min_sub_44.c
  CWE191_Integer_Underflow__char_min_sub_42.c
  CWE191_Integer_Underflow__char_min_sub_41.c
  CWE191_Integer_Underflow__char_min_sub_34.c
  CWE191_Integer_Underflow__char_min_sub_32.c
  CWE191_Integer_Underflow__char_min_sub_31.c
  CWE191_Integer_Underflow__char_min_sub_22b.c
  CWE191_Integer_Underflow__char_min_sub_22a.c
  CWE191_Integer_Underflow__char_min_sub_21.c
  CWE191_Integer_Underflow__char_min_sub_18.c
  CWE191_Integer_Underflow__char_min_sub_17.c
  CWE191_Integer_Underflow__char_min_sub_16.c
  CWE191_Integer_Underflow__char_min_sub_15.c
  CWE191_Integer_Underflow__char_min_sub_14.c
  CWE191_Integer_Underflow__char_min_sub_13.c
  CWE191_Integer_Underflow__char_min_sub_12.c
  CWE191_Integer_Underflow__char_min_sub_11.c
  CWE191_Integer_Underflow__char_min_sub_10.c
  코드를 생성하고 있습니다...
  컴파일하고 있습니다...
  CWE191_Integer_Underflow__char_min_sub_09.c
  CWE191_Integer_Underflow__char_min_sub_08.c
  CWE191_Integer_Underflow__char_min_sub_07.c
  CWE191_Integer_Underflow__char_min_sub_06.c
  CWE191_Integer_Underflow__char_min_sub_05.c
  CWE191_Integer_Underflow__char_min_sub_04.c
  CWE191_Integer_Underflow__char_min_sub_03.c
  CWE191_Integer_Underflow__char_min_sub_02.c
  CWE191_Integer_Underflow__char_min_sub_01.c
  io.c
  코드를 생성하고 있습니다...
Debug\CWE191_Integer_Underflow__char_min_sub_01.obj : warning LNK4042: 개체가 두 번 이상 지정되었습니다. 나머지는 무시됩니다.
  CWE191_Integer_Underflow.vcxproj -> C:\git\romeo\c\Debug\CWE191_Integer_Underflow.exe
