c:\git\romeo\c\cwe484_omitted_break_statement_in_switch\debug\vc141.pdb
c:\git\romeo\c\cwe484_omitted_break_statement_in_switch\debug\vc141.idb
c:\git\romeo\c\cwe484_omitted_break_statement_in_switch\debug\fake_main.obj
c:\git\romeo\c\cwe484_omitted_break_statement_in_switch\debug\cwe484_omitted_break_statement_in_switch.pdb
c:\git\romeo\c\cwe484_omitted_break_statement_in_switch\debug\cwe484_omitted_break_statement_in_switch.idb
c:\git\romeo\c\cwe484_omitted_break_statement_in_switch\debug\io.obj
c:\git\romeo\c\cwe484_omitted_break_statement_in_switch\debug\cwe484_omitted_break_statement_in_switch__basic_01.obj
c:\git\romeo\c\cwe484_omitted_break_statement_in_switch\debug\cwe484_omitted_break_statement_in_switch__basic_02.obj
c:\git\romeo\c\cwe484_omitted_break_statement_in_switch\debug\cwe484_omitted_break_statement_in_switch__basic_03.obj
c:\git\romeo\c\cwe484_omitted_break_statement_in_switch\debug\cwe484_omitted_break_statement_in_switch__basic_04.obj
c:\git\romeo\c\cwe484_omitted_break_statement_in_switch\debug\cwe484_omitted_break_statement_in_switch__basic_05.obj
c:\git\romeo\c\cwe484_omitted_break_statement_in_switch\debug\cwe484_omitted_break_statement_in_switch__basic_06.obj
c:\git\romeo\c\cwe484_omitted_break_statement_in_switch\debug\cwe484_omitted_break_statement_in_switch__basic_07.obj
c:\git\romeo\c\cwe484_omitted_break_statement_in_switch\debug\cwe484_omitted_break_statement_in_switch__basic_08.obj
c:\git\romeo\c\cwe484_omitted_break_statement_in_switch\debug\cwe484_omitted_break_statement_in_switch__basic_09.obj
c:\git\romeo\c\cwe484_omitted_break_statement_in_switch\debug\cwe484_omitted_break_statement_in_switch__basic_10.obj
c:\git\romeo\c\cwe484_omitted_break_statement_in_switch\debug\cwe484_omitted_break_statement_in_switch__basic_11.obj
c:\git\romeo\c\cwe484_omitted_break_statement_in_switch\debug\cwe484_omitted_break_statement_in_switch__basic_12.obj
c:\git\romeo\c\cwe484_omitted_break_statement_in_switch\debug\cwe484_omitted_break_statement_in_switch__basic_13.obj
c:\git\romeo\c\cwe484_omitted_break_statement_in_switch\debug\cwe484_omitted_break_statement_in_switch__basic_14.obj
c:\git\romeo\c\cwe484_omitted_break_statement_in_switch\debug\cwe484_omitted_break_statement_in_switch__basic_15.obj
c:\git\romeo\c\cwe484_omitted_break_statement_in_switch\debug\cwe484_omitted_break_statement_in_switch__basic_16.obj
c:\git\romeo\c\cwe484_omitted_break_statement_in_switch\debug\cwe484_omitted_break_statement_in_switch__basic_17.obj
c:\git\romeo\c\cwe484_omitted_break_statement_in_switch\debug\cwe484_omitted_break_statement_in_switch__basic_18.obj
c:\git\romeo\c\debug\cwe484_omitted_break_statement_in_switch.lib
c:\git\romeo\c\debug\cwe484_omitted_break_statement_in_switch.ilk
c:\git\romeo\c\debug\cwe484_omitted_break_statement_in_switch.exe
c:\git\romeo\c\debug\cwe484_omitted_break_statement_in_switch.pdb
c:\git\romeo\c\cwe484_omitted_break_statement_in_switch\debug\cwe484_o.251dda5c.tlog\cl.command.1.tlog
c:\git\romeo\c\cwe484_omitted_break_statement_in_switch\debug\cwe484_o.251dda5c.tlog\cl.read.1.tlog
c:\git\romeo\c\cwe484_omitted_break_statement_in_switch\debug\cwe484_o.251dda5c.tlog\cl.write.1.tlog
c:\git\romeo\c\cwe484_omitted_break_statement_in_switch\debug\cwe484_o.251dda5c.tlog\lib-link.read.1.tlog
c:\git\romeo\c\cwe484_omitted_break_statement_in_switch\debug\cwe484_o.251dda5c.tlog\lib-link.write.1.tlog
c:\git\romeo\c\cwe484_omitted_break_statement_in_switch\debug\cwe484_o.251dda5c.tlog\lib.command.1.tlog
c:\git\romeo\c\cwe484_omitted_break_statement_in_switch\debug\cwe484_o.251dda5c.tlog\link.command.1.tlog
c:\git\romeo\c\cwe484_omitted_break_statement_in_switch\debug\cwe484_o.251dda5c.tlog\link.read.1.tlog
c:\git\romeo\c\cwe484_omitted_break_statement_in_switch\debug\cwe484_o.251dda5c.tlog\link.write.1.tlog
