  fake_main.cpp
  CWE484_Omitted_Break_Statement_in_Switch__basic_18.c
  CWE484_Omitted_Break_Statement_in_Switch__basic_17.c
  CWE484_Omitted_Break_Statement_in_Switch__basic_16.c
  CWE484_Omitted_Break_Statement_in_Switch__basic_15.c
  CWE484_Omitted_Break_Statement_in_Switch__basic_14.c
  CWE484_Omitted_Break_Statement_in_Switch__basic_13.c
  CWE484_Omitted_Break_Statement_in_Switch__basic_12.c
  CWE484_Omitted_Break_Statement_in_Switch__basic_11.c
  CWE484_Omitted_Break_Statement_in_Switch__basic_10.c
  CWE484_Omitted_Break_Statement_in_Switch__basic_09.c
  CWE484_Omitted_Break_Statement_in_Switch__basic_08.c
  CWE484_Omitted_Break_Statement_in_Switch__basic_07.c
  CWE484_Omitted_Break_Statement_in_Switch__basic_06.c
  CWE484_Omitted_Break_Statement_in_Switch__basic_05.c
  CWE484_Omitted_Break_Statement_in_Switch__basic_04.c
  CWE484_Omitted_Break_Statement_in_Switch__basic_03.c
  CWE484_Omitted_Break_Statement_in_Switch__basic_02.c
  CWE484_Omitted_Break_Statement_in_Switch__basic_01.c
  io.c
  코드를 생성하고 있습니다...
  CWE484_Omitted_Break_Statement_in_Switch.vcxproj -> C:\git\romeo\c\Debug\CWE484_Omitted_Break_Statement_in_Switch.exe
