c:\users\robert\documents\visual studio 2015\projects\codemind_test\cwe476_null_pointer_dereference\debug\vc140.pdb
c:\users\robert\documents\visual studio 2015\projects\codemind_test\cwe476_null_pointer_dereference\debug\vc140.idb
c:\users\robert\documents\visual studio 2015\projects\codemind_test\cwe476_null_pointer_dereference\debug\fake_main.obj
c:\users\robert\documents\visual studio 2015\projects\codemind_test\cwe476_null_pointer_dereference\debug\cwe476_null_pointer_dereference__char_33.obj
c:\users\robert\documents\visual studio 2015\projects\codemind_test\cwe476_null_pointer_dereference\debug\cwe476_null_pointer_dereference__char_72a.obj
c:\users\robert\documents\visual studio 2015\projects\codemind_test\cwe476_null_pointer_dereference\debug\cwe476_null_pointer_dereference__char_72b.obj
c:\users\robert\documents\visual studio 2015\projects\codemind_test\cwe476_null_pointer_dereference\debug\cwe476_null_pointer_dereference__char_73a.obj
c:\users\robert\documents\visual studio 2015\projects\codemind_test\cwe476_null_pointer_dereference\debug\cwe476_null_pointer_dereference__char_73b.obj
c:\users\robert\documents\visual studio 2015\projects\codemind_test\cwe476_null_pointer_dereference\debug\cwe476_null_pointer_dereference__char_74a.obj
c:\users\robert\documents\visual studio 2015\projects\codemind_test\cwe476_null_pointer_dereference\debug\cwe476_null_pointer_dereference__char_74b.obj
c:\users\robert\documents\visual studio 2015\projects\codemind_test\cwe476_null_pointer_dereference\debug\cwe476_null_pointer_dereference__char_81a.obj
c:\users\robert\documents\visual studio 2015\projects\codemind_test\cwe476_null_pointer_dereference\debug\cwe476_null_pointer_dereference__char_81_bad.obj
c:\users\robert\documents\visual studio 2015\projects\codemind_test\cwe476_null_pointer_dereference\debug\cwe476_null_pointer_dereference__char_81_goodb2g.obj
c:\users\robert\documents\visual studio 2015\projects\codemind_test\cwe476_null_pointer_dereference\debug\cwe476_null_pointer_dereference__char_81_goodg2b.obj
c:\users\robert\documents\visual studio 2015\projects\codemind_test\cwe476_null_pointer_dereference\debug\cwe476_null_pointer_dereference__char_82a.obj
c:\users\robert\documents\visual studio 2015\projects\codemind_test\cwe476_null_pointer_dereference\debug\cwe476_null_pointer_dereference__char_82_bad.obj
c:\users\robert\documents\visual studio 2015\projects\codemind_test\cwe476_null_pointer_dereference\debug\cwe476_null_pointer_dereference__char_82_goodb2g.obj
c:\users\robert\documents\visual studio 2015\projects\codemind_test\cwe476_null_pointer_dereference\debug\cwe476_null_pointer_dereference__char_82_goodg2b.obj
c:\users\robert\documents\visual studio 2015\projects\codemind_test\cwe476_null_pointer_dereference\debug\cwe476_null_pointer_dereference__class_01.obj
c:\users\robert\documents\visual studio 2015\projects\codemind_test\cwe476_null_pointer_dereference\debug\cwe476_null_pointer_dereference__deref_after_check_17.obj
c:\users\robert\documents\visual studio 2015\projects\codemind_test\cwe476_null_pointer_dereference\debug\cwe476_null_pointer_dereference__deref_after_check_18.obj
c:\users\robert\documents\visual studio 2015\projects\codemind_test\cwe476_null_pointer_dereference\debug\cwe476_null_pointer_dereference__null_check_after_deref_01.obj
c:\users\robert\documents\visual studio 2015\projects\codemind_test\cwe476_null_pointer_dereference\debug\cwe476_null_pointer_dereference__null_check_after_deref_02.obj
c:\users\robert\documents\visual studio 2015\projects\codemind_test\cwe476_null_pointer_dereference\debug\cwe476_null_pointer_dereference__null_check_after_deref_03.obj
c:\users\robert\documents\visual studio 2015\projects\codemind_test\cwe476_null_pointer_dereference\debug\cwe476_null_pointer_dereference__null_check_after_deref_04.obj
c:\users\robert\documents\visual studio 2015\projects\codemind_test\cwe476_null_pointer_dereference\debug\cwe476_null_pointer_dereference__null_check_after_deref_05.obj
c:\users\robert\documents\visual studio 2015\projects\codemind_test\cwe476_null_pointer_dereference\debug\cwe476_null_pointer_dereference__null_check_after_deref_06.obj
c:\users\robert\documents\visual studio 2015\projects\codemind_test\cwe476_null_pointer_dereference\debug\cwe476_null_pointer_dereference__null_check_after_deref_07.obj
c:\users\robert\documents\visual studio 2015\projects\codemind_test\cwe476_null_pointer_dereference\debug\cwe476_null_pointer_dereference__null_check_after_deref_08.obj
c:\users\robert\documents\visual studio 2015\projects\codemind_test\cwe476_null_pointer_dereference\debug\cwe476_null_pointer_dereference__null_check_after_deref_09.obj
c:\users\robert\documents\visual studio 2015\projects\codemind_test\cwe476_null_pointer_dereference\debug\cwe476_null_pointer_dereference__null_check_after_deref_10.obj
c:\users\robert\documents\visual studio 2015\projects\codemind_test\cwe476_null_pointer_dereference\debug\cwe476_null_pointer_dereference__null_check_after_deref_11.obj
c:\users\robert\documents\visual studio 2015\projects\codemind_test\cwe476_null_pointer_dereference\debug\cwe476_null_pointer_dereference__null_check_after_deref_12.obj
c:\users\robert\documents\visual studio 2015\projects\codemind_test\cwe476_null_pointer_dereference\debug\cwe476_null_pointer_dereference__null_check_after_deref_13.obj
c:\users\robert\documents\visual studio 2015\projects\codemind_test\cwe476_null_pointer_dereference\debug\cwe476_null_pointer_dereference__null_check_after_deref_14.obj
c:\users\robert\documents\visual studio 2015\projects\codemind_test\cwe476_null_pointer_dereference\debug\cwe476_null_pointer_dereference__null_check_after_deref_15.obj
c:\users\robert\documents\visual studio 2015\projects\codemind_test\cwe476_null_pointer_dereference\debug\cwe476_null_pointer_dereference__null_check_after_deref_16.obj
c:\users\robert\documents\visual studio 2015\projects\codemind_test\cwe476_null_pointer_dereference\debug\cwe476_null_pointer_dereference__null_check_after_deref_17.obj
c:\users\robert\documents\visual studio 2015\projects\codemind_test\cwe476_null_pointer_dereference\debug\cwe476_null_pointer_dereference__null_check_after_deref_18.obj
c:\users\robert\documents\visual studio 2015\projects\codemind_test\cwe476_null_pointer_dereference\debug\cwe476_null_pointer_dereference__binary_if_15.obj
c:\users\robert\documents\visual studio 2015\projects\codemind_test\cwe476_null_pointer_dereference\debug\cwe476_null_pointer_dereference__binary_if_16.obj
c:\users\robert\documents\visual studio 2015\projects\codemind_test\cwe476_null_pointer_dereference\debug\cwe476_null_pointer_dereference__binary_if_17.obj
c:\users\robert\documents\visual studio 2015\projects\codemind_test\cwe476_null_pointer_dereference\debug\cwe476_null_pointer_dereference__binary_if_18.obj
c:\users\robert\documents\visual studio 2015\projects\codemind_test\cwe476_null_pointer_dereference\debug\cwe476_null_pointer_dereference__deref_after_check_01.obj
c:\users\robert\documents\visual studio 2015\projects\codemind_test\cwe476_null_pointer_dereference\debug\cwe476_null_pointer_dereference__deref_after_check_02.obj
c:\users\robert\documents\visual studio 2015\projects\codemind_test\cwe476_null_pointer_dereference\debug\cwe476_null_pointer_dereference__deref_after_check_03.obj
c:\users\robert\documents\visual studio 2015\projects\codemind_test\cwe476_null_pointer_dereference\debug\cwe476_null_pointer_dereference__deref_after_check_04.obj
c:\users\robert\documents\visual studio 2015\projects\codemind_test\cwe476_null_pointer_dereference\debug\cwe476_null_pointer_dereference__deref_after_check_05.obj
c:\users\robert\documents\visual studio 2015\projects\codemind_test\cwe476_null_pointer_dereference\debug\cwe476_null_pointer_dereference__deref_after_check_06.obj
c:\users\robert\documents\visual studio 2015\projects\codemind_test\cwe476_null_pointer_dereference\debug\cwe476_null_pointer_dereference__deref_after_check_07.obj
c:\users\robert\documents\visual studio 2015\projects\codemind_test\cwe476_null_pointer_dereference\debug\cwe476_null_pointer_dereference__deref_after_check_08.obj
c:\users\robert\documents\visual studio 2015\projects\codemind_test\cwe476_null_pointer_dereference\debug\cwe476_null_pointer_dereference__deref_after_check_09.obj
c:\users\robert\documents\visual studio 2015\projects\codemind_test\cwe476_null_pointer_dereference\debug\cwe476_null_pointer_dereference__deref_after_check_10.obj
c:\users\robert\documents\visual studio 2015\projects\codemind_test\cwe476_null_pointer_dereference\debug\cwe476_null_pointer_dereference__deref_after_check_11.obj
c:\users\robert\documents\visual studio 2015\projects\codemind_test\cwe476_null_pointer_dereference\debug\cwe476_null_pointer_dereference__deref_after_check_12.obj
c:\users\robert\documents\visual studio 2015\projects\codemind_test\cwe476_null_pointer_dereference\debug\cwe476_null_pointer_dereference__deref_after_check_13.obj
c:\users\robert\documents\visual studio 2015\projects\codemind_test\cwe476_null_pointer_dereference\debug\cwe476_null_pointer_dereference__deref_after_check_14.obj
c:\users\robert\documents\visual studio 2015\projects\codemind_test\cwe476_null_pointer_dereference\debug\cwe476_null_pointer_dereference__deref_after_check_15.obj
c:\users\robert\documents\visual studio 2015\projects\codemind_test\cwe476_null_pointer_dereference\debug\cwe476_null_pointer_dereference__deref_after_check_16.obj
c:\users\robert\documents\visual studio 2015\projects\codemind_test\cwe476_null_pointer_dereference\debug\cwe476_null_pointer_dereference__char_01.obj
c:\users\robert\documents\visual studio 2015\projects\codemind_test\cwe476_null_pointer_dereference\debug\cwe476_null_pointer_dereference__int64_t_01.obj
c:\users\robert\documents\visual studio 2015\projects\codemind_test\cwe476_null_pointer_dereference\debug\cwe476_null_pointer_dereference__int_01.obj
c:\users\robert\documents\visual studio 2015\projects\codemind_test\cwe476_null_pointer_dereference\debug\cwe476_null_pointer_dereference__long_01.obj
c:\users\robert\documents\visual studio 2015\projects\codemind_test\cwe476_null_pointer_dereference\debug\cwe476_null_pointer_dereference__struct_01.obj
c:\users\robert\documents\visual studio 2015\projects\codemind_test\cwe476_null_pointer_dereference\debug\cwe476_null_pointer_dereference__wchar_t_01.obj
c:\users\robert\documents\visual studio 2015\projects\codemind_test\cwe476_null_pointer_dereference\debug\cwe476_null_pointer_dereference__binary_if_01.obj
c:\users\robert\documents\visual studio 2015\projects\codemind_test\cwe476_null_pointer_dereference\debug\cwe476_null_pointer_dereference__binary_if_02.obj
c:\users\robert\documents\visual studio 2015\projects\codemind_test\cwe476_null_pointer_dereference\debug\cwe476_null_pointer_dereference__binary_if_03.obj
c:\users\robert\documents\visual studio 2015\projects\codemind_test\cwe476_null_pointer_dereference\debug\cwe476_null_pointer_dereference__binary_if_04.obj
c:\users\robert\documents\visual studio 2015\projects\codemind_test\cwe476_null_pointer_dereference\debug\cwe476_null_pointer_dereference__binary_if_05.obj
c:\users\robert\documents\visual studio 2015\projects\codemind_test\cwe476_null_pointer_dereference\debug\cwe476_null_pointer_dereference__binary_if_06.obj
c:\users\robert\documents\visual studio 2015\projects\codemind_test\cwe476_null_pointer_dereference\debug\cwe476_null_pointer_dereference__binary_if_07.obj
c:\users\robert\documents\visual studio 2015\projects\codemind_test\cwe476_null_pointer_dereference\debug\cwe476_null_pointer_dereference__binary_if_08.obj
c:\users\robert\documents\visual studio 2015\projects\codemind_test\cwe476_null_pointer_dereference\debug\cwe476_null_pointer_dereference__binary_if_09.obj
c:\users\robert\documents\visual studio 2015\projects\codemind_test\cwe476_null_pointer_dereference\debug\cwe476_null_pointer_dereference__binary_if_10.obj
c:\users\robert\documents\visual studio 2015\projects\codemind_test\cwe476_null_pointer_dereference\debug\cwe476_null_pointer_dereference__binary_if_11.obj
c:\users\robert\documents\visual studio 2015\projects\codemind_test\cwe476_null_pointer_dereference\debug\cwe476_null_pointer_dereference__binary_if_12.obj
c:\users\robert\documents\visual studio 2015\projects\codemind_test\cwe476_null_pointer_dereference\debug\cwe476_null_pointer_dereference__binary_if_13.obj
c:\users\robert\documents\visual studio 2015\projects\codemind_test\cwe476_null_pointer_dereference\debug\cwe476_null_pointer_dereference__binary_if_14.obj
c:\users\robert\documents\visual studio 2015\projects\codemind_test\cwe476_null_pointer_dereference\debug\cwe476_null_pointer_dereference__char_53b.obj
c:\users\robert\documents\visual studio 2015\projects\codemind_test\cwe476_null_pointer_dereference\debug\cwe476_null_pointer_dereference__char_53c.obj
c:\users\robert\documents\visual studio 2015\projects\codemind_test\cwe476_null_pointer_dereference\debug\cwe476_null_pointer_dereference__char_53d.obj
c:\users\robert\documents\visual studio 2015\projects\codemind_test\cwe476_null_pointer_dereference\debug\cwe476_null_pointer_dereference__char_54a.obj
c:\users\robert\documents\visual studio 2015\projects\codemind_test\cwe476_null_pointer_dereference\debug\cwe476_null_pointer_dereference__char_54b.obj
c:\users\robert\documents\visual studio 2015\projects\codemind_test\cwe476_null_pointer_dereference\debug\cwe476_null_pointer_dereference__char_54c.obj
c:\users\robert\documents\visual studio 2015\projects\codemind_test\cwe476_null_pointer_dereference\debug\cwe476_null_pointer_dereference__char_54d.obj
c:\users\robert\documents\visual studio 2015\projects\codemind_test\cwe476_null_pointer_dereference\debug\cwe476_null_pointer_dereference__char_54e.obj
c:\users\robert\documents\visual studio 2015\projects\codemind_test\cwe476_null_pointer_dereference\debug\cwe476_null_pointer_dereference__char_63a.obj
c:\users\robert\documents\visual studio 2015\projects\codemind_test\cwe476_null_pointer_dereference\debug\cwe476_null_pointer_dereference__char_63b.obj
c:\users\robert\documents\visual studio 2015\projects\codemind_test\cwe476_null_pointer_dereference\debug\cwe476_null_pointer_dereference__char_64a.obj
c:\users\robert\documents\visual studio 2015\projects\codemind_test\cwe476_null_pointer_dereference\debug\cwe476_null_pointer_dereference__char_64b.obj
c:\users\robert\documents\visual studio 2015\projects\codemind_test\cwe476_null_pointer_dereference\debug\cwe476_null_pointer_dereference__char_65a.obj
c:\users\robert\documents\visual studio 2015\projects\codemind_test\cwe476_null_pointer_dereference\debug\cwe476_null_pointer_dereference__char_65b.obj
c:\users\robert\documents\visual studio 2015\projects\codemind_test\cwe476_null_pointer_dereference\debug\cwe476_null_pointer_dereference__char_66a.obj
c:\users\robert\documents\visual studio 2015\projects\codemind_test\cwe476_null_pointer_dereference\debug\cwe476_null_pointer_dereference__char_66b.obj
c:\users\robert\documents\visual studio 2015\projects\codemind_test\cwe476_null_pointer_dereference\debug\cwe476_null_pointer_dereference__char_67a.obj
c:\users\robert\documents\visual studio 2015\projects\codemind_test\cwe476_null_pointer_dereference\debug\cwe476_null_pointer_dereference__char_67b.obj
c:\users\robert\documents\visual studio 2015\projects\codemind_test\cwe476_null_pointer_dereference\debug\cwe476_null_pointer_dereference__char_68a.obj
c:\users\robert\documents\visual studio 2015\projects\codemind_test\cwe476_null_pointer_dereference\debug\cwe476_null_pointer_dereference__char_68b.obj
c:\users\robert\documents\visual studio 2015\projects\codemind_test\cwe476_null_pointer_dereference\debug\cwe476_null_pointer_dereference__char_14.obj
c:\users\robert\documents\visual studio 2015\projects\codemind_test\cwe476_null_pointer_dereference\debug\cwe476_null_pointer_dereference__char_15.obj
c:\users\robert\documents\visual studio 2015\projects\codemind_test\cwe476_null_pointer_dereference\debug\cwe476_null_pointer_dereference__char_16.obj
c:\users\robert\documents\visual studio 2015\projects\codemind_test\cwe476_null_pointer_dereference\debug\cwe476_null_pointer_dereference__char_17.obj
c:\users\robert\documents\visual studio 2015\projects\codemind_test\cwe476_null_pointer_dereference\debug\cwe476_null_pointer_dereference__char_18.obj
c:\users\robert\documents\visual studio 2015\projects\codemind_test\cwe476_null_pointer_dereference\debug\cwe476_null_pointer_dereference__char_21.obj
c:\users\robert\documents\visual studio 2015\projects\codemind_test\cwe476_null_pointer_dereference\debug\cwe476_null_pointer_dereference__char_22a.obj
c:\users\robert\documents\visual studio 2015\projects\codemind_test\cwe476_null_pointer_dereference\debug\cwe476_null_pointer_dereference__char_22b.obj
c:\users\robert\documents\visual studio 2015\projects\codemind_test\cwe476_null_pointer_dereference\debug\cwe476_null_pointer_dereference__char_31.obj
c:\users\robert\documents\visual studio 2015\projects\codemind_test\cwe476_null_pointer_dereference\debug\cwe476_null_pointer_dereference__char_32.obj
c:\users\robert\documents\visual studio 2015\projects\codemind_test\cwe476_null_pointer_dereference\debug\cwe476_null_pointer_dereference__char_34.obj
c:\users\robert\documents\visual studio 2015\projects\codemind_test\cwe476_null_pointer_dereference\debug\cwe476_null_pointer_dereference__char_41.obj
c:\users\robert\documents\visual studio 2015\projects\codemind_test\cwe476_null_pointer_dereference\debug\cwe476_null_pointer_dereference__char_44.obj
c:\users\robert\documents\visual studio 2015\projects\codemind_test\cwe476_null_pointer_dereference\debug\cwe476_null_pointer_dereference__char_45.obj
c:\users\robert\documents\visual studio 2015\projects\codemind_test\cwe476_null_pointer_dereference\debug\cwe476_null_pointer_dereference__char_51a.obj
c:\users\robert\documents\visual studio 2015\projects\codemind_test\cwe476_null_pointer_dereference\debug\cwe476_null_pointer_dereference__char_51b.obj
c:\users\robert\documents\visual studio 2015\projects\codemind_test\cwe476_null_pointer_dereference\debug\cwe476_null_pointer_dereference__char_52a.obj
c:\users\robert\documents\visual studio 2015\projects\codemind_test\cwe476_null_pointer_dereference\debug\cwe476_null_pointer_dereference__char_52b.obj
c:\users\robert\documents\visual studio 2015\projects\codemind_test\cwe476_null_pointer_dereference\debug\cwe476_null_pointer_dereference__char_52c.obj
c:\users\robert\documents\visual studio 2015\projects\codemind_test\cwe476_null_pointer_dereference\debug\cwe476_null_pointer_dereference__char_53a.obj
c:\users\robert\documents\visual studio 2015\projects\codemind_test\cwe476_null_pointer_dereference\debug\io.obj
c:\users\robert\documents\visual studio 2015\projects\codemind_test\cwe476_null_pointer_dereference\debug\cwe476_null_pointer_dereference__char_02.obj
c:\users\robert\documents\visual studio 2015\projects\codemind_test\cwe476_null_pointer_dereference\debug\cwe476_null_pointer_dereference__char_03.obj
c:\users\robert\documents\visual studio 2015\projects\codemind_test\cwe476_null_pointer_dereference\debug\cwe476_null_pointer_dereference__char_04.obj
c:\users\robert\documents\visual studio 2015\projects\codemind_test\cwe476_null_pointer_dereference\debug\cwe476_null_pointer_dereference__char_05.obj
c:\users\robert\documents\visual studio 2015\projects\codemind_test\cwe476_null_pointer_dereference\debug\cwe476_null_pointer_dereference__char_06.obj
c:\users\robert\documents\visual studio 2015\projects\codemind_test\cwe476_null_pointer_dereference\debug\cwe476_null_pointer_dereference__char_07.obj
c:\users\robert\documents\visual studio 2015\projects\codemind_test\cwe476_null_pointer_dereference\debug\cwe476_null_pointer_dereference__char_08.obj
c:\users\robert\documents\visual studio 2015\projects\codemind_test\cwe476_null_pointer_dereference\debug\cwe476_null_pointer_dereference__char_09.obj
c:\users\robert\documents\visual studio 2015\projects\codemind_test\cwe476_null_pointer_dereference\debug\cwe476_null_pointer_dereference__char_10.obj
c:\users\robert\documents\visual studio 2015\projects\codemind_test\cwe476_null_pointer_dereference\debug\cwe476_null_pointer_dereference__char_11.obj
c:\users\robert\documents\visual studio 2015\projects\codemind_test\cwe476_null_pointer_dereference\debug\cwe476_null_pointer_dereference__char_12.obj
c:\users\robert\documents\visual studio 2015\projects\codemind_test\cwe476_null_pointer_dereference\debug\cwe476_null_pointer_dereference__char_13.obj
c:\users\robert\documents\visual studio 2015\projects\codemind_test\debug\cwe476_null_pointer_dereference.ilk
c:\users\robert\documents\visual studio 2015\projects\codemind_test\debug\cwe476_null_pointer_dereference.exe
c:\users\robert\documents\visual studio 2015\projects\codemind_test\debug\cwe476_null_pointer_dereference.pdb
c:\users\robert\documents\visual studio 2015\projects\codemind_test\cwe476_null_pointer_dereference\debug\cwe476_n.b0c3a7f2.tlog\cl.command.1.tlog
c:\users\robert\documents\visual studio 2015\projects\codemind_test\cwe476_null_pointer_dereference\debug\cwe476_n.b0c3a7f2.tlog\cl.read.1.tlog
c:\users\robert\documents\visual studio 2015\projects\codemind_test\cwe476_null_pointer_dereference\debug\cwe476_n.b0c3a7f2.tlog\cl.write.1.tlog
c:\users\robert\documents\visual studio 2015\projects\codemind_test\cwe476_null_pointer_dereference\debug\cwe476_n.b0c3a7f2.tlog\link.command.1.tlog
c:\users\robert\documents\visual studio 2015\projects\codemind_test\cwe476_null_pointer_dereference\debug\cwe476_n.b0c3a7f2.tlog\link.read.1.tlog
c:\users\robert\documents\visual studio 2015\projects\codemind_test\cwe476_null_pointer_dereference\debug\cwe476_n.b0c3a7f2.tlog\link.write.1.tlog
