c:\git\romeo\c\cwe369_divide_by_zero\debug\vc141.pdb
c:\git\romeo\c\cwe369_divide_by_zero\debug\vc141.idb
c:\git\romeo\c\cwe369_divide_by_zero\debug\cwe369_divide_by_zero__int_zero_divide_73a.obj
c:\git\romeo\c\cwe369_divide_by_zero\debug\cwe369_divide_by_zero__int_zero_divide_73b.obj
c:\git\romeo\c\cwe369_divide_by_zero\debug\cwe369_divide_by_zero__int_zero_divide_74a.obj
c:\git\romeo\c\cwe369_divide_by_zero\debug\cwe369_divide_by_zero__int_zero_divide_74b.obj
c:\git\romeo\c\cwe369_divide_by_zero\debug\cwe369_divide_by_zero__int_zero_divide_81a.obj
c:\git\romeo\c\cwe369_divide_by_zero\debug\cwe369_divide_by_zero__int_zero_divide_81_bad.obj
c:\git\romeo\c\cwe369_divide_by_zero\debug\cwe369_divide_by_zero__int_zero_divide_81_goodb2g.obj
c:\git\romeo\c\cwe369_divide_by_zero\debug\cwe369_divide_by_zero__int_zero_divide_81_goodg2b.obj
c:\git\romeo\c\cwe369_divide_by_zero\debug\cwe369_divide_by_zero__int_zero_divide_82a.obj
c:\git\romeo\c\cwe369_divide_by_zero\debug\cwe369_divide_by_zero__int_zero_divide_82_bad.obj
c:\git\romeo\c\cwe369_divide_by_zero\debug\cwe369_divide_by_zero__int_zero_divide_82_goodb2g.obj
c:\git\romeo\c\cwe369_divide_by_zero\debug\cwe369_divide_by_zero__int_zero_divide_82_goodg2b.obj
c:\git\romeo\c\cwe369_divide_by_zero\debug\cwe369_divide_by_zero__int_zero_divide_83a.obj
c:\git\romeo\c\cwe369_divide_by_zero\debug\cwe369_divide_by_zero__int_zero_divide_83_bad.obj
c:\git\romeo\c\cwe369_divide_by_zero\debug\cwe369_divide_by_zero__int_zero_divide_83_goodb2g.obj
c:\git\romeo\c\cwe369_divide_by_zero\debug\cwe369_divide_by_zero__int_zero_divide_83_goodg2b.obj
c:\git\romeo\c\cwe369_divide_by_zero\debug\cwe369_divide_by_zero__int_zero_divide_84a.obj
c:\git\romeo\c\cwe369_divide_by_zero\debug\cwe369_divide_by_zero__int_zero_divide_84_bad.obj
c:\git\romeo\c\cwe369_divide_by_zero\debug\cwe369_divide_by_zero__int_zero_divide_84_goodb2g.obj
c:\git\romeo\c\cwe369_divide_by_zero\debug\cwe369_divide_by_zero__int_zero_divide_84_goodg2b.obj
c:\git\romeo\c\cwe369_divide_by_zero\debug\fake_main.obj
c:\git\romeo\c\cwe369_divide_by_zero\debug\cwe369_divide_by_zero__int_zero_divide_33.obj
c:\git\romeo\c\cwe369_divide_by_zero\debug\cwe369_divide_by_zero__int_zero_divide_43.obj
c:\git\romeo\c\cwe369_divide_by_zero\debug\cwe369_divide_by_zero__int_zero_divide_62a.obj
c:\git\romeo\c\cwe369_divide_by_zero\debug\cwe369_divide_by_zero__int_zero_divide_62b.obj
c:\git\romeo\c\cwe369_divide_by_zero\debug\cwe369_divide_by_zero__int_zero_divide_72a.obj
c:\git\romeo\c\cwe369_divide_by_zero\debug\cwe369_divide_by_zero__int_zero_divide_72b.obj
c:\git\romeo\c\cwe369_divide_by_zero\debug\cwe369_divide_by_zero__int_zero_divide_68a.obj
c:\git\romeo\c\cwe369_divide_by_zero\debug\cwe369_divide_by_zero__int_zero_divide_68b.obj
c:\git\romeo\c\cwe369_divide_by_zero\debug\cwe369_divide_by_zero__float_connect_socket_01.obj
c:\git\romeo\c\cwe369_divide_by_zero\debug\cwe369_divide_by_zero__float_fgets_01.obj
c:\git\romeo\c\cwe369_divide_by_zero\debug\cwe369_divide_by_zero__float_fscanf_01.obj
c:\git\romeo\c\cwe369_divide_by_zero\debug\cwe369_divide_by_zero__float_listensocket_01.obj
c:\git\romeo\c\cwe369_divide_by_zero\debug\cwe369_divide_by_zero__float_rand_01.obj
c:\git\romeo\c\cwe369_divide_by_zero\debug\cwe369_divide_by_zero__float_zero_01.obj
c:\git\romeo\c\cwe369_divide_by_zero\debug\cwe369_divide_by_zero__int_connect_socket_divide_01.obj
c:\git\romeo\c\cwe369_divide_by_zero\debug\cwe369_divide_by_zero__int_connect_socket_modulo_01.obj
c:\git\romeo\c\cwe369_divide_by_zero\debug\cwe369_divide_by_zero__int_fgets_divide_01.obj
c:\git\romeo\c\cwe369_divide_by_zero\debug\cwe369_divide_by_zero__int_fgets_modulo_01.obj
c:\git\romeo\c\cwe369_divide_by_zero\debug\cwe369_divide_by_zero__int_fscanf_divide_01.obj
c:\git\romeo\c\cwe369_divide_by_zero\debug\cwe369_divide_by_zero__int_fscanf_modulo_01.obj
c:\git\romeo\c\cwe369_divide_by_zero\debug\cwe369_divide_by_zero__int_listen_socket_divide_01.obj
c:\git\romeo\c\cwe369_divide_by_zero\debug\cwe369_divide_by_zero__int_listen_socket_modulo_01.obj
c:\git\romeo\c\cwe369_divide_by_zero\debug\cwe369_divide_by_zero__int_rand_divide_01.obj
c:\git\romeo\c\cwe369_divide_by_zero\debug\cwe369_divide_by_zero__int_rand_modulo_01.obj
c:\git\romeo\c\cwe369_divide_by_zero\debug\cwe369_divide_by_zero__int_zero_divide_01.obj
c:\git\romeo\c\cwe369_divide_by_zero\debug\cwe369_divide_by_zero__int_zero_modulo_01.obj
c:\git\romeo\c\cwe369_divide_by_zero\debug\cwe369_divide_by_zero__int_zero_divide_53b.obj
c:\git\romeo\c\cwe369_divide_by_zero\debug\cwe369_divide_by_zero__int_zero_divide_53c.obj
c:\git\romeo\c\cwe369_divide_by_zero\debug\cwe369_divide_by_zero__int_zero_divide_53d.obj
c:\git\romeo\c\cwe369_divide_by_zero\debug\cwe369_divide_by_zero__int_zero_divide_54a.obj
c:\git\romeo\c\cwe369_divide_by_zero\debug\cwe369_divide_by_zero__int_zero_divide_54b.obj
c:\git\romeo\c\cwe369_divide_by_zero\debug\cwe369_divide_by_zero__int_zero_divide_54c.obj
c:\git\romeo\c\cwe369_divide_by_zero\debug\cwe369_divide_by_zero__int_zero_divide_54d.obj
c:\git\romeo\c\cwe369_divide_by_zero\debug\cwe369_divide_by_zero__int_zero_divide_54e.obj
c:\git\romeo\c\cwe369_divide_by_zero\debug\cwe369_divide_by_zero__int_zero_divide_61a.obj
c:\git\romeo\c\cwe369_divide_by_zero\debug\cwe369_divide_by_zero__int_zero_divide_61b.obj
c:\git\romeo\c\cwe369_divide_by_zero\debug\cwe369_divide_by_zero__int_zero_divide_63a.obj
c:\git\romeo\c\cwe369_divide_by_zero\debug\cwe369_divide_by_zero__int_zero_divide_63b.obj
c:\git\romeo\c\cwe369_divide_by_zero\debug\cwe369_divide_by_zero__int_zero_divide_64a.obj
c:\git\romeo\c\cwe369_divide_by_zero\debug\cwe369_divide_by_zero__int_zero_divide_64b.obj
c:\git\romeo\c\cwe369_divide_by_zero\debug\cwe369_divide_by_zero__int_zero_divide_65a.obj
c:\git\romeo\c\cwe369_divide_by_zero\debug\cwe369_divide_by_zero__int_zero_divide_65b.obj
c:\git\romeo\c\cwe369_divide_by_zero\debug\cwe369_divide_by_zero__int_zero_divide_66a.obj
c:\git\romeo\c\cwe369_divide_by_zero\debug\cwe369_divide_by_zero__int_zero_divide_66b.obj
c:\git\romeo\c\cwe369_divide_by_zero\debug\cwe369_divide_by_zero__int_zero_divide_67a.obj
c:\git\romeo\c\cwe369_divide_by_zero\debug\cwe369_divide_by_zero__int_zero_divide_67b.obj
c:\git\romeo\c\cwe369_divide_by_zero\debug\cwe369_divide_by_zero__int_zero_divide_15.obj
c:\git\romeo\c\cwe369_divide_by_zero\debug\cwe369_divide_by_zero__int_zero_divide_16.obj
c:\git\romeo\c\cwe369_divide_by_zero\debug\cwe369_divide_by_zero__int_zero_divide_17.obj
c:\git\romeo\c\cwe369_divide_by_zero\debug\cwe369_divide_by_zero__int_zero_divide_18.obj
c:\git\romeo\c\cwe369_divide_by_zero\debug\cwe369_divide_by_zero__int_zero_divide_21.obj
c:\git\romeo\c\cwe369_divide_by_zero\debug\cwe369_divide_by_zero__int_zero_divide_22a.obj
c:\git\romeo\c\cwe369_divide_by_zero\debug\cwe369_divide_by_zero__int_zero_divide_22b.obj
c:\git\romeo\c\cwe369_divide_by_zero\debug\cwe369_divide_by_zero__int_zero_divide_31.obj
c:\git\romeo\c\cwe369_divide_by_zero\debug\cwe369_divide_by_zero__int_zero_divide_32.obj
c:\git\romeo\c\cwe369_divide_by_zero\debug\cwe369_divide_by_zero__int_zero_divide_34.obj
c:\git\romeo\c\cwe369_divide_by_zero\debug\cwe369_divide_by_zero__int_zero_divide_41.obj
c:\git\romeo\c\cwe369_divide_by_zero\debug\cwe369_divide_by_zero__int_zero_divide_42.obj
c:\git\romeo\c\cwe369_divide_by_zero\debug\cwe369_divide_by_zero__int_zero_divide_44.obj
c:\git\romeo\c\cwe369_divide_by_zero\debug\cwe369_divide_by_zero__int_zero_divide_45.obj
c:\git\romeo\c\cwe369_divide_by_zero\debug\cwe369_divide_by_zero__int_zero_divide_51a.obj
c:\git\romeo\c\cwe369_divide_by_zero\debug\cwe369_divide_by_zero__int_zero_divide_51b.obj
c:\git\romeo\c\cwe369_divide_by_zero\debug\cwe369_divide_by_zero__int_zero_divide_52a.obj
c:\git\romeo\c\cwe369_divide_by_zero\debug\cwe369_divide_by_zero__int_zero_divide_52b.obj
c:\git\romeo\c\cwe369_divide_by_zero\debug\cwe369_divide_by_zero__int_zero_divide_52c.obj
c:\git\romeo\c\cwe369_divide_by_zero\debug\cwe369_divide_by_zero__int_zero_divide_53a.obj
c:\git\romeo\c\cwe369_divide_by_zero\debug\io.obj
c:\git\romeo\c\cwe369_divide_by_zero\debug\cwe369_divide_by_zero__int_zero_divide_02.obj
c:\git\romeo\c\cwe369_divide_by_zero\debug\cwe369_divide_by_zero__int_zero_divide_03.obj
c:\git\romeo\c\cwe369_divide_by_zero\debug\cwe369_divide_by_zero__int_zero_divide_04.obj
c:\git\romeo\c\cwe369_divide_by_zero\debug\cwe369_divide_by_zero__int_zero_divide_05.obj
c:\git\romeo\c\cwe369_divide_by_zero\debug\cwe369_divide_by_zero__int_zero_divide_06.obj
c:\git\romeo\c\cwe369_divide_by_zero\debug\cwe369_divide_by_zero__int_zero_divide_07.obj
c:\git\romeo\c\cwe369_divide_by_zero\debug\cwe369_divide_by_zero__int_zero_divide_08.obj
c:\git\romeo\c\cwe369_divide_by_zero\debug\cwe369_divide_by_zero__int_zero_divide_09.obj
c:\git\romeo\c\cwe369_divide_by_zero\debug\cwe369_divide_by_zero__int_zero_divide_10.obj
c:\git\romeo\c\cwe369_divide_by_zero\debug\cwe369_divide_by_zero__int_zero_divide_11.obj
c:\git\romeo\c\cwe369_divide_by_zero\debug\cwe369_divide_by_zero__int_zero_divide_12.obj
c:\git\romeo\c\cwe369_divide_by_zero\debug\cwe369_divide_by_zero__int_zero_divide_13.obj
c:\git\romeo\c\cwe369_divide_by_zero\debug\cwe369_divide_by_zero__int_zero_divide_14.obj
c:\git\romeo\c\debug\cwe369_divide_by_zero.ilk
c:\git\romeo\c\debug\cwe369_divide_by_zero.exe
c:\git\romeo\c\debug\cwe369_divide_by_zero.pdb
c:\git\romeo\c\cwe369_divide_by_zero\debug\cwe369_d.f02e2acc.tlog\cl.command.1.tlog
c:\git\romeo\c\cwe369_divide_by_zero\debug\cwe369_d.f02e2acc.tlog\cl.read.1.tlog
c:\git\romeo\c\cwe369_divide_by_zero\debug\cwe369_d.f02e2acc.tlog\cl.write.1.tlog
c:\git\romeo\c\cwe369_divide_by_zero\debug\cwe369_d.f02e2acc.tlog\link.command.1.tlog
c:\git\romeo\c\cwe369_divide_by_zero\debug\cwe369_d.f02e2acc.tlog\link.read.1.tlog
c:\git\romeo\c\cwe369_divide_by_zero\debug\cwe369_d.f02e2acc.tlog\link.write.1.tlog
