C:\Program Files (x86)\Microsoft Visual Studio\2017\Community\Common7\IDE\VC\VCTargets\Microsoft.CppBuild.targets(937,5): warning MSB8027: 이름이 CWE369_Divide_by_Zero__int_zero_divide_01.c인 둘 이상의 파일이 같은 위치에 출력을 생성합니다. 이로 인해 잘못된 빌드 결과가 나타날 수 있습니다.  관련된 파일은 m00\CWE369_Divide_by_Zero__int_zero_divide_01.c, m01\CWE369_Divide_by_Zero__int_zero_divide_01.c입니다.
  CWE369_Divide_by_Zero__int_zero_divide_84_goodG2B.cpp
  CWE369_Divide_by_Zero__int_zero_divide_84_goodB2G.cpp
  CWE369_Divide_by_Zero__int_zero_divide_84_bad.cpp
  CWE369_Divide_by_Zero__int_zero_divide_84a.cpp
  CWE369_Divide_by_Zero__int_zero_divide_83_goodG2B.cpp
  CWE369_Divide_by_Zero__int_zero_divide_83_goodB2G.cpp
  CWE369_Divide_by_Zero__int_zero_divide_83_bad.cpp
  CWE369_Divide_by_Zero__int_zero_divide_83a.cpp
  CWE369_Divide_by_Zero__int_zero_divide_82_goodG2B.cpp
  CWE369_Divide_by_Zero__int_zero_divide_82_goodB2G.cpp
  CWE369_Divide_by_Zero__int_zero_divide_82_bad.cpp
  CWE369_Divide_by_Zero__int_zero_divide_82a.cpp
  CWE369_Divide_by_Zero__int_zero_divide_81_goodG2B.cpp
  CWE369_Divide_by_Zero__int_zero_divide_81_goodB2G.cpp
  CWE369_Divide_by_Zero__int_zero_divide_81_bad.cpp
  CWE369_Divide_by_Zero__int_zero_divide_81a.cpp
  CWE369_Divide_by_Zero__int_zero_divide_74b.cpp
  CWE369_Divide_by_Zero__int_zero_divide_74a.cpp
  CWE369_Divide_by_Zero__int_zero_divide_73b.cpp
  CWE369_Divide_by_Zero__int_zero_divide_73a.cpp
  코드를 생성하고 있습니다...
  컴파일하고 있습니다...
  CWE369_Divide_by_Zero__int_zero_divide_72b.cpp
  CWE369_Divide_by_Zero__int_zero_divide_72a.cpp
  CWE369_Divide_by_Zero__int_zero_divide_62b.cpp
  CWE369_Divide_by_Zero__int_zero_divide_62a.cpp
  CWE369_Divide_by_Zero__int_zero_divide_43.cpp
  CWE369_Divide_by_Zero__int_zero_divide_33.cpp
  fake_main.cpp
  코드를 생성하고 있습니다...
  CWE369_Divide_by_Zero__int_zero_modulo_01.c
  CWE369_Divide_by_Zero__int_zero_divide_01.c
  CWE369_Divide_by_Zero__int_rand_modulo_01.c
  CWE369_Divide_by_Zero__int_rand_divide_01.c
  CWE369_Divide_by_Zero__int_listen_socket_modulo_01.c
  CWE369_Divide_by_Zero__int_listen_socket_divide_01.c
  CWE369_Divide_by_Zero__int_fscanf_modulo_01.c
  CWE369_Divide_by_Zero__int_fscanf_divide_01.c
  CWE369_Divide_by_Zero__int_fgets_modulo_01.c
  CWE369_Divide_by_Zero__int_fgets_divide_01.c
  CWE369_Divide_by_Zero__int_connect_socket_modulo_01.c
  CWE369_Divide_by_Zero__int_connect_socket_divide_01.c
  CWE369_Divide_by_Zero__float_zero_01.c
  CWE369_Divide_by_Zero__float_rand_01.c
  CWE369_Divide_by_Zero__float_listenSocket_01.c
  CWE369_Divide_by_Zero__float_fscanf_01.c
  CWE369_Divide_by_Zero__float_fgets_01.c
  CWE369_Divide_by_Zero__float_connect_socket_01.c
  CWE369_Divide_by_Zero__int_zero_divide_68b.c
  CWE369_Divide_by_Zero__int_zero_divide_68a.c
  코드를 생성하고 있습니다...
  컴파일하고 있습니다...
  CWE369_Divide_by_Zero__int_zero_divide_67b.c
  CWE369_Divide_by_Zero__int_zero_divide_67a.c
  CWE369_Divide_by_Zero__int_zero_divide_66b.c
  CWE369_Divide_by_Zero__int_zero_divide_66a.c
  CWE369_Divide_by_Zero__int_zero_divide_65b.c
  CWE369_Divide_by_Zero__int_zero_divide_65a.c
  CWE369_Divide_by_Zero__int_zero_divide_64b.c
  CWE369_Divide_by_Zero__int_zero_divide_64a.c
  CWE369_Divide_by_Zero__int_zero_divide_63b.c
  CWE369_Divide_by_Zero__int_zero_divide_63a.c
  CWE369_Divide_by_Zero__int_zero_divide_61b.c
  CWE369_Divide_by_Zero__int_zero_divide_61a.c
  CWE369_Divide_by_Zero__int_zero_divide_54e.c
  CWE369_Divide_by_Zero__int_zero_divide_54d.c
  CWE369_Divide_by_Zero__int_zero_divide_54c.c
  CWE369_Divide_by_Zero__int_zero_divide_54b.c
  CWE369_Divide_by_Zero__int_zero_divide_54a.c
  CWE369_Divide_by_Zero__int_zero_divide_53d.c
  CWE369_Divide_by_Zero__int_zero_divide_53c.c
  CWE369_Divide_by_Zero__int_zero_divide_53b.c
  코드를 생성하고 있습니다...
  컴파일하고 있습니다...
  CWE369_Divide_by_Zero__int_zero_divide_53a.c
  CWE369_Divide_by_Zero__int_zero_divide_52c.c
  CWE369_Divide_by_Zero__int_zero_divide_52b.c
  CWE369_Divide_by_Zero__int_zero_divide_52a.c
  CWE369_Divide_by_Zero__int_zero_divide_51b.c
  CWE369_Divide_by_Zero__int_zero_divide_51a.c
  CWE369_Divide_by_Zero__int_zero_divide_45.c
  CWE369_Divide_by_Zero__int_zero_divide_44.c
  CWE369_Divide_by_Zero__int_zero_divide_42.c
  CWE369_Divide_by_Zero__int_zero_divide_41.c
  CWE369_Divide_by_Zero__int_zero_divide_34.c
  CWE369_Divide_by_Zero__int_zero_divide_32.c
  CWE369_Divide_by_Zero__int_zero_divide_31.c
  CWE369_Divide_by_Zero__int_zero_divide_22b.c
  CWE369_Divide_by_Zero__int_zero_divide_22a.c
  CWE369_Divide_by_Zero__int_zero_divide_21.c
  CWE369_Divide_by_Zero__int_zero_divide_18.c
  CWE369_Divide_by_Zero__int_zero_divide_17.c
  CWE369_Divide_by_Zero__int_zero_divide_16.c
  CWE369_Divide_by_Zero__int_zero_divide_15.c
  코드를 생성하고 있습니다...
  컴파일하고 있습니다...
  CWE369_Divide_by_Zero__int_zero_divide_14.c
  CWE369_Divide_by_Zero__int_zero_divide_13.c
  CWE369_Divide_by_Zero__int_zero_divide_12.c
  CWE369_Divide_by_Zero__int_zero_divide_11.c
  CWE369_Divide_by_Zero__int_zero_divide_10.c
  CWE369_Divide_by_Zero__int_zero_divide_09.c
  CWE369_Divide_by_Zero__int_zero_divide_08.c
  CWE369_Divide_by_Zero__int_zero_divide_07.c
  CWE369_Divide_by_Zero__int_zero_divide_06.c
  CWE369_Divide_by_Zero__int_zero_divide_05.c
  CWE369_Divide_by_Zero__int_zero_divide_04.c
  CWE369_Divide_by_Zero__int_zero_divide_03.c
  CWE369_Divide_by_Zero__int_zero_divide_02.c
  CWE369_Divide_by_Zero__int_zero_divide_01.c
  io.c
  코드를 생성하고 있습니다...
Debug\CWE369_Divide_by_Zero__int_zero_divide_01.obj : warning LNK4042: 개체가 두 번 이상 지정되었습니다. 나머지는 무시됩니다.
  CWE369_Divide_by_Zero.vcxproj -> C:\git\romeo\c\Debug\CWE369_Divide_by_Zero.exe
