c:\git\romeo\c\cwe325_missing_required_cryptographic_step\debug\vc141.pdb
c:\git\romeo\c\cwe325_missing_required_cryptographic_step\debug\vc141.idb
c:\git\romeo\c\cwe325_missing_required_cryptographic_step\debug\fake_main.obj
c:\git\romeo\c\cwe325_missing_required_cryptographic_step\debug\cwe325_missing_required_cryptographic_step__w32_cryptcreatehash_03.obj
c:\git\romeo\c\cwe325_missing_required_cryptographic_step\debug\cwe325_missing_required_cryptographic_step__w32_cryptcreatehash_04.obj
c:\git\romeo\c\cwe325_missing_required_cryptographic_step\debug\cwe325_missing_required_cryptographic_step__w32_cryptcreatehash_05.obj
c:\git\romeo\c\cwe325_missing_required_cryptographic_step\debug\cwe325_missing_required_cryptographic_step__w32_cryptcreatehash_06.obj
c:\git\romeo\c\cwe325_missing_required_cryptographic_step\debug\cwe325_missing_required_cryptographic_step__w32_cryptcreatehash_07.obj
c:\git\romeo\c\cwe325_missing_required_cryptographic_step\debug\cwe325_missing_required_cryptographic_step__w32_cryptcreatehash_08.obj
c:\git\romeo\c\cwe325_missing_required_cryptographic_step\debug\cwe325_missing_required_cryptographic_step__w32_cryptcreatehash_09.obj
c:\git\romeo\c\cwe325_missing_required_cryptographic_step\debug\cwe325_missing_required_cryptographic_step__w32_cryptcreatehash_10.obj
c:\git\romeo\c\cwe325_missing_required_cryptographic_step\debug\cwe325_missing_required_cryptographic_step__w32_cryptcreatehash_11.obj
c:\git\romeo\c\cwe325_missing_required_cryptographic_step\debug\cwe325_missing_required_cryptographic_step__w32_cryptcreatehash_12.obj
c:\git\romeo\c\cwe325_missing_required_cryptographic_step\debug\cwe325_missing_required_cryptographic_step__w32_cryptcreatehash_13.obj
c:\git\romeo\c\cwe325_missing_required_cryptographic_step\debug\cwe325_missing_required_cryptographic_step__w32_cryptcreatehash_14.obj
c:\git\romeo\c\cwe325_missing_required_cryptographic_step\debug\cwe325_missing_required_cryptographic_step__w32_cryptcreatehash_15.obj
c:\git\romeo\c\cwe325_missing_required_cryptographic_step\debug\cwe325_missing_required_cryptographic_step__w32_cryptcreatehash_16.obj
c:\git\romeo\c\cwe325_missing_required_cryptographic_step\debug\cwe325_missing_required_cryptographic_step__w32_cryptcreatehash_17.obj
c:\git\romeo\c\cwe325_missing_required_cryptographic_step\debug\cwe325_missing_required_cryptographic_step__w32_cryptcreatehash_18.obj
c:\git\romeo\c\cwe325_missing_required_cryptographic_step\debug\cwe325_missing_required_cryptographic_step__w32_cryptcreatehash_01.obj
c:\git\romeo\c\cwe325_missing_required_cryptographic_step\debug\cwe325_missing_required_cryptographic_step__w32_cryptderivekey_01.obj
c:\git\romeo\c\cwe325_missing_required_cryptographic_step\debug\cwe325_missing_required_cryptographic_step__w32_cryptencrypt_01.obj
c:\git\romeo\c\cwe325_missing_required_cryptographic_step\debug\cwe325_missing_required_cryptographic_step__w32_crypthashdata_01.obj
c:\git\romeo\c\cwe325_missing_required_cryptographic_step\debug\io.obj
c:\git\romeo\c\cwe325_missing_required_cryptographic_step\debug\cwe325_missing_required_cryptographic_step__w32_cryptcreatehash_02.obj
c:\git\romeo\c\debug\cwe325_missing_required_cryptographic_step.ilk
c:\git\romeo\c\debug\cwe325_missing_required_cryptographic_step.exe
c:\git\romeo\c\debug\cwe325_missing_required_cryptographic_step.pdb
c:\git\romeo\c\cwe325_missing_required_cryptographic_step\debug\cwe325_m.534b0dcf.tlog\cl.command.1.tlog
c:\git\romeo\c\cwe325_missing_required_cryptographic_step\debug\cwe325_m.534b0dcf.tlog\cl.read.1.tlog
c:\git\romeo\c\cwe325_missing_required_cryptographic_step\debug\cwe325_m.534b0dcf.tlog\cl.write.1.tlog
c:\git\romeo\c\cwe325_missing_required_cryptographic_step\debug\cwe325_m.534b0dcf.tlog\link.command.1.tlog
c:\git\romeo\c\cwe325_missing_required_cryptographic_step\debug\cwe325_m.534b0dcf.tlog\link.read.1.tlog
c:\git\romeo\c\cwe325_missing_required_cryptographic_step\debug\cwe325_m.534b0dcf.tlog\link.write.1.tlog
