C:\Program Files (x86)\Microsoft Visual Studio\2017\Community\Common7\IDE\VC\VCTargets\Microsoft.CppBuild.targets(937,5): warning MSB8027: 이름이 CWE325_Missing_Required_Cryptographic_Step__w32_CryptCreateHash_01.c인 둘 이상의 파일이 같은 위치에 출력을 생성합니다. 이로 인해 잘못된 빌드 결과가 나타날 수 있습니다.  관련된 파일은 m00\CWE325_Missing_Required_Cryptographic_Step__w32_CryptCreateHash_01.c, m01\CWE325_Missing_Required_Cryptographic_Step__w32_CryptCreateHash_01.c입니다.
  fake_main.cpp
  CWE325_Missing_Required_Cryptographic_Step__w32_CryptHashData_01.c
  CWE325_Missing_Required_Cryptographic_Step__w32_CryptEncrypt_01.c
  CWE325_Missing_Required_Cryptographic_Step__w32_CryptDeriveKey_01.c
  CWE325_Missing_Required_Cryptographic_Step__w32_CryptCreateHash_01.c
  CWE325_Missing_Required_Cryptographic_Step__w32_CryptCreateHash_18.c
  CWE325_Missing_Required_Cryptographic_Step__w32_CryptCreateHash_17.c
  CWE325_Missing_Required_Cryptographic_Step__w32_CryptCreateHash_16.c
  CWE325_Missing_Required_Cryptographic_Step__w32_CryptCreateHash_15.c
  CWE325_Missing_Required_Cryptographic_Step__w32_CryptCreateHash_14.c
  CWE325_Missing_Required_Cryptographic_Step__w32_CryptCreateHash_13.c
  CWE325_Missing_Required_Cryptographic_Step__w32_CryptCreateHash_12.c
  CWE325_Missing_Required_Cryptographic_Step__w32_CryptCreateHash_11.c
  CWE325_Missing_Required_Cryptographic_Step__w32_CryptCreateHash_10.c
  CWE325_Missing_Required_Cryptographic_Step__w32_CryptCreateHash_09.c
  CWE325_Missing_Required_Cryptographic_Step__w32_CryptCreateHash_08.c
  CWE325_Missing_Required_Cryptographic_Step__w32_CryptCreateHash_07.c
  CWE325_Missing_Required_Cryptographic_Step__w32_CryptCreateHash_06.c
  CWE325_Missing_Required_Cryptographic_Step__w32_CryptCreateHash_05.c
  CWE325_Missing_Required_Cryptographic_Step__w32_CryptCreateHash_04.c
  CWE325_Missing_Required_Cryptographic_Step__w32_CryptCreateHash_03.c
  코드를 생성하고 있습니다...
  컴파일하고 있습니다...
  CWE325_Missing_Required_Cryptographic_Step__w32_CryptCreateHash_02.c
  CWE325_Missing_Required_Cryptographic_Step__w32_CryptCreateHash_01.c
  io.c
  코드를 생성하고 있습니다...
Debug\CWE325_Missing_Required_Cryptographic_Step__w32_CryptCreateHash_01.obj : warning LNK4042: 개체가 두 번 이상 지정되었습니다. 나머지는 무시됩니다.
  CWE325_Missing_Required_Cryptographic_Step.vcxproj -> C:\git\romeo\c\Debug\CWE325_Missing_Required_Cryptographic_Step.exe
