c:\git\romeo\c\cwe401_memory_leak\debug\vc141.pdb
c:\git\romeo\c\cwe401_memory_leak\debug\vc141.idb
c:\git\romeo\c\cwe401_memory_leak\debug\cwe401_memory_leak__char_calloc_84_goodb2g.obj
c:\git\romeo\c\cwe401_memory_leak\debug\cwe401_memory_leak__char_calloc_84_goodg2b.obj
c:\git\romeo\c\cwe401_memory_leak\debug\cwe401_memory_leak__new_array_char_01.obj
c:\git\romeo\c\cwe401_memory_leak\debug\cwe401_memory_leak__new_array_int64_t_01.obj
c:\git\romeo\c\cwe401_memory_leak\debug\cwe401_memory_leak__new_array_int_01.obj
c:\git\romeo\c\cwe401_memory_leak\debug\cwe401_memory_leak__new_array_struct_twointsstruct_01.obj
c:\git\romeo\c\cwe401_memory_leak\debug\cwe401_memory_leak__new_array_twointsclass_01.obj
c:\git\romeo\c\cwe401_memory_leak\debug\cwe401_memory_leak__new_array_twointsstruct_01.obj
c:\git\romeo\c\cwe401_memory_leak\debug\cwe401_memory_leak__new_array_wchar_t_01.obj
c:\git\romeo\c\cwe401_memory_leak\debug\cwe401_memory_leak__new_char_01.obj
c:\git\romeo\c\cwe401_memory_leak\debug\cwe401_memory_leak__new_int64_t_01.obj
c:\git\romeo\c\cwe401_memory_leak\debug\cwe401_memory_leak__new_int_01.obj
c:\git\romeo\c\cwe401_memory_leak\debug\cwe401_memory_leak__new_struct_twointsstruct_01.obj
c:\git\romeo\c\cwe401_memory_leak\debug\cwe401_memory_leak__new_twointsclass_01.obj
c:\git\romeo\c\cwe401_memory_leak\debug\cwe401_memory_leak__new_twointsstruct_01.obj
c:\git\romeo\c\cwe401_memory_leak\debug\cwe401_memory_leak__new_wchar_t_01.obj
c:\git\romeo\c\cwe401_memory_leak\debug\cwe401_memory_leak__destructor_01_bad.obj
c:\git\romeo\c\cwe401_memory_leak\debug\cwe401_memory_leak__destructor_01_good1.obj
c:\git\romeo\c\cwe401_memory_leak\debug\cwe401_memory_leak__virtual_destructor_01_bad.obj
c:\git\romeo\c\cwe401_memory_leak\debug\cwe401_memory_leak__virtual_destructor_01_good1.obj
c:\git\romeo\c\cwe401_memory_leak\debug\cwe401_memory_leak__char_calloc_72a.obj
c:\git\romeo\c\cwe401_memory_leak\debug\cwe401_memory_leak__char_calloc_72b.obj
c:\git\romeo\c\cwe401_memory_leak\debug\cwe401_memory_leak__char_calloc_73a.obj
c:\git\romeo\c\cwe401_memory_leak\debug\cwe401_memory_leak__char_calloc_73b.obj
c:\git\romeo\c\cwe401_memory_leak\debug\cwe401_memory_leak__char_calloc_74a.obj
c:\git\romeo\c\cwe401_memory_leak\debug\cwe401_memory_leak__char_calloc_74b.obj
c:\git\romeo\c\cwe401_memory_leak\debug\cwe401_memory_leak__char_calloc_81a.obj
c:\git\romeo\c\cwe401_memory_leak\debug\cwe401_memory_leak__char_calloc_81_bad.obj
c:\git\romeo\c\cwe401_memory_leak\debug\cwe401_memory_leak__char_calloc_81_goodb2g.obj
c:\git\romeo\c\cwe401_memory_leak\debug\cwe401_memory_leak__char_calloc_81_goodg2b.obj
c:\git\romeo\c\cwe401_memory_leak\debug\cwe401_memory_leak__char_calloc_82a.obj
c:\git\romeo\c\cwe401_memory_leak\debug\cwe401_memory_leak__char_calloc_82_bad.obj
c:\git\romeo\c\cwe401_memory_leak\debug\cwe401_memory_leak__char_calloc_82_goodb2g.obj
c:\git\romeo\c\cwe401_memory_leak\debug\cwe401_memory_leak__char_calloc_82_goodg2b.obj
c:\git\romeo\c\cwe401_memory_leak\debug\cwe401_memory_leak__char_calloc_83a.obj
c:\git\romeo\c\cwe401_memory_leak\debug\cwe401_memory_leak__char_calloc_83_bad.obj
c:\git\romeo\c\cwe401_memory_leak\debug\cwe401_memory_leak__char_calloc_83_goodb2g.obj
c:\git\romeo\c\cwe401_memory_leak\debug\cwe401_memory_leak__char_calloc_83_goodg2b.obj
c:\git\romeo\c\cwe401_memory_leak\debug\cwe401_memory_leak__char_calloc_84a.obj
c:\git\romeo\c\cwe401_memory_leak\debug\cwe401_memory_leak__char_calloc_84_bad.obj
c:\git\romeo\c\cwe401_memory_leak\debug\fake_main.obj
c:\git\romeo\c\cwe401_memory_leak\debug\cwe401_memory_leak__char_calloc_33.obj
c:\git\romeo\c\cwe401_memory_leak\debug\cwe401_memory_leak__char_calloc_43.obj
c:\git\romeo\c\cwe401_memory_leak\debug\cwe401_memory_leak__char_calloc_62a.obj
c:\git\romeo\c\cwe401_memory_leak\debug\cwe401_memory_leak__char_calloc_62b.obj
c:\git\romeo\c\cwe401_memory_leak\debug\cwe401_memory_leak.pdb
c:\git\romeo\c\cwe401_memory_leak\debug\cwe401_memory_leak.idb
c:\git\romeo\c\cwe401_memory_leak\debug\cwe401_memory_leak__malloc_realloc_char_05.obj
c:\git\romeo\c\cwe401_memory_leak\debug\cwe401_memory_leak__malloc_realloc_char_06.obj
c:\git\romeo\c\cwe401_memory_leak\debug\cwe401_memory_leak__malloc_realloc_char_07.obj
c:\git\romeo\c\cwe401_memory_leak\debug\cwe401_memory_leak__malloc_realloc_char_08.obj
c:\git\romeo\c\cwe401_memory_leak\debug\cwe401_memory_leak__malloc_realloc_char_09.obj
c:\git\romeo\c\cwe401_memory_leak\debug\cwe401_memory_leak__malloc_realloc_char_10.obj
c:\git\romeo\c\cwe401_memory_leak\debug\cwe401_memory_leak__malloc_realloc_char_11.obj
c:\git\romeo\c\cwe401_memory_leak\debug\cwe401_memory_leak__malloc_realloc_char_12.obj
c:\git\romeo\c\cwe401_memory_leak\debug\cwe401_memory_leak__malloc_realloc_char_13.obj
c:\git\romeo\c\cwe401_memory_leak\debug\cwe401_memory_leak__malloc_realloc_char_14.obj
c:\git\romeo\c\cwe401_memory_leak\debug\cwe401_memory_leak__malloc_realloc_char_15.obj
c:\git\romeo\c\cwe401_memory_leak\debug\cwe401_memory_leak__malloc_realloc_char_16.obj
c:\git\romeo\c\cwe401_memory_leak\debug\cwe401_memory_leak__malloc_realloc_char_17.obj
c:\git\romeo\c\cwe401_memory_leak\debug\cwe401_memory_leak__malloc_realloc_char_18.obj
c:\git\romeo\c\cwe401_memory_leak\debug\cwe401_memory_leak__malloc_realloc_char_01.obj
c:\git\romeo\c\cwe401_memory_leak\debug\cwe401_memory_leak__malloc_realloc_int64_t_01.obj
c:\git\romeo\c\cwe401_memory_leak\debug\cwe401_memory_leak__malloc_realloc_int_01.obj
c:\git\romeo\c\cwe401_memory_leak\debug\cwe401_memory_leak__malloc_realloc_struct_twointsstruct_01.obj
c:\git\romeo\c\cwe401_memory_leak\debug\cwe401_memory_leak__malloc_realloc_twointsstruct_01.obj
c:\git\romeo\c\cwe401_memory_leak\debug\cwe401_memory_leak__malloc_realloc_wchar_t_01.obj
c:\git\romeo\c\cwe401_memory_leak\debug\cwe401_memory_leak__int64_t_malloc_01.obj
c:\git\romeo\c\cwe401_memory_leak\debug\cwe401_memory_leak__int64_t_realloc_01.obj
c:\git\romeo\c\cwe401_memory_leak\debug\cwe401_memory_leak__int_calloc_01.obj
c:\git\romeo\c\cwe401_memory_leak\debug\cwe401_memory_leak__int_malloc_01.obj
c:\git\romeo\c\cwe401_memory_leak\debug\cwe401_memory_leak__int_realloc_01.obj
c:\git\romeo\c\cwe401_memory_leak\debug\cwe401_memory_leak__strdup_char_01.obj
c:\git\romeo\c\cwe401_memory_leak\debug\cwe401_memory_leak__strdup_wchar_t_01.obj
c:\git\romeo\c\cwe401_memory_leak\debug\cwe401_memory_leak__struct_twointsstruct_calloc_01.obj
c:\git\romeo\c\cwe401_memory_leak\debug\cwe401_memory_leak__struct_twointsstruct_malloc_01.obj
c:\git\romeo\c\cwe401_memory_leak\debug\cwe401_memory_leak__struct_twointsstruct_realloc_01.obj
c:\git\romeo\c\cwe401_memory_leak\debug\cwe401_memory_leak__twointsstruct_calloc_01.obj
c:\git\romeo\c\cwe401_memory_leak\debug\cwe401_memory_leak__twointsstruct_malloc_01.obj
c:\git\romeo\c\cwe401_memory_leak\debug\cwe401_memory_leak__twointsstruct_realloc_01.obj
c:\git\romeo\c\cwe401_memory_leak\debug\cwe401_memory_leak__wchar_t_calloc_01.obj
c:\git\romeo\c\cwe401_memory_leak\debug\cwe401_memory_leak__wchar_t_malloc_01.obj
c:\git\romeo\c\cwe401_memory_leak\debug\cwe401_memory_leak__wchar_t_realloc_01.obj
c:\git\romeo\c\cwe401_memory_leak\debug\cwe401_memory_leak__malloc_realloc_char_02.obj
c:\git\romeo\c\cwe401_memory_leak\debug\cwe401_memory_leak__malloc_realloc_char_03.obj
c:\git\romeo\c\cwe401_memory_leak\debug\cwe401_memory_leak__malloc_realloc_char_04.obj
c:\git\romeo\c\cwe401_memory_leak\debug\cwe401_memory_leak__char_calloc_54d.obj
c:\git\romeo\c\cwe401_memory_leak\debug\cwe401_memory_leak__char_calloc_54e.obj
c:\git\romeo\c\cwe401_memory_leak\debug\cwe401_memory_leak__char_calloc_61a.obj
c:\git\romeo\c\cwe401_memory_leak\debug\cwe401_memory_leak__char_calloc_61b.obj
c:\git\romeo\c\cwe401_memory_leak\debug\cwe401_memory_leak__char_calloc_63a.obj
c:\git\romeo\c\cwe401_memory_leak\debug\cwe401_memory_leak__char_calloc_63b.obj
c:\git\romeo\c\cwe401_memory_leak\debug\cwe401_memory_leak__char_calloc_64a.obj
c:\git\romeo\c\cwe401_memory_leak\debug\cwe401_memory_leak__char_calloc_64b.obj
c:\git\romeo\c\cwe401_memory_leak\debug\cwe401_memory_leak__char_calloc_65a.obj
c:\git\romeo\c\cwe401_memory_leak\debug\cwe401_memory_leak__char_calloc_65b.obj
c:\git\romeo\c\cwe401_memory_leak\debug\cwe401_memory_leak__char_calloc_66a.obj
c:\git\romeo\c\cwe401_memory_leak\debug\cwe401_memory_leak__char_calloc_66b.obj
c:\git\romeo\c\cwe401_memory_leak\debug\cwe401_memory_leak__char_calloc_67a.obj
c:\git\romeo\c\cwe401_memory_leak\debug\cwe401_memory_leak__char_calloc_67b.obj
c:\git\romeo\c\cwe401_memory_leak\debug\cwe401_memory_leak__char_calloc_68a.obj
c:\git\romeo\c\cwe401_memory_leak\debug\cwe401_memory_leak__char_calloc_68b.obj
c:\git\romeo\c\cwe401_memory_leak\debug\cwe401_memory_leak__char_calloc_01.obj
c:\git\romeo\c\cwe401_memory_leak\debug\cwe401_memory_leak__char_malloc_01.obj
c:\git\romeo\c\cwe401_memory_leak\debug\cwe401_memory_leak__char_realloc_01.obj
c:\git\romeo\c\cwe401_memory_leak\debug\cwe401_memory_leak__int64_t_calloc_01.obj
c:\git\romeo\c\cwe401_memory_leak\debug\cwe401_memory_leak__char_calloc_22b.obj
c:\git\romeo\c\cwe401_memory_leak\debug\cwe401_memory_leak__char_calloc_31.obj
c:\git\romeo\c\cwe401_memory_leak\debug\cwe401_memory_leak__char_calloc_32.obj
c:\git\romeo\c\cwe401_memory_leak\debug\cwe401_memory_leak__char_calloc_34.obj
c:\git\romeo\c\cwe401_memory_leak\debug\cwe401_memory_leak__char_calloc_41.obj
c:\git\romeo\c\cwe401_memory_leak\debug\cwe401_memory_leak__char_calloc_42.obj
c:\git\romeo\c\cwe401_memory_leak\debug\cwe401_memory_leak__char_calloc_44.obj
c:\git\romeo\c\cwe401_memory_leak\debug\cwe401_memory_leak__char_calloc_45.obj
c:\git\romeo\c\cwe401_memory_leak\debug\cwe401_memory_leak__char_calloc_51a.obj
c:\git\romeo\c\cwe401_memory_leak\debug\cwe401_memory_leak__char_calloc_51b.obj
c:\git\romeo\c\cwe401_memory_leak\debug\cwe401_memory_leak__char_calloc_52a.obj
c:\git\romeo\c\cwe401_memory_leak\debug\cwe401_memory_leak__char_calloc_52b.obj
c:\git\romeo\c\cwe401_memory_leak\debug\cwe401_memory_leak__char_calloc_52c.obj
c:\git\romeo\c\cwe401_memory_leak\debug\cwe401_memory_leak__char_calloc_53a.obj
c:\git\romeo\c\cwe401_memory_leak\debug\cwe401_memory_leak__char_calloc_53b.obj
c:\git\romeo\c\cwe401_memory_leak\debug\cwe401_memory_leak__char_calloc_53c.obj
c:\git\romeo\c\cwe401_memory_leak\debug\cwe401_memory_leak__char_calloc_53d.obj
c:\git\romeo\c\cwe401_memory_leak\debug\cwe401_memory_leak__char_calloc_54a.obj
c:\git\romeo\c\cwe401_memory_leak\debug\cwe401_memory_leak__char_calloc_54b.obj
c:\git\romeo\c\cwe401_memory_leak\debug\cwe401_memory_leak__char_calloc_54c.obj
c:\git\romeo\c\cwe401_memory_leak\debug\cwe401_memory_leak__char_calloc_02.obj
c:\git\romeo\c\cwe401_memory_leak\debug\cwe401_memory_leak__char_calloc_03.obj
c:\git\romeo\c\cwe401_memory_leak\debug\cwe401_memory_leak__char_calloc_04.obj
c:\git\romeo\c\cwe401_memory_leak\debug\cwe401_memory_leak__char_calloc_05.obj
c:\git\romeo\c\cwe401_memory_leak\debug\cwe401_memory_leak__char_calloc_06.obj
c:\git\romeo\c\cwe401_memory_leak\debug\cwe401_memory_leak__char_calloc_07.obj
c:\git\romeo\c\cwe401_memory_leak\debug\cwe401_memory_leak__char_calloc_08.obj
c:\git\romeo\c\cwe401_memory_leak\debug\cwe401_memory_leak__char_calloc_09.obj
c:\git\romeo\c\cwe401_memory_leak\debug\cwe401_memory_leak__char_calloc_10.obj
c:\git\romeo\c\cwe401_memory_leak\debug\cwe401_memory_leak__char_calloc_11.obj
c:\git\romeo\c\cwe401_memory_leak\debug\cwe401_memory_leak__char_calloc_12.obj
c:\git\romeo\c\cwe401_memory_leak\debug\cwe401_memory_leak__char_calloc_13.obj
c:\git\romeo\c\cwe401_memory_leak\debug\cwe401_memory_leak__char_calloc_14.obj
c:\git\romeo\c\cwe401_memory_leak\debug\cwe401_memory_leak__char_calloc_15.obj
c:\git\romeo\c\cwe401_memory_leak\debug\cwe401_memory_leak__char_calloc_16.obj
c:\git\romeo\c\cwe401_memory_leak\debug\cwe401_memory_leak__char_calloc_17.obj
c:\git\romeo\c\cwe401_memory_leak\debug\cwe401_memory_leak__char_calloc_18.obj
c:\git\romeo\c\cwe401_memory_leak\debug\cwe401_memory_leak__char_calloc_21.obj
c:\git\romeo\c\cwe401_memory_leak\debug\cwe401_memory_leak__char_calloc_22a.obj
c:\git\romeo\c\cwe401_memory_leak\debug\io.obj
c:\git\romeo\c\debug\cwe401_memory_leak.lib
c:\git\romeo\c\debug\cwe401_memory_leak.ilk
c:\git\romeo\c\debug\cwe401_memory_leak.exe
c:\git\romeo\c\debug\cwe401_memory_leak.pdb
c:\git\romeo\c\cwe401_memory_leak\debug\cwe401_m.d216378f.tlog\cl.command.1.tlog
c:\git\romeo\c\cwe401_memory_leak\debug\cwe401_m.d216378f.tlog\cl.read.1.tlog
c:\git\romeo\c\cwe401_memory_leak\debug\cwe401_m.d216378f.tlog\cl.write.1.tlog
c:\git\romeo\c\cwe401_memory_leak\debug\cwe401_m.d216378f.tlog\lib-link.read.1.tlog
c:\git\romeo\c\cwe401_memory_leak\debug\cwe401_m.d216378f.tlog\lib-link.write.1.tlog
c:\git\romeo\c\cwe401_memory_leak\debug\cwe401_m.d216378f.tlog\lib.command.1.tlog
c:\git\romeo\c\cwe401_memory_leak\debug\cwe401_m.d216378f.tlog\link.command.1.tlog
c:\git\romeo\c\cwe401_memory_leak\debug\cwe401_m.d216378f.tlog\link.read.1.tlog
c:\git\romeo\c\cwe401_memory_leak\debug\cwe401_m.d216378f.tlog\link.write.1.tlog
