C:\Program Files (x86)\Microsoft Visual Studio\2017\Community\Common7\IDE\VC\VCTargets\Microsoft.CppBuild.targets(937,5): warning MSB8027: 이름이 CWE390_Error_Without_Action__fgets_char_01.c인 둘 이상의 파일이 같은 위치에 출력을 생성합니다. 이로 인해 잘못된 빌드 결과가 나타날 수 있습니다.  관련된 파일은 m00\CWE390_Error_Without_Action__fgets_char_01.c, m01\CWE390_Error_Without_Action__fgets_char_01.c입니다.
  CWE390_Error_Without_Action__empty_catch_18.cpp
  CWE390_Error_Without_Action__empty_catch_17.cpp
  CWE390_Error_Without_Action__empty_catch_16.cpp
  CWE390_Error_Without_Action__empty_catch_15.cpp
  CWE390_Error_Without_Action__empty_catch_14.cpp
  CWE390_Error_Without_Action__empty_catch_13.cpp
  CWE390_Error_Without_Action__empty_catch_12.cpp
  CWE390_Error_Without_Action__empty_catch_11.cpp
  CWE390_Error_Without_Action__empty_catch_10.cpp
  CWE390_Error_Without_Action__empty_catch_09.cpp
  CWE390_Error_Without_Action__empty_catch_08.cpp
  CWE390_Error_Without_Action__empty_catch_07.cpp
  CWE390_Error_Without_Action__empty_catch_06.cpp
  CWE390_Error_Without_Action__empty_catch_05.cpp
  CWE390_Error_Without_Action__empty_catch_04.cpp
  CWE390_Error_Without_Action__empty_catch_03.cpp
  CWE390_Error_Without_Action__empty_catch_02.cpp
  CWE390_Error_Without_Action__empty_catch_01.cpp
  fake_main.cpp
  코드를 생성하고 있습니다...
  CWE390_Error_Without_Action__sqrt_01.c
  CWE390_Error_Without_Action__fopen_01.c
  CWE390_Error_Without_Action__fgets_wchar_t_01.c
  CWE390_Error_Without_Action__fgets_char_01.c
  CWE390_Error_Without_Action__fgets_char_18.c
  CWE390_Error_Without_Action__fgets_char_17.c
  CWE390_Error_Without_Action__fgets_char_16.c
  CWE390_Error_Without_Action__fgets_char_15.c
  CWE390_Error_Without_Action__fgets_char_14.c
  CWE390_Error_Without_Action__fgets_char_13.c
  CWE390_Error_Without_Action__fgets_char_12.c
  CWE390_Error_Without_Action__fgets_char_11.c
  CWE390_Error_Without_Action__fgets_char_10.c
  CWE390_Error_Without_Action__fgets_char_09.c
  CWE390_Error_Without_Action__fgets_char_08.c
  CWE390_Error_Without_Action__fgets_char_07.c
  CWE390_Error_Without_Action__fgets_char_06.c
  CWE390_Error_Without_Action__fgets_char_05.c
  CWE390_Error_Without_Action__fgets_char_04.c
  CWE390_Error_Without_Action__fgets_char_03.c
  코드를 생성하고 있습니다...
  컴파일하고 있습니다...
  CWE390_Error_Without_Action__fgets_char_02.c
  CWE390_Error_Without_Action__fgets_char_01.c
  io.c
  코드를 생성하고 있습니다...
Debug\CWE390_Error_Without_Action__fgets_char_01.obj : warning LNK4042: 개체가 두 번 이상 지정되었습니다. 나머지는 무시됩니다.
  CWE390_Error_Without_Action.vcxproj -> C:\git\romeo\c\Debug\CWE390_Error_Without_Action.exe
