c:\git\romeo\c\cwe390_error_without_action\debug\vc141.pdb
c:\git\romeo\c\cwe390_error_without_action\debug\vc141.idb
c:\git\romeo\c\cwe390_error_without_action\debug\fake_main.obj
c:\git\romeo\c\cwe390_error_without_action\debug\cwe390_error_without_action__empty_catch_01.obj
c:\git\romeo\c\cwe390_error_without_action\debug\cwe390_error_without_action__empty_catch_02.obj
c:\git\romeo\c\cwe390_error_without_action\debug\cwe390_error_without_action__empty_catch_03.obj
c:\git\romeo\c\cwe390_error_without_action\debug\cwe390_error_without_action__empty_catch_04.obj
c:\git\romeo\c\cwe390_error_without_action\debug\cwe390_error_without_action__empty_catch_05.obj
c:\git\romeo\c\cwe390_error_without_action\debug\cwe390_error_without_action__empty_catch_06.obj
c:\git\romeo\c\cwe390_error_without_action\debug\cwe390_error_without_action__empty_catch_07.obj
c:\git\romeo\c\cwe390_error_without_action\debug\cwe390_error_without_action__empty_catch_08.obj
c:\git\romeo\c\cwe390_error_without_action\debug\cwe390_error_without_action__empty_catch_09.obj
c:\git\romeo\c\cwe390_error_without_action\debug\cwe390_error_without_action__empty_catch_10.obj
c:\git\romeo\c\cwe390_error_without_action\debug\cwe390_error_without_action__empty_catch_11.obj
c:\git\romeo\c\cwe390_error_without_action\debug\cwe390_error_without_action__empty_catch_12.obj
c:\git\romeo\c\cwe390_error_without_action\debug\cwe390_error_without_action__empty_catch_13.obj
c:\git\romeo\c\cwe390_error_without_action\debug\cwe390_error_without_action__empty_catch_14.obj
c:\git\romeo\c\cwe390_error_without_action\debug\cwe390_error_without_action__empty_catch_15.obj
c:\git\romeo\c\cwe390_error_without_action\debug\cwe390_error_without_action__empty_catch_16.obj
c:\git\romeo\c\cwe390_error_without_action\debug\cwe390_error_without_action__empty_catch_17.obj
c:\git\romeo\c\cwe390_error_without_action\debug\cwe390_error_without_action__empty_catch_18.obj
c:\git\romeo\c\cwe390_error_without_action\debug\cwe390_error_without_action.pdb
c:\git\romeo\c\cwe390_error_without_action\debug\cwe390_error_without_action.idb
c:\git\romeo\c\cwe390_error_without_action\debug\cwe390_error_without_action__fgets_char_03.obj
c:\git\romeo\c\cwe390_error_without_action\debug\cwe390_error_without_action__fgets_char_04.obj
c:\git\romeo\c\cwe390_error_without_action\debug\cwe390_error_without_action__fgets_char_05.obj
c:\git\romeo\c\cwe390_error_without_action\debug\cwe390_error_without_action__fgets_char_06.obj
c:\git\romeo\c\cwe390_error_without_action\debug\cwe390_error_without_action__fgets_char_07.obj
c:\git\romeo\c\cwe390_error_without_action\debug\cwe390_error_without_action__fgets_char_08.obj
c:\git\romeo\c\cwe390_error_without_action\debug\cwe390_error_without_action__fgets_char_09.obj
c:\git\romeo\c\cwe390_error_without_action\debug\cwe390_error_without_action__fgets_char_10.obj
c:\git\romeo\c\cwe390_error_without_action\debug\cwe390_error_without_action__fgets_char_11.obj
c:\git\romeo\c\cwe390_error_without_action\debug\cwe390_error_without_action__fgets_char_12.obj
c:\git\romeo\c\cwe390_error_without_action\debug\cwe390_error_without_action__fgets_char_13.obj
c:\git\romeo\c\cwe390_error_without_action\debug\cwe390_error_without_action__fgets_char_14.obj
c:\git\romeo\c\cwe390_error_without_action\debug\cwe390_error_without_action__fgets_char_15.obj
c:\git\romeo\c\cwe390_error_without_action\debug\cwe390_error_without_action__fgets_char_16.obj
c:\git\romeo\c\cwe390_error_without_action\debug\cwe390_error_without_action__fgets_char_17.obj
c:\git\romeo\c\cwe390_error_without_action\debug\cwe390_error_without_action__fgets_char_18.obj
c:\git\romeo\c\cwe390_error_without_action\debug\cwe390_error_without_action__fgets_char_01.obj
c:\git\romeo\c\cwe390_error_without_action\debug\cwe390_error_without_action__fgets_wchar_t_01.obj
c:\git\romeo\c\cwe390_error_without_action\debug\cwe390_error_without_action__fopen_01.obj
c:\git\romeo\c\cwe390_error_without_action\debug\cwe390_error_without_action__sqrt_01.obj
c:\git\romeo\c\cwe390_error_without_action\debug\io.obj
c:\git\romeo\c\cwe390_error_without_action\debug\cwe390_error_without_action__fgets_char_02.obj
c:\git\romeo\c\debug\cwe390_error_without_action.lib
c:\git\romeo\c\debug\cwe390_error_without_action.ilk
c:\git\romeo\c\debug\cwe390_error_without_action.exe
c:\git\romeo\c\debug\cwe390_error_without_action.pdb
c:\git\romeo\c\cwe390_error_without_action\debug\cwe390_e.21823ad2.tlog\cl.command.1.tlog
c:\git\romeo\c\cwe390_error_without_action\debug\cwe390_e.21823ad2.tlog\cl.read.1.tlog
c:\git\romeo\c\cwe390_error_without_action\debug\cwe390_e.21823ad2.tlog\cl.write.1.tlog
c:\git\romeo\c\cwe390_error_without_action\debug\cwe390_e.21823ad2.tlog\lib-link.read.1.tlog
c:\git\romeo\c\cwe390_error_without_action\debug\cwe390_e.21823ad2.tlog\lib-link.write.1.tlog
c:\git\romeo\c\cwe390_error_without_action\debug\cwe390_e.21823ad2.tlog\lib.command.1.tlog
c:\git\romeo\c\cwe390_error_without_action\debug\cwe390_e.21823ad2.tlog\link.command.1.tlog
c:\git\romeo\c\cwe390_error_without_action\debug\cwe390_e.21823ad2.tlog\link.read.1.tlog
c:\git\romeo\c\cwe390_error_without_action\debug\cwe390_e.21823ad2.tlog\link.write.1.tlog
