c:\git\romeo\c\cwe762_mismatched_memory_management_routines\debug\vc141.pdb
c:\git\romeo\c\cwe762_mismatched_memory_management_routines\debug\vc141.idb
c:\git\romeo\c\cwe762_mismatched_memory_management_routines\debug\cwe762_mismatched_memory_management_routines__malloc_delete_01_bad.obj
c:\git\romeo\c\cwe762_mismatched_memory_management_routines\debug\cwe762_mismatched_memory_management_routines__malloc_delete_01_good1.obj
c:\git\romeo\c\cwe762_mismatched_memory_management_routines\debug\cwe762_mismatched_memory_management_routines__malloc_delete_array_01_bad.obj
c:\git\romeo\c\cwe762_mismatched_memory_management_routines\debug\cwe762_mismatched_memory_management_routines__malloc_delete_array_01_good1.obj
c:\git\romeo\c\cwe762_mismatched_memory_management_routines\debug\cwe762_mismatched_memory_management_routines__new_array_delete_01_bad.obj
c:\git\romeo\c\cwe762_mismatched_memory_management_routines\debug\cwe762_mismatched_memory_management_routines__new_array_delete_01_good1.obj
c:\git\romeo\c\cwe762_mismatched_memory_management_routines\debug\cwe762_mismatched_memory_management_routines__new_array_free_01_bad.obj
c:\git\romeo\c\cwe762_mismatched_memory_management_routines\debug\cwe762_mismatched_memory_management_routines__new_array_free_01_good1.obj
c:\git\romeo\c\cwe762_mismatched_memory_management_routines\debug\cwe762_mismatched_memory_management_routines__new_delete_array_01_bad.obj
c:\git\romeo\c\cwe762_mismatched_memory_management_routines\debug\cwe762_mismatched_memory_management_routines__new_delete_array_01_good1.obj
c:\git\romeo\c\cwe762_mismatched_memory_management_routines\debug\cwe762_mismatched_memory_management_routines__new_free_01_bad.obj
c:\git\romeo\c\cwe762_mismatched_memory_management_routines\debug\cwe762_mismatched_memory_management_routines__new_free_01_good1.obj
c:\git\romeo\c\cwe762_mismatched_memory_management_routines\debug\cwe762_mismatched_memory_management_routines__realloc_delete_01_bad.obj
c:\git\romeo\c\cwe762_mismatched_memory_management_routines\debug\cwe762_mismatched_memory_management_routines__realloc_delete_01_good1.obj
c:\git\romeo\c\cwe762_mismatched_memory_management_routines\debug\cwe762_mismatched_memory_management_routines__realloc_delete_array_01_bad.obj
c:\git\romeo\c\cwe762_mismatched_memory_management_routines\debug\cwe762_mismatched_memory_management_routines__realloc_delete_array_01_good1.obj
c:\git\romeo\c\cwe762_mismatched_memory_management_routines\debug\cwe762_mismatched_memory_management_routines__strdup_delete_01_bad.obj
c:\git\romeo\c\cwe762_mismatched_memory_management_routines\debug\cwe762_mismatched_memory_management_routines__strdup_delete_01_good1.obj
c:\git\romeo\c\cwe762_mismatched_memory_management_routines\debug\cwe762_mismatched_memory_management_routines__strdup_delete_array_01_bad.obj
c:\git\romeo\c\cwe762_mismatched_memory_management_routines\debug\cwe762_mismatched_memory_management_routines__strdup_delete_array_01_good1.obj
c:\git\romeo\c\cwe762_mismatched_memory_management_routines\debug\cwe762_mismatched_memory_management_routines__new_delete_array_int64_t_01.obj
c:\git\romeo\c\cwe762_mismatched_memory_management_routines\debug\cwe762_mismatched_memory_management_routines__new_delete_array_int_01.obj
c:\git\romeo\c\cwe762_mismatched_memory_management_routines\debug\cwe762_mismatched_memory_management_routines__new_delete_array_long_01.obj
c:\git\romeo\c\cwe762_mismatched_memory_management_routines\debug\cwe762_mismatched_memory_management_routines__new_delete_array_struct_01.obj
c:\git\romeo\c\cwe762_mismatched_memory_management_routines\debug\cwe762_mismatched_memory_management_routines__new_delete_array_wchar_t_01.obj
c:\git\romeo\c\cwe762_mismatched_memory_management_routines\debug\cwe762_mismatched_memory_management_routines__new_free_char_01.obj
c:\git\romeo\c\cwe762_mismatched_memory_management_routines\debug\cwe762_mismatched_memory_management_routines__new_free_class_01.obj
c:\git\romeo\c\cwe762_mismatched_memory_management_routines\debug\cwe762_mismatched_memory_management_routines__new_free_int64_t_01.obj
c:\git\romeo\c\cwe762_mismatched_memory_management_routines\debug\cwe762_mismatched_memory_management_routines__new_free_int_01.obj
c:\git\romeo\c\cwe762_mismatched_memory_management_routines\debug\cwe762_mismatched_memory_management_routines__new_free_long_01.obj
c:\git\romeo\c\cwe762_mismatched_memory_management_routines\debug\cwe762_mismatched_memory_management_routines__new_free_struct_01.obj
c:\git\romeo\c\cwe762_mismatched_memory_management_routines\debug\cwe762_mismatched_memory_management_routines__new_free_wchar_t_01.obj
c:\git\romeo\c\cwe762_mismatched_memory_management_routines\debug\cwe762_mismatched_memory_management_routines__strdup_delete_array_char_01.obj
c:\git\romeo\c\cwe762_mismatched_memory_management_routines\debug\cwe762_mismatched_memory_management_routines__strdup_delete_array_wchar_t_01.obj
c:\git\romeo\c\cwe762_mismatched_memory_management_routines\debug\cwe762_mismatched_memory_management_routines__strdup_delete_char_01.obj
c:\git\romeo\c\cwe762_mismatched_memory_management_routines\debug\cwe762_mismatched_memory_management_routines__strdup_delete_wchar_t_01.obj
c:\git\romeo\c\cwe762_mismatched_memory_management_routines\debug\cwe762_mismatched_memory_management_routines__calloc_delete_01_bad.obj
c:\git\romeo\c\cwe762_mismatched_memory_management_routines\debug\cwe762_mismatched_memory_management_routines__calloc_delete_01_good1.obj
c:\git\romeo\c\cwe762_mismatched_memory_management_routines\debug\cwe762_mismatched_memory_management_routines__calloc_delete_array_01_bad.obj
c:\git\romeo\c\cwe762_mismatched_memory_management_routines\debug\cwe762_mismatched_memory_management_routines__calloc_delete_array_01_good1.obj
c:\git\romeo\c\cwe762_mismatched_memory_management_routines\debug\cwe762_mismatched_memory_management_routines__delete_int_calloc_01.obj
c:\git\romeo\c\cwe762_mismatched_memory_management_routines\debug\cwe762_mismatched_memory_management_routines__delete_int_malloc_01.obj
c:\git\romeo\c\cwe762_mismatched_memory_management_routines\debug\cwe762_mismatched_memory_management_routines__delete_int_realloc_01.obj
c:\git\romeo\c\cwe762_mismatched_memory_management_routines\debug\cwe762_mismatched_memory_management_routines__delete_long_calloc_01.obj
c:\git\romeo\c\cwe762_mismatched_memory_management_routines\debug\cwe762_mismatched_memory_management_routines__delete_long_malloc_01.obj
c:\git\romeo\c\cwe762_mismatched_memory_management_routines\debug\cwe762_mismatched_memory_management_routines__delete_long_realloc_01.obj
c:\git\romeo\c\cwe762_mismatched_memory_management_routines\debug\cwe762_mismatched_memory_management_routines__delete_struct_calloc_01.obj
c:\git\romeo\c\cwe762_mismatched_memory_management_routines\debug\cwe762_mismatched_memory_management_routines__delete_struct_malloc_01.obj
c:\git\romeo\c\cwe762_mismatched_memory_management_routines\debug\cwe762_mismatched_memory_management_routines__delete_struct_realloc_01.obj
c:\git\romeo\c\cwe762_mismatched_memory_management_routines\debug\cwe762_mismatched_memory_management_routines__delete_wchar_t_calloc_01.obj
c:\git\romeo\c\cwe762_mismatched_memory_management_routines\debug\cwe762_mismatched_memory_management_routines__delete_wchar_t_malloc_01.obj
c:\git\romeo\c\cwe762_mismatched_memory_management_routines\debug\cwe762_mismatched_memory_management_routines__delete_wchar_t_realloc_01.obj
c:\git\romeo\c\cwe762_mismatched_memory_management_routines\debug\cwe762_mismatched_memory_management_routines__new_array_delete_int64_t_01.obj
c:\git\romeo\c\cwe762_mismatched_memory_management_routines\debug\cwe762_mismatched_memory_management_routines__new_array_delete_int_01.obj
c:\git\romeo\c\cwe762_mismatched_memory_management_routines\debug\cwe762_mismatched_memory_management_routines__new_array_delete_long_01.obj
c:\git\romeo\c\cwe762_mismatched_memory_management_routines\debug\cwe762_mismatched_memory_management_routines__new_array_delete_struct_01.obj
c:\git\romeo\c\cwe762_mismatched_memory_management_routines\debug\cwe762_mismatched_memory_management_routines__new_array_delete_wchar_t_01.obj
c:\git\romeo\c\cwe762_mismatched_memory_management_routines\debug\cwe762_mismatched_memory_management_routines__new_array_free_wchar_t_01.obj
c:\git\romeo\c\cwe762_mismatched_memory_management_routines\debug\cwe762_mismatched_memory_management_routines__new_delete_array_char_01.obj
c:\git\romeo\c\cwe762_mismatched_memory_management_routines\debug\cwe762_mismatched_memory_management_routines__new_delete_array_class_01.obj
c:\git\romeo\c\cwe762_mismatched_memory_management_routines\debug\cwe762_mismatched_memory_management_routines__delete_array_int_malloc_01.obj
c:\git\romeo\c\cwe762_mismatched_memory_management_routines\debug\cwe762_mismatched_memory_management_routines__delete_array_int_realloc_01.obj
c:\git\romeo\c\cwe762_mismatched_memory_management_routines\debug\cwe762_mismatched_memory_management_routines__delete_array_long_calloc_01.obj
c:\git\romeo\c\cwe762_mismatched_memory_management_routines\debug\cwe762_mismatched_memory_management_routines__delete_array_long_malloc_01.obj
c:\git\romeo\c\cwe762_mismatched_memory_management_routines\debug\cwe762_mismatched_memory_management_routines__delete_array_long_realloc_01.obj
c:\git\romeo\c\cwe762_mismatched_memory_management_routines\debug\cwe762_mismatched_memory_management_routines__delete_array_struct_calloc_01.obj
c:\git\romeo\c\cwe762_mismatched_memory_management_routines\debug\cwe762_mismatched_memory_management_routines__delete_array_struct_malloc_01.obj
c:\git\romeo\c\cwe762_mismatched_memory_management_routines\debug\cwe762_mismatched_memory_management_routines__delete_array_struct_realloc_01.obj
c:\git\romeo\c\cwe762_mismatched_memory_management_routines\debug\cwe762_mismatched_memory_management_routines__delete_array_wchar_t_calloc_01.obj
c:\git\romeo\c\cwe762_mismatched_memory_management_routines\debug\cwe762_mismatched_memory_management_routines__delete_array_wchar_t_malloc_01.obj
c:\git\romeo\c\cwe762_mismatched_memory_management_routines\debug\cwe762_mismatched_memory_management_routines__delete_array_wchar_t_realloc_01.obj
c:\git\romeo\c\cwe762_mismatched_memory_management_routines\debug\cwe762_mismatched_memory_management_routines__delete_char_calloc_01.obj
c:\git\romeo\c\cwe762_mismatched_memory_management_routines\debug\cwe762_mismatched_memory_management_routines__delete_char_malloc_01.obj
c:\git\romeo\c\cwe762_mismatched_memory_management_routines\debug\cwe762_mismatched_memory_management_routines__delete_char_realloc_01.obj
c:\git\romeo\c\cwe762_mismatched_memory_management_routines\debug\cwe762_mismatched_memory_management_routines__delete_class_calloc_01.obj
c:\git\romeo\c\cwe762_mismatched_memory_management_routines\debug\cwe762_mismatched_memory_management_routines__delete_class_malloc_01.obj
c:\git\romeo\c\cwe762_mismatched_memory_management_routines\debug\cwe762_mismatched_memory_management_routines__delete_class_realloc_01.obj
c:\git\romeo\c\cwe762_mismatched_memory_management_routines\debug\cwe762_mismatched_memory_management_routines__delete_int64_t_calloc_01.obj
c:\git\romeo\c\cwe762_mismatched_memory_management_routines\debug\cwe762_mismatched_memory_management_routines__delete_int64_t_malloc_01.obj
c:\git\romeo\c\cwe762_mismatched_memory_management_routines\debug\cwe762_mismatched_memory_management_routines__delete_int64_t_realloc_01.obj
c:\git\romeo\c\cwe762_mismatched_memory_management_routines\debug\cwe762_mismatched_memory_management_routines__delete_array_int_malloc_82_goodb2g.obj
c:\git\romeo\c\cwe762_mismatched_memory_management_routines\debug\cwe762_mismatched_memory_management_routines__delete_array_int_malloc_82_goodg2b.obj
c:\git\romeo\c\cwe762_mismatched_memory_management_routines\debug\cwe762_mismatched_memory_management_routines__delete_array_int_malloc_83a.obj
c:\git\romeo\c\cwe762_mismatched_memory_management_routines\debug\cwe762_mismatched_memory_management_routines__delete_array_int_malloc_83_bad.obj
c:\git\romeo\c\cwe762_mismatched_memory_management_routines\debug\cwe762_mismatched_memory_management_routines__delete_array_int_malloc_83_goodb2g.obj
c:\git\romeo\c\cwe762_mismatched_memory_management_routines\debug\cwe762_mismatched_memory_management_routines__delete_array_int_malloc_83_goodg2b.obj
c:\git\romeo\c\cwe762_mismatched_memory_management_routines\debug\cwe762_mismatched_memory_management_routines__delete_array_int_malloc_84a.obj
c:\git\romeo\c\cwe762_mismatched_memory_management_routines\debug\cwe762_mismatched_memory_management_routines__delete_array_int_malloc_84_bad.obj
c:\git\romeo\c\cwe762_mismatched_memory_management_routines\debug\cwe762_mismatched_memory_management_routines__delete_array_int_malloc_84_goodb2g.obj
c:\git\romeo\c\cwe762_mismatched_memory_management_routines\debug\cwe762_mismatched_memory_management_routines__delete_array_int_malloc_84_goodg2b.obj
c:\git\romeo\c\cwe762_mismatched_memory_management_routines\debug\cwe762_mismatched_memory_management_routines__delete_array_char_calloc_01.obj
c:\git\romeo\c\cwe762_mismatched_memory_management_routines\debug\cwe762_mismatched_memory_management_routines__delete_array_char_malloc_01.obj
c:\git\romeo\c\cwe762_mismatched_memory_management_routines\debug\cwe762_mismatched_memory_management_routines__delete_array_char_realloc_01.obj
c:\git\romeo\c\cwe762_mismatched_memory_management_routines\debug\cwe762_mismatched_memory_management_routines__delete_array_class_calloc_01.obj
c:\git\romeo\c\cwe762_mismatched_memory_management_routines\debug\cwe762_mismatched_memory_management_routines__delete_array_class_malloc_01.obj
c:\git\romeo\c\cwe762_mismatched_memory_management_routines\debug\cwe762_mismatched_memory_management_routines__delete_array_class_realloc_01.obj
c:\git\romeo\c\cwe762_mismatched_memory_management_routines\debug\cwe762_mismatched_memory_management_routines__delete_array_int64_t_calloc_01.obj
c:\git\romeo\c\cwe762_mismatched_memory_management_routines\debug\cwe762_mismatched_memory_management_routines__delete_array_int64_t_malloc_01.obj
c:\git\romeo\c\cwe762_mismatched_memory_management_routines\debug\cwe762_mismatched_memory_management_routines__delete_array_int64_t_realloc_01.obj
c:\git\romeo\c\cwe762_mismatched_memory_management_routines\debug\cwe762_mismatched_memory_management_routines__delete_array_int_calloc_01.obj
c:\git\romeo\c\cwe762_mismatched_memory_management_routines\debug\cwe762_mismatched_memory_management_routines__delete_array_int_malloc_65a.obj
c:\git\romeo\c\cwe762_mismatched_memory_management_routines\debug\cwe762_mismatched_memory_management_routines__delete_array_int_malloc_65b.obj
c:\git\romeo\c\cwe762_mismatched_memory_management_routines\debug\cwe762_mismatched_memory_management_routines__delete_array_int_malloc_66a.obj
c:\git\romeo\c\cwe762_mismatched_memory_management_routines\debug\cwe762_mismatched_memory_management_routines__delete_array_int_malloc_66b.obj
c:\git\romeo\c\cwe762_mismatched_memory_management_routines\debug\cwe762_mismatched_memory_management_routines__delete_array_int_malloc_67a.obj
c:\git\romeo\c\cwe762_mismatched_memory_management_routines\debug\cwe762_mismatched_memory_management_routines__delete_array_int_malloc_67b.obj
c:\git\romeo\c\cwe762_mismatched_memory_management_routines\debug\cwe762_mismatched_memory_management_routines__delete_array_int_malloc_68a.obj
c:\git\romeo\c\cwe762_mismatched_memory_management_routines\debug\cwe762_mismatched_memory_management_routines__delete_array_int_malloc_68b.obj
c:\git\romeo\c\cwe762_mismatched_memory_management_routines\debug\cwe762_mismatched_memory_management_routines__delete_array_int_malloc_72a.obj
c:\git\romeo\c\cwe762_mismatched_memory_management_routines\debug\cwe762_mismatched_memory_management_routines__delete_array_int_malloc_72b.obj
c:\git\romeo\c\cwe762_mismatched_memory_management_routines\debug\cwe762_mismatched_memory_management_routines__delete_array_int_malloc_73a.obj
c:\git\romeo\c\cwe762_mismatched_memory_management_routines\debug\cwe762_mismatched_memory_management_routines__delete_array_int_malloc_73b.obj
c:\git\romeo\c\cwe762_mismatched_memory_management_routines\debug\cwe762_mismatched_memory_management_routines__delete_array_int_malloc_74a.obj
c:\git\romeo\c\cwe762_mismatched_memory_management_routines\debug\cwe762_mismatched_memory_management_routines__delete_array_int_malloc_74b.obj
c:\git\romeo\c\cwe762_mismatched_memory_management_routines\debug\cwe762_mismatched_memory_management_routines__delete_array_int_malloc_81a.obj
c:\git\romeo\c\cwe762_mismatched_memory_management_routines\debug\cwe762_mismatched_memory_management_routines__delete_array_int_malloc_81_bad.obj
c:\git\romeo\c\cwe762_mismatched_memory_management_routines\debug\cwe762_mismatched_memory_management_routines__delete_array_int_malloc_81_goodb2g.obj
c:\git\romeo\c\cwe762_mismatched_memory_management_routines\debug\cwe762_mismatched_memory_management_routines__delete_array_int_malloc_81_goodg2b.obj
c:\git\romeo\c\cwe762_mismatched_memory_management_routines\debug\cwe762_mismatched_memory_management_routines__delete_array_int_malloc_82a.obj
c:\git\romeo\c\cwe762_mismatched_memory_management_routines\debug\cwe762_mismatched_memory_management_routines__delete_array_int_malloc_82_bad.obj
c:\git\romeo\c\cwe762_mismatched_memory_management_routines\debug\cwe762_mismatched_memory_management_routines__delete_array_int_malloc_52a.obj
c:\git\romeo\c\cwe762_mismatched_memory_management_routines\debug\cwe762_mismatched_memory_management_routines__delete_array_int_malloc_52b.obj
c:\git\romeo\c\cwe762_mismatched_memory_management_routines\debug\cwe762_mismatched_memory_management_routines__delete_array_int_malloc_52c.obj
c:\git\romeo\c\cwe762_mismatched_memory_management_routines\debug\cwe762_mismatched_memory_management_routines__delete_array_int_malloc_53a.obj
c:\git\romeo\c\cwe762_mismatched_memory_management_routines\debug\cwe762_mismatched_memory_management_routines__delete_array_int_malloc_53b.obj
c:\git\romeo\c\cwe762_mismatched_memory_management_routines\debug\cwe762_mismatched_memory_management_routines__delete_array_int_malloc_53c.obj
c:\git\romeo\c\cwe762_mismatched_memory_management_routines\debug\cwe762_mismatched_memory_management_routines__delete_array_int_malloc_53d.obj
c:\git\romeo\c\cwe762_mismatched_memory_management_routines\debug\cwe762_mismatched_memory_management_routines__delete_array_int_malloc_54a.obj
c:\git\romeo\c\cwe762_mismatched_memory_management_routines\debug\cwe762_mismatched_memory_management_routines__delete_array_int_malloc_54b.obj
c:\git\romeo\c\cwe762_mismatched_memory_management_routines\debug\cwe762_mismatched_memory_management_routines__delete_array_int_malloc_54c.obj
c:\git\romeo\c\cwe762_mismatched_memory_management_routines\debug\cwe762_mismatched_memory_management_routines__delete_array_int_malloc_54d.obj
c:\git\romeo\c\cwe762_mismatched_memory_management_routines\debug\cwe762_mismatched_memory_management_routines__delete_array_int_malloc_54e.obj
c:\git\romeo\c\cwe762_mismatched_memory_management_routines\debug\cwe762_mismatched_memory_management_routines__delete_array_int_malloc_61a.obj
c:\git\romeo\c\cwe762_mismatched_memory_management_routines\debug\cwe762_mismatched_memory_management_routines__delete_array_int_malloc_61b.obj
c:\git\romeo\c\cwe762_mismatched_memory_management_routines\debug\cwe762_mismatched_memory_management_routines__delete_array_int_malloc_62a.obj
c:\git\romeo\c\cwe762_mismatched_memory_management_routines\debug\cwe762_mismatched_memory_management_routines__delete_array_int_malloc_62b.obj
c:\git\romeo\c\cwe762_mismatched_memory_management_routines\debug\cwe762_mismatched_memory_management_routines__delete_array_int_malloc_63a.obj
c:\git\romeo\c\cwe762_mismatched_memory_management_routines\debug\cwe762_mismatched_memory_management_routines__delete_array_int_malloc_63b.obj
c:\git\romeo\c\cwe762_mismatched_memory_management_routines\debug\cwe762_mismatched_memory_management_routines__delete_array_int_malloc_64a.obj
c:\git\romeo\c\cwe762_mismatched_memory_management_routines\debug\cwe762_mismatched_memory_management_routines__delete_array_int_malloc_64b.obj
c:\git\romeo\c\cwe762_mismatched_memory_management_routines\debug\cwe762_mismatched_memory_management_routines__delete_array_int_malloc_13.obj
c:\git\romeo\c\cwe762_mismatched_memory_management_routines\debug\cwe762_mismatched_memory_management_routines__delete_array_int_malloc_14.obj
c:\git\romeo\c\cwe762_mismatched_memory_management_routines\debug\cwe762_mismatched_memory_management_routines__delete_array_int_malloc_15.obj
c:\git\romeo\c\cwe762_mismatched_memory_management_routines\debug\cwe762_mismatched_memory_management_routines__delete_array_int_malloc_16.obj
c:\git\romeo\c\cwe762_mismatched_memory_management_routines\debug\cwe762_mismatched_memory_management_routines__delete_array_int_malloc_17.obj
c:\git\romeo\c\cwe762_mismatched_memory_management_routines\debug\cwe762_mismatched_memory_management_routines__delete_array_int_malloc_18.obj
c:\git\romeo\c\cwe762_mismatched_memory_management_routines\debug\cwe762_mismatched_memory_management_routines__delete_array_int_malloc_21.obj
c:\git\romeo\c\cwe762_mismatched_memory_management_routines\debug\cwe762_mismatched_memory_management_routines__delete_array_int_malloc_22a.obj
c:\git\romeo\c\cwe762_mismatched_memory_management_routines\debug\cwe762_mismatched_memory_management_routines__delete_array_int_malloc_22b.obj
c:\git\romeo\c\cwe762_mismatched_memory_management_routines\debug\cwe762_mismatched_memory_management_routines__delete_array_int_malloc_31.obj
c:\git\romeo\c\cwe762_mismatched_memory_management_routines\debug\cwe762_mismatched_memory_management_routines__delete_array_int_malloc_32.obj
c:\git\romeo\c\cwe762_mismatched_memory_management_routines\debug\cwe762_mismatched_memory_management_routines__delete_array_int_malloc_33.obj
c:\git\romeo\c\cwe762_mismatched_memory_management_routines\debug\cwe762_mismatched_memory_management_routines__delete_array_int_malloc_34.obj
c:\git\romeo\c\cwe762_mismatched_memory_management_routines\debug\cwe762_mismatched_memory_management_routines__delete_array_int_malloc_41.obj
c:\git\romeo\c\cwe762_mismatched_memory_management_routines\debug\cwe762_mismatched_memory_management_routines__delete_array_int_malloc_42.obj
c:\git\romeo\c\cwe762_mismatched_memory_management_routines\debug\cwe762_mismatched_memory_management_routines__delete_array_int_malloc_43.obj
c:\git\romeo\c\cwe762_mismatched_memory_management_routines\debug\cwe762_mismatched_memory_management_routines__delete_array_int_malloc_44.obj
c:\git\romeo\c\cwe762_mismatched_memory_management_routines\debug\cwe762_mismatched_memory_management_routines__delete_array_int_malloc_45.obj
c:\git\romeo\c\cwe762_mismatched_memory_management_routines\debug\cwe762_mismatched_memory_management_routines__delete_array_int_malloc_51a.obj
c:\git\romeo\c\cwe762_mismatched_memory_management_routines\debug\cwe762_mismatched_memory_management_routines__delete_array_int_malloc_51b.obj
c:\git\romeo\c\cwe762_mismatched_memory_management_routines\debug\fake_main.obj
c:\git\romeo\c\cwe762_mismatched_memory_management_routines\debug\cwe762_mismatched_memory_management_routines__delete_array_int_malloc_02.obj
c:\git\romeo\c\cwe762_mismatched_memory_management_routines\debug\cwe762_mismatched_memory_management_routines__delete_array_int_malloc_03.obj
c:\git\romeo\c\cwe762_mismatched_memory_management_routines\debug\cwe762_mismatched_memory_management_routines__delete_array_int_malloc_04.obj
c:\git\romeo\c\cwe762_mismatched_memory_management_routines\debug\cwe762_mismatched_memory_management_routines__delete_array_int_malloc_05.obj
c:\git\romeo\c\cwe762_mismatched_memory_management_routines\debug\cwe762_mismatched_memory_management_routines__delete_array_int_malloc_06.obj
c:\git\romeo\c\cwe762_mismatched_memory_management_routines\debug\cwe762_mismatched_memory_management_routines__delete_array_int_malloc_07.obj
c:\git\romeo\c\cwe762_mismatched_memory_management_routines\debug\cwe762_mismatched_memory_management_routines__delete_array_int_malloc_08.obj
c:\git\romeo\c\cwe762_mismatched_memory_management_routines\debug\cwe762_mismatched_memory_management_routines__delete_array_int_malloc_09.obj
c:\git\romeo\c\cwe762_mismatched_memory_management_routines\debug\cwe762_mismatched_memory_management_routines__delete_array_int_malloc_10.obj
c:\git\romeo\c\cwe762_mismatched_memory_management_routines\debug\cwe762_mismatched_memory_management_routines__delete_array_int_malloc_11.obj
c:\git\romeo\c\cwe762_mismatched_memory_management_routines\debug\cwe762_mismatched_memory_management_routines__delete_array_int_malloc_12.obj
c:\git\romeo\c\cwe762_mismatched_memory_management_routines\debug\io.obj
c:\git\romeo\c\debug\cwe762_mismatched_memory_management_routines.ilk
c:\git\romeo\c\debug\cwe762_mismatched_memory_management_routines.exe
c:\git\romeo\c\debug\cwe762_mismatched_memory_management_routines.pdb
c:\git\romeo\c\cwe762_mismatched_memory_management_routines\debug\cwe762_m.9d16a194.tlog\cl.command.1.tlog
c:\git\romeo\c\cwe762_mismatched_memory_management_routines\debug\cwe762_m.9d16a194.tlog\cl.read.1.tlog
c:\git\romeo\c\cwe762_mismatched_memory_management_routines\debug\cwe762_m.9d16a194.tlog\cl.write.1.tlog
c:\git\romeo\c\cwe762_mismatched_memory_management_routines\debug\cwe762_m.9d16a194.tlog\link.command.1.tlog
c:\git\romeo\c\cwe762_mismatched_memory_management_routines\debug\cwe762_m.9d16a194.tlog\link.read.1.tlog
c:\git\romeo\c\cwe762_mismatched_memory_management_routines\debug\cwe762_m.9d16a194.tlog\link.write.1.tlog
