C:\Program Files (x86)\Microsoft Visual Studio\2017\Community\Common7\IDE\VC\VCTargets\Microsoft.CppBuild.targets(937,5): warning MSB8027: 이름이 CWE762_Mismatched_Memory_Management_Routines__delete_array_int_malloc_01.cpp인 둘 이상의 파일이 같은 위치에 출력을 생성합니다. 이로 인해 잘못된 빌드 결과가 나타날 수 있습니다.  관련된 파일은 m00\CWE762_Mismatched_Memory_Management_Routines__delete_array_int_malloc_01.cpp, m01\CWE762_Mismatched_Memory_Management_Routines__delete_array_int_malloc_01.cpp입니다.
  CWE762_Mismatched_Memory_Management_Routines__strdup_delete_array_01_good1.cpp
  CWE762_Mismatched_Memory_Management_Routines__strdup_delete_array_01_bad.cpp
  CWE762_Mismatched_Memory_Management_Routines__strdup_delete_01_good1.cpp
  CWE762_Mismatched_Memory_Management_Routines__strdup_delete_01_bad.cpp
  CWE762_Mismatched_Memory_Management_Routines__realloc_delete_array_01_good1.cpp
  CWE762_Mismatched_Memory_Management_Routines__realloc_delete_array_01_bad.cpp
  CWE762_Mismatched_Memory_Management_Routines__realloc_delete_01_good1.cpp
  CWE762_Mismatched_Memory_Management_Routines__realloc_delete_01_bad.cpp
  CWE762_Mismatched_Memory_Management_Routines__new_free_01_good1.cpp
  CWE762_Mismatched_Memory_Management_Routines__new_free_01_bad.cpp
  CWE762_Mismatched_Memory_Management_Routines__new_delete_array_01_good1.cpp
  CWE762_Mismatched_Memory_Management_Routines__new_delete_array_01_bad.cpp
  CWE762_Mismatched_Memory_Management_Routines__new_array_free_01_good1.cpp
  CWE762_Mismatched_Memory_Management_Routines__new_array_free_01_bad.cpp
  CWE762_Mismatched_Memory_Management_Routines__new_array_delete_01_good1.cpp
  CWE762_Mismatched_Memory_Management_Routines__new_array_delete_01_bad.cpp
  CWE762_Mismatched_Memory_Management_Routines__malloc_delete_array_01_good1.cpp
  CWE762_Mismatched_Memory_Management_Routines__malloc_delete_array_01_bad.cpp
  CWE762_Mismatched_Memory_Management_Routines__malloc_delete_01_good1.cpp
  CWE762_Mismatched_Memory_Management_Routines__malloc_delete_01_bad.cpp
  코드를 생성하고 있습니다...
  컴파일하고 있습니다...
  CWE762_Mismatched_Memory_Management_Routines__calloc_delete_array_01_good1.cpp
  CWE762_Mismatched_Memory_Management_Routines__calloc_delete_array_01_bad.cpp
  CWE762_Mismatched_Memory_Management_Routines__calloc_delete_01_good1.cpp
  CWE762_Mismatched_Memory_Management_Routines__calloc_delete_01_bad.cpp
  CWE762_Mismatched_Memory_Management_Routines__strdup_delete_wchar_t_01.cpp
  CWE762_Mismatched_Memory_Management_Routines__strdup_delete_char_01.cpp
  CWE762_Mismatched_Memory_Management_Routines__strdup_delete_array_wchar_t_01.cpp
  CWE762_Mismatched_Memory_Management_Routines__strdup_delete_array_char_01.cpp
  CWE762_Mismatched_Memory_Management_Routines__new_free_wchar_t_01.cpp
  CWE762_Mismatched_Memory_Management_Routines__new_free_struct_01.cpp
  CWE762_Mismatched_Memory_Management_Routines__new_free_long_01.cpp
  CWE762_Mismatched_Memory_Management_Routines__new_free_int_01.cpp
  CWE762_Mismatched_Memory_Management_Routines__new_free_int64_t_01.cpp
  CWE762_Mismatched_Memory_Management_Routines__new_free_class_01.cpp
  CWE762_Mismatched_Memory_Management_Routines__new_free_char_01.cpp
  CWE762_Mismatched_Memory_Management_Routines__new_delete_array_wchar_t_01.cpp
  CWE762_Mismatched_Memory_Management_Routines__new_delete_array_struct_01.cpp
  CWE762_Mismatched_Memory_Management_Routines__new_delete_array_long_01.cpp
  CWE762_Mismatched_Memory_Management_Routines__new_delete_array_int_01.cpp
  CWE762_Mismatched_Memory_Management_Routines__new_delete_array_int64_t_01.cpp
  코드를 생성하고 있습니다...
  컴파일하고 있습니다...
  CWE762_Mismatched_Memory_Management_Routines__new_delete_array_class_01.cpp
  CWE762_Mismatched_Memory_Management_Routines__new_delete_array_char_01.cpp
  CWE762_Mismatched_Memory_Management_Routines__new_array_free_wchar_t_01.cpp
  CWE762_Mismatched_Memory_Management_Routines__new_array_delete_wchar_t_01.cpp
  CWE762_Mismatched_Memory_Management_Routines__new_array_delete_struct_01.cpp
  CWE762_Mismatched_Memory_Management_Routines__new_array_delete_long_01.cpp
  CWE762_Mismatched_Memory_Management_Routines__new_array_delete_int_01.cpp
  CWE762_Mismatched_Memory_Management_Routines__new_array_delete_int64_t_01.cpp
  CWE762_Mismatched_Memory_Management_Routines__delete_wchar_t_realloc_01.cpp
  CWE762_Mismatched_Memory_Management_Routines__delete_wchar_t_malloc_01.cpp
  CWE762_Mismatched_Memory_Management_Routines__delete_wchar_t_calloc_01.cpp
  CWE762_Mismatched_Memory_Management_Routines__delete_struct_realloc_01.cpp
  CWE762_Mismatched_Memory_Management_Routines__delete_struct_malloc_01.cpp
  CWE762_Mismatched_Memory_Management_Routines__delete_struct_calloc_01.cpp
  CWE762_Mismatched_Memory_Management_Routines__delete_long_realloc_01.cpp
  CWE762_Mismatched_Memory_Management_Routines__delete_long_malloc_01.cpp
  CWE762_Mismatched_Memory_Management_Routines__delete_long_calloc_01.cpp
  CWE762_Mismatched_Memory_Management_Routines__delete_int_realloc_01.cpp
  CWE762_Mismatched_Memory_Management_Routines__delete_int_malloc_01.cpp
  CWE762_Mismatched_Memory_Management_Routines__delete_int_calloc_01.cpp
  코드를 생성하고 있습니다...
  컴파일하고 있습니다...
  CWE762_Mismatched_Memory_Management_Routines__delete_int64_t_realloc_01.cpp
  CWE762_Mismatched_Memory_Management_Routines__delete_int64_t_malloc_01.cpp
  CWE762_Mismatched_Memory_Management_Routines__delete_int64_t_calloc_01.cpp
  CWE762_Mismatched_Memory_Management_Routines__delete_class_realloc_01.cpp
  CWE762_Mismatched_Memory_Management_Routines__delete_class_malloc_01.cpp
  CWE762_Mismatched_Memory_Management_Routines__delete_class_calloc_01.cpp
  CWE762_Mismatched_Memory_Management_Routines__delete_char_realloc_01.cpp
  CWE762_Mismatched_Memory_Management_Routines__delete_char_malloc_01.cpp
  CWE762_Mismatched_Memory_Management_Routines__delete_char_calloc_01.cpp
  CWE762_Mismatched_Memory_Management_Routines__delete_array_wchar_t_realloc_01.cpp
  CWE762_Mismatched_Memory_Management_Routines__delete_array_wchar_t_malloc_01.cpp
  CWE762_Mismatched_Memory_Management_Routines__delete_array_wchar_t_calloc_01.cpp
  CWE762_Mismatched_Memory_Management_Routines__delete_array_struct_realloc_01.cpp
  CWE762_Mismatched_Memory_Management_Routines__delete_array_struct_malloc_01.cpp
  CWE762_Mismatched_Memory_Management_Routines__delete_array_struct_calloc_01.cpp
  CWE762_Mismatched_Memory_Management_Routines__delete_array_long_realloc_01.cpp
  CWE762_Mismatched_Memory_Management_Routines__delete_array_long_malloc_01.cpp
  CWE762_Mismatched_Memory_Management_Routines__delete_array_long_calloc_01.cpp
  CWE762_Mismatched_Memory_Management_Routines__delete_array_int_realloc_01.cpp
  CWE762_Mismatched_Memory_Management_Routines__delete_array_int_malloc_01.cpp
  코드를 생성하고 있습니다...
  컴파일하고 있습니다...
  CWE762_Mismatched_Memory_Management_Routines__delete_array_int_calloc_01.cpp
  CWE762_Mismatched_Memory_Management_Routines__delete_array_int64_t_realloc_01.cpp
  CWE762_Mismatched_Memory_Management_Routines__delete_array_int64_t_malloc_01.cpp
  CWE762_Mismatched_Memory_Management_Routines__delete_array_int64_t_calloc_01.cpp
  CWE762_Mismatched_Memory_Management_Routines__delete_array_class_realloc_01.cpp
  CWE762_Mismatched_Memory_Management_Routines__delete_array_class_malloc_01.cpp
  CWE762_Mismatched_Memory_Management_Routines__delete_array_class_calloc_01.cpp
  CWE762_Mismatched_Memory_Management_Routines__delete_array_char_realloc_01.cpp
  CWE762_Mismatched_Memory_Management_Routines__delete_array_char_malloc_01.cpp
  CWE762_Mismatched_Memory_Management_Routines__delete_array_char_calloc_01.cpp
  CWE762_Mismatched_Memory_Management_Routines__delete_array_int_malloc_84_goodG2B.cpp
  CWE762_Mismatched_Memory_Management_Routines__delete_array_int_malloc_84_goodB2G.cpp
  CWE762_Mismatched_Memory_Management_Routines__delete_array_int_malloc_84_bad.cpp
  CWE762_Mismatched_Memory_Management_Routines__delete_array_int_malloc_84a.cpp
  CWE762_Mismatched_Memory_Management_Routines__delete_array_int_malloc_83_goodG2B.cpp
  CWE762_Mismatched_Memory_Management_Routines__delete_array_int_malloc_83_goodB2G.cpp
  CWE762_Mismatched_Memory_Management_Routines__delete_array_int_malloc_83_bad.cpp
  CWE762_Mismatched_Memory_Management_Routines__delete_array_int_malloc_83a.cpp
  CWE762_Mismatched_Memory_Management_Routines__delete_array_int_malloc_82_goodG2B.cpp
  CWE762_Mismatched_Memory_Management_Routines__delete_array_int_malloc_82_goodB2G.cpp
  코드를 생성하고 있습니다...
  컴파일하고 있습니다...
  CWE762_Mismatched_Memory_Management_Routines__delete_array_int_malloc_82_bad.cpp
  CWE762_Mismatched_Memory_Management_Routines__delete_array_int_malloc_82a.cpp
  CWE762_Mismatched_Memory_Management_Routines__delete_array_int_malloc_81_goodG2B.cpp
  CWE762_Mismatched_Memory_Management_Routines__delete_array_int_malloc_81_goodB2G.cpp
  CWE762_Mismatched_Memory_Management_Routines__delete_array_int_malloc_81_bad.cpp
  CWE762_Mismatched_Memory_Management_Routines__delete_array_int_malloc_81a.cpp
  CWE762_Mismatched_Memory_Management_Routines__delete_array_int_malloc_74b.cpp
  CWE762_Mismatched_Memory_Management_Routines__delete_array_int_malloc_74a.cpp
  CWE762_Mismatched_Memory_Management_Routines__delete_array_int_malloc_73b.cpp
  CWE762_Mismatched_Memory_Management_Routines__delete_array_int_malloc_73a.cpp
  CWE762_Mismatched_Memory_Management_Routines__delete_array_int_malloc_72b.cpp
  CWE762_Mismatched_Memory_Management_Routines__delete_array_int_malloc_72a.cpp
  CWE762_Mismatched_Memory_Management_Routines__delete_array_int_malloc_68b.cpp
  CWE762_Mismatched_Memory_Management_Routines__delete_array_int_malloc_68a.cpp
  CWE762_Mismatched_Memory_Management_Routines__delete_array_int_malloc_67b.cpp
  CWE762_Mismatched_Memory_Management_Routines__delete_array_int_malloc_67a.cpp
  CWE762_Mismatched_Memory_Management_Routines__delete_array_int_malloc_66b.cpp
  CWE762_Mismatched_Memory_Management_Routines__delete_array_int_malloc_66a.cpp
  CWE762_Mismatched_Memory_Management_Routines__delete_array_int_malloc_65b.cpp
  CWE762_Mismatched_Memory_Management_Routines__delete_array_int_malloc_65a.cpp
  코드를 생성하고 있습니다...
  컴파일하고 있습니다...
  CWE762_Mismatched_Memory_Management_Routines__delete_array_int_malloc_64b.cpp
  CWE762_Mismatched_Memory_Management_Routines__delete_array_int_malloc_64a.cpp
  CWE762_Mismatched_Memory_Management_Routines__delete_array_int_malloc_63b.cpp
  CWE762_Mismatched_Memory_Management_Routines__delete_array_int_malloc_63a.cpp
  CWE762_Mismatched_Memory_Management_Routines__delete_array_int_malloc_62b.cpp
  CWE762_Mismatched_Memory_Management_Routines__delete_array_int_malloc_62a.cpp
  CWE762_Mismatched_Memory_Management_Routines__delete_array_int_malloc_61b.cpp
  CWE762_Mismatched_Memory_Management_Routines__delete_array_int_malloc_61a.cpp
  CWE762_Mismatched_Memory_Management_Routines__delete_array_int_malloc_54e.cpp
  CWE762_Mismatched_Memory_Management_Routines__delete_array_int_malloc_54d.cpp
  CWE762_Mismatched_Memory_Management_Routines__delete_array_int_malloc_54c.cpp
  CWE762_Mismatched_Memory_Management_Routines__delete_array_int_malloc_54b.cpp
  CWE762_Mismatched_Memory_Management_Routines__delete_array_int_malloc_54a.cpp
  CWE762_Mismatched_Memory_Management_Routines__delete_array_int_malloc_53d.cpp
  CWE762_Mismatched_Memory_Management_Routines__delete_array_int_malloc_53c.cpp
  CWE762_Mismatched_Memory_Management_Routines__delete_array_int_malloc_53b.cpp
  CWE762_Mismatched_Memory_Management_Routines__delete_array_int_malloc_53a.cpp
  CWE762_Mismatched_Memory_Management_Routines__delete_array_int_malloc_52c.cpp
  CWE762_Mismatched_Memory_Management_Routines__delete_array_int_malloc_52b.cpp
  CWE762_Mismatched_Memory_Management_Routines__delete_array_int_malloc_52a.cpp
  코드를 생성하고 있습니다...
  컴파일하고 있습니다...
  CWE762_Mismatched_Memory_Management_Routines__delete_array_int_malloc_51b.cpp
  CWE762_Mismatched_Memory_Management_Routines__delete_array_int_malloc_51a.cpp
  CWE762_Mismatched_Memory_Management_Routines__delete_array_int_malloc_45.cpp
  CWE762_Mismatched_Memory_Management_Routines__delete_array_int_malloc_44.cpp
  CWE762_Mismatched_Memory_Management_Routines__delete_array_int_malloc_43.cpp
  CWE762_Mismatched_Memory_Management_Routines__delete_array_int_malloc_42.cpp
  CWE762_Mismatched_Memory_Management_Routines__delete_array_int_malloc_41.cpp
  CWE762_Mismatched_Memory_Management_Routines__delete_array_int_malloc_34.cpp
  CWE762_Mismatched_Memory_Management_Routines__delete_array_int_malloc_33.cpp
  CWE762_Mismatched_Memory_Management_Routines__delete_array_int_malloc_32.cpp
  CWE762_Mismatched_Memory_Management_Routines__delete_array_int_malloc_31.cpp
  CWE762_Mismatched_Memory_Management_Routines__delete_array_int_malloc_22b.cpp
  CWE762_Mismatched_Memory_Management_Routines__delete_array_int_malloc_22a.cpp
  CWE762_Mismatched_Memory_Management_Routines__delete_array_int_malloc_21.cpp
  CWE762_Mismatched_Memory_Management_Routines__delete_array_int_malloc_18.cpp
  CWE762_Mismatched_Memory_Management_Routines__delete_array_int_malloc_17.cpp
  CWE762_Mismatched_Memory_Management_Routines__delete_array_int_malloc_16.cpp
  CWE762_Mismatched_Memory_Management_Routines__delete_array_int_malloc_15.cpp
  CWE762_Mismatched_Memory_Management_Routines__delete_array_int_malloc_14.cpp
  CWE762_Mismatched_Memory_Management_Routines__delete_array_int_malloc_13.cpp
  코드를 생성하고 있습니다...
  컴파일하고 있습니다...
  CWE762_Mismatched_Memory_Management_Routines__delete_array_int_malloc_12.cpp
  CWE762_Mismatched_Memory_Management_Routines__delete_array_int_malloc_11.cpp
  CWE762_Mismatched_Memory_Management_Routines__delete_array_int_malloc_10.cpp
  CWE762_Mismatched_Memory_Management_Routines__delete_array_int_malloc_09.cpp
  CWE762_Mismatched_Memory_Management_Routines__delete_array_int_malloc_08.cpp
  CWE762_Mismatched_Memory_Management_Routines__delete_array_int_malloc_07.cpp
  CWE762_Mismatched_Memory_Management_Routines__delete_array_int_malloc_06.cpp
  CWE762_Mismatched_Memory_Management_Routines__delete_array_int_malloc_05.cpp
  CWE762_Mismatched_Memory_Management_Routines__delete_array_int_malloc_04.cpp
  CWE762_Mismatched_Memory_Management_Routines__delete_array_int_malloc_03.cpp
  CWE762_Mismatched_Memory_Management_Routines__delete_array_int_malloc_02.cpp
  CWE762_Mismatched_Memory_Management_Routines__delete_array_int_malloc_01.cpp
  fake_main.cpp
  코드를 생성하고 있습니다...
  io.c
Debug\CWE762_Mismatched_Memory_Management_Routines__delete_array_int_malloc_01.obj : warning LNK4042: 개체가 두 번 이상 지정되었습니다. 나머지는 무시됩니다.
  CWE762_Mismatched_Memory_Management_Routines.vcxproj -> C:\git\romeo\c\Debug\CWE762_Mismatched_Memory_Management_Routines.exe
