c:\git\romeo\c\cwe468_incorrect_pointer_scaling\debug\vc141.pdb
c:\git\romeo\c\cwe468_incorrect_pointer_scaling\debug\vc141.idb
c:\git\romeo\c\cwe468_incorrect_pointer_scaling\debug\fake_main.obj
c:\git\romeo\c\cwe468_incorrect_pointer_scaling\debug\cwe468_incorrect_pointer_scaling__class_01.obj
c:\git\romeo\c\cwe468_incorrect_pointer_scaling\debug\cwe468_incorrect_pointer_scaling__char_ptr_to_int_01.obj
c:\git\romeo\c\cwe468_incorrect_pointer_scaling\debug\cwe468_incorrect_pointer_scaling__char_ptr_to_int_02.obj
c:\git\romeo\c\cwe468_incorrect_pointer_scaling\debug\cwe468_incorrect_pointer_scaling__char_ptr_to_int_03.obj
c:\git\romeo\c\cwe468_incorrect_pointer_scaling\debug\cwe468_incorrect_pointer_scaling__char_ptr_to_int_04.obj
c:\git\romeo\c\cwe468_incorrect_pointer_scaling\debug\cwe468_incorrect_pointer_scaling__char_ptr_to_int_05.obj
c:\git\romeo\c\cwe468_incorrect_pointer_scaling\debug\cwe468_incorrect_pointer_scaling__char_ptr_to_int_06.obj
c:\git\romeo\c\cwe468_incorrect_pointer_scaling\debug\cwe468_incorrect_pointer_scaling__char_ptr_to_int_07.obj
c:\git\romeo\c\cwe468_incorrect_pointer_scaling\debug\cwe468_incorrect_pointer_scaling__char_ptr_to_int_08.obj
c:\git\romeo\c\cwe468_incorrect_pointer_scaling\debug\cwe468_incorrect_pointer_scaling__char_ptr_to_int_09.obj
c:\git\romeo\c\cwe468_incorrect_pointer_scaling\debug\cwe468_incorrect_pointer_scaling__char_ptr_to_int_10.obj
c:\git\romeo\c\cwe468_incorrect_pointer_scaling\debug\cwe468_incorrect_pointer_scaling__char_ptr_to_int_11.obj
c:\git\romeo\c\cwe468_incorrect_pointer_scaling\debug\cwe468_incorrect_pointer_scaling__char_ptr_to_int_12.obj
c:\git\romeo\c\cwe468_incorrect_pointer_scaling\debug\cwe468_incorrect_pointer_scaling__char_ptr_to_int_13.obj
c:\git\romeo\c\cwe468_incorrect_pointer_scaling\debug\cwe468_incorrect_pointer_scaling__char_ptr_to_int_14.obj
c:\git\romeo\c\cwe468_incorrect_pointer_scaling\debug\cwe468_incorrect_pointer_scaling__char_ptr_to_int_15.obj
c:\git\romeo\c\cwe468_incorrect_pointer_scaling\debug\cwe468_incorrect_pointer_scaling__char_ptr_to_int_16.obj
c:\git\romeo\c\cwe468_incorrect_pointer_scaling\debug\cwe468_incorrect_pointer_scaling__char_ptr_to_int_17.obj
c:\git\romeo\c\cwe468_incorrect_pointer_scaling\debug\cwe468_incorrect_pointer_scaling__char_ptr_to_int_18.obj
c:\git\romeo\c\cwe468_incorrect_pointer_scaling\debug\cwe468_incorrect_pointer_scaling__int_01.obj
c:\git\romeo\c\cwe468_incorrect_pointer_scaling\debug\io.obj
c:\git\romeo\c\debug\cwe468_incorrect_pointer_scaling.ilk
c:\git\romeo\c\debug\cwe468_incorrect_pointer_scaling.exe
c:\git\romeo\c\debug\cwe468_incorrect_pointer_scaling.pdb
c:\git\romeo\c\cwe468_incorrect_pointer_scaling\debug\cwe468_i.2b9a192b.tlog\cl.command.1.tlog
c:\git\romeo\c\cwe468_incorrect_pointer_scaling\debug\cwe468_i.2b9a192b.tlog\cl.read.1.tlog
c:\git\romeo\c\cwe468_incorrect_pointer_scaling\debug\cwe468_i.2b9a192b.tlog\cl.write.1.tlog
c:\git\romeo\c\cwe468_incorrect_pointer_scaling\debug\cwe468_i.2b9a192b.tlog\link.command.1.tlog
c:\git\romeo\c\cwe468_incorrect_pointer_scaling\debug\cwe468_i.2b9a192b.tlog\link.read.1.tlog
c:\git\romeo\c\cwe468_incorrect_pointer_scaling\debug\cwe468_i.2b9a192b.tlog\link.write.1.tlog
