c:\git\romeo\c\cwe78_os_command_injection\debug\vc141.pdb
c:\git\romeo\c\cwe78_os_command_injection\debug\vc141.idb
c:\git\romeo\c\cwe78_os_command_injection\debug\cwe78_os_command_injection__char_connect_socket_execl_62a.obj
c:\git\romeo\c\cwe78_os_command_injection\debug\cwe78_os_command_injection__char_connect_socket_execl_62b.obj
c:\git\romeo\c\cwe78_os_command_injection\debug\cwe78_os_command_injection__char_connect_socket_execl_72a.obj
c:\git\romeo\c\cwe78_os_command_injection\debug\cwe78_os_command_injection__char_connect_socket_execl_72b.obj
c:\git\romeo\c\cwe78_os_command_injection\debug\cwe78_os_command_injection__char_connect_socket_execl_73a.obj
c:\git\romeo\c\cwe78_os_command_injection\debug\cwe78_os_command_injection__char_connect_socket_execl_73b.obj
c:\git\romeo\c\cwe78_os_command_injection\debug\cwe78_os_command_injection__char_connect_socket_execl_74a.obj
c:\git\romeo\c\cwe78_os_command_injection\debug\cwe78_os_command_injection__char_connect_socket_execl_74b.obj
c:\git\romeo\c\cwe78_os_command_injection\debug\cwe78_os_command_injection__char_connect_socket_execl_81a.obj
c:\git\romeo\c\cwe78_os_command_injection\debug\cwe78_os_command_injection__char_connect_socket_execl_81_bad.obj
c:\git\romeo\c\cwe78_os_command_injection\debug\cwe78_os_command_injection__char_connect_socket_execl_81_goodg2b.obj
c:\git\romeo\c\cwe78_os_command_injection\debug\cwe78_os_command_injection__char_connect_socket_execl_82a.obj
c:\git\romeo\c\cwe78_os_command_injection\debug\cwe78_os_command_injection__char_connect_socket_execl_82_bad.obj
c:\git\romeo\c\cwe78_os_command_injection\debug\cwe78_os_command_injection__char_connect_socket_execl_82_goodg2b.obj
c:\git\romeo\c\cwe78_os_command_injection\debug\cwe78_os_command_injection__char_connect_socket_execl_83a.obj
c:\git\romeo\c\cwe78_os_command_injection\debug\cwe78_os_command_injection__char_connect_socket_execl_83_bad.obj
c:\git\romeo\c\cwe78_os_command_injection\debug\cwe78_os_command_injection__char_connect_socket_execl_83_goodg2b.obj
c:\git\romeo\c\cwe78_os_command_injection\debug\cwe78_os_command_injection__char_connect_socket_execl_84a.obj
c:\git\romeo\c\cwe78_os_command_injection\debug\cwe78_os_command_injection__char_connect_socket_execl_84_bad.obj
c:\git\romeo\c\cwe78_os_command_injection\debug\cwe78_os_command_injection__char_connect_socket_execl_84_goodg2b.obj
c:\git\romeo\c\cwe78_os_command_injection\debug\fake_main.obj
c:\git\romeo\c\cwe78_os_command_injection\debug\cwe78_os_command_injection__char_connect_socket_execl_33.obj
c:\git\romeo\c\cwe78_os_command_injection\debug\cwe78_os_command_injection__char_connect_socket_execl_43.obj
c:\git\romeo\c\cwe78_os_command_injection\debug\cwe78_os_command_injection__wchar_t_file_execlp_01.obj
c:\git\romeo\c\cwe78_os_command_injection\debug\cwe78_os_command_injection__wchar_t_file_execl_01.obj
c:\git\romeo\c\cwe78_os_command_injection\debug\cwe78_os_command_injection__wchar_t_file_popen_01.obj
c:\git\romeo\c\cwe78_os_command_injection\debug\cwe78_os_command_injection__wchar_t_file_system_01.obj
c:\git\romeo\c\cwe78_os_command_injection\debug\cwe78_os_command_injection__wchar_t_file_w32spawnl_01.obj
c:\git\romeo\c\cwe78_os_command_injection\debug\cwe78_os_command_injection__wchar_t_file_w32_execvp_01.obj
c:\git\romeo\c\cwe78_os_command_injection\debug\cwe78_os_command_injection__wchar_t_file_w32_execv_01.obj
c:\git\romeo\c\cwe78_os_command_injection\debug\cwe78_os_command_injection__wchar_t_file_w32_spawnlp_01.obj
c:\git\romeo\c\cwe78_os_command_injection\debug\cwe78_os_command_injection__wchar_t_file_w32_spawnvp_01.obj
c:\git\romeo\c\cwe78_os_command_injection\debug\cwe78_os_command_injection__wchar_t_file_w32_spawnv_01.obj
c:\git\romeo\c\cwe78_os_command_injection\debug\cwe78_os_command_injection__wchar_t_listen_socket_execlp_01.obj
c:\git\romeo\c\cwe78_os_command_injection\debug\cwe78_os_command_injection__wchar_t_listen_socket_execl_01.obj
c:\git\romeo\c\cwe78_os_command_injection\debug\cwe78_os_command_injection__wchar_t_listen_socket_popen_01.obj
c:\git\romeo\c\cwe78_os_command_injection\debug\cwe78_os_command_injection__wchar_t_listen_socket_system_01.obj
c:\git\romeo\c\cwe78_os_command_injection\debug\cwe78_os_command_injection__wchar_t_listen_socket_w32spawnl_01.obj
c:\git\romeo\c\cwe78_os_command_injection\debug\cwe78_os_command_injection__wchar_t_listen_socket_w32_execvp_01.obj
c:\git\romeo\c\cwe78_os_command_injection\debug\cwe78_os_command_injection__wchar_t_listen_socket_w32_execv_01.obj
c:\git\romeo\c\cwe78_os_command_injection\debug\cwe78_os_command_injection__wchar_t_listen_socket_w32_spawnlp_01.obj
c:\git\romeo\c\cwe78_os_command_injection\debug\cwe78_os_command_injection__wchar_t_listen_socket_w32_spawnvp_01.obj
c:\git\romeo\c\cwe78_os_command_injection\debug\cwe78_os_command_injection__wchar_t_listen_socket_w32_spawnv_01.obj
c:\git\romeo\c\cwe78_os_command_injection\debug\cwe78_os_command_injection__wchar_t_console_execlp_01.obj
c:\git\romeo\c\cwe78_os_command_injection\debug\cwe78_os_command_injection__wchar_t_console_execl_01.obj
c:\git\romeo\c\cwe78_os_command_injection\debug\cwe78_os_command_injection__wchar_t_console_popen_01.obj
c:\git\romeo\c\cwe78_os_command_injection\debug\cwe78_os_command_injection__wchar_t_console_system_01.obj
c:\git\romeo\c\cwe78_os_command_injection\debug\cwe78_os_command_injection__wchar_t_console_w32spawnl_01.obj
c:\git\romeo\c\cwe78_os_command_injection\debug\cwe78_os_command_injection__wchar_t_console_w32_execvp_01.obj
c:\git\romeo\c\cwe78_os_command_injection\debug\cwe78_os_command_injection__wchar_t_console_w32_execv_01.obj
c:\git\romeo\c\cwe78_os_command_injection\debug\cwe78_os_command_injection__wchar_t_console_w32_spawnlp_01.obj
c:\git\romeo\c\cwe78_os_command_injection\debug\cwe78_os_command_injection__wchar_t_console_w32_spawnvp_01.obj
c:\git\romeo\c\cwe78_os_command_injection\debug\cwe78_os_command_injection__wchar_t_console_w32_spawnv_01.obj
c:\git\romeo\c\cwe78_os_command_injection\debug\cwe78_os_command_injection__wchar_t_environment_execlp_01.obj
c:\git\romeo\c\cwe78_os_command_injection\debug\cwe78_os_command_injection__wchar_t_environment_execl_01.obj
c:\git\romeo\c\cwe78_os_command_injection\debug\cwe78_os_command_injection__wchar_t_environment_popen_01.obj
c:\git\romeo\c\cwe78_os_command_injection\debug\cwe78_os_command_injection__wchar_t_environment_system_01.obj
c:\git\romeo\c\cwe78_os_command_injection\debug\cwe78_os_command_injection__wchar_t_environment_w32spawnl_01.obj
c:\git\romeo\c\cwe78_os_command_injection\debug\cwe78_os_command_injection__wchar_t_environment_w32_execvp_01.obj
c:\git\romeo\c\cwe78_os_command_injection\debug\cwe78_os_command_injection__wchar_t_environment_w32_execv_01.obj
c:\git\romeo\c\cwe78_os_command_injection\debug\cwe78_os_command_injection__wchar_t_environment_w32_spawnlp_01.obj
c:\git\romeo\c\cwe78_os_command_injection\debug\cwe78_os_command_injection__wchar_t_environment_w32_spawnvp_01.obj
c:\git\romeo\c\cwe78_os_command_injection\debug\cwe78_os_command_injection__wchar_t_environment_w32_spawnv_01.obj
c:\git\romeo\c\cwe78_os_command_injection\debug\cwe78_os_command_injection__char_listen_socket_execlp_01.obj
c:\git\romeo\c\cwe78_os_command_injection\debug\cwe78_os_command_injection__char_listen_socket_execl_01.obj
c:\git\romeo\c\cwe78_os_command_injection\debug\cwe78_os_command_injection__char_listen_socket_popen_01.obj
c:\git\romeo\c\cwe78_os_command_injection\debug\cwe78_os_command_injection__char_listen_socket_system_01.obj
c:\git\romeo\c\cwe78_os_command_injection\debug\cwe78_os_command_injection__char_listen_socket_w32spawnl_01.obj
c:\git\romeo\c\cwe78_os_command_injection\debug\cwe78_os_command_injection__char_listen_socket_w32_execvp_01.obj
c:\git\romeo\c\cwe78_os_command_injection\debug\cwe78_os_command_injection__char_listen_socket_w32_execv_01.obj
c:\git\romeo\c\cwe78_os_command_injection\debug\cwe78_os_command_injection__char_listen_socket_w32_spawnlp_01.obj
c:\git\romeo\c\cwe78_os_command_injection\debug\cwe78_os_command_injection__char_listen_socket_w32_spawnvp_01.obj
c:\git\romeo\c\cwe78_os_command_injection\debug\cwe78_os_command_injection__char_listen_socket_w32_spawnv_01.obj
c:\git\romeo\c\cwe78_os_command_injection\debug\cwe78_os_command_injection__wchar_t_connect_socket_execlp_01.obj
c:\git\romeo\c\cwe78_os_command_injection\debug\cwe78_os_command_injection__wchar_t_connect_socket_execl_01.obj
c:\git\romeo\c\cwe78_os_command_injection\debug\cwe78_os_command_injection__wchar_t_connect_socket_popen_01.obj
c:\git\romeo\c\cwe78_os_command_injection\debug\cwe78_os_command_injection__wchar_t_connect_socket_system_01.obj
c:\git\romeo\c\cwe78_os_command_injection\debug\cwe78_os_command_injection__wchar_t_connect_socket_w32spawnl_01.obj
c:\git\romeo\c\cwe78_os_command_injection\debug\cwe78_os_command_injection__wchar_t_connect_socket_w32_execvp_01.obj
c:\git\romeo\c\cwe78_os_command_injection\debug\cwe78_os_command_injection__wchar_t_connect_socket_w32_execv_01.obj
c:\git\romeo\c\cwe78_os_command_injection\debug\cwe78_os_command_injection__wchar_t_connect_socket_w32_spawnlp_01.obj
c:\git\romeo\c\cwe78_os_command_injection\debug\cwe78_os_command_injection__wchar_t_connect_socket_w32_spawnvp_01.obj
c:\git\romeo\c\cwe78_os_command_injection\debug\cwe78_os_command_injection__wchar_t_connect_socket_w32_spawnv_01.obj
c:\git\romeo\c\cwe78_os_command_injection\debug\cwe78_os_command_injection__char_environment_execlp_01.obj
c:\git\romeo\c\cwe78_os_command_injection\debug\cwe78_os_command_injection__char_environment_execl_01.obj
c:\git\romeo\c\cwe78_os_command_injection\debug\cwe78_os_command_injection__char_environment_popen_01.obj
c:\git\romeo\c\cwe78_os_command_injection\debug\cwe78_os_command_injection__char_environment_system_01.obj
c:\git\romeo\c\cwe78_os_command_injection\debug\cwe78_os_command_injection__char_environment_w32spawnl_01.obj
c:\git\romeo\c\cwe78_os_command_injection\debug\cwe78_os_command_injection__char_environment_w32_execvp_01.obj
c:\git\romeo\c\cwe78_os_command_injection\debug\cwe78_os_command_injection__char_environment_w32_execv_01.obj
c:\git\romeo\c\cwe78_os_command_injection\debug\cwe78_os_command_injection__char_environment_w32_spawnlp_01.obj
c:\git\romeo\c\cwe78_os_command_injection\debug\cwe78_os_command_injection__char_environment_w32_spawnvp_01.obj
c:\git\romeo\c\cwe78_os_command_injection\debug\cwe78_os_command_injection__char_environment_w32_spawnv_01.obj
c:\git\romeo\c\cwe78_os_command_injection\debug\cwe78_os_command_injection__char_file_execlp_01.obj
c:\git\romeo\c\cwe78_os_command_injection\debug\cwe78_os_command_injection__char_file_execl_01.obj
c:\git\romeo\c\cwe78_os_command_injection\debug\cwe78_os_command_injection__char_file_popen_01.obj
c:\git\romeo\c\cwe78_os_command_injection\debug\cwe78_os_command_injection__char_file_system_01.obj
c:\git\romeo\c\cwe78_os_command_injection\debug\cwe78_os_command_injection__char_file_w32spawnl_01.obj
c:\git\romeo\c\cwe78_os_command_injection\debug\cwe78_os_command_injection__char_file_w32_execvp_01.obj
c:\git\romeo\c\cwe78_os_command_injection\debug\cwe78_os_command_injection__char_file_w32_execv_01.obj
c:\git\romeo\c\cwe78_os_command_injection\debug\cwe78_os_command_injection__char_file_w32_spawnlp_01.obj
c:\git\romeo\c\cwe78_os_command_injection\debug\cwe78_os_command_injection__char_file_w32_spawnvp_01.obj
c:\git\romeo\c\cwe78_os_command_injection\debug\cwe78_os_command_injection__char_file_w32_spawnv_01.obj
c:\git\romeo\c\cwe78_os_command_injection\debug\cwe78_os_command_injection__char_connect_socket_execlp_01.obj
c:\git\romeo\c\cwe78_os_command_injection\debug\cwe78_os_command_injection__char_connect_socket_execl_01.obj
c:\git\romeo\c\cwe78_os_command_injection\debug\cwe78_os_command_injection__char_connect_socket_popen_01.obj
c:\git\romeo\c\cwe78_os_command_injection\debug\cwe78_os_command_injection__char_connect_socket_system_01.obj
c:\git\romeo\c\cwe78_os_command_injection\debug\cwe78_os_command_injection__char_connect_socket_w32spawnl_01.obj
c:\git\romeo\c\cwe78_os_command_injection\debug\cwe78_os_command_injection__char_connect_socket_w32_execvp_01.obj
c:\git\romeo\c\cwe78_os_command_injection\debug\cwe78_os_command_injection__char_connect_socket_w32_execv_01.obj
c:\git\romeo\c\cwe78_os_command_injection\debug\cwe78_os_command_injection__char_connect_socket_w32_spawnlp_01.obj
c:\git\romeo\c\cwe78_os_command_injection\debug\cwe78_os_command_injection__char_connect_socket_w32_spawnvp_01.obj
c:\git\romeo\c\cwe78_os_command_injection\debug\cwe78_os_command_injection__char_connect_socket_w32_spawnv_01.obj
c:\git\romeo\c\cwe78_os_command_injection\debug\cwe78_os_command_injection__char_console_execlp_01.obj
c:\git\romeo\c\cwe78_os_command_injection\debug\cwe78_os_command_injection__char_console_execl_01.obj
c:\git\romeo\c\cwe78_os_command_injection\debug\cwe78_os_command_injection__char_console_popen_01.obj
c:\git\romeo\c\cwe78_os_command_injection\debug\cwe78_os_command_injection__char_console_system_01.obj
c:\git\romeo\c\cwe78_os_command_injection\debug\cwe78_os_command_injection__char_console_w32spawnl_01.obj
c:\git\romeo\c\cwe78_os_command_injection\debug\cwe78_os_command_injection__char_console_w32_execvp_01.obj
c:\git\romeo\c\cwe78_os_command_injection\debug\cwe78_os_command_injection__char_console_w32_execv_01.obj
c:\git\romeo\c\cwe78_os_command_injection\debug\cwe78_os_command_injection__char_console_w32_spawnlp_01.obj
c:\git\romeo\c\cwe78_os_command_injection\debug\cwe78_os_command_injection__char_console_w32_spawnvp_01.obj
c:\git\romeo\c\cwe78_os_command_injection\debug\cwe78_os_command_injection__char_console_w32_spawnv_01.obj
c:\git\romeo\c\cwe78_os_command_injection\debug\cwe78_os.bf4f7a63.tlog\cl.command.1.tlog
c:\git\romeo\c\cwe78_os_command_injection\debug\cwe78_os.bf4f7a63.tlog\cl.read.1.tlog
c:\git\romeo\c\cwe78_os_command_injection\debug\cwe78_os.bf4f7a63.tlog\cl.write.1.tlog
