C:\Program Files (x86)\Microsoft Visual Studio\2017\Community\Common7\IDE\VC\VCTargets\Microsoft.CppBuild.targets(937,5): warning MSB8027: 이름이 CWE78_OS_Command_Injection__char_connect_socket_execl_01.c인 둘 이상의 파일이 같은 위치에 출력을 생성합니다. 이로 인해 잘못된 빌드 결과가 나타날 수 있습니다.  관련된 파일은 m00\CWE78_OS_Command_Injection__char_connect_socket_execl_01.c, m01\CWE78_OS_Command_Injection__char_connect_socket_execl_01.c입니다.
  CWE78_OS_Command_Injection__char_connect_socket_execl_84_goodG2B.cpp
  CWE78_OS_Command_Injection__char_connect_socket_execl_84_bad.cpp
  CWE78_OS_Command_Injection__char_connect_socket_execl_84a.cpp
  CWE78_OS_Command_Injection__char_connect_socket_execl_83_goodG2B.cpp
  CWE78_OS_Command_Injection__char_connect_socket_execl_83_bad.cpp
  CWE78_OS_Command_Injection__char_connect_socket_execl_83a.cpp
  CWE78_OS_Command_Injection__char_connect_socket_execl_82_goodG2B.cpp
  CWE78_OS_Command_Injection__char_connect_socket_execl_82_bad.cpp
  CWE78_OS_Command_Injection__char_connect_socket_execl_82a.cpp
  CWE78_OS_Command_Injection__char_connect_socket_execl_81_goodG2B.cpp
  CWE78_OS_Command_Injection__char_connect_socket_execl_81_bad.cpp
  CWE78_OS_Command_Injection__char_connect_socket_execl_81a.cpp
  CWE78_OS_Command_Injection__char_connect_socket_execl_74b.cpp
  CWE78_OS_Command_Injection__char_connect_socket_execl_74a.cpp
  CWE78_OS_Command_Injection__char_connect_socket_execl_73b.cpp
  CWE78_OS_Command_Injection__char_connect_socket_execl_73a.cpp
  CWE78_OS_Command_Injection__char_connect_socket_execl_72b.cpp
  CWE78_OS_Command_Injection__char_connect_socket_execl_72a.cpp
  CWE78_OS_Command_Injection__char_connect_socket_execl_62b.cpp
  CWE78_OS_Command_Injection__char_connect_socket_execl_62a.cpp
  코드를 생성하고 있습니다...
  컴파일하고 있습니다...
  CWE78_OS_Command_Injection__char_connect_socket_execl_43.cpp
  CWE78_OS_Command_Injection__char_connect_socket_execl_33.cpp
  fake_main.cpp
  코드를 생성하고 있습니다...
  CWE78_OS_Command_Injection__wchar_t_listen_socket_w32_spawnv_01.c
  CWE78_OS_Command_Injection__wchar_t_listen_socket_w32_spawnvp_01.c
  CWE78_OS_Command_Injection__wchar_t_listen_socket_w32_spawnlp_01.c
  CWE78_OS_Command_Injection__wchar_t_listen_socket_w32_execv_01.c
  CWE78_OS_Command_Injection__wchar_t_listen_socket_w32_execvp_01.c
  CWE78_OS_Command_Injection__wchar_t_listen_socket_w32spawnl_01.c
  CWE78_OS_Command_Injection__wchar_t_listen_socket_system_01.c
  CWE78_OS_Command_Injection__wchar_t_listen_socket_popen_01.c
  CWE78_OS_Command_Injection__wchar_t_listen_socket_execl_01.c
  CWE78_OS_Command_Injection__wchar_t_listen_socket_execlp_01.c
  CWE78_OS_Command_Injection__wchar_t_file_w32_spawnv_01.c
  CWE78_OS_Command_Injection__wchar_t_file_w32_spawnvp_01.c
  CWE78_OS_Command_Injection__wchar_t_file_w32_spawnlp_01.c
  CWE78_OS_Command_Injection__wchar_t_file_w32_execv_01.c
  CWE78_OS_Command_Injection__wchar_t_file_w32_execvp_01.c
  CWE78_OS_Command_Injection__wchar_t_file_w32spawnl_01.c
  CWE78_OS_Command_Injection__wchar_t_file_system_01.c
  CWE78_OS_Command_Injection__wchar_t_file_popen_01.c
  CWE78_OS_Command_Injection__wchar_t_file_execl_01.c
  CWE78_OS_Command_Injection__wchar_t_file_execlp_01.c
  코드를 생성하고 있습니다...
  컴파일하고 있습니다...
  CWE78_OS_Command_Injection__wchar_t_environment_w32_spawnv_01.c
  CWE78_OS_Command_Injection__wchar_t_environment_w32_spawnvp_01.c
  CWE78_OS_Command_Injection__wchar_t_environment_w32_spawnlp_01.c
  CWE78_OS_Command_Injection__wchar_t_environment_w32_execv_01.c
  CWE78_OS_Command_Injection__wchar_t_environment_w32_execvp_01.c
  CWE78_OS_Command_Injection__wchar_t_environment_w32spawnl_01.c
  CWE78_OS_Command_Injection__wchar_t_environment_system_01.c
  CWE78_OS_Command_Injection__wchar_t_environment_popen_01.c
  CWE78_OS_Command_Injection__wchar_t_environment_execl_01.c
  CWE78_OS_Command_Injection__wchar_t_environment_execlp_01.c
  CWE78_OS_Command_Injection__wchar_t_console_w32_spawnv_01.c
  CWE78_OS_Command_Injection__wchar_t_console_w32_spawnvp_01.c
  CWE78_OS_Command_Injection__wchar_t_console_w32_spawnlp_01.c
  CWE78_OS_Command_Injection__wchar_t_console_w32_execv_01.c
  CWE78_OS_Command_Injection__wchar_t_console_w32_execvp_01.c
  CWE78_OS_Command_Injection__wchar_t_console_w32spawnl_01.c
  CWE78_OS_Command_Injection__wchar_t_console_system_01.c
  CWE78_OS_Command_Injection__wchar_t_console_popen_01.c
  CWE78_OS_Command_Injection__wchar_t_console_execl_01.c
  CWE78_OS_Command_Injection__wchar_t_console_execlp_01.c
  코드를 생성하고 있습니다...
  컴파일하고 있습니다...
  CWE78_OS_Command_Injection__wchar_t_connect_socket_w32_spawnv_01.c
  CWE78_OS_Command_Injection__wchar_t_connect_socket_w32_spawnvp_01.c
  CWE78_OS_Command_Injection__wchar_t_connect_socket_w32_spawnlp_01.c
  CWE78_OS_Command_Injection__wchar_t_connect_socket_w32_execv_01.c
  CWE78_OS_Command_Injection__wchar_t_connect_socket_w32_execvp_01.c
  CWE78_OS_Command_Injection__wchar_t_connect_socket_w32spawnl_01.c
  CWE78_OS_Command_Injection__wchar_t_connect_socket_system_01.c
  CWE78_OS_Command_Injection__wchar_t_connect_socket_popen_01.c
  CWE78_OS_Command_Injection__wchar_t_connect_socket_execl_01.c
  CWE78_OS_Command_Injection__wchar_t_connect_socket_execlp_01.c
  CWE78_OS_Command_Injection__char_listen_socket_w32_spawnv_01.c
  CWE78_OS_Command_Injection__char_listen_socket_w32_spawnvp_01.c
  CWE78_OS_Command_Injection__char_listen_socket_w32_spawnlp_01.c
  CWE78_OS_Command_Injection__char_listen_socket_w32_execv_01.c
  CWE78_OS_Command_Injection__char_listen_socket_w32_execvp_01.c
  CWE78_OS_Command_Injection__char_listen_socket_w32spawnl_01.c
  CWE78_OS_Command_Injection__char_listen_socket_system_01.c
  CWE78_OS_Command_Injection__char_listen_socket_popen_01.c
  CWE78_OS_Command_Injection__char_listen_socket_execl_01.c
  CWE78_OS_Command_Injection__char_listen_socket_execlp_01.c
  코드를 생성하고 있습니다...
  컴파일하고 있습니다...
  CWE78_OS_Command_Injection__char_file_w32_spawnv_01.c
  CWE78_OS_Command_Injection__char_file_w32_spawnvp_01.c
  CWE78_OS_Command_Injection__char_file_w32_spawnlp_01.c
  CWE78_OS_Command_Injection__char_file_w32_execv_01.c
  CWE78_OS_Command_Injection__char_file_w32_execvp_01.c
  CWE78_OS_Command_Injection__char_file_w32spawnl_01.c
  CWE78_OS_Command_Injection__char_file_system_01.c
  CWE78_OS_Command_Injection__char_file_popen_01.c
  CWE78_OS_Command_Injection__char_file_execl_01.c
  CWE78_OS_Command_Injection__char_file_execlp_01.c
  CWE78_OS_Command_Injection__char_environment_w32_spawnv_01.c
  CWE78_OS_Command_Injection__char_environment_w32_spawnvp_01.c
  CWE78_OS_Command_Injection__char_environment_w32_spawnlp_01.c
  CWE78_OS_Command_Injection__char_environment_w32_execv_01.c
  CWE78_OS_Command_Injection__char_environment_w32_execvp_01.c
  CWE78_OS_Command_Injection__char_environment_w32spawnl_01.c
  CWE78_OS_Command_Injection__char_environment_system_01.c
  CWE78_OS_Command_Injection__char_environment_popen_01.c
  CWE78_OS_Command_Injection__char_environment_execl_01.c
  CWE78_OS_Command_Injection__char_environment_execlp_01.c
  코드를 생성하고 있습니다...
  컴파일하고 있습니다...
  CWE78_OS_Command_Injection__char_console_w32_spawnv_01.c
  CWE78_OS_Command_Injection__char_console_w32_spawnvp_01.c
  CWE78_OS_Command_Injection__char_console_w32_spawnlp_01.c
  CWE78_OS_Command_Injection__char_console_w32_execv_01.c
  CWE78_OS_Command_Injection__char_console_w32_execvp_01.c
  CWE78_OS_Command_Injection__char_console_w32spawnl_01.c
  CWE78_OS_Command_Injection__char_console_system_01.c
  CWE78_OS_Command_Injection__char_console_popen_01.c
  CWE78_OS_Command_Injection__char_console_execl_01.c
  CWE78_OS_Command_Injection__char_console_execlp_01.c
  CWE78_OS_Command_Injection__char_connect_socket_w32_spawnv_01.c
  CWE78_OS_Command_Injection__char_connect_socket_w32_spawnvp_01.c
  CWE78_OS_Command_Injection__char_connect_socket_w32_spawnlp_01.c
  CWE78_OS_Command_Injection__char_connect_socket_w32_execv_01.c
  CWE78_OS_Command_Injection__char_connect_socket_w32_execvp_01.c
  CWE78_OS_Command_Injection__char_connect_socket_w32spawnl_01.c
  CWE78_OS_Command_Injection__char_connect_socket_system_01.c
  CWE78_OS_Command_Injection__char_connect_socket_popen_01.c
  CWE78_OS_Command_Injection__char_connect_socket_execl_01.c
  CWE78_OS_Command_Injection__char_connect_socket_execlp_01.c
  코드를 생성하고 있습니다...
  컴파일하고 있습니다...
  CWE78_OS_Command_Injection__char_connect_socket_execl_68b.c
  CWE78_OS_Command_Injection__char_connect_socket_execl_68a.c
  CWE78_OS_Command_Injection__char_connect_socket_execl_67b.c
  CWE78_OS_Command_Injection__char_connect_socket_execl_67a.c
  CWE78_OS_Command_Injection__char_connect_socket_execl_66b.c
  CWE78_OS_Command_Injection__char_connect_socket_execl_66a.c
  CWE78_OS_Command_Injection__char_connect_socket_execl_65b.c
  CWE78_OS_Command_Injection__char_connect_socket_execl_65a.c
  CWE78_OS_Command_Injection__char_connect_socket_execl_64b.c
  CWE78_OS_Command_Injection__char_connect_socket_execl_64a.c
  CWE78_OS_Command_Injection__char_connect_socket_execl_63b.c
  CWE78_OS_Command_Injection__char_connect_socket_execl_63a.c
  CWE78_OS_Command_Injection__char_connect_socket_execl_61b.c
  CWE78_OS_Command_Injection__char_connect_socket_execl_61a.c
  CWE78_OS_Command_Injection__char_connect_socket_execl_54e.c
  CWE78_OS_Command_Injection__char_connect_socket_execl_54d.c
  CWE78_OS_Command_Injection__char_connect_socket_execl_54c.c
  CWE78_OS_Command_Injection__char_connect_socket_execl_54b.c
  CWE78_OS_Command_Injection__char_connect_socket_execl_54a.c
  CWE78_OS_Command_Injection__char_connect_socket_execl_53d.c
  코드를 생성하고 있습니다...
  컴파일하고 있습니다...
  CWE78_OS_Command_Injection__char_connect_socket_execl_53c.c
  CWE78_OS_Command_Injection__char_connect_socket_execl_53b.c
  CWE78_OS_Command_Injection__char_connect_socket_execl_53a.c
  CWE78_OS_Command_Injection__char_connect_socket_execl_52c.c
  CWE78_OS_Command_Injection__char_connect_socket_execl_52b.c
  CWE78_OS_Command_Injection__char_connect_socket_execl_52a.c
  CWE78_OS_Command_Injection__char_connect_socket_execl_51b.c
  CWE78_OS_Command_Injection__char_connect_socket_execl_51a.c
  CWE78_OS_Command_Injection__char_connect_socket_execl_45.c
  CWE78_OS_Command_Injection__char_connect_socket_execl_44.c
  CWE78_OS_Command_Injection__char_connect_socket_execl_42.c
  CWE78_OS_Command_Injection__char_connect_socket_execl_41.c
  CWE78_OS_Command_Injection__char_connect_socket_execl_34.c
  CWE78_OS_Command_Injection__char_connect_socket_execl_32.c
  CWE78_OS_Command_Injection__char_connect_socket_execl_31.c
  CWE78_OS_Command_Injection__char_connect_socket_execl_22b.c
  CWE78_OS_Command_Injection__char_connect_socket_execl_22a.c
  CWE78_OS_Command_Injection__char_connect_socket_execl_21.c
  CWE78_OS_Command_Injection__char_connect_socket_execl_18.c
  CWE78_OS_Command_Injection__char_connect_socket_execl_17.c
  코드를 생성하고 있습니다...
  컴파일하고 있습니다...
  CWE78_OS_Command_Injection__char_connect_socket_execl_16.c
  CWE78_OS_Command_Injection__char_connect_socket_execl_15.c
  CWE78_OS_Command_Injection__char_connect_socket_execl_14.c
  CWE78_OS_Command_Injection__char_connect_socket_execl_13.c
  CWE78_OS_Command_Injection__char_connect_socket_execl_12.c
  CWE78_OS_Command_Injection__char_connect_socket_execl_11.c
  CWE78_OS_Command_Injection__char_connect_socket_execl_10.c
  CWE78_OS_Command_Injection__char_connect_socket_execl_09.c
  CWE78_OS_Command_Injection__char_connect_socket_execl_08.c
  CWE78_OS_Command_Injection__char_connect_socket_execl_07.c
  CWE78_OS_Command_Injection__char_connect_socket_execl_06.c
  CWE78_OS_Command_Injection__char_connect_socket_execl_05.c
  CWE78_OS_Command_Injection__char_connect_socket_execl_04.c
  CWE78_OS_Command_Injection__char_connect_socket_execl_03.c
  CWE78_OS_Command_Injection__char_connect_socket_execl_02.c
  CWE78_OS_Command_Injection__char_connect_socket_execl_01.c
  io.c
  코드를 생성하고 있습니다...
Debug\CWE78_OS_Command_Injection__char_connect_socket_execl_01.obj : warning LNK4042: 개체가 두 번 이상 지정되었습니다. 나머지는 무시됩니다.
  CWE78_OS_Command_Injection.vcxproj -> C:\git\romeo\c\Debug\CWE78_OS_Command_Injection.exe
