c:\users\robert\documents\visual studio 2015\projects\codemind_test\cwe122_heap_based_buffer_overflow\debug\vc140.pdb
c:\users\robert\documents\visual studio 2015\projects\codemind_test\cwe122_heap_based_buffer_overflow\debug\vc140.idb
c:\users\robert\documents\visual studio 2015\projects\codemind_test\cwe122_heap_based_buffer_overflow\debug\cwe122_heap_based_buffer_overflow__placement_new_66a.obj
c:\users\robert\documents\visual studio 2015\projects\codemind_test\cwe122_heap_based_buffer_overflow\debug\cwe122_heap_based_buffer_overflow__placement_new_66b.obj
c:\users\robert\documents\visual studio 2015\projects\codemind_test\cwe122_heap_based_buffer_overflow\debug\cwe122_heap_based_buffer_overflow__placement_new_67a.obj
c:\users\robert\documents\visual studio 2015\projects\codemind_test\cwe122_heap_based_buffer_overflow\debug\cwe122_heap_based_buffer_overflow__placement_new_67b.obj
c:\users\robert\documents\visual studio 2015\projects\codemind_test\cwe122_heap_based_buffer_overflow\debug\cwe122_heap_based_buffer_overflow__placement_new_68a.obj
c:\users\robert\documents\visual studio 2015\projects\codemind_test\cwe122_heap_based_buffer_overflow\debug\cwe122_heap_based_buffer_overflow__placement_new_68b.obj
c:\users\robert\documents\visual studio 2015\projects\codemind_test\cwe122_heap_based_buffer_overflow\debug\cwe122_heap_based_buffer_overflow__placement_new_72a.obj
c:\users\robert\documents\visual studio 2015\projects\codemind_test\cwe122_heap_based_buffer_overflow\debug\cwe122_heap_based_buffer_overflow__placement_new_72b.obj
c:\users\robert\documents\visual studio 2015\projects\codemind_test\cwe122_heap_based_buffer_overflow\debug\cwe122_heap_based_buffer_overflow__placement_new_73a.obj
c:\users\robert\documents\visual studio 2015\projects\codemind_test\cwe122_heap_based_buffer_overflow\debug\cwe122_heap_based_buffer_overflow__placement_new_73b.obj
c:\users\robert\documents\visual studio 2015\projects\codemind_test\cwe122_heap_based_buffer_overflow\debug\cwe122_heap_based_buffer_overflow__placement_new_74a.obj
c:\users\robert\documents\visual studio 2015\projects\codemind_test\cwe122_heap_based_buffer_overflow\debug\cwe122_heap_based_buffer_overflow__placement_new_74b.obj
c:\users\robert\documents\visual studio 2015\projects\codemind_test\cwe122_heap_based_buffer_overflow\debug\cwe122_heap_based_buffer_overflow__placement_new_81a.obj
c:\users\robert\documents\visual studio 2015\projects\codemind_test\cwe122_heap_based_buffer_overflow\debug\cwe122_heap_based_buffer_overflow__placement_new_81_bad.obj
c:\users\robert\documents\visual studio 2015\projects\codemind_test\cwe122_heap_based_buffer_overflow\debug\cwe122_heap_based_buffer_overflow__placement_new_81_goodb2g.obj
c:\users\robert\documents\visual studio 2015\projects\codemind_test\cwe122_heap_based_buffer_overflow\debug\cwe122_heap_based_buffer_overflow__placement_new_81_goodg2b.obj
c:\users\robert\documents\visual studio 2015\projects\codemind_test\cwe122_heap_based_buffer_overflow\debug\cwe122_heap_based_buffer_overflow__placement_new_82a.obj
c:\users\robert\documents\visual studio 2015\projects\codemind_test\cwe122_heap_based_buffer_overflow\debug\cwe122_heap_based_buffer_overflow__placement_new_82_bad.obj
c:\users\robert\documents\visual studio 2015\projects\codemind_test\cwe122_heap_based_buffer_overflow\debug\cwe122_heap_based_buffer_overflow__placement_new_82_goodb2g.obj
c:\users\robert\documents\visual studio 2015\projects\codemind_test\cwe122_heap_based_buffer_overflow\debug\cwe122_heap_based_buffer_overflow__placement_new_82_goodg2b.obj
c:\users\robert\documents\visual studio 2015\projects\codemind_test\cwe122_heap_based_buffer_overflow\debug\cwe122_heap_based_buffer_overflow__placement_new_51a.obj
c:\users\robert\documents\visual studio 2015\projects\codemind_test\cwe122_heap_based_buffer_overflow\debug\cwe122_heap_based_buffer_overflow__placement_new_51b.obj
c:\users\robert\documents\visual studio 2015\projects\codemind_test\cwe122_heap_based_buffer_overflow\debug\cwe122_heap_based_buffer_overflow__placement_new_52a.obj
c:\users\robert\documents\visual studio 2015\projects\codemind_test\cwe122_heap_based_buffer_overflow\debug\cwe122_heap_based_buffer_overflow__placement_new_52b.obj
c:\users\robert\documents\visual studio 2015\projects\codemind_test\cwe122_heap_based_buffer_overflow\debug\cwe122_heap_based_buffer_overflow__placement_new_52c.obj
c:\users\robert\documents\visual studio 2015\projects\codemind_test\cwe122_heap_based_buffer_overflow\debug\cwe122_heap_based_buffer_overflow__placement_new_53a.obj
c:\users\robert\documents\visual studio 2015\projects\codemind_test\cwe122_heap_based_buffer_overflow\debug\cwe122_heap_based_buffer_overflow__placement_new_53b.obj
c:\users\robert\documents\visual studio 2015\projects\codemind_test\cwe122_heap_based_buffer_overflow\debug\cwe122_heap_based_buffer_overflow__placement_new_53c.obj
c:\users\robert\documents\visual studio 2015\projects\codemind_test\cwe122_heap_based_buffer_overflow\debug\cwe122_heap_based_buffer_overflow__placement_new_53d.obj
c:\users\robert\documents\visual studio 2015\projects\codemind_test\cwe122_heap_based_buffer_overflow\debug\cwe122_heap_based_buffer_overflow__placement_new_54a.obj
c:\users\robert\documents\visual studio 2015\projects\codemind_test\cwe122_heap_based_buffer_overflow\debug\cwe122_heap_based_buffer_overflow__placement_new_54b.obj
c:\users\robert\documents\visual studio 2015\projects\codemind_test\cwe122_heap_based_buffer_overflow\debug\cwe122_heap_based_buffer_overflow__placement_new_54c.obj
c:\users\robert\documents\visual studio 2015\projects\codemind_test\cwe122_heap_based_buffer_overflow\debug\cwe122_heap_based_buffer_overflow__placement_new_54d.obj
c:\users\robert\documents\visual studio 2015\projects\codemind_test\cwe122_heap_based_buffer_overflow\debug\cwe122_heap_based_buffer_overflow__placement_new_54e.obj
c:\users\robert\documents\visual studio 2015\projects\codemind_test\cwe122_heap_based_buffer_overflow\debug\cwe122_heap_based_buffer_overflow__placement_new_63a.obj
c:\users\robert\documents\visual studio 2015\projects\codemind_test\cwe122_heap_based_buffer_overflow\debug\cwe122_heap_based_buffer_overflow__placement_new_63b.obj
c:\users\robert\documents\visual studio 2015\projects\codemind_test\cwe122_heap_based_buffer_overflow\debug\cwe122_heap_based_buffer_overflow__placement_new_64a.obj
c:\users\robert\documents\visual studio 2015\projects\codemind_test\cwe122_heap_based_buffer_overflow\debug\cwe122_heap_based_buffer_overflow__placement_new_64b.obj
c:\users\robert\documents\visual studio 2015\projects\codemind_test\cwe122_heap_based_buffer_overflow\debug\cwe122_heap_based_buffer_overflow__placement_new_65a.obj
c:\users\robert\documents\visual studio 2015\projects\codemind_test\cwe122_heap_based_buffer_overflow\debug\cwe122_heap_based_buffer_overflow__placement_new_65b.obj
c:\users\robert\documents\visual studio 2015\projects\codemind_test\cwe122_heap_based_buffer_overflow\debug\cwe122_heap_based_buffer_overflow__placement_new_09.obj
c:\users\robert\documents\visual studio 2015\projects\codemind_test\cwe122_heap_based_buffer_overflow\debug\cwe122_heap_based_buffer_overflow__placement_new_10.obj
c:\users\robert\documents\visual studio 2015\projects\codemind_test\cwe122_heap_based_buffer_overflow\debug\cwe122_heap_based_buffer_overflow__placement_new_11.obj
c:\users\robert\documents\visual studio 2015\projects\codemind_test\cwe122_heap_based_buffer_overflow\debug\cwe122_heap_based_buffer_overflow__placement_new_12.obj
c:\users\robert\documents\visual studio 2015\projects\codemind_test\cwe122_heap_based_buffer_overflow\debug\cwe122_heap_based_buffer_overflow__placement_new_13.obj
c:\users\robert\documents\visual studio 2015\projects\codemind_test\cwe122_heap_based_buffer_overflow\debug\cwe122_heap_based_buffer_overflow__placement_new_14.obj
c:\users\robert\documents\visual studio 2015\projects\codemind_test\cwe122_heap_based_buffer_overflow\debug\cwe122_heap_based_buffer_overflow__placement_new_15.obj
c:\users\robert\documents\visual studio 2015\projects\codemind_test\cwe122_heap_based_buffer_overflow\debug\cwe122_heap_based_buffer_overflow__placement_new_16.obj
c:\users\robert\documents\visual studio 2015\projects\codemind_test\cwe122_heap_based_buffer_overflow\debug\cwe122_heap_based_buffer_overflow__placement_new_17.obj
c:\users\robert\documents\visual studio 2015\projects\codemind_test\cwe122_heap_based_buffer_overflow\debug\cwe122_heap_based_buffer_overflow__placement_new_18.obj
c:\users\robert\documents\visual studio 2015\projects\codemind_test\cwe122_heap_based_buffer_overflow\debug\cwe122_heap_based_buffer_overflow__placement_new_21.obj
c:\users\robert\documents\visual studio 2015\projects\codemind_test\cwe122_heap_based_buffer_overflow\debug\cwe122_heap_based_buffer_overflow__placement_new_22a.obj
c:\users\robert\documents\visual studio 2015\projects\codemind_test\cwe122_heap_based_buffer_overflow\debug\cwe122_heap_based_buffer_overflow__placement_new_22b.obj
c:\users\robert\documents\visual studio 2015\projects\codemind_test\cwe122_heap_based_buffer_overflow\debug\cwe122_heap_based_buffer_overflow__placement_new_31.obj
c:\users\robert\documents\visual studio 2015\projects\codemind_test\cwe122_heap_based_buffer_overflow\debug\cwe122_heap_based_buffer_overflow__placement_new_32.obj
c:\users\robert\documents\visual studio 2015\projects\codemind_test\cwe122_heap_based_buffer_overflow\debug\cwe122_heap_based_buffer_overflow__placement_new_33.obj
c:\users\robert\documents\visual studio 2015\projects\codemind_test\cwe122_heap_based_buffer_overflow\debug\cwe122_heap_based_buffer_overflow__placement_new_34.obj
c:\users\robert\documents\visual studio 2015\projects\codemind_test\cwe122_heap_based_buffer_overflow\debug\cwe122_heap_based_buffer_overflow__placement_new_41.obj
c:\users\robert\documents\visual studio 2015\projects\codemind_test\cwe122_heap_based_buffer_overflow\debug\cwe122_heap_based_buffer_overflow__placement_new_44.obj
c:\users\robert\documents\visual studio 2015\projects\codemind_test\cwe122_heap_based_buffer_overflow\debug\cwe122_heap_based_buffer_overflow__placement_new_45.obj
c:\users\robert\documents\visual studio 2015\projects\codemind_test\cwe122_heap_based_buffer_overflow\debug\cwe122_heap_based_buffer_overflow__c_cwe193_wchar_t_loop_81a.obj
c:\users\robert\documents\visual studio 2015\projects\codemind_test\cwe122_heap_based_buffer_overflow\debug\cwe122_heap_based_buffer_overflow__c_cwe193_wchar_t_loop_81_bad.obj
c:\users\robert\documents\visual studio 2015\projects\codemind_test\cwe122_heap_based_buffer_overflow\debug\cwe122_heap_based_buffer_overflow__c_cwe193_wchar_t_loop_81_goodg2b.obj
c:\users\robert\documents\visual studio 2015\projects\codemind_test\cwe122_heap_based_buffer_overflow\debug\cwe122_heap_based_buffer_overflow__c_cwe193_wchar_t_loop_82a.obj
c:\users\robert\documents\visual studio 2015\projects\codemind_test\cwe122_heap_based_buffer_overflow\debug\cwe122_heap_based_buffer_overflow__c_cwe193_wchar_t_loop_82_bad.obj
c:\users\robert\documents\visual studio 2015\projects\codemind_test\cwe122_heap_based_buffer_overflow\debug\cwe122_heap_based_buffer_overflow__c_cwe193_wchar_t_loop_82_goodg2b.obj
c:\users\robert\documents\visual studio 2015\projects\codemind_test\cwe122_heap_based_buffer_overflow\debug\cwe122_heap_based_buffer_overflow__c_cwe193_wchar_t_loop_83a.obj
c:\users\robert\documents\visual studio 2015\projects\codemind_test\cwe122_heap_based_buffer_overflow\debug\cwe122_heap_based_buffer_overflow__c_cwe193_wchar_t_loop_83_bad.obj
c:\users\robert\documents\visual studio 2015\projects\codemind_test\cwe122_heap_based_buffer_overflow\debug\cwe122_heap_based_buffer_overflow__c_cwe193_wchar_t_loop_83_goodg2b.obj
c:\users\robert\documents\visual studio 2015\projects\codemind_test\cwe122_heap_based_buffer_overflow\debug\cwe122_heap_based_buffer_overflow__c_cwe193_wchar_t_loop_84a.obj
c:\users\robert\documents\visual studio 2015\projects\codemind_test\cwe122_heap_based_buffer_overflow\debug\cwe122_heap_based_buffer_overflow__c_cwe193_wchar_t_loop_84_bad.obj
c:\users\robert\documents\visual studio 2015\projects\codemind_test\cwe122_heap_based_buffer_overflow\debug\cwe122_heap_based_buffer_overflow__c_cwe193_wchar_t_loop_84_goodg2b.obj
c:\users\robert\documents\visual studio 2015\projects\codemind_test\cwe122_heap_based_buffer_overflow\debug\cwe122_heap_based_buffer_overflow__placement_new_01.obj
c:\users\robert\documents\visual studio 2015\projects\codemind_test\cwe122_heap_based_buffer_overflow\debug\cwe122_heap_based_buffer_overflow__placement_new_02.obj
c:\users\robert\documents\visual studio 2015\projects\codemind_test\cwe122_heap_based_buffer_overflow\debug\cwe122_heap_based_buffer_overflow__placement_new_03.obj
c:\users\robert\documents\visual studio 2015\projects\codemind_test\cwe122_heap_based_buffer_overflow\debug\cwe122_heap_based_buffer_overflow__placement_new_04.obj
c:\users\robert\documents\visual studio 2015\projects\codemind_test\cwe122_heap_based_buffer_overflow\debug\cwe122_heap_based_buffer_overflow__placement_new_05.obj
c:\users\robert\documents\visual studio 2015\projects\codemind_test\cwe122_heap_based_buffer_overflow\debug\cwe122_heap_based_buffer_overflow__placement_new_06.obj
c:\users\robert\documents\visual studio 2015\projects\codemind_test\cwe122_heap_based_buffer_overflow\debug\cwe122_heap_based_buffer_overflow__placement_new_07.obj
c:\users\robert\documents\visual studio 2015\projects\codemind_test\cwe122_heap_based_buffer_overflow\debug\cwe122_heap_based_buffer_overflow__placement_new_08.obj
c:\users\robert\documents\visual studio 2015\projects\codemind_test\cwe122_heap_based_buffer_overflow\debug\cwe122_heap_based_buffer_overflow__cpp_cwe806_wchar_t_ncpy_01.obj
c:\users\robert\documents\visual studio 2015\projects\codemind_test\cwe122_heap_based_buffer_overflow\debug\cwe122_heap_based_buffer_overflow__cpp_cwe806_wchar_t_snprintf_01.obj
c:\users\robert\documents\visual studio 2015\projects\codemind_test\cwe122_heap_based_buffer_overflow\debug\cwe122_heap_based_buffer_overflow__cpp_dest_char_cat_01.obj
c:\users\robert\documents\visual studio 2015\projects\codemind_test\cwe122_heap_based_buffer_overflow\debug\cwe122_heap_based_buffer_overflow__cpp_dest_char_cpy_01.obj
c:\users\robert\documents\visual studio 2015\projects\codemind_test\cwe122_heap_based_buffer_overflow\debug\cwe122_heap_based_buffer_overflow__cpp_dest_wchar_t_cat_01.obj
c:\users\robert\documents\visual studio 2015\projects\codemind_test\cwe122_heap_based_buffer_overflow\debug\cwe122_heap_based_buffer_overflow__cpp_dest_wchar_t_cpy_01.obj
c:\users\robert\documents\visual studio 2015\projects\codemind_test\cwe122_heap_based_buffer_overflow\debug\cwe122_heap_based_buffer_overflow__cpp_src_char_cat_01.obj
c:\users\robert\documents\visual studio 2015\projects\codemind_test\cwe122_heap_based_buffer_overflow\debug\cwe122_heap_based_buffer_overflow__cpp_src_char_cpy_01.obj
c:\users\robert\documents\visual studio 2015\projects\codemind_test\cwe122_heap_based_buffer_overflow\debug\cwe122_heap_based_buffer_overflow__cpp_src_wchar_t_cat_01.obj
c:\users\robert\documents\visual studio 2015\projects\codemind_test\cwe122_heap_based_buffer_overflow\debug\cwe122_heap_based_buffer_overflow__cpp_src_wchar_t_cpy_01.obj
c:\users\robert\documents\visual studio 2015\projects\codemind_test\cwe122_heap_based_buffer_overflow\debug\cwe122_heap_based_buffer_overflow__c_cwe193_wchar_t_loop_33.obj
c:\users\robert\documents\visual studio 2015\projects\codemind_test\cwe122_heap_based_buffer_overflow\debug\cwe122_heap_based_buffer_overflow__c_cwe193_wchar_t_loop_43.obj
c:\users\robert\documents\visual studio 2015\projects\codemind_test\cwe122_heap_based_buffer_overflow\debug\cwe122_heap_based_buffer_overflow__c_cwe193_wchar_t_loop_62a.obj
c:\users\robert\documents\visual studio 2015\projects\codemind_test\cwe122_heap_based_buffer_overflow\debug\cwe122_heap_based_buffer_overflow__c_cwe193_wchar_t_loop_62b.obj
c:\users\robert\documents\visual studio 2015\projects\codemind_test\cwe122_heap_based_buffer_overflow\debug\cwe122_heap_based_buffer_overflow__c_cwe193_wchar_t_loop_72a.obj
c:\users\robert\documents\visual studio 2015\projects\codemind_test\cwe122_heap_based_buffer_overflow\debug\cwe122_heap_based_buffer_overflow__c_cwe193_wchar_t_loop_72b.obj
c:\users\robert\documents\visual studio 2015\projects\codemind_test\cwe122_heap_based_buffer_overflow\debug\cwe122_heap_based_buffer_overflow__c_cwe193_wchar_t_loop_73a.obj
c:\users\robert\documents\visual studio 2015\projects\codemind_test\cwe122_heap_based_buffer_overflow\debug\cwe122_heap_based_buffer_overflow__c_cwe193_wchar_t_loop_73b.obj
c:\users\robert\documents\visual studio 2015\projects\codemind_test\cwe122_heap_based_buffer_overflow\debug\cwe122_heap_based_buffer_overflow__c_cwe193_wchar_t_loop_74a.obj
c:\users\robert\documents\visual studio 2015\projects\codemind_test\cwe122_heap_based_buffer_overflow\debug\cwe122_heap_based_buffer_overflow__c_cwe193_wchar_t_loop_74b.obj
c:\users\robert\documents\visual studio 2015\projects\codemind_test\cwe122_heap_based_buffer_overflow\debug\cwe122_heap_based_buffer_overflow__cpp_cwe805_int64_t_memmove_01.obj
c:\users\robert\documents\visual studio 2015\projects\codemind_test\cwe122_heap_based_buffer_overflow\debug\cwe122_heap_based_buffer_overflow__cpp_cwe805_int_loop_01.obj
c:\users\robert\documents\visual studio 2015\projects\codemind_test\cwe122_heap_based_buffer_overflow\debug\cwe122_heap_based_buffer_overflow__cpp_cwe805_int_memcpy_01.obj
c:\users\robert\documents\visual studio 2015\projects\codemind_test\cwe122_heap_based_buffer_overflow\debug\cwe122_heap_based_buffer_overflow__cpp_cwe805_int_memmove_01.obj
c:\users\robert\documents\visual studio 2015\projects\codemind_test\cwe122_heap_based_buffer_overflow\debug\cwe122_heap_based_buffer_overflow__cpp_cwe805_wchar_t_loop_01.obj
c:\users\robert\documents\visual studio 2015\projects\codemind_test\cwe122_heap_based_buffer_overflow\debug\cwe122_heap_based_buffer_overflow__cpp_cwe805_wchar_t_memcpy_01.obj
c:\users\robert\documents\visual studio 2015\projects\codemind_test\cwe122_heap_based_buffer_overflow\debug\cwe122_heap_based_buffer_overflow__cpp_cwe805_wchar_t_memmove_01.obj
c:\users\robert\documents\visual studio 2015\projects\codemind_test\cwe122_heap_based_buffer_overflow\debug\cwe122_heap_based_buffer_overflow__cpp_cwe805_wchar_t_ncat_01.obj
c:\users\robert\documents\visual studio 2015\projects\codemind_test\cwe122_heap_based_buffer_overflow\debug\cwe122_heap_based_buffer_overflow__cpp_cwe805_wchar_t_ncpy_01.obj
c:\users\robert\documents\visual studio 2015\projects\codemind_test\cwe122_heap_based_buffer_overflow\debug\cwe122_heap_based_buffer_overflow__cpp_cwe805_wchar_t_snprintf_01.obj
c:\users\robert\documents\visual studio 2015\projects\codemind_test\cwe122_heap_based_buffer_overflow\debug\cwe122_heap_based_buffer_overflow__cpp_cwe806_char_loop_01.obj
c:\users\robert\documents\visual studio 2015\projects\codemind_test\cwe122_heap_based_buffer_overflow\debug\cwe122_heap_based_buffer_overflow__cpp_cwe806_char_memcpy_01.obj
c:\users\robert\documents\visual studio 2015\projects\codemind_test\cwe122_heap_based_buffer_overflow\debug\cwe122_heap_based_buffer_overflow__cpp_cwe806_char_memmove_01.obj
c:\users\robert\documents\visual studio 2015\projects\codemind_test\cwe122_heap_based_buffer_overflow\debug\cwe122_heap_based_buffer_overflow__cpp_cwe806_char_ncat_01.obj
c:\users\robert\documents\visual studio 2015\projects\codemind_test\cwe122_heap_based_buffer_overflow\debug\cwe122_heap_based_buffer_overflow__cpp_cwe806_char_ncpy_01.obj
c:\users\robert\documents\visual studio 2015\projects\codemind_test\cwe122_heap_based_buffer_overflow\debug\cwe122_heap_based_buffer_overflow__cpp_cwe806_char_snprintf_01.obj
c:\users\robert\documents\visual studio 2015\projects\codemind_test\cwe122_heap_based_buffer_overflow\debug\cwe122_heap_based_buffer_overflow__cpp_cwe806_wchar_t_loop_01.obj
c:\users\robert\documents\visual studio 2015\projects\codemind_test\cwe122_heap_based_buffer_overflow\debug\cwe122_heap_based_buffer_overflow__cpp_cwe806_wchar_t_memcpy_01.obj
c:\users\robert\documents\visual studio 2015\projects\codemind_test\cwe122_heap_based_buffer_overflow\debug\cwe122_heap_based_buffer_overflow__cpp_cwe806_wchar_t_memmove_01.obj
c:\users\robert\documents\visual studio 2015\projects\codemind_test\cwe122_heap_based_buffer_overflow\debug\cwe122_heap_based_buffer_overflow__cpp_cwe806_wchar_t_ncat_01.obj
c:\users\robert\documents\visual studio 2015\projects\codemind_test\cwe122_heap_based_buffer_overflow\debug\cwe122_heap_based_buffer_overflow__cpp_cwe193_char_loop_01.obj
c:\users\robert\documents\visual studio 2015\projects\codemind_test\cwe122_heap_based_buffer_overflow\debug\cwe122_heap_based_buffer_overflow__cpp_cwe193_char_memcpy_01.obj
c:\users\robert\documents\visual studio 2015\projects\codemind_test\cwe122_heap_based_buffer_overflow\debug\cwe122_heap_based_buffer_overflow__cpp_cwe193_char_memmove_01.obj
c:\users\robert\documents\visual studio 2015\projects\codemind_test\cwe122_heap_based_buffer_overflow\debug\cwe122_heap_based_buffer_overflow__cpp_cwe193_char_ncpy_01.obj
c:\users\robert\documents\visual studio 2015\projects\codemind_test\cwe122_heap_based_buffer_overflow\debug\cwe122_heap_based_buffer_overflow__cpp_cwe193_wchar_t_cpy_01.obj
c:\users\robert\documents\visual studio 2015\projects\codemind_test\cwe122_heap_based_buffer_overflow\debug\cwe122_heap_based_buffer_overflow__cpp_cwe193_wchar_t_loop_01.obj
c:\users\robert\documents\visual studio 2015\projects\codemind_test\cwe122_heap_based_buffer_overflow\debug\cwe122_heap_based_buffer_overflow__cpp_cwe193_wchar_t_memcpy_01.obj
c:\users\robert\documents\visual studio 2015\projects\codemind_test\cwe122_heap_based_buffer_overflow\debug\cwe122_heap_based_buffer_overflow__cpp_cwe193_wchar_t_memmove_01.obj
c:\users\robert\documents\visual studio 2015\projects\codemind_test\cwe122_heap_based_buffer_overflow\debug\cwe122_heap_based_buffer_overflow__cpp_cwe193_wchar_t_ncpy_01.obj
c:\users\robert\documents\visual studio 2015\projects\codemind_test\cwe122_heap_based_buffer_overflow\debug\cwe122_heap_based_buffer_overflow__cpp_cwe805_char_loop_01.obj
c:\users\robert\documents\visual studio 2015\projects\codemind_test\cwe122_heap_based_buffer_overflow\debug\cwe122_heap_based_buffer_overflow__cpp_cwe805_char_memcpy_01.obj
c:\users\robert\documents\visual studio 2015\projects\codemind_test\cwe122_heap_based_buffer_overflow\debug\cwe122_heap_based_buffer_overflow__cpp_cwe805_char_memmove_01.obj
c:\users\robert\documents\visual studio 2015\projects\codemind_test\cwe122_heap_based_buffer_overflow\debug\cwe122_heap_based_buffer_overflow__cpp_cwe805_char_ncat_01.obj
c:\users\robert\documents\visual studio 2015\projects\codemind_test\cwe122_heap_based_buffer_overflow\debug\cwe122_heap_based_buffer_overflow__cpp_cwe805_char_ncpy_01.obj
c:\users\robert\documents\visual studio 2015\projects\codemind_test\cwe122_heap_based_buffer_overflow\debug\cwe122_heap_based_buffer_overflow__cpp_cwe805_char_snprintf_01.obj
c:\users\robert\documents\visual studio 2015\projects\codemind_test\cwe122_heap_based_buffer_overflow\debug\cwe122_heap_based_buffer_overflow__cpp_cwe805_class_loop_01.obj
c:\users\robert\documents\visual studio 2015\projects\codemind_test\cwe122_heap_based_buffer_overflow\debug\cwe122_heap_based_buffer_overflow__cpp_cwe805_class_memcpy_01.obj
c:\users\robert\documents\visual studio 2015\projects\codemind_test\cwe122_heap_based_buffer_overflow\debug\cwe122_heap_based_buffer_overflow__cpp_cwe805_class_memmove_01.obj
c:\users\robert\documents\visual studio 2015\projects\codemind_test\cwe122_heap_based_buffer_overflow\debug\cwe122_heap_based_buffer_overflow__cpp_cwe805_int64_t_loop_01.obj
c:\users\robert\documents\visual studio 2015\projects\codemind_test\cwe122_heap_based_buffer_overflow\debug\cwe122_heap_based_buffer_overflow__cpp_cwe805_int64_t_memcpy_01.obj
c:\users\robert\documents\visual studio 2015\projects\codemind_test\cwe122_heap_based_buffer_overflow\debug\cwe122_heap_based_buffer_overflow__cpp_dest_wchar_t_cat_74b.obj
c:\users\robert\documents\visual studio 2015\projects\codemind_test\cwe122_heap_based_buffer_overflow\debug\cwe122_heap_based_buffer_overflow__cpp_dest_wchar_t_cat_81a.obj
c:\users\robert\documents\visual studio 2015\projects\codemind_test\cwe122_heap_based_buffer_overflow\debug\cwe122_heap_based_buffer_overflow__cpp_dest_wchar_t_cat_81_bad.obj
c:\users\robert\documents\visual studio 2015\projects\codemind_test\cwe122_heap_based_buffer_overflow\debug\cwe122_heap_based_buffer_overflow__cpp_dest_wchar_t_cat_81_goodg2b.obj
c:\users\robert\documents\visual studio 2015\projects\codemind_test\cwe122_heap_based_buffer_overflow\debug\cwe122_heap_based_buffer_overflow__cpp_dest_wchar_t_cat_82a.obj
c:\users\robert\documents\visual studio 2015\projects\codemind_test\cwe122_heap_based_buffer_overflow\debug\cwe122_heap_based_buffer_overflow__cpp_dest_wchar_t_cat_82_bad.obj
c:\users\robert\documents\visual studio 2015\projects\codemind_test\cwe122_heap_based_buffer_overflow\debug\cwe122_heap_based_buffer_overflow__cpp_dest_wchar_t_cat_82_goodg2b.obj
c:\users\robert\documents\visual studio 2015\projects\codemind_test\cwe122_heap_based_buffer_overflow\debug\cwe122_heap_based_buffer_overflow__cpp_dest_wchar_t_cat_83a.obj
c:\users\robert\documents\visual studio 2015\projects\codemind_test\cwe122_heap_based_buffer_overflow\debug\cwe122_heap_based_buffer_overflow__cpp_dest_wchar_t_cat_83_bad.obj
c:\users\robert\documents\visual studio 2015\projects\codemind_test\cwe122_heap_based_buffer_overflow\debug\cwe122_heap_based_buffer_overflow__cpp_dest_wchar_t_cat_83_goodg2b.obj
c:\users\robert\documents\visual studio 2015\projects\codemind_test\cwe122_heap_based_buffer_overflow\debug\cwe122_heap_based_buffer_overflow__cpp_dest_wchar_t_cat_84a.obj
c:\users\robert\documents\visual studio 2015\projects\codemind_test\cwe122_heap_based_buffer_overflow\debug\cwe122_heap_based_buffer_overflow__cpp_dest_wchar_t_cat_84_bad.obj
c:\users\robert\documents\visual studio 2015\projects\codemind_test\cwe122_heap_based_buffer_overflow\debug\cwe122_heap_based_buffer_overflow__cpp_dest_wchar_t_cat_84_goodg2b.obj
c:\users\robert\documents\visual studio 2015\projects\codemind_test\cwe122_heap_based_buffer_overflow\debug\cwe122_heap_based_buffer_overflow__cpp_cwe129_connect_socket_01.obj
c:\users\robert\documents\visual studio 2015\projects\codemind_test\cwe122_heap_based_buffer_overflow\debug\cwe122_heap_based_buffer_overflow__cpp_cwe129_fgets_01.obj
c:\users\robert\documents\visual studio 2015\projects\codemind_test\cwe122_heap_based_buffer_overflow\debug\cwe122_heap_based_buffer_overflow__cpp_cwe129_fscanf_01.obj
c:\users\robert\documents\visual studio 2015\projects\codemind_test\cwe122_heap_based_buffer_overflow\debug\cwe122_heap_based_buffer_overflow__cpp_cwe129_large_01.obj
c:\users\robert\documents\visual studio 2015\projects\codemind_test\cwe122_heap_based_buffer_overflow\debug\cwe122_heap_based_buffer_overflow__cpp_cwe129_listen_socket_01.obj
c:\users\robert\documents\visual studio 2015\projects\codemind_test\cwe122_heap_based_buffer_overflow\debug\cwe122_heap_based_buffer_overflow__cpp_cwe129_rand_01.obj
c:\users\robert\documents\visual studio 2015\projects\codemind_test\cwe122_heap_based_buffer_overflow\debug\cwe122_heap_based_buffer_overflow__cpp_cwe193_char_cpy_01.obj
c:\users\robert\documents\visual studio 2015\projects\codemind_test\cwe122_heap_based_buffer_overflow\debug\cwe122_heap_based_buffer_overflow__cpp_dest_wchar_t_cat_61b.obj
c:\users\robert\documents\visual studio 2015\projects\codemind_test\cwe122_heap_based_buffer_overflow\debug\cwe122_heap_based_buffer_overflow__cpp_dest_wchar_t_cat_62a.obj
c:\users\robert\documents\visual studio 2015\projects\codemind_test\cwe122_heap_based_buffer_overflow\debug\cwe122_heap_based_buffer_overflow__cpp_dest_wchar_t_cat_62b.obj
c:\users\robert\documents\visual studio 2015\projects\codemind_test\cwe122_heap_based_buffer_overflow\debug\cwe122_heap_based_buffer_overflow__cpp_dest_wchar_t_cat_63a.obj
c:\users\robert\documents\visual studio 2015\projects\codemind_test\cwe122_heap_based_buffer_overflow\debug\cwe122_heap_based_buffer_overflow__cpp_dest_wchar_t_cat_63b.obj
c:\users\robert\documents\visual studio 2015\projects\codemind_test\cwe122_heap_based_buffer_overflow\debug\cwe122_heap_based_buffer_overflow__cpp_dest_wchar_t_cat_64a.obj
c:\users\robert\documents\visual studio 2015\projects\codemind_test\cwe122_heap_based_buffer_overflow\debug\cwe122_heap_based_buffer_overflow__cpp_dest_wchar_t_cat_64b.obj
c:\users\robert\documents\visual studio 2015\projects\codemind_test\cwe122_heap_based_buffer_overflow\debug\cwe122_heap_based_buffer_overflow__cpp_dest_wchar_t_cat_65a.obj
c:\users\robert\documents\visual studio 2015\projects\codemind_test\cwe122_heap_based_buffer_overflow\debug\cwe122_heap_based_buffer_overflow__cpp_dest_wchar_t_cat_65b.obj
c:\users\robert\documents\visual studio 2015\projects\codemind_test\cwe122_heap_based_buffer_overflow\debug\cwe122_heap_based_buffer_overflow__cpp_dest_wchar_t_cat_66a.obj
c:\users\robert\documents\visual studio 2015\projects\codemind_test\cwe122_heap_based_buffer_overflow\debug\cwe122_heap_based_buffer_overflow__cpp_dest_wchar_t_cat_66b.obj
c:\users\robert\documents\visual studio 2015\projects\codemind_test\cwe122_heap_based_buffer_overflow\debug\cwe122_heap_based_buffer_overflow__cpp_dest_wchar_t_cat_67a.obj
c:\users\robert\documents\visual studio 2015\projects\codemind_test\cwe122_heap_based_buffer_overflow\debug\cwe122_heap_based_buffer_overflow__cpp_dest_wchar_t_cat_67b.obj
c:\users\robert\documents\visual studio 2015\projects\codemind_test\cwe122_heap_based_buffer_overflow\debug\cwe122_heap_based_buffer_overflow__cpp_dest_wchar_t_cat_68a.obj
c:\users\robert\documents\visual studio 2015\projects\codemind_test\cwe122_heap_based_buffer_overflow\debug\cwe122_heap_based_buffer_overflow__cpp_dest_wchar_t_cat_68b.obj
c:\users\robert\documents\visual studio 2015\projects\codemind_test\cwe122_heap_based_buffer_overflow\debug\cwe122_heap_based_buffer_overflow__cpp_dest_wchar_t_cat_72a.obj
c:\users\robert\documents\visual studio 2015\projects\codemind_test\cwe122_heap_based_buffer_overflow\debug\cwe122_heap_based_buffer_overflow__cpp_dest_wchar_t_cat_72b.obj
c:\users\robert\documents\visual studio 2015\projects\codemind_test\cwe122_heap_based_buffer_overflow\debug\cwe122_heap_based_buffer_overflow__cpp_dest_wchar_t_cat_73a.obj
c:\users\robert\documents\visual studio 2015\projects\codemind_test\cwe122_heap_based_buffer_overflow\debug\cwe122_heap_based_buffer_overflow__cpp_dest_wchar_t_cat_73b.obj
c:\users\robert\documents\visual studio 2015\projects\codemind_test\cwe122_heap_based_buffer_overflow\debug\cwe122_heap_based_buffer_overflow__cpp_dest_wchar_t_cat_74a.obj
c:\users\robert\documents\visual studio 2015\projects\codemind_test\cwe122_heap_based_buffer_overflow\debug\cwe122_heap_based_buffer_overflow__cpp_dest_wchar_t_cat_41.obj
c:\users\robert\documents\visual studio 2015\projects\codemind_test\cwe122_heap_based_buffer_overflow\debug\cwe122_heap_based_buffer_overflow__cpp_dest_wchar_t_cat_42.obj
c:\users\robert\documents\visual studio 2015\projects\codemind_test\cwe122_heap_based_buffer_overflow\debug\cwe122_heap_based_buffer_overflow__cpp_dest_wchar_t_cat_43.obj
c:\users\robert\documents\visual studio 2015\projects\codemind_test\cwe122_heap_based_buffer_overflow\debug\cwe122_heap_based_buffer_overflow__cpp_dest_wchar_t_cat_44.obj
c:\users\robert\documents\visual studio 2015\projects\codemind_test\cwe122_heap_based_buffer_overflow\debug\cwe122_heap_based_buffer_overflow__cpp_dest_wchar_t_cat_45.obj
c:\users\robert\documents\visual studio 2015\projects\codemind_test\cwe122_heap_based_buffer_overflow\debug\cwe122_heap_based_buffer_overflow__cpp_dest_wchar_t_cat_51a.obj
c:\users\robert\documents\visual studio 2015\projects\codemind_test\cwe122_heap_based_buffer_overflow\debug\cwe122_heap_based_buffer_overflow__cpp_dest_wchar_t_cat_51b.obj
c:\users\robert\documents\visual studio 2015\projects\codemind_test\cwe122_heap_based_buffer_overflow\debug\cwe122_heap_based_buffer_overflow__cpp_dest_wchar_t_cat_52a.obj
c:\users\robert\documents\visual studio 2015\projects\codemind_test\cwe122_heap_based_buffer_overflow\debug\cwe122_heap_based_buffer_overflow__cpp_dest_wchar_t_cat_52b.obj
c:\users\robert\documents\visual studio 2015\projects\codemind_test\cwe122_heap_based_buffer_overflow\debug\cwe122_heap_based_buffer_overflow__cpp_dest_wchar_t_cat_52c.obj
c:\users\robert\documents\visual studio 2015\projects\codemind_test\cwe122_heap_based_buffer_overflow\debug\cwe122_heap_based_buffer_overflow__cpp_dest_wchar_t_cat_53a.obj
c:\users\robert\documents\visual studio 2015\projects\codemind_test\cwe122_heap_based_buffer_overflow\debug\cwe122_heap_based_buffer_overflow__cpp_dest_wchar_t_cat_53b.obj
c:\users\robert\documents\visual studio 2015\projects\codemind_test\cwe122_heap_based_buffer_overflow\debug\cwe122_heap_based_buffer_overflow__cpp_dest_wchar_t_cat_53c.obj
c:\users\robert\documents\visual studio 2015\projects\codemind_test\cwe122_heap_based_buffer_overflow\debug\cwe122_heap_based_buffer_overflow__cpp_dest_wchar_t_cat_53d.obj
c:\users\robert\documents\visual studio 2015\projects\codemind_test\cwe122_heap_based_buffer_overflow\debug\cwe122_heap_based_buffer_overflow__cpp_dest_wchar_t_cat_54a.obj
c:\users\robert\documents\visual studio 2015\projects\codemind_test\cwe122_heap_based_buffer_overflow\debug\cwe122_heap_based_buffer_overflow__cpp_dest_wchar_t_cat_54b.obj
c:\users\robert\documents\visual studio 2015\projects\codemind_test\cwe122_heap_based_buffer_overflow\debug\cwe122_heap_based_buffer_overflow__cpp_dest_wchar_t_cat_54c.obj
c:\users\robert\documents\visual studio 2015\projects\codemind_test\cwe122_heap_based_buffer_overflow\debug\cwe122_heap_based_buffer_overflow__cpp_dest_wchar_t_cat_54d.obj
c:\users\robert\documents\visual studio 2015\projects\codemind_test\cwe122_heap_based_buffer_overflow\debug\cwe122_heap_based_buffer_overflow__cpp_dest_wchar_t_cat_54e.obj
c:\users\robert\documents\visual studio 2015\projects\codemind_test\cwe122_heap_based_buffer_overflow\debug\cwe122_heap_based_buffer_overflow__cpp_dest_wchar_t_cat_61a.obj
c:\users\robert\documents\visual studio 2015\projects\codemind_test\cwe122_heap_based_buffer_overflow\debug\cwe122_heap_based_buffer_overflow__cpp_dest_wchar_t_cat_06.obj
c:\users\robert\documents\visual studio 2015\projects\codemind_test\cwe122_heap_based_buffer_overflow\debug\cwe122_heap_based_buffer_overflow__cpp_dest_wchar_t_cat_07.obj
c:\users\robert\documents\visual studio 2015\projects\codemind_test\cwe122_heap_based_buffer_overflow\debug\cwe122_heap_based_buffer_overflow__cpp_dest_wchar_t_cat_08.obj
c:\users\robert\documents\visual studio 2015\projects\codemind_test\cwe122_heap_based_buffer_overflow\debug\cwe122_heap_based_buffer_overflow__cpp_dest_wchar_t_cat_09.obj
c:\users\robert\documents\visual studio 2015\projects\codemind_test\cwe122_heap_based_buffer_overflow\debug\cwe122_heap_based_buffer_overflow__cpp_dest_wchar_t_cat_10.obj
c:\users\robert\documents\visual studio 2015\projects\codemind_test\cwe122_heap_based_buffer_overflow\debug\cwe122_heap_based_buffer_overflow__cpp_dest_wchar_t_cat_11.obj
c:\users\robert\documents\visual studio 2015\projects\codemind_test\cwe122_heap_based_buffer_overflow\debug\cwe122_heap_based_buffer_overflow__cpp_dest_wchar_t_cat_12.obj
c:\users\robert\documents\visual studio 2015\projects\codemind_test\cwe122_heap_based_buffer_overflow\debug\cwe122_heap_based_buffer_overflow__cpp_dest_wchar_t_cat_13.obj
c:\users\robert\documents\visual studio 2015\projects\codemind_test\cwe122_heap_based_buffer_overflow\debug\cwe122_heap_based_buffer_overflow__cpp_dest_wchar_t_cat_14.obj
c:\users\robert\documents\visual studio 2015\projects\codemind_test\cwe122_heap_based_buffer_overflow\debug\cwe122_heap_based_buffer_overflow__cpp_dest_wchar_t_cat_15.obj
c:\users\robert\documents\visual studio 2015\projects\codemind_test\cwe122_heap_based_buffer_overflow\debug\cwe122_heap_based_buffer_overflow__cpp_dest_wchar_t_cat_16.obj
c:\users\robert\documents\visual studio 2015\projects\codemind_test\cwe122_heap_based_buffer_overflow\debug\cwe122_heap_based_buffer_overflow__cpp_dest_wchar_t_cat_17.obj
c:\users\robert\documents\visual studio 2015\projects\codemind_test\cwe122_heap_based_buffer_overflow\debug\cwe122_heap_based_buffer_overflow__cpp_dest_wchar_t_cat_18.obj
c:\users\robert\documents\visual studio 2015\projects\codemind_test\cwe122_heap_based_buffer_overflow\debug\cwe122_heap_based_buffer_overflow__cpp_dest_wchar_t_cat_21.obj
c:\users\robert\documents\visual studio 2015\projects\codemind_test\cwe122_heap_based_buffer_overflow\debug\cwe122_heap_based_buffer_overflow__cpp_dest_wchar_t_cat_22a.obj
c:\users\robert\documents\visual studio 2015\projects\codemind_test\cwe122_heap_based_buffer_overflow\debug\cwe122_heap_based_buffer_overflow__cpp_dest_wchar_t_cat_22b.obj
c:\users\robert\documents\visual studio 2015\projects\codemind_test\cwe122_heap_based_buffer_overflow\debug\cwe122_heap_based_buffer_overflow__cpp_dest_wchar_t_cat_31.obj
c:\users\robert\documents\visual studio 2015\projects\codemind_test\cwe122_heap_based_buffer_overflow\debug\cwe122_heap_based_buffer_overflow__cpp_dest_wchar_t_cat_32.obj
c:\users\robert\documents\visual studio 2015\projects\codemind_test\cwe122_heap_based_buffer_overflow\debug\cwe122_heap_based_buffer_overflow__cpp_dest_wchar_t_cat_33.obj
c:\users\robert\documents\visual studio 2015\projects\codemind_test\cwe122_heap_based_buffer_overflow\debug\cwe122_heap_based_buffer_overflow__cpp_dest_wchar_t_cat_34.obj
c:\users\robert\documents\visual studio 2015\projects\codemind_test\cwe122_heap_based_buffer_overflow\debug\fake_main.obj
c:\users\robert\documents\visual studio 2015\projects\codemind_test\cwe122_heap_based_buffer_overflow\debug\cwe122_heap_based_buffer_overflow__cpp_dest_wchar_t_cat_02.obj
c:\users\robert\documents\visual studio 2015\projects\codemind_test\cwe122_heap_based_buffer_overflow\debug\cwe122_heap_based_buffer_overflow__cpp_dest_wchar_t_cat_03.obj
c:\users\robert\documents\visual studio 2015\projects\codemind_test\cwe122_heap_based_buffer_overflow\debug\cwe122_heap_based_buffer_overflow__cpp_dest_wchar_t_cat_04.obj
c:\users\robert\documents\visual studio 2015\projects\codemind_test\cwe122_heap_based_buffer_overflow\debug\cwe122_heap_based_buffer_overflow__cpp_dest_wchar_t_cat_05.obj
c:\users\robert\documents\visual studio 2015\projects\codemind_test\cwe122_heap_based_buffer_overflow\debug\cwe122_heap_based_buffer_overflow__char_type_overrun_memcpy_03.obj
c:\users\robert\documents\visual studio 2015\projects\codemind_test\cwe122_heap_based_buffer_overflow\debug\cwe122_heap_based_buffer_overflow__char_type_overrun_memcpy_04.obj
c:\users\robert\documents\visual studio 2015\projects\codemind_test\cwe122_heap_based_buffer_overflow\debug\cwe122_heap_based_buffer_overflow__char_type_overrun_memcpy_05.obj
c:\users\robert\documents\visual studio 2015\projects\codemind_test\cwe122_heap_based_buffer_overflow\debug\cwe122_heap_based_buffer_overflow__char_type_overrun_memcpy_06.obj
c:\users\robert\documents\visual studio 2015\projects\codemind_test\cwe122_heap_based_buffer_overflow\debug\cwe122_heap_based_buffer_overflow__char_type_overrun_memcpy_07.obj
c:\users\robert\documents\visual studio 2015\projects\codemind_test\cwe122_heap_based_buffer_overflow\debug\cwe122_heap_based_buffer_overflow__char_type_overrun_memcpy_08.obj
c:\users\robert\documents\visual studio 2015\projects\codemind_test\cwe122_heap_based_buffer_overflow\debug\cwe122_heap_based_buffer_overflow__char_type_overrun_memcpy_09.obj
c:\users\robert\documents\visual studio 2015\projects\codemind_test\cwe122_heap_based_buffer_overflow\debug\cwe122_heap_based_buffer_overflow__char_type_overrun_memcpy_10.obj
c:\users\robert\documents\visual studio 2015\projects\codemind_test\cwe122_heap_based_buffer_overflow\debug\cwe122_heap_based_buffer_overflow__char_type_overrun_memcpy_11.obj
c:\users\robert\documents\visual studio 2015\projects\codemind_test\cwe122_heap_based_buffer_overflow\debug\cwe122_heap_based_buffer_overflow__char_type_overrun_memcpy_12.obj
c:\users\robert\documents\visual studio 2015\projects\codemind_test\cwe122_heap_based_buffer_overflow\debug\cwe122_heap_based_buffer_overflow__char_type_overrun_memcpy_13.obj
c:\users\robert\documents\visual studio 2015\projects\codemind_test\cwe122_heap_based_buffer_overflow\debug\cwe122_heap_based_buffer_overflow__char_type_overrun_memcpy_14.obj
c:\users\robert\documents\visual studio 2015\projects\codemind_test\cwe122_heap_based_buffer_overflow\debug\cwe122_heap_based_buffer_overflow__char_type_overrun_memcpy_15.obj
c:\users\robert\documents\visual studio 2015\projects\codemind_test\cwe122_heap_based_buffer_overflow\debug\cwe122_heap_based_buffer_overflow__char_type_overrun_memcpy_16.obj
c:\users\robert\documents\visual studio 2015\projects\codemind_test\cwe122_heap_based_buffer_overflow\debug\cwe122_heap_based_buffer_overflow__char_type_overrun_memcpy_17.obj
c:\users\robert\documents\visual studio 2015\projects\codemind_test\cwe122_heap_based_buffer_overflow\debug\cwe122_heap_based_buffer_overflow__char_type_overrun_memcpy_18.obj
c:\users\robert\documents\visual studio 2015\projects\codemind_test\cwe122_heap_based_buffer_overflow\debug\cwe122_heap_based_buffer_overflow__char_type_overrun_memcpy_01.obj
c:\users\robert\documents\visual studio 2015\projects\codemind_test\cwe122_heap_based_buffer_overflow\debug\cwe122_heap_based_buffer_overflow__char_type_overrun_memmove_01.obj
c:\users\robert\documents\visual studio 2015\projects\codemind_test\cwe122_heap_based_buffer_overflow\debug\cwe122_heap_based_buffer_overflow__wchar_t_type_overrun_memcpy_01.obj
c:\users\robert\documents\visual studio 2015\projects\codemind_test\cwe122_heap_based_buffer_overflow\debug\cwe122_heap_based_buffer_overflow__wchar_t_type_overrun_memmove_01.obj
c:\users\robert\documents\visual studio 2015\projects\codemind_test\cwe122_heap_based_buffer_overflow\debug\cwe122_heap_based_buffer_overflow__c_cwe806_char_snprintf_01.obj
c:\users\robert\documents\visual studio 2015\projects\codemind_test\cwe122_heap_based_buffer_overflow\debug\cwe122_heap_based_buffer_overflow__c_cwe806_wchar_t_loop_01.obj
c:\users\robert\documents\visual studio 2015\projects\codemind_test\cwe122_heap_based_buffer_overflow\debug\cwe122_heap_based_buffer_overflow__c_cwe806_wchar_t_memcpy_01.obj
c:\users\robert\documents\visual studio 2015\projects\codemind_test\cwe122_heap_based_buffer_overflow\debug\cwe122_heap_based_buffer_overflow__c_cwe806_wchar_t_memmove_01.obj
c:\users\robert\documents\visual studio 2015\projects\codemind_test\cwe122_heap_based_buffer_overflow\debug\cwe122_heap_based_buffer_overflow__c_cwe806_wchar_t_ncat_01.obj
c:\users\robert\documents\visual studio 2015\projects\codemind_test\cwe122_heap_based_buffer_overflow\debug\cwe122_heap_based_buffer_overflow__c_cwe806_wchar_t_ncpy_01.obj
c:\users\robert\documents\visual studio 2015\projects\codemind_test\cwe122_heap_based_buffer_overflow\debug\cwe122_heap_based_buffer_overflow__c_cwe806_wchar_t_snprintf_01.obj
c:\users\robert\documents\visual studio 2015\projects\codemind_test\cwe122_heap_based_buffer_overflow\debug\cwe122_heap_based_buffer_overflow__c_dest_char_cat_01.obj
c:\users\robert\documents\visual studio 2015\projects\codemind_test\cwe122_heap_based_buffer_overflow\debug\cwe122_heap_based_buffer_overflow__c_dest_char_cpy_01.obj
c:\users\robert\documents\visual studio 2015\projects\codemind_test\cwe122_heap_based_buffer_overflow\debug\cwe122_heap_based_buffer_overflow__c_dest_wchar_t_cat_01.obj
c:\users\robert\documents\visual studio 2015\projects\codemind_test\cwe122_heap_based_buffer_overflow\debug\cwe122_heap_based_buffer_overflow__c_dest_wchar_t_cpy_01.obj
c:\users\robert\documents\visual studio 2015\projects\codemind_test\cwe122_heap_based_buffer_overflow\debug\cwe122_heap_based_buffer_overflow__c_src_char_cat_01.obj
c:\users\robert\documents\visual studio 2015\projects\codemind_test\cwe122_heap_based_buffer_overflow\debug\cwe122_heap_based_buffer_overflow__c_src_char_cpy_01.obj
c:\users\robert\documents\visual studio 2015\projects\codemind_test\cwe122_heap_based_buffer_overflow\debug\cwe122_heap_based_buffer_overflow__c_src_wchar_t_cat_01.obj
c:\users\robert\documents\visual studio 2015\projects\codemind_test\cwe122_heap_based_buffer_overflow\debug\cwe122_heap_based_buffer_overflow__c_src_wchar_t_cpy_01.obj
c:\users\robert\documents\visual studio 2015\projects\codemind_test\cwe122_heap_based_buffer_overflow\debug\cwe122_heap_based_buffer_overflow__sizeof_double_01.obj
c:\users\robert\documents\visual studio 2015\projects\codemind_test\cwe122_heap_based_buffer_overflow\debug\cwe122_heap_based_buffer_overflow__sizeof_int64_t_01.obj
c:\users\robert\documents\visual studio 2015\projects\codemind_test\cwe122_heap_based_buffer_overflow\debug\cwe122_heap_based_buffer_overflow__sizeof_struct_01.obj
c:\users\robert\documents\visual studio 2015\projects\codemind_test\cwe122_heap_based_buffer_overflow\debug\cwe122_heap_based_buffer_overflow__char_type_overrun_memcpy_02.obj
c:\users\robert\documents\visual studio 2015\projects\codemind_test\cwe122_heap_based_buffer_overflow\debug\cwe122_heap_based_buffer_overflow__c_cwe805_int64_t_loop_01.obj
c:\users\robert\documents\visual studio 2015\projects\codemind_test\cwe122_heap_based_buffer_overflow\debug\cwe122_heap_based_buffer_overflow__c_cwe805_int64_t_memcpy_01.obj
c:\users\robert\documents\visual studio 2015\projects\codemind_test\cwe122_heap_based_buffer_overflow\debug\cwe122_heap_based_buffer_overflow__c_cwe805_int64_t_memmove_01.obj
c:\users\robert\documents\visual studio 2015\projects\codemind_test\cwe122_heap_based_buffer_overflow\debug\cwe122_heap_based_buffer_overflow__c_cwe805_int_loop_01.obj
c:\users\robert\documents\visual studio 2015\projects\codemind_test\cwe122_heap_based_buffer_overflow\debug\cwe122_heap_based_buffer_overflow__c_cwe805_int_memcpy_01.obj
c:\users\robert\documents\visual studio 2015\projects\codemind_test\cwe122_heap_based_buffer_overflow\debug\cwe122_heap_based_buffer_overflow__c_cwe805_int_memmove_01.obj
c:\users\robert\documents\visual studio 2015\projects\codemind_test\cwe122_heap_based_buffer_overflow\debug\cwe122_heap_based_buffer_overflow__c_cwe805_struct_loop_01.obj
c:\users\robert\documents\visual studio 2015\projects\codemind_test\cwe122_heap_based_buffer_overflow\debug\cwe122_heap_based_buffer_overflow__c_cwe805_struct_memcpy_01.obj
c:\users\robert\documents\visual studio 2015\projects\codemind_test\cwe122_heap_based_buffer_overflow\debug\cwe122_heap_based_buffer_overflow__c_cwe805_struct_memmove_01.obj
c:\users\robert\documents\visual studio 2015\projects\codemind_test\cwe122_heap_based_buffer_overflow\debug\cwe122_heap_based_buffer_overflow__c_cwe805_wchar_t_loop_01.obj
c:\users\robert\documents\visual studio 2015\projects\codemind_test\cwe122_heap_based_buffer_overflow\debug\cwe122_heap_based_buffer_overflow__c_cwe805_wchar_t_memcpy_01.obj
c:\users\robert\documents\visual studio 2015\projects\codemind_test\cwe122_heap_based_buffer_overflow\debug\cwe122_heap_based_buffer_overflow__c_cwe805_wchar_t_memmove_01.obj
c:\users\robert\documents\visual studio 2015\projects\codemind_test\cwe122_heap_based_buffer_overflow\debug\cwe122_heap_based_buffer_overflow__c_cwe805_wchar_t_ncat_01.obj
c:\users\robert\documents\visual studio 2015\projects\codemind_test\cwe122_heap_based_buffer_overflow\debug\cwe122_heap_based_buffer_overflow__c_cwe805_wchar_t_ncpy_01.obj
c:\users\robert\documents\visual studio 2015\projects\codemind_test\cwe122_heap_based_buffer_overflow\debug\cwe122_heap_based_buffer_overflow__c_cwe805_wchar_t_snprintf_01.obj
c:\users\robert\documents\visual studio 2015\projects\codemind_test\cwe122_heap_based_buffer_overflow\debug\cwe122_heap_based_buffer_overflow__c_cwe806_char_loop_01.obj
c:\users\robert\documents\visual studio 2015\projects\codemind_test\cwe122_heap_based_buffer_overflow\debug\cwe122_heap_based_buffer_overflow__c_cwe806_char_memcpy_01.obj
c:\users\robert\documents\visual studio 2015\projects\codemind_test\cwe122_heap_based_buffer_overflow\debug\cwe122_heap_based_buffer_overflow__c_cwe806_char_memmove_01.obj
c:\users\robert\documents\visual studio 2015\projects\codemind_test\cwe122_heap_based_buffer_overflow\debug\cwe122_heap_based_buffer_overflow__c_cwe806_char_ncat_01.obj
c:\users\robert\documents\visual studio 2015\projects\codemind_test\cwe122_heap_based_buffer_overflow\debug\cwe122_heap_based_buffer_overflow__c_cwe806_char_ncpy_01.obj
c:\users\robert\documents\visual studio 2015\projects\codemind_test\cwe122_heap_based_buffer_overflow\debug\cwe122_heap_based_buffer_overflow__c_cwe129_fscanf_01.obj
c:\users\robert\documents\visual studio 2015\projects\codemind_test\cwe122_heap_based_buffer_overflow\debug\cwe122_heap_based_buffer_overflow__c_cwe129_large_01.obj
c:\users\robert\documents\visual studio 2015\projects\codemind_test\cwe122_heap_based_buffer_overflow\debug\cwe122_heap_based_buffer_overflow__c_cwe129_listen_socket_01.obj
c:\users\robert\documents\visual studio 2015\projects\codemind_test\cwe122_heap_based_buffer_overflow\debug\cwe122_heap_based_buffer_overflow__c_cwe129_rand_01.obj
c:\users\robert\documents\visual studio 2015\projects\codemind_test\cwe122_heap_based_buffer_overflow\debug\cwe122_heap_based_buffer_overflow__c_cwe193_char_cpy_01.obj
c:\users\robert\documents\visual studio 2015\projects\codemind_test\cwe122_heap_based_buffer_overflow\debug\cwe122_heap_based_buffer_overflow__c_cwe193_char_loop_01.obj
c:\users\robert\documents\visual studio 2015\projects\codemind_test\cwe122_heap_based_buffer_overflow\debug\cwe122_heap_based_buffer_overflow__c_cwe193_char_memcpy_01.obj
c:\users\robert\documents\visual studio 2015\projects\codemind_test\cwe122_heap_based_buffer_overflow\debug\cwe122_heap_based_buffer_overflow__c_cwe193_char_memmove_01.obj
c:\users\robert\documents\visual studio 2015\projects\codemind_test\cwe122_heap_based_buffer_overflow\debug\cwe122_heap_based_buffer_overflow__c_cwe193_char_ncpy_01.obj
c:\users\robert\documents\visual studio 2015\projects\codemind_test\cwe122_heap_based_buffer_overflow\debug\cwe122_heap_based_buffer_overflow__c_cwe193_wchar_t_cpy_01.obj
c:\users\robert\documents\visual studio 2015\projects\codemind_test\cwe122_heap_based_buffer_overflow\debug\cwe122_heap_based_buffer_overflow__c_cwe193_wchar_t_loop_01.obj
c:\users\robert\documents\visual studio 2015\projects\codemind_test\cwe122_heap_based_buffer_overflow\debug\cwe122_heap_based_buffer_overflow__c_cwe193_wchar_t_memcpy_01.obj
c:\users\robert\documents\visual studio 2015\projects\codemind_test\cwe122_heap_based_buffer_overflow\debug\cwe122_heap_based_buffer_overflow__c_cwe193_wchar_t_memmove_01.obj
c:\users\robert\documents\visual studio 2015\projects\codemind_test\cwe122_heap_based_buffer_overflow\debug\cwe122_heap_based_buffer_overflow__c_cwe193_wchar_t_ncpy_01.obj
c:\users\robert\documents\visual studio 2015\projects\codemind_test\cwe122_heap_based_buffer_overflow\debug\cwe122_heap_based_buffer_overflow__c_cwe805_char_loop_01.obj
c:\users\robert\documents\visual studio 2015\projects\codemind_test\cwe122_heap_based_buffer_overflow\debug\cwe122_heap_based_buffer_overflow__c_cwe805_char_memcpy_01.obj
c:\users\robert\documents\visual studio 2015\projects\codemind_test\cwe122_heap_based_buffer_overflow\debug\cwe122_heap_based_buffer_overflow__c_cwe805_char_memmove_01.obj
c:\users\robert\documents\visual studio 2015\projects\codemind_test\cwe122_heap_based_buffer_overflow\debug\cwe122_heap_based_buffer_overflow__c_cwe805_char_ncat_01.obj
c:\users\robert\documents\visual studio 2015\projects\codemind_test\cwe122_heap_based_buffer_overflow\debug\cwe122_heap_based_buffer_overflow__c_cwe805_char_ncpy_01.obj
c:\users\robert\documents\visual studio 2015\projects\codemind_test\cwe122_heap_based_buffer_overflow\debug\cwe122_heap_based_buffer_overflow__c_cwe805_char_snprintf_01.obj
c:\users\robert\documents\visual studio 2015\projects\codemind_test\cwe122_heap_based_buffer_overflow\debug\cwe122_heap_based_buffer_overflow__c_cwe193_wchar_t_loop_54d.obj
c:\users\robert\documents\visual studio 2015\projects\codemind_test\cwe122_heap_based_buffer_overflow\debug\cwe122_heap_based_buffer_overflow__c_cwe193_wchar_t_loop_54e.obj
c:\users\robert\documents\visual studio 2015\projects\codemind_test\cwe122_heap_based_buffer_overflow\debug\cwe122_heap_based_buffer_overflow__c_cwe193_wchar_t_loop_61a.obj
c:\users\robert\documents\visual studio 2015\projects\codemind_test\cwe122_heap_based_buffer_overflow\debug\cwe122_heap_based_buffer_overflow__c_cwe193_wchar_t_loop_61b.obj
c:\users\robert\documents\visual studio 2015\projects\codemind_test\cwe122_heap_based_buffer_overflow\debug\cwe122_heap_based_buffer_overflow__c_cwe193_wchar_t_loop_63a.obj
c:\users\robert\documents\visual studio 2015\projects\codemind_test\cwe122_heap_based_buffer_overflow\debug\cwe122_heap_based_buffer_overflow__c_cwe193_wchar_t_loop_63b.obj
c:\users\robert\documents\visual studio 2015\projects\codemind_test\cwe122_heap_based_buffer_overflow\debug\cwe122_heap_based_buffer_overflow__c_cwe193_wchar_t_loop_64a.obj
c:\users\robert\documents\visual studio 2015\projects\codemind_test\cwe122_heap_based_buffer_overflow\debug\cwe122_heap_based_buffer_overflow__c_cwe193_wchar_t_loop_64b.obj
c:\users\robert\documents\visual studio 2015\projects\codemind_test\cwe122_heap_based_buffer_overflow\debug\cwe122_heap_based_buffer_overflow__c_cwe193_wchar_t_loop_65a.obj
c:\users\robert\documents\visual studio 2015\projects\codemind_test\cwe122_heap_based_buffer_overflow\debug\cwe122_heap_based_buffer_overflow__c_cwe193_wchar_t_loop_65b.obj
c:\users\robert\documents\visual studio 2015\projects\codemind_test\cwe122_heap_based_buffer_overflow\debug\cwe122_heap_based_buffer_overflow__c_cwe193_wchar_t_loop_66a.obj
c:\users\robert\documents\visual studio 2015\projects\codemind_test\cwe122_heap_based_buffer_overflow\debug\cwe122_heap_based_buffer_overflow__c_cwe193_wchar_t_loop_66b.obj
c:\users\robert\documents\visual studio 2015\projects\codemind_test\cwe122_heap_based_buffer_overflow\debug\cwe122_heap_based_buffer_overflow__c_cwe193_wchar_t_loop_67a.obj
c:\users\robert\documents\visual studio 2015\projects\codemind_test\cwe122_heap_based_buffer_overflow\debug\cwe122_heap_based_buffer_overflow__c_cwe193_wchar_t_loop_67b.obj
c:\users\robert\documents\visual studio 2015\projects\codemind_test\cwe122_heap_based_buffer_overflow\debug\cwe122_heap_based_buffer_overflow__c_cwe193_wchar_t_loop_68a.obj
c:\users\robert\documents\visual studio 2015\projects\codemind_test\cwe122_heap_based_buffer_overflow\debug\cwe122_heap_based_buffer_overflow__c_cwe193_wchar_t_loop_68b.obj
c:\users\robert\documents\visual studio 2015\projects\codemind_test\cwe122_heap_based_buffer_overflow\debug\cwe122_heap_based_buffer_overflow__cwe131_memmove_01.obj
c:\users\robert\documents\visual studio 2015\projects\codemind_test\cwe122_heap_based_buffer_overflow\debug\cwe122_heap_based_buffer_overflow__cwe135_01.obj
c:\users\robert\documents\visual studio 2015\projects\codemind_test\cwe122_heap_based_buffer_overflow\debug\cwe122_heap_based_buffer_overflow__c_cwe129_connect_socket_01.obj
c:\users\robert\documents\visual studio 2015\projects\codemind_test\cwe122_heap_based_buffer_overflow\debug\cwe122_heap_based_buffer_overflow__c_cwe129_fgets_01.obj
c:\users\robert\documents\visual studio 2015\projects\codemind_test\cwe122_heap_based_buffer_overflow\debug\cwe122_heap_based_buffer_overflow__c_cwe193_wchar_t_loop_22b.obj
c:\users\robert\documents\visual studio 2015\projects\codemind_test\cwe122_heap_based_buffer_overflow\debug\cwe122_heap_based_buffer_overflow__c_cwe193_wchar_t_loop_31.obj
c:\users\robert\documents\visual studio 2015\projects\codemind_test\cwe122_heap_based_buffer_overflow\debug\cwe122_heap_based_buffer_overflow__c_cwe193_wchar_t_loop_32.obj
c:\users\robert\documents\visual studio 2015\projects\codemind_test\cwe122_heap_based_buffer_overflow\debug\cwe122_heap_based_buffer_overflow__c_cwe193_wchar_t_loop_34.obj
c:\users\robert\documents\visual studio 2015\projects\codemind_test\cwe122_heap_based_buffer_overflow\debug\cwe122_heap_based_buffer_overflow__c_cwe193_wchar_t_loop_41.obj
c:\users\robert\documents\visual studio 2015\projects\codemind_test\cwe122_heap_based_buffer_overflow\debug\cwe122_heap_based_buffer_overflow__c_cwe193_wchar_t_loop_42.obj
c:\users\robert\documents\visual studio 2015\projects\codemind_test\cwe122_heap_based_buffer_overflow\debug\cwe122_heap_based_buffer_overflow__c_cwe193_wchar_t_loop_44.obj
c:\users\robert\documents\visual studio 2015\projects\codemind_test\cwe122_heap_based_buffer_overflow\debug\cwe122_heap_based_buffer_overflow__c_cwe193_wchar_t_loop_45.obj
c:\users\robert\documents\visual studio 2015\projects\codemind_test\cwe122_heap_based_buffer_overflow\debug\cwe122_heap_based_buffer_overflow__c_cwe193_wchar_t_loop_51a.obj
c:\users\robert\documents\visual studio 2015\projects\codemind_test\cwe122_heap_based_buffer_overflow\debug\cwe122_heap_based_buffer_overflow__c_cwe193_wchar_t_loop_51b.obj
c:\users\robert\documents\visual studio 2015\projects\codemind_test\cwe122_heap_based_buffer_overflow\debug\cwe122_heap_based_buffer_overflow__c_cwe193_wchar_t_loop_52a.obj
c:\users\robert\documents\visual studio 2015\projects\codemind_test\cwe122_heap_based_buffer_overflow\debug\cwe122_heap_based_buffer_overflow__c_cwe193_wchar_t_loop_52b.obj
c:\users\robert\documents\visual studio 2015\projects\codemind_test\cwe122_heap_based_buffer_overflow\debug\cwe122_heap_based_buffer_overflow__c_cwe193_wchar_t_loop_52c.obj
c:\users\robert\documents\visual studio 2015\projects\codemind_test\cwe122_heap_based_buffer_overflow\debug\cwe122_heap_based_buffer_overflow__c_cwe193_wchar_t_loop_53a.obj
c:\users\robert\documents\visual studio 2015\projects\codemind_test\cwe122_heap_based_buffer_overflow\debug\cwe122_heap_based_buffer_overflow__c_cwe193_wchar_t_loop_53b.obj
c:\users\robert\documents\visual studio 2015\projects\codemind_test\cwe122_heap_based_buffer_overflow\debug\cwe122_heap_based_buffer_overflow__c_cwe193_wchar_t_loop_53c.obj
c:\users\robert\documents\visual studio 2015\projects\codemind_test\cwe122_heap_based_buffer_overflow\debug\cwe122_heap_based_buffer_overflow__c_cwe193_wchar_t_loop_53d.obj
c:\users\robert\documents\visual studio 2015\projects\codemind_test\cwe122_heap_based_buffer_overflow\debug\cwe122_heap_based_buffer_overflow__c_cwe193_wchar_t_loop_54a.obj
c:\users\robert\documents\visual studio 2015\projects\codemind_test\cwe122_heap_based_buffer_overflow\debug\cwe122_heap_based_buffer_overflow__c_cwe193_wchar_t_loop_54b.obj
c:\users\robert\documents\visual studio 2015\projects\codemind_test\cwe122_heap_based_buffer_overflow\debug\cwe122_heap_based_buffer_overflow__c_cwe193_wchar_t_loop_54c.obj
c:\users\robert\documents\visual studio 2015\projects\codemind_test\cwe122_heap_based_buffer_overflow\debug\cwe122_heap_based_buffer_overflow__c_cwe193_wchar_t_loop_02.obj
c:\users\robert\documents\visual studio 2015\projects\codemind_test\cwe122_heap_based_buffer_overflow\debug\cwe122_heap_based_buffer_overflow__c_cwe193_wchar_t_loop_03.obj
c:\users\robert\documents\visual studio 2015\projects\codemind_test\cwe122_heap_based_buffer_overflow\debug\cwe122_heap_based_buffer_overflow__c_cwe193_wchar_t_loop_04.obj
c:\users\robert\documents\visual studio 2015\projects\codemind_test\cwe122_heap_based_buffer_overflow\debug\cwe122_heap_based_buffer_overflow__c_cwe193_wchar_t_loop_05.obj
c:\users\robert\documents\visual studio 2015\projects\codemind_test\cwe122_heap_based_buffer_overflow\debug\cwe122_heap_based_buffer_overflow__c_cwe193_wchar_t_loop_06.obj
c:\users\robert\documents\visual studio 2015\projects\codemind_test\cwe122_heap_based_buffer_overflow\debug\cwe122_heap_based_buffer_overflow__c_cwe193_wchar_t_loop_07.obj
c:\users\robert\documents\visual studio 2015\projects\codemind_test\cwe122_heap_based_buffer_overflow\debug\cwe122_heap_based_buffer_overflow__c_cwe193_wchar_t_loop_08.obj
c:\users\robert\documents\visual studio 2015\projects\codemind_test\cwe122_heap_based_buffer_overflow\debug\cwe122_heap_based_buffer_overflow__c_cwe193_wchar_t_loop_09.obj
c:\users\robert\documents\visual studio 2015\projects\codemind_test\cwe122_heap_based_buffer_overflow\debug\cwe122_heap_based_buffer_overflow__c_cwe193_wchar_t_loop_10.obj
c:\users\robert\documents\visual studio 2015\projects\codemind_test\cwe122_heap_based_buffer_overflow\debug\cwe122_heap_based_buffer_overflow__c_cwe193_wchar_t_loop_11.obj
c:\users\robert\documents\visual studio 2015\projects\codemind_test\cwe122_heap_based_buffer_overflow\debug\cwe122_heap_based_buffer_overflow__c_cwe193_wchar_t_loop_12.obj
c:\users\robert\documents\visual studio 2015\projects\codemind_test\cwe122_heap_based_buffer_overflow\debug\cwe122_heap_based_buffer_overflow__c_cwe193_wchar_t_loop_13.obj
c:\users\robert\documents\visual studio 2015\projects\codemind_test\cwe122_heap_based_buffer_overflow\debug\cwe122_heap_based_buffer_overflow__c_cwe193_wchar_t_loop_14.obj
c:\users\robert\documents\visual studio 2015\projects\codemind_test\cwe122_heap_based_buffer_overflow\debug\cwe122_heap_based_buffer_overflow__c_cwe193_wchar_t_loop_15.obj
c:\users\robert\documents\visual studio 2015\projects\codemind_test\cwe122_heap_based_buffer_overflow\debug\cwe122_heap_based_buffer_overflow__c_cwe193_wchar_t_loop_16.obj
c:\users\robert\documents\visual studio 2015\projects\codemind_test\cwe122_heap_based_buffer_overflow\debug\cwe122_heap_based_buffer_overflow__c_cwe193_wchar_t_loop_17.obj
c:\users\robert\documents\visual studio 2015\projects\codemind_test\cwe122_heap_based_buffer_overflow\debug\cwe122_heap_based_buffer_overflow__c_cwe193_wchar_t_loop_18.obj
c:\users\robert\documents\visual studio 2015\projects\codemind_test\cwe122_heap_based_buffer_overflow\debug\cwe122_heap_based_buffer_overflow__c_cwe193_wchar_t_loop_21.obj
c:\users\robert\documents\visual studio 2015\projects\codemind_test\cwe122_heap_based_buffer_overflow\debug\cwe122_heap_based_buffer_overflow__c_cwe193_wchar_t_loop_22a.obj
c:\users\robert\documents\visual studio 2015\projects\codemind_test\cwe122_heap_based_buffer_overflow\debug\io.obj
c:\users\robert\documents\visual studio 2015\projects\codemind_test\cwe122_heap_based_buffer_overflow\debug\cwe122_heap_based_buffer_overflow__cwe131_loop_01.obj
c:\users\robert\documents\visual studio 2015\projects\codemind_test\cwe122_heap_based_buffer_overflow\debug\cwe122_heap_based_buffer_overflow__cwe131_memcpy_01.obj
c:\users\robert\documents\visual studio 2015\projects\codemind_test\debug\cwe122_heap_based_buffer_overflow.ilk
c:\users\robert\documents\visual studio 2015\projects\codemind_test\debug\cwe122_heap_based_buffer_overflow.exe
c:\users\robert\documents\visual studio 2015\projects\codemind_test\debug\cwe122_heap_based_buffer_overflow.pdb
c:\users\robert\documents\visual studio 2015\projects\codemind_test\cwe122_heap_based_buffer_overflow\debug\cwe122_h.3166f4f8.tlog\cl.command.1.tlog
c:\users\robert\documents\visual studio 2015\projects\codemind_test\cwe122_heap_based_buffer_overflow\debug\cwe122_h.3166f4f8.tlog\cl.read.1.tlog
c:\users\robert\documents\visual studio 2015\projects\codemind_test\cwe122_heap_based_buffer_overflow\debug\cwe122_h.3166f4f8.tlog\cl.write.1.tlog
c:\users\robert\documents\visual studio 2015\projects\codemind_test\cwe122_heap_based_buffer_overflow\debug\cwe122_h.3166f4f8.tlog\link.command.1.tlog
c:\users\robert\documents\visual studio 2015\projects\codemind_test\cwe122_heap_based_buffer_overflow\debug\cwe122_h.3166f4f8.tlog\link.read.1.tlog
c:\users\robert\documents\visual studio 2015\projects\codemind_test\cwe122_heap_based_buffer_overflow\debug\cwe122_h.3166f4f8.tlog\link.write.1.tlog
