C:\Program Files (x86)\Microsoft Visual Studio\2017\Community\Common7\IDE\VC\VCTargets\Microsoft.CppBuild.targets(937,5): warning MSB8027: 이름이 CWE122_Heap_Based_Buffer_Overflow__cpp_dest_wchar_t_cat_01.cpp인 둘 이상의 파일이 같은 위치에 출력을 생성합니다. 이로 인해 잘못된 빌드 결과가 나타날 수 있습니다.  관련된 파일은 m00\CWE122_Heap_Based_Buffer_Overflow__cpp_dest_wchar_t_cat_01.cpp, m01\CWE122_Heap_Based_Buffer_Overflow__cpp_dest_wchar_t_cat_01.cpp입니다.
C:\Program Files (x86)\Microsoft Visual Studio\2017\Community\Common7\IDE\VC\VCTargets\Microsoft.CppBuild.targets(937,5): warning MSB8027: 이름이 CWE122_Heap_Based_Buffer_Overflow__c_CWE193_wchar_t_loop_01.c인 둘 이상의 파일이 같은 위치에 출력을 생성합니다. 이로 인해 잘못된 빌드 결과가 나타날 수 있습니다.  관련된 파일은 m10\CWE122_Heap_Based_Buffer_Overflow__c_CWE193_wchar_t_loop_01.c, m11\CWE122_Heap_Based_Buffer_Overflow__c_CWE193_wchar_t_loop_01.c입니다.
C:\Program Files (x86)\Microsoft Visual Studio\2017\Community\Common7\IDE\VC\VCTargets\Microsoft.CppBuild.targets(937,5): warning MSB8027: 이름이 CWE122_Heap_Based_Buffer_Overflow__char_type_overrun_memcpy_01.c인 둘 이상의 파일이 같은 위치에 출력을 생성합니다. 이로 인해 잘못된 빌드 결과가 나타날 수 있습니다.  관련된 파일은 m20\CWE122_Heap_Based_Buffer_Overflow__char_type_overrun_memcpy_01.c, m21\CWE122_Heap_Based_Buffer_Overflow__char_type_overrun_memcpy_01.c입니다.
  CWE122_Heap_Based_Buffer_Overflow__placement_new_82_goodG2B.cpp
  CWE122_Heap_Based_Buffer_Overflow__placement_new_82_goodB2G.cpp
  CWE122_Heap_Based_Buffer_Overflow__placement_new_82_bad.cpp
  CWE122_Heap_Based_Buffer_Overflow__placement_new_82a.cpp
  CWE122_Heap_Based_Buffer_Overflow__placement_new_81_goodG2B.cpp
  CWE122_Heap_Based_Buffer_Overflow__placement_new_81_goodB2G.cpp
  CWE122_Heap_Based_Buffer_Overflow__placement_new_81_bad.cpp
  CWE122_Heap_Based_Buffer_Overflow__placement_new_81a.cpp
  CWE122_Heap_Based_Buffer_Overflow__placement_new_74b.cpp
  CWE122_Heap_Based_Buffer_Overflow__placement_new_74a.cpp
  CWE122_Heap_Based_Buffer_Overflow__placement_new_73b.cpp
  CWE122_Heap_Based_Buffer_Overflow__placement_new_73a.cpp
  CWE122_Heap_Based_Buffer_Overflow__placement_new_72b.cpp
  CWE122_Heap_Based_Buffer_Overflow__placement_new_72a.cpp
  CWE122_Heap_Based_Buffer_Overflow__placement_new_68b.cpp
  CWE122_Heap_Based_Buffer_Overflow__placement_new_68a.cpp
  CWE122_Heap_Based_Buffer_Overflow__placement_new_67b.cpp
  CWE122_Heap_Based_Buffer_Overflow__placement_new_67a.cpp
  CWE122_Heap_Based_Buffer_Overflow__placement_new_66b.cpp
  CWE122_Heap_Based_Buffer_Overflow__placement_new_66a.cpp
  코드를 생성하고 있습니다...
  컴파일하고 있습니다...
  CWE122_Heap_Based_Buffer_Overflow__placement_new_65b.cpp
  CWE122_Heap_Based_Buffer_Overflow__placement_new_65a.cpp
  CWE122_Heap_Based_Buffer_Overflow__placement_new_64b.cpp
  CWE122_Heap_Based_Buffer_Overflow__placement_new_64a.cpp
  CWE122_Heap_Based_Buffer_Overflow__placement_new_63b.cpp
  CWE122_Heap_Based_Buffer_Overflow__placement_new_63a.cpp
  CWE122_Heap_Based_Buffer_Overflow__placement_new_54e.cpp
  CWE122_Heap_Based_Buffer_Overflow__placement_new_54d.cpp
  CWE122_Heap_Based_Buffer_Overflow__placement_new_54c.cpp
  CWE122_Heap_Based_Buffer_Overflow__placement_new_54b.cpp
  CWE122_Heap_Based_Buffer_Overflow__placement_new_54a.cpp
  CWE122_Heap_Based_Buffer_Overflow__placement_new_53d.cpp
  CWE122_Heap_Based_Buffer_Overflow__placement_new_53c.cpp
  CWE122_Heap_Based_Buffer_Overflow__placement_new_53b.cpp
  CWE122_Heap_Based_Buffer_Overflow__placement_new_53a.cpp
  CWE122_Heap_Based_Buffer_Overflow__placement_new_52c.cpp
  CWE122_Heap_Based_Buffer_Overflow__placement_new_52b.cpp
  CWE122_Heap_Based_Buffer_Overflow__placement_new_52a.cpp
  CWE122_Heap_Based_Buffer_Overflow__placement_new_51b.cpp
  CWE122_Heap_Based_Buffer_Overflow__placement_new_51a.cpp
  코드를 생성하고 있습니다...
  컴파일하고 있습니다...
  CWE122_Heap_Based_Buffer_Overflow__placement_new_45.cpp
  CWE122_Heap_Based_Buffer_Overflow__placement_new_44.cpp
  CWE122_Heap_Based_Buffer_Overflow__placement_new_41.cpp
  CWE122_Heap_Based_Buffer_Overflow__placement_new_34.cpp
  CWE122_Heap_Based_Buffer_Overflow__placement_new_33.cpp
  CWE122_Heap_Based_Buffer_Overflow__placement_new_32.cpp
  CWE122_Heap_Based_Buffer_Overflow__placement_new_31.cpp
  CWE122_Heap_Based_Buffer_Overflow__placement_new_22b.cpp
  CWE122_Heap_Based_Buffer_Overflow__placement_new_22a.cpp
  CWE122_Heap_Based_Buffer_Overflow__placement_new_21.cpp
  CWE122_Heap_Based_Buffer_Overflow__placement_new_18.cpp
  CWE122_Heap_Based_Buffer_Overflow__placement_new_17.cpp
  CWE122_Heap_Based_Buffer_Overflow__placement_new_16.cpp
  CWE122_Heap_Based_Buffer_Overflow__placement_new_15.cpp
  CWE122_Heap_Based_Buffer_Overflow__placement_new_14.cpp
  CWE122_Heap_Based_Buffer_Overflow__placement_new_13.cpp
  CWE122_Heap_Based_Buffer_Overflow__placement_new_12.cpp
  CWE122_Heap_Based_Buffer_Overflow__placement_new_11.cpp
  CWE122_Heap_Based_Buffer_Overflow__placement_new_10.cpp
  CWE122_Heap_Based_Buffer_Overflow__placement_new_09.cpp
  코드를 생성하고 있습니다...
  컴파일하고 있습니다...
  CWE122_Heap_Based_Buffer_Overflow__placement_new_08.cpp
  CWE122_Heap_Based_Buffer_Overflow__placement_new_07.cpp
  CWE122_Heap_Based_Buffer_Overflow__placement_new_06.cpp
  CWE122_Heap_Based_Buffer_Overflow__placement_new_05.cpp
  CWE122_Heap_Based_Buffer_Overflow__placement_new_04.cpp
  CWE122_Heap_Based_Buffer_Overflow__placement_new_03.cpp
  CWE122_Heap_Based_Buffer_Overflow__placement_new_02.cpp
  CWE122_Heap_Based_Buffer_Overflow__placement_new_01.cpp
  CWE122_Heap_Based_Buffer_Overflow__c_CWE193_wchar_t_loop_84_goodG2B.cpp
  CWE122_Heap_Based_Buffer_Overflow__c_CWE193_wchar_t_loop_84_bad.cpp
  CWE122_Heap_Based_Buffer_Overflow__c_CWE193_wchar_t_loop_84a.cpp
  CWE122_Heap_Based_Buffer_Overflow__c_CWE193_wchar_t_loop_83_goodG2B.cpp
  CWE122_Heap_Based_Buffer_Overflow__c_CWE193_wchar_t_loop_83_bad.cpp
  CWE122_Heap_Based_Buffer_Overflow__c_CWE193_wchar_t_loop_83a.cpp
  CWE122_Heap_Based_Buffer_Overflow__c_CWE193_wchar_t_loop_82_goodG2B.cpp
  CWE122_Heap_Based_Buffer_Overflow__c_CWE193_wchar_t_loop_82_bad.cpp
  CWE122_Heap_Based_Buffer_Overflow__c_CWE193_wchar_t_loop_82a.cpp
  CWE122_Heap_Based_Buffer_Overflow__c_CWE193_wchar_t_loop_81_goodG2B.cpp
  CWE122_Heap_Based_Buffer_Overflow__c_CWE193_wchar_t_loop_81_bad.cpp
  CWE122_Heap_Based_Buffer_Overflow__c_CWE193_wchar_t_loop_81a.cpp
  코드를 생성하고 있습니다...
  컴파일하고 있습니다...
  CWE122_Heap_Based_Buffer_Overflow__c_CWE193_wchar_t_loop_74b.cpp
  CWE122_Heap_Based_Buffer_Overflow__c_CWE193_wchar_t_loop_74a.cpp
  CWE122_Heap_Based_Buffer_Overflow__c_CWE193_wchar_t_loop_73b.cpp
  CWE122_Heap_Based_Buffer_Overflow__c_CWE193_wchar_t_loop_73a.cpp
  CWE122_Heap_Based_Buffer_Overflow__c_CWE193_wchar_t_loop_72b.cpp
  CWE122_Heap_Based_Buffer_Overflow__c_CWE193_wchar_t_loop_72a.cpp
  CWE122_Heap_Based_Buffer_Overflow__c_CWE193_wchar_t_loop_62b.cpp
  CWE122_Heap_Based_Buffer_Overflow__c_CWE193_wchar_t_loop_62a.cpp
  CWE122_Heap_Based_Buffer_Overflow__c_CWE193_wchar_t_loop_43.cpp
  CWE122_Heap_Based_Buffer_Overflow__c_CWE193_wchar_t_loop_33.cpp
  CWE122_Heap_Based_Buffer_Overflow__cpp_src_wchar_t_cpy_01.cpp
  CWE122_Heap_Based_Buffer_Overflow__cpp_src_wchar_t_cat_01.cpp
  CWE122_Heap_Based_Buffer_Overflow__cpp_src_char_cpy_01.cpp
  CWE122_Heap_Based_Buffer_Overflow__cpp_src_char_cat_01.cpp
  CWE122_Heap_Based_Buffer_Overflow__cpp_dest_wchar_t_cpy_01.cpp
  CWE122_Heap_Based_Buffer_Overflow__cpp_dest_wchar_t_cat_01.cpp
  CWE122_Heap_Based_Buffer_Overflow__cpp_dest_char_cpy_01.cpp
  CWE122_Heap_Based_Buffer_Overflow__cpp_dest_char_cat_01.cpp
  CWE122_Heap_Based_Buffer_Overflow__cpp_CWE806_wchar_t_snprintf_01.cpp
  CWE122_Heap_Based_Buffer_Overflow__cpp_CWE806_wchar_t_ncpy_01.cpp
  코드를 생성하고 있습니다...
  컴파일하고 있습니다...
  CWE122_Heap_Based_Buffer_Overflow__cpp_CWE806_wchar_t_ncat_01.cpp
  CWE122_Heap_Based_Buffer_Overflow__cpp_CWE806_wchar_t_memmove_01.cpp
  CWE122_Heap_Based_Buffer_Overflow__cpp_CWE806_wchar_t_memcpy_01.cpp
  CWE122_Heap_Based_Buffer_Overflow__cpp_CWE806_wchar_t_loop_01.cpp
  CWE122_Heap_Based_Buffer_Overflow__cpp_CWE806_char_snprintf_01.cpp
  CWE122_Heap_Based_Buffer_Overflow__cpp_CWE806_char_ncpy_01.cpp
  CWE122_Heap_Based_Buffer_Overflow__cpp_CWE806_char_ncat_01.cpp
  CWE122_Heap_Based_Buffer_Overflow__cpp_CWE806_char_memmove_01.cpp
  CWE122_Heap_Based_Buffer_Overflow__cpp_CWE806_char_memcpy_01.cpp
  CWE122_Heap_Based_Buffer_Overflow__cpp_CWE806_char_loop_01.cpp
  CWE122_Heap_Based_Buffer_Overflow__cpp_CWE805_wchar_t_snprintf_01.cpp
  CWE122_Heap_Based_Buffer_Overflow__cpp_CWE805_wchar_t_ncpy_01.cpp
  CWE122_Heap_Based_Buffer_Overflow__cpp_CWE805_wchar_t_ncat_01.cpp
  CWE122_Heap_Based_Buffer_Overflow__cpp_CWE805_wchar_t_memmove_01.cpp
  CWE122_Heap_Based_Buffer_Overflow__cpp_CWE805_wchar_t_memcpy_01.cpp
  CWE122_Heap_Based_Buffer_Overflow__cpp_CWE805_wchar_t_loop_01.cpp
  CWE122_Heap_Based_Buffer_Overflow__cpp_CWE805_int_memmove_01.cpp
  CWE122_Heap_Based_Buffer_Overflow__cpp_CWE805_int_memcpy_01.cpp
  CWE122_Heap_Based_Buffer_Overflow__cpp_CWE805_int_loop_01.cpp
  CWE122_Heap_Based_Buffer_Overflow__cpp_CWE805_int64_t_memmove_01.cpp
  코드를 생성하고 있습니다...
  컴파일하고 있습니다...
  CWE122_Heap_Based_Buffer_Overflow__cpp_CWE805_int64_t_memcpy_01.cpp
  CWE122_Heap_Based_Buffer_Overflow__cpp_CWE805_int64_t_loop_01.cpp
  CWE122_Heap_Based_Buffer_Overflow__cpp_CWE805_class_memmove_01.cpp
  CWE122_Heap_Based_Buffer_Overflow__cpp_CWE805_class_memcpy_01.cpp
  CWE122_Heap_Based_Buffer_Overflow__cpp_CWE805_class_loop_01.cpp
  CWE122_Heap_Based_Buffer_Overflow__cpp_CWE805_char_snprintf_01.cpp
  CWE122_Heap_Based_Buffer_Overflow__cpp_CWE805_char_ncpy_01.cpp
  CWE122_Heap_Based_Buffer_Overflow__cpp_CWE805_char_ncat_01.cpp
  CWE122_Heap_Based_Buffer_Overflow__cpp_CWE805_char_memmove_01.cpp
  CWE122_Heap_Based_Buffer_Overflow__cpp_CWE805_char_memcpy_01.cpp
  CWE122_Heap_Based_Buffer_Overflow__cpp_CWE805_char_loop_01.cpp
  CWE122_Heap_Based_Buffer_Overflow__cpp_CWE193_wchar_t_ncpy_01.cpp
  CWE122_Heap_Based_Buffer_Overflow__cpp_CWE193_wchar_t_memmove_01.cpp
  CWE122_Heap_Based_Buffer_Overflow__cpp_CWE193_wchar_t_memcpy_01.cpp
  CWE122_Heap_Based_Buffer_Overflow__cpp_CWE193_wchar_t_loop_01.cpp
  CWE122_Heap_Based_Buffer_Overflow__cpp_CWE193_wchar_t_cpy_01.cpp
  CWE122_Heap_Based_Buffer_Overflow__cpp_CWE193_char_ncpy_01.cpp
  CWE122_Heap_Based_Buffer_Overflow__cpp_CWE193_char_memmove_01.cpp
  CWE122_Heap_Based_Buffer_Overflow__cpp_CWE193_char_memcpy_01.cpp
  CWE122_Heap_Based_Buffer_Overflow__cpp_CWE193_char_loop_01.cpp
  코드를 생성하고 있습니다...
  컴파일하고 있습니다...
  CWE122_Heap_Based_Buffer_Overflow__cpp_CWE193_char_cpy_01.cpp
  CWE122_Heap_Based_Buffer_Overflow__cpp_CWE129_rand_01.cpp
  CWE122_Heap_Based_Buffer_Overflow__cpp_CWE129_listen_socket_01.cpp
  CWE122_Heap_Based_Buffer_Overflow__cpp_CWE129_large_01.cpp
  CWE122_Heap_Based_Buffer_Overflow__cpp_CWE129_fscanf_01.cpp
  CWE122_Heap_Based_Buffer_Overflow__cpp_CWE129_fgets_01.cpp
  CWE122_Heap_Based_Buffer_Overflow__cpp_CWE129_connect_socket_01.cpp
  CWE122_Heap_Based_Buffer_Overflow__cpp_dest_wchar_t_cat_84_goodG2B.cpp
  CWE122_Heap_Based_Buffer_Overflow__cpp_dest_wchar_t_cat_84_bad.cpp
  CWE122_Heap_Based_Buffer_Overflow__cpp_dest_wchar_t_cat_84a.cpp
  CWE122_Heap_Based_Buffer_Overflow__cpp_dest_wchar_t_cat_83_goodG2B.cpp
  CWE122_Heap_Based_Buffer_Overflow__cpp_dest_wchar_t_cat_83_bad.cpp
  CWE122_Heap_Based_Buffer_Overflow__cpp_dest_wchar_t_cat_83a.cpp
  CWE122_Heap_Based_Buffer_Overflow__cpp_dest_wchar_t_cat_82_goodG2B.cpp
  CWE122_Heap_Based_Buffer_Overflow__cpp_dest_wchar_t_cat_82_bad.cpp
  CWE122_Heap_Based_Buffer_Overflow__cpp_dest_wchar_t_cat_82a.cpp
  CWE122_Heap_Based_Buffer_Overflow__cpp_dest_wchar_t_cat_81_goodG2B.cpp
  CWE122_Heap_Based_Buffer_Overflow__cpp_dest_wchar_t_cat_81_bad.cpp
  CWE122_Heap_Based_Buffer_Overflow__cpp_dest_wchar_t_cat_81a.cpp
  CWE122_Heap_Based_Buffer_Overflow__cpp_dest_wchar_t_cat_74b.cpp
  코드를 생성하고 있습니다...
  컴파일하고 있습니다...
  CWE122_Heap_Based_Buffer_Overflow__cpp_dest_wchar_t_cat_74a.cpp
  CWE122_Heap_Based_Buffer_Overflow__cpp_dest_wchar_t_cat_73b.cpp
  CWE122_Heap_Based_Buffer_Overflow__cpp_dest_wchar_t_cat_73a.cpp
  CWE122_Heap_Based_Buffer_Overflow__cpp_dest_wchar_t_cat_72b.cpp
  CWE122_Heap_Based_Buffer_Overflow__cpp_dest_wchar_t_cat_72a.cpp
  CWE122_Heap_Based_Buffer_Overflow__cpp_dest_wchar_t_cat_68b.cpp
  CWE122_Heap_Based_Buffer_Overflow__cpp_dest_wchar_t_cat_68a.cpp
  CWE122_Heap_Based_Buffer_Overflow__cpp_dest_wchar_t_cat_67b.cpp
  CWE122_Heap_Based_Buffer_Overflow__cpp_dest_wchar_t_cat_67a.cpp
  CWE122_Heap_Based_Buffer_Overflow__cpp_dest_wchar_t_cat_66b.cpp
  CWE122_Heap_Based_Buffer_Overflow__cpp_dest_wchar_t_cat_66a.cpp
  CWE122_Heap_Based_Buffer_Overflow__cpp_dest_wchar_t_cat_65b.cpp
  CWE122_Heap_Based_Buffer_Overflow__cpp_dest_wchar_t_cat_65a.cpp
  CWE122_Heap_Based_Buffer_Overflow__cpp_dest_wchar_t_cat_64b.cpp
  CWE122_Heap_Based_Buffer_Overflow__cpp_dest_wchar_t_cat_64a.cpp
  CWE122_Heap_Based_Buffer_Overflow__cpp_dest_wchar_t_cat_63b.cpp
  CWE122_Heap_Based_Buffer_Overflow__cpp_dest_wchar_t_cat_63a.cpp
  CWE122_Heap_Based_Buffer_Overflow__cpp_dest_wchar_t_cat_62b.cpp
  CWE122_Heap_Based_Buffer_Overflow__cpp_dest_wchar_t_cat_62a.cpp
  CWE122_Heap_Based_Buffer_Overflow__cpp_dest_wchar_t_cat_61b.cpp
  코드를 생성하고 있습니다...
  컴파일하고 있습니다...
  CWE122_Heap_Based_Buffer_Overflow__cpp_dest_wchar_t_cat_61a.cpp
  CWE122_Heap_Based_Buffer_Overflow__cpp_dest_wchar_t_cat_54e.cpp
  CWE122_Heap_Based_Buffer_Overflow__cpp_dest_wchar_t_cat_54d.cpp
  CWE122_Heap_Based_Buffer_Overflow__cpp_dest_wchar_t_cat_54c.cpp
  CWE122_Heap_Based_Buffer_Overflow__cpp_dest_wchar_t_cat_54b.cpp
  CWE122_Heap_Based_Buffer_Overflow__cpp_dest_wchar_t_cat_54a.cpp
  CWE122_Heap_Based_Buffer_Overflow__cpp_dest_wchar_t_cat_53d.cpp
  CWE122_Heap_Based_Buffer_Overflow__cpp_dest_wchar_t_cat_53c.cpp
  CWE122_Heap_Based_Buffer_Overflow__cpp_dest_wchar_t_cat_53b.cpp
  CWE122_Heap_Based_Buffer_Overflow__cpp_dest_wchar_t_cat_53a.cpp
  CWE122_Heap_Based_Buffer_Overflow__cpp_dest_wchar_t_cat_52c.cpp
  CWE122_Heap_Based_Buffer_Overflow__cpp_dest_wchar_t_cat_52b.cpp
  CWE122_Heap_Based_Buffer_Overflow__cpp_dest_wchar_t_cat_52a.cpp
  CWE122_Heap_Based_Buffer_Overflow__cpp_dest_wchar_t_cat_51b.cpp
  CWE122_Heap_Based_Buffer_Overflow__cpp_dest_wchar_t_cat_51a.cpp
  CWE122_Heap_Based_Buffer_Overflow__cpp_dest_wchar_t_cat_45.cpp
  CWE122_Heap_Based_Buffer_Overflow__cpp_dest_wchar_t_cat_44.cpp
  CWE122_Heap_Based_Buffer_Overflow__cpp_dest_wchar_t_cat_43.cpp
  CWE122_Heap_Based_Buffer_Overflow__cpp_dest_wchar_t_cat_42.cpp
  CWE122_Heap_Based_Buffer_Overflow__cpp_dest_wchar_t_cat_41.cpp
  코드를 생성하고 있습니다...
  컴파일하고 있습니다...
  CWE122_Heap_Based_Buffer_Overflow__cpp_dest_wchar_t_cat_34.cpp
  CWE122_Heap_Based_Buffer_Overflow__cpp_dest_wchar_t_cat_33.cpp
  CWE122_Heap_Based_Buffer_Overflow__cpp_dest_wchar_t_cat_32.cpp
  CWE122_Heap_Based_Buffer_Overflow__cpp_dest_wchar_t_cat_31.cpp
  CWE122_Heap_Based_Buffer_Overflow__cpp_dest_wchar_t_cat_22b.cpp
  CWE122_Heap_Based_Buffer_Overflow__cpp_dest_wchar_t_cat_22a.cpp
  CWE122_Heap_Based_Buffer_Overflow__cpp_dest_wchar_t_cat_21.cpp
  CWE122_Heap_Based_Buffer_Overflow__cpp_dest_wchar_t_cat_18.cpp
  CWE122_Heap_Based_Buffer_Overflow__cpp_dest_wchar_t_cat_17.cpp
  CWE122_Heap_Based_Buffer_Overflow__cpp_dest_wchar_t_cat_16.cpp
  CWE122_Heap_Based_Buffer_Overflow__cpp_dest_wchar_t_cat_15.cpp
  CWE122_Heap_Based_Buffer_Overflow__cpp_dest_wchar_t_cat_14.cpp
  CWE122_Heap_Based_Buffer_Overflow__cpp_dest_wchar_t_cat_13.cpp
  CWE122_Heap_Based_Buffer_Overflow__cpp_dest_wchar_t_cat_12.cpp
  CWE122_Heap_Based_Buffer_Overflow__cpp_dest_wchar_t_cat_11.cpp
  CWE122_Heap_Based_Buffer_Overflow__cpp_dest_wchar_t_cat_10.cpp
  CWE122_Heap_Based_Buffer_Overflow__cpp_dest_wchar_t_cat_09.cpp
  CWE122_Heap_Based_Buffer_Overflow__cpp_dest_wchar_t_cat_08.cpp
  CWE122_Heap_Based_Buffer_Overflow__cpp_dest_wchar_t_cat_07.cpp
  CWE122_Heap_Based_Buffer_Overflow__cpp_dest_wchar_t_cat_06.cpp
  코드를 생성하고 있습니다...
  컴파일하고 있습니다...
  CWE122_Heap_Based_Buffer_Overflow__cpp_dest_wchar_t_cat_05.cpp
  CWE122_Heap_Based_Buffer_Overflow__cpp_dest_wchar_t_cat_04.cpp
  CWE122_Heap_Based_Buffer_Overflow__cpp_dest_wchar_t_cat_03.cpp
  CWE122_Heap_Based_Buffer_Overflow__cpp_dest_wchar_t_cat_02.cpp
  CWE122_Heap_Based_Buffer_Overflow__cpp_dest_wchar_t_cat_01.cpp
  fake_main.cpp
  코드를 생성하고 있습니다...
  CWE122_Heap_Based_Buffer_Overflow__wchar_t_type_overrun_memmove_01.c
  CWE122_Heap_Based_Buffer_Overflow__wchar_t_type_overrun_memcpy_01.c
  CWE122_Heap_Based_Buffer_Overflow__char_type_overrun_memmove_01.c
  CWE122_Heap_Based_Buffer_Overflow__char_type_overrun_memcpy_01.c
  CWE122_Heap_Based_Buffer_Overflow__char_type_overrun_memcpy_18.c
  CWE122_Heap_Based_Buffer_Overflow__char_type_overrun_memcpy_17.c
  CWE122_Heap_Based_Buffer_Overflow__char_type_overrun_memcpy_16.c
  CWE122_Heap_Based_Buffer_Overflow__char_type_overrun_memcpy_15.c
  CWE122_Heap_Based_Buffer_Overflow__char_type_overrun_memcpy_14.c
  CWE122_Heap_Based_Buffer_Overflow__char_type_overrun_memcpy_13.c
  CWE122_Heap_Based_Buffer_Overflow__char_type_overrun_memcpy_12.c
  CWE122_Heap_Based_Buffer_Overflow__char_type_overrun_memcpy_11.c
  CWE122_Heap_Based_Buffer_Overflow__char_type_overrun_memcpy_10.c
  CWE122_Heap_Based_Buffer_Overflow__char_type_overrun_memcpy_09.c
  CWE122_Heap_Based_Buffer_Overflow__char_type_overrun_memcpy_08.c
  CWE122_Heap_Based_Buffer_Overflow__char_type_overrun_memcpy_07.c
  CWE122_Heap_Based_Buffer_Overflow__char_type_overrun_memcpy_06.c
  CWE122_Heap_Based_Buffer_Overflow__char_type_overrun_memcpy_05.c
  CWE122_Heap_Based_Buffer_Overflow__char_type_overrun_memcpy_04.c
  CWE122_Heap_Based_Buffer_Overflow__char_type_overrun_memcpy_03.c
  코드를 생성하고 있습니다...
  컴파일하고 있습니다...
  CWE122_Heap_Based_Buffer_Overflow__char_type_overrun_memcpy_02.c
  CWE122_Heap_Based_Buffer_Overflow__char_type_overrun_memcpy_01.c
  CWE122_Heap_Based_Buffer_Overflow__sizeof_struct_01.c
  CWE122_Heap_Based_Buffer_Overflow__sizeof_int64_t_01.c
  CWE122_Heap_Based_Buffer_Overflow__sizeof_double_01.c
  CWE122_Heap_Based_Buffer_Overflow__c_src_wchar_t_cpy_01.c
  CWE122_Heap_Based_Buffer_Overflow__c_src_wchar_t_cat_01.c
  CWE122_Heap_Based_Buffer_Overflow__c_src_char_cpy_01.c
  CWE122_Heap_Based_Buffer_Overflow__c_src_char_cat_01.c
  CWE122_Heap_Based_Buffer_Overflow__c_dest_wchar_t_cpy_01.c
  CWE122_Heap_Based_Buffer_Overflow__c_dest_wchar_t_cat_01.c
  CWE122_Heap_Based_Buffer_Overflow__c_dest_char_cpy_01.c
  CWE122_Heap_Based_Buffer_Overflow__c_dest_char_cat_01.c
  CWE122_Heap_Based_Buffer_Overflow__c_CWE806_wchar_t_snprintf_01.c
  CWE122_Heap_Based_Buffer_Overflow__c_CWE806_wchar_t_ncpy_01.c
  CWE122_Heap_Based_Buffer_Overflow__c_CWE806_wchar_t_ncat_01.c
  CWE122_Heap_Based_Buffer_Overflow__c_CWE806_wchar_t_memmove_01.c
  CWE122_Heap_Based_Buffer_Overflow__c_CWE806_wchar_t_memcpy_01.c
  CWE122_Heap_Based_Buffer_Overflow__c_CWE806_wchar_t_loop_01.c
  CWE122_Heap_Based_Buffer_Overflow__c_CWE806_char_snprintf_01.c
  코드를 생성하고 있습니다...
  컴파일하고 있습니다...
  CWE122_Heap_Based_Buffer_Overflow__c_CWE806_char_ncpy_01.c
  CWE122_Heap_Based_Buffer_Overflow__c_CWE806_char_ncat_01.c
  CWE122_Heap_Based_Buffer_Overflow__c_CWE806_char_memmove_01.c
  CWE122_Heap_Based_Buffer_Overflow__c_CWE806_char_memcpy_01.c
  CWE122_Heap_Based_Buffer_Overflow__c_CWE806_char_loop_01.c
  CWE122_Heap_Based_Buffer_Overflow__c_CWE805_wchar_t_snprintf_01.c
  CWE122_Heap_Based_Buffer_Overflow__c_CWE805_wchar_t_ncpy_01.c
  CWE122_Heap_Based_Buffer_Overflow__c_CWE805_wchar_t_ncat_01.c
  CWE122_Heap_Based_Buffer_Overflow__c_CWE805_wchar_t_memmove_01.c
  CWE122_Heap_Based_Buffer_Overflow__c_CWE805_wchar_t_memcpy_01.c
  CWE122_Heap_Based_Buffer_Overflow__c_CWE805_wchar_t_loop_01.c
  CWE122_Heap_Based_Buffer_Overflow__c_CWE805_struct_memmove_01.c
  CWE122_Heap_Based_Buffer_Overflow__c_CWE805_struct_memcpy_01.c
  CWE122_Heap_Based_Buffer_Overflow__c_CWE805_struct_loop_01.c
  CWE122_Heap_Based_Buffer_Overflow__c_CWE805_int_memmove_01.c
  CWE122_Heap_Based_Buffer_Overflow__c_CWE805_int_memcpy_01.c
  CWE122_Heap_Based_Buffer_Overflow__c_CWE805_int_loop_01.c
  CWE122_Heap_Based_Buffer_Overflow__c_CWE805_int64_t_memmove_01.c
  CWE122_Heap_Based_Buffer_Overflow__c_CWE805_int64_t_memcpy_01.c
  CWE122_Heap_Based_Buffer_Overflow__c_CWE805_int64_t_loop_01.c
  코드를 생성하고 있습니다...
  컴파일하고 있습니다...
  CWE122_Heap_Based_Buffer_Overflow__c_CWE805_char_snprintf_01.c
  CWE122_Heap_Based_Buffer_Overflow__c_CWE805_char_ncpy_01.c
  CWE122_Heap_Based_Buffer_Overflow__c_CWE805_char_ncat_01.c
  CWE122_Heap_Based_Buffer_Overflow__c_CWE805_char_memmove_01.c
  CWE122_Heap_Based_Buffer_Overflow__c_CWE805_char_memcpy_01.c
  CWE122_Heap_Based_Buffer_Overflow__c_CWE805_char_loop_01.c
  CWE122_Heap_Based_Buffer_Overflow__c_CWE193_wchar_t_ncpy_01.c
  CWE122_Heap_Based_Buffer_Overflow__c_CWE193_wchar_t_memmove_01.c
  CWE122_Heap_Based_Buffer_Overflow__c_CWE193_wchar_t_memcpy_01.c
  CWE122_Heap_Based_Buffer_Overflow__c_CWE193_wchar_t_loop_01.c
  CWE122_Heap_Based_Buffer_Overflow__c_CWE193_wchar_t_cpy_01.c
  CWE122_Heap_Based_Buffer_Overflow__c_CWE193_char_ncpy_01.c
  CWE122_Heap_Based_Buffer_Overflow__c_CWE193_char_memmove_01.c
  CWE122_Heap_Based_Buffer_Overflow__c_CWE193_char_memcpy_01.c
  CWE122_Heap_Based_Buffer_Overflow__c_CWE193_char_loop_01.c
  CWE122_Heap_Based_Buffer_Overflow__c_CWE193_char_cpy_01.c
  CWE122_Heap_Based_Buffer_Overflow__c_CWE129_rand_01.c
  CWE122_Heap_Based_Buffer_Overflow__c_CWE129_listen_socket_01.c
  CWE122_Heap_Based_Buffer_Overflow__c_CWE129_large_01.c
  CWE122_Heap_Based_Buffer_Overflow__c_CWE129_fscanf_01.c
  코드를 생성하고 있습니다...
  컴파일하고 있습니다...
  CWE122_Heap_Based_Buffer_Overflow__c_CWE129_fgets_01.c
  CWE122_Heap_Based_Buffer_Overflow__c_CWE129_connect_socket_01.c
  CWE122_Heap_Based_Buffer_Overflow__CWE135_01.c
  CWE122_Heap_Based_Buffer_Overflow__CWE131_memmove_01.c
  CWE122_Heap_Based_Buffer_Overflow__c_CWE193_wchar_t_loop_68b.c
  CWE122_Heap_Based_Buffer_Overflow__c_CWE193_wchar_t_loop_68a.c
  CWE122_Heap_Based_Buffer_Overflow__c_CWE193_wchar_t_loop_67b.c
  CWE122_Heap_Based_Buffer_Overflow__c_CWE193_wchar_t_loop_67a.c
  CWE122_Heap_Based_Buffer_Overflow__c_CWE193_wchar_t_loop_66b.c
  CWE122_Heap_Based_Buffer_Overflow__c_CWE193_wchar_t_loop_66a.c
  CWE122_Heap_Based_Buffer_Overflow__c_CWE193_wchar_t_loop_65b.c
  CWE122_Heap_Based_Buffer_Overflow__c_CWE193_wchar_t_loop_65a.c
  CWE122_Heap_Based_Buffer_Overflow__c_CWE193_wchar_t_loop_64b.c
  CWE122_Heap_Based_Buffer_Overflow__c_CWE193_wchar_t_loop_64a.c
  CWE122_Heap_Based_Buffer_Overflow__c_CWE193_wchar_t_loop_63b.c
  CWE122_Heap_Based_Buffer_Overflow__c_CWE193_wchar_t_loop_63a.c
  CWE122_Heap_Based_Buffer_Overflow__c_CWE193_wchar_t_loop_61b.c
  CWE122_Heap_Based_Buffer_Overflow__c_CWE193_wchar_t_loop_61a.c
  CWE122_Heap_Based_Buffer_Overflow__c_CWE193_wchar_t_loop_54e.c
  CWE122_Heap_Based_Buffer_Overflow__c_CWE193_wchar_t_loop_54d.c
  코드를 생성하고 있습니다...
  컴파일하고 있습니다...
  CWE122_Heap_Based_Buffer_Overflow__c_CWE193_wchar_t_loop_54c.c
  CWE122_Heap_Based_Buffer_Overflow__c_CWE193_wchar_t_loop_54b.c
  CWE122_Heap_Based_Buffer_Overflow__c_CWE193_wchar_t_loop_54a.c
  CWE122_Heap_Based_Buffer_Overflow__c_CWE193_wchar_t_loop_53d.c
  CWE122_Heap_Based_Buffer_Overflow__c_CWE193_wchar_t_loop_53c.c
  CWE122_Heap_Based_Buffer_Overflow__c_CWE193_wchar_t_loop_53b.c
  CWE122_Heap_Based_Buffer_Overflow__c_CWE193_wchar_t_loop_53a.c
  CWE122_Heap_Based_Buffer_Overflow__c_CWE193_wchar_t_loop_52c.c
  CWE122_Heap_Based_Buffer_Overflow__c_CWE193_wchar_t_loop_52b.c
  CWE122_Heap_Based_Buffer_Overflow__c_CWE193_wchar_t_loop_52a.c
  CWE122_Heap_Based_Buffer_Overflow__c_CWE193_wchar_t_loop_51b.c
  CWE122_Heap_Based_Buffer_Overflow__c_CWE193_wchar_t_loop_51a.c
  CWE122_Heap_Based_Buffer_Overflow__c_CWE193_wchar_t_loop_45.c
  CWE122_Heap_Based_Buffer_Overflow__c_CWE193_wchar_t_loop_44.c
  CWE122_Heap_Based_Buffer_Overflow__c_CWE193_wchar_t_loop_42.c
  CWE122_Heap_Based_Buffer_Overflow__c_CWE193_wchar_t_loop_41.c
  CWE122_Heap_Based_Buffer_Overflow__c_CWE193_wchar_t_loop_34.c
  CWE122_Heap_Based_Buffer_Overflow__c_CWE193_wchar_t_loop_32.c
  CWE122_Heap_Based_Buffer_Overflow__c_CWE193_wchar_t_loop_31.c
  CWE122_Heap_Based_Buffer_Overflow__c_CWE193_wchar_t_loop_22b.c
  코드를 생성하고 있습니다...
  컴파일하고 있습니다...
  CWE122_Heap_Based_Buffer_Overflow__c_CWE193_wchar_t_loop_22a.c
  CWE122_Heap_Based_Buffer_Overflow__c_CWE193_wchar_t_loop_21.c
  CWE122_Heap_Based_Buffer_Overflow__c_CWE193_wchar_t_loop_18.c
  CWE122_Heap_Based_Buffer_Overflow__c_CWE193_wchar_t_loop_17.c
  CWE122_Heap_Based_Buffer_Overflow__c_CWE193_wchar_t_loop_16.c
  CWE122_Heap_Based_Buffer_Overflow__c_CWE193_wchar_t_loop_15.c
  CWE122_Heap_Based_Buffer_Overflow__c_CWE193_wchar_t_loop_14.c
  CWE122_Heap_Based_Buffer_Overflow__c_CWE193_wchar_t_loop_13.c
  CWE122_Heap_Based_Buffer_Overflow__c_CWE193_wchar_t_loop_12.c
  CWE122_Heap_Based_Buffer_Overflow__c_CWE193_wchar_t_loop_11.c
  CWE122_Heap_Based_Buffer_Overflow__c_CWE193_wchar_t_loop_10.c
  CWE122_Heap_Based_Buffer_Overflow__c_CWE193_wchar_t_loop_09.c
  CWE122_Heap_Based_Buffer_Overflow__c_CWE193_wchar_t_loop_08.c
  CWE122_Heap_Based_Buffer_Overflow__c_CWE193_wchar_t_loop_07.c
  CWE122_Heap_Based_Buffer_Overflow__c_CWE193_wchar_t_loop_06.c
  CWE122_Heap_Based_Buffer_Overflow__c_CWE193_wchar_t_loop_05.c
  CWE122_Heap_Based_Buffer_Overflow__c_CWE193_wchar_t_loop_04.c
  CWE122_Heap_Based_Buffer_Overflow__c_CWE193_wchar_t_loop_03.c
  CWE122_Heap_Based_Buffer_Overflow__c_CWE193_wchar_t_loop_02.c
  CWE122_Heap_Based_Buffer_Overflow__c_CWE193_wchar_t_loop_01.c
  코드를 생성하고 있습니다...
  컴파일하고 있습니다...
  CWE122_Heap_Based_Buffer_Overflow__CWE131_memcpy_01.c
  CWE122_Heap_Based_Buffer_Overflow__CWE131_loop_01.c
  io.c
  코드를 생성하고 있습니다...
Debug\CWE122_Heap_Based_Buffer_Overflow__cpp_dest_wchar_t_cat_01.obj : warning LNK4042: 개체가 두 번 이상 지정되었습니다. 나머지는 무시됩니다.
Debug\CWE122_Heap_Based_Buffer_Overflow__c_CWE193_wchar_t_loop_01.obj : warning LNK4042: 개체가 두 번 이상 지정되었습니다. 나머지는 무시됩니다.
Debug\CWE122_Heap_Based_Buffer_Overflow__char_type_overrun_memcpy_01.obj : warning LNK4042: 개체가 두 번 이상 지정되었습니다. 나머지는 무시됩니다.
  CWE122_Heap_Based_Buffer_Overflow.vcxproj -> C:\git\romeo\c\Debug\CWE122_Heap_Based_Buffer_Overflow.exe
