c:\git\romeo\c\cwe124_buffer_underwrite\debug\vc141.pdb
c:\git\romeo\c\cwe124_buffer_underwrite\debug\vc141.idb
c:\git\romeo\c\cwe124_buffer_underwrite\debug\cwe124_buffer_underwrite__new_char_memmove_01.obj
c:\git\romeo\c\cwe124_buffer_underwrite\debug\cwe124_buffer_underwrite__new_char_ncpy_01.obj
c:\git\romeo\c\cwe124_buffer_underwrite\debug\cwe124_buffer_underwrite__new_wchar_t_cpy_01.obj
c:\git\romeo\c\cwe124_buffer_underwrite\debug\cwe124_buffer_underwrite__new_wchar_t_loop_01.obj
c:\git\romeo\c\cwe124_buffer_underwrite\debug\cwe124_buffer_underwrite__new_wchar_t_memcpy_01.obj
c:\git\romeo\c\cwe124_buffer_underwrite\debug\cwe124_buffer_underwrite__new_wchar_t_memmove_01.obj
c:\git\romeo\c\cwe124_buffer_underwrite\debug\cwe124_buffer_underwrite__new_wchar_t_ncpy_01.obj
c:\git\romeo\c\cwe124_buffer_underwrite\debug\cwe124_buffer_underwrite__char_alloca_cpy_33.obj
c:\git\romeo\c\cwe124_buffer_underwrite\debug\cwe124_buffer_underwrite__char_alloca_cpy_72a.obj
c:\git\romeo\c\cwe124_buffer_underwrite\debug\cwe124_buffer_underwrite__char_alloca_cpy_72b.obj
c:\git\romeo\c\cwe124_buffer_underwrite\debug\cwe124_buffer_underwrite__char_alloca_cpy_73a.obj
c:\git\romeo\c\cwe124_buffer_underwrite\debug\cwe124_buffer_underwrite__char_alloca_cpy_73b.obj
c:\git\romeo\c\cwe124_buffer_underwrite\debug\cwe124_buffer_underwrite__char_alloca_cpy_74a.obj
c:\git\romeo\c\cwe124_buffer_underwrite\debug\cwe124_buffer_underwrite__char_alloca_cpy_74b.obj
c:\git\romeo\c\cwe124_buffer_underwrite\debug\cwe124_buffer_underwrite__char_alloca_cpy_81a.obj
c:\git\romeo\c\cwe124_buffer_underwrite\debug\cwe124_buffer_underwrite__char_alloca_cpy_81_bad.obj
c:\git\romeo\c\cwe124_buffer_underwrite\debug\cwe124_buffer_underwrite__char_alloca_cpy_81_goodg2b.obj
c:\git\romeo\c\cwe124_buffer_underwrite\debug\cwe124_buffer_underwrite__char_alloca_cpy_82a.obj
c:\git\romeo\c\cwe124_buffer_underwrite\debug\cwe124_buffer_underwrite__char_alloca_cpy_82_bad.obj
c:\git\romeo\c\cwe124_buffer_underwrite\debug\cwe124_buffer_underwrite__char_alloca_cpy_82_goodg2b.obj
c:\git\romeo\c\cwe124_buffer_underwrite\debug\cwe124_buffer_underwrite__cwe839_fgets_74b.obj
c:\git\romeo\c\cwe124_buffer_underwrite\debug\cwe124_buffer_underwrite__cwe839_fgets_81a.obj
c:\git\romeo\c\cwe124_buffer_underwrite\debug\cwe124_buffer_underwrite__cwe839_fgets_81_bad.obj
c:\git\romeo\c\cwe124_buffer_underwrite\debug\cwe124_buffer_underwrite__cwe839_fgets_81_goodb2g.obj
c:\git\romeo\c\cwe124_buffer_underwrite\debug\cwe124_buffer_underwrite__cwe839_fgets_81_goodg2b.obj
c:\git\romeo\c\cwe124_buffer_underwrite\debug\cwe124_buffer_underwrite__cwe839_fgets_82a.obj
c:\git\romeo\c\cwe124_buffer_underwrite\debug\cwe124_buffer_underwrite__cwe839_fgets_82_bad.obj
c:\git\romeo\c\cwe124_buffer_underwrite\debug\cwe124_buffer_underwrite__cwe839_fgets_82_goodb2g.obj
c:\git\romeo\c\cwe124_buffer_underwrite\debug\cwe124_buffer_underwrite__cwe839_fgets_82_goodg2b.obj
c:\git\romeo\c\cwe124_buffer_underwrite\debug\cwe124_buffer_underwrite__cwe839_fgets_83a.obj
c:\git\romeo\c\cwe124_buffer_underwrite\debug\cwe124_buffer_underwrite__cwe839_fgets_83_bad.obj
c:\git\romeo\c\cwe124_buffer_underwrite\debug\cwe124_buffer_underwrite__cwe839_fgets_83_goodb2g.obj
c:\git\romeo\c\cwe124_buffer_underwrite\debug\cwe124_buffer_underwrite__cwe839_fgets_83_goodg2b.obj
c:\git\romeo\c\cwe124_buffer_underwrite\debug\cwe124_buffer_underwrite__cwe839_fgets_84a.obj
c:\git\romeo\c\cwe124_buffer_underwrite\debug\cwe124_buffer_underwrite__cwe839_fgets_84_bad.obj
c:\git\romeo\c\cwe124_buffer_underwrite\debug\cwe124_buffer_underwrite__cwe839_fgets_84_goodb2g.obj
c:\git\romeo\c\cwe124_buffer_underwrite\debug\cwe124_buffer_underwrite__cwe839_fgets_84_goodg2b.obj
c:\git\romeo\c\cwe124_buffer_underwrite\debug\cwe124_buffer_underwrite__new_char_cpy_01.obj
c:\git\romeo\c\cwe124_buffer_underwrite\debug\cwe124_buffer_underwrite__new_char_loop_01.obj
c:\git\romeo\c\cwe124_buffer_underwrite\debug\cwe124_buffer_underwrite__new_char_memcpy_01.obj
c:\git\romeo\c\cwe124_buffer_underwrite\debug\fake_main.obj
c:\git\romeo\c\cwe124_buffer_underwrite\debug\cwe124_buffer_underwrite__cwe839_fgets_33.obj
c:\git\romeo\c\cwe124_buffer_underwrite\debug\cwe124_buffer_underwrite__cwe839_fgets_43.obj
c:\git\romeo\c\cwe124_buffer_underwrite\debug\cwe124_buffer_underwrite__cwe839_fgets_62a.obj
c:\git\romeo\c\cwe124_buffer_underwrite\debug\cwe124_buffer_underwrite__cwe839_fgets_62b.obj
c:\git\romeo\c\cwe124_buffer_underwrite\debug\cwe124_buffer_underwrite__cwe839_fgets_72a.obj
c:\git\romeo\c\cwe124_buffer_underwrite\debug\cwe124_buffer_underwrite__cwe839_fgets_72b.obj
c:\git\romeo\c\cwe124_buffer_underwrite\debug\cwe124_buffer_underwrite__cwe839_fgets_73a.obj
c:\git\romeo\c\cwe124_buffer_underwrite\debug\cwe124_buffer_underwrite__cwe839_fgets_73b.obj
c:\git\romeo\c\cwe124_buffer_underwrite\debug\cwe124_buffer_underwrite__cwe839_fgets_74a.obj
c:\git\romeo\c\cwe124_buffer_underwrite\debug\cwe124_buffer_underwrite__char_alloca_cpy_01.obj
c:\git\romeo\c\cwe124_buffer_underwrite\debug\cwe124_buffer_underwrite__char_alloca_loop_01.obj
c:\git\romeo\c\cwe124_buffer_underwrite\debug\cwe124_buffer_underwrite__char_alloca_memcpy_01.obj
c:\git\romeo\c\cwe124_buffer_underwrite\debug\cwe124_buffer_underwrite__char_alloca_memmove_01.obj
c:\git\romeo\c\cwe124_buffer_underwrite\debug\cwe124_buffer_underwrite__char_alloca_ncpy_01.obj
c:\git\romeo\c\cwe124_buffer_underwrite\debug\cwe124_buffer_underwrite__char_declare_cpy_01.obj
c:\git\romeo\c\cwe124_buffer_underwrite\debug\cwe124_buffer_underwrite__char_declare_loop_01.obj
c:\git\romeo\c\cwe124_buffer_underwrite\debug\cwe124_buffer_underwrite__char_declare_memcpy_01.obj
c:\git\romeo\c\cwe124_buffer_underwrite\debug\cwe124_buffer_underwrite__char_declare_memmove_01.obj
c:\git\romeo\c\cwe124_buffer_underwrite\debug\cwe124_buffer_underwrite__char_declare_ncpy_01.obj
c:\git\romeo\c\cwe124_buffer_underwrite\debug\cwe124_buffer_underwrite__wchar_t_alloca_cpy_01.obj
c:\git\romeo\c\cwe124_buffer_underwrite\debug\cwe124_buffer_underwrite__wchar_t_alloca_loop_01.obj
c:\git\romeo\c\cwe124_buffer_underwrite\debug\cwe124_buffer_underwrite__wchar_t_alloca_memcpy_01.obj
c:\git\romeo\c\cwe124_buffer_underwrite\debug\cwe124_buffer_underwrite__wchar_t_alloca_memmove_01.obj
c:\git\romeo\c\cwe124_buffer_underwrite\debug\cwe124_buffer_underwrite__wchar_t_alloca_ncpy_01.obj
c:\git\romeo\c\cwe124_buffer_underwrite\debug\cwe124_buffer_underwrite__wchar_t_declare_cpy_01.obj
c:\git\romeo\c\cwe124_buffer_underwrite\debug\cwe124_buffer_underwrite__wchar_t_declare_loop_01.obj
c:\git\romeo\c\cwe124_buffer_underwrite\debug\cwe124_buffer_underwrite__wchar_t_declare_memcpy_01.obj
c:\git\romeo\c\cwe124_buffer_underwrite\debug\cwe124_buffer_underwrite__wchar_t_declare_memmove_01.obj
c:\git\romeo\c\cwe124_buffer_underwrite\debug\cwe124_buffer_underwrite__wchar_t_declare_ncpy_01.obj
c:\git\romeo\c\cwe124_buffer_underwrite\debug\cwe124_buffer_underwrite__char_alloca_cpy_53b.obj
c:\git\romeo\c\cwe124_buffer_underwrite\debug\cwe124_buffer_underwrite__char_alloca_cpy_53c.obj
c:\git\romeo\c\cwe124_buffer_underwrite\debug\cwe124_buffer_underwrite__char_alloca_cpy_53d.obj
c:\git\romeo\c\cwe124_buffer_underwrite\debug\cwe124_buffer_underwrite__char_alloca_cpy_54a.obj
c:\git\romeo\c\cwe124_buffer_underwrite\debug\cwe124_buffer_underwrite__char_alloca_cpy_54b.obj
c:\git\romeo\c\cwe124_buffer_underwrite\debug\cwe124_buffer_underwrite__char_alloca_cpy_54c.obj
c:\git\romeo\c\cwe124_buffer_underwrite\debug\cwe124_buffer_underwrite__char_alloca_cpy_54d.obj
c:\git\romeo\c\cwe124_buffer_underwrite\debug\cwe124_buffer_underwrite__char_alloca_cpy_54e.obj
c:\git\romeo\c\cwe124_buffer_underwrite\debug\cwe124_buffer_underwrite__char_alloca_cpy_63a.obj
c:\git\romeo\c\cwe124_buffer_underwrite\debug\cwe124_buffer_underwrite__char_alloca_cpy_63b.obj
c:\git\romeo\c\cwe124_buffer_underwrite\debug\cwe124_buffer_underwrite__char_alloca_cpy_64a.obj
c:\git\romeo\c\cwe124_buffer_underwrite\debug\cwe124_buffer_underwrite__char_alloca_cpy_64b.obj
c:\git\romeo\c\cwe124_buffer_underwrite\debug\cwe124_buffer_underwrite__char_alloca_cpy_65a.obj
c:\git\romeo\c\cwe124_buffer_underwrite\debug\cwe124_buffer_underwrite__char_alloca_cpy_65b.obj
c:\git\romeo\c\cwe124_buffer_underwrite\debug\cwe124_buffer_underwrite__char_alloca_cpy_66a.obj
c:\git\romeo\c\cwe124_buffer_underwrite\debug\cwe124_buffer_underwrite__char_alloca_cpy_66b.obj
c:\git\romeo\c\cwe124_buffer_underwrite\debug\cwe124_buffer_underwrite__char_alloca_cpy_67a.obj
c:\git\romeo\c\cwe124_buffer_underwrite\debug\cwe124_buffer_underwrite__char_alloca_cpy_67b.obj
c:\git\romeo\c\cwe124_buffer_underwrite\debug\cwe124_buffer_underwrite__char_alloca_cpy_68a.obj
c:\git\romeo\c\cwe124_buffer_underwrite\debug\cwe124_buffer_underwrite__char_alloca_cpy_68b.obj
c:\git\romeo\c\cwe124_buffer_underwrite\debug\cwe124_buffer_underwrite__char_alloca_cpy_11.obj
c:\git\romeo\c\cwe124_buffer_underwrite\debug\cwe124_buffer_underwrite__char_alloca_cpy_12.obj
c:\git\romeo\c\cwe124_buffer_underwrite\debug\cwe124_buffer_underwrite__char_alloca_cpy_13.obj
c:\git\romeo\c\cwe124_buffer_underwrite\debug\cwe124_buffer_underwrite__char_alloca_cpy_14.obj
c:\git\romeo\c\cwe124_buffer_underwrite\debug\cwe124_buffer_underwrite__char_alloca_cpy_15.obj
c:\git\romeo\c\cwe124_buffer_underwrite\debug\cwe124_buffer_underwrite__char_alloca_cpy_16.obj
c:\git\romeo\c\cwe124_buffer_underwrite\debug\cwe124_buffer_underwrite__char_alloca_cpy_17.obj
c:\git\romeo\c\cwe124_buffer_underwrite\debug\cwe124_buffer_underwrite__char_alloca_cpy_18.obj
c:\git\romeo\c\cwe124_buffer_underwrite\debug\cwe124_buffer_underwrite__char_alloca_cpy_31.obj
c:\git\romeo\c\cwe124_buffer_underwrite\debug\cwe124_buffer_underwrite__char_alloca_cpy_32.obj
c:\git\romeo\c\cwe124_buffer_underwrite\debug\cwe124_buffer_underwrite__char_alloca_cpy_34.obj
c:\git\romeo\c\cwe124_buffer_underwrite\debug\cwe124_buffer_underwrite__char_alloca_cpy_41.obj
c:\git\romeo\c\cwe124_buffer_underwrite\debug\cwe124_buffer_underwrite__char_alloca_cpy_44.obj
c:\git\romeo\c\cwe124_buffer_underwrite\debug\cwe124_buffer_underwrite__char_alloca_cpy_45.obj
c:\git\romeo\c\cwe124_buffer_underwrite\debug\cwe124_buffer_underwrite__char_alloca_cpy_51a.obj
c:\git\romeo\c\cwe124_buffer_underwrite\debug\cwe124_buffer_underwrite__char_alloca_cpy_51b.obj
c:\git\romeo\c\cwe124_buffer_underwrite\debug\cwe124_buffer_underwrite__char_alloca_cpy_52a.obj
c:\git\romeo\c\cwe124_buffer_underwrite\debug\cwe124_buffer_underwrite__char_alloca_cpy_52b.obj
c:\git\romeo\c\cwe124_buffer_underwrite\debug\cwe124_buffer_underwrite__char_alloca_cpy_52c.obj
c:\git\romeo\c\cwe124_buffer_underwrite\debug\cwe124_buffer_underwrite__char_alloca_cpy_53a.obj
c:\git\romeo\c\cwe124_buffer_underwrite\debug\cwe124_buffer_underwrite__malloc_char_cpy_01.obj
c:\git\romeo\c\cwe124_buffer_underwrite\debug\cwe124_buffer_underwrite__malloc_char_loop_01.obj
c:\git\romeo\c\cwe124_buffer_underwrite\debug\cwe124_buffer_underwrite__malloc_char_memcpy_01.obj
c:\git\romeo\c\cwe124_buffer_underwrite\debug\cwe124_buffer_underwrite__malloc_char_memmove_01.obj
c:\git\romeo\c\cwe124_buffer_underwrite\debug\cwe124_buffer_underwrite__malloc_char_ncpy_01.obj
c:\git\romeo\c\cwe124_buffer_underwrite\debug\cwe124_buffer_underwrite__malloc_wchar_t_cpy_01.obj
c:\git\romeo\c\cwe124_buffer_underwrite\debug\cwe124_buffer_underwrite__malloc_wchar_t_loop_01.obj
c:\git\romeo\c\cwe124_buffer_underwrite\debug\cwe124_buffer_underwrite__malloc_wchar_t_memcpy_01.obj
c:\git\romeo\c\cwe124_buffer_underwrite\debug\cwe124_buffer_underwrite__malloc_wchar_t_memmove_01.obj
c:\git\romeo\c\cwe124_buffer_underwrite\debug\cwe124_buffer_underwrite__malloc_wchar_t_ncpy_01.obj
c:\git\romeo\c\cwe124_buffer_underwrite\debug\cwe124_buffer_underwrite__char_alloca_cpy_02.obj
c:\git\romeo\c\cwe124_buffer_underwrite\debug\cwe124_buffer_underwrite__char_alloca_cpy_03.obj
c:\git\romeo\c\cwe124_buffer_underwrite\debug\cwe124_buffer_underwrite__char_alloca_cpy_04.obj
c:\git\romeo\c\cwe124_buffer_underwrite\debug\cwe124_buffer_underwrite__char_alloca_cpy_05.obj
c:\git\romeo\c\cwe124_buffer_underwrite\debug\cwe124_buffer_underwrite__char_alloca_cpy_06.obj
c:\git\romeo\c\cwe124_buffer_underwrite\debug\cwe124_buffer_underwrite__char_alloca_cpy_07.obj
c:\git\romeo\c\cwe124_buffer_underwrite\debug\cwe124_buffer_underwrite__char_alloca_cpy_08.obj
c:\git\romeo\c\cwe124_buffer_underwrite\debug\cwe124_buffer_underwrite__char_alloca_cpy_09.obj
c:\git\romeo\c\cwe124_buffer_underwrite\debug\cwe124_buffer_underwrite__char_alloca_cpy_10.obj
c:\git\romeo\c\cwe124_buffer_underwrite\debug\cwe124_buffer_underwrite__cwe839_fgets_61a.obj
c:\git\romeo\c\cwe124_buffer_underwrite\debug\cwe124_buffer_underwrite__cwe839_fgets_61b.obj
c:\git\romeo\c\cwe124_buffer_underwrite\debug\cwe124_buffer_underwrite__cwe839_fgets_63a.obj
c:\git\romeo\c\cwe124_buffer_underwrite\debug\cwe124_buffer_underwrite__cwe839_fgets_63b.obj
c:\git\romeo\c\cwe124_buffer_underwrite\debug\cwe124_buffer_underwrite__cwe839_fgets_64a.obj
c:\git\romeo\c\cwe124_buffer_underwrite\debug\cwe124_buffer_underwrite__cwe839_fgets_64b.obj
c:\git\romeo\c\cwe124_buffer_underwrite\debug\cwe124_buffer_underwrite__cwe839_fgets_65a.obj
c:\git\romeo\c\cwe124_buffer_underwrite\debug\cwe124_buffer_underwrite__cwe839_fgets_65b.obj
c:\git\romeo\c\cwe124_buffer_underwrite\debug\cwe124_buffer_underwrite__cwe839_fgets_66a.obj
c:\git\romeo\c\cwe124_buffer_underwrite\debug\cwe124_buffer_underwrite__cwe839_fgets_66b.obj
c:\git\romeo\c\cwe124_buffer_underwrite\debug\cwe124_buffer_underwrite__cwe839_fgets_67a.obj
c:\git\romeo\c\cwe124_buffer_underwrite\debug\cwe124_buffer_underwrite__cwe839_fgets_67b.obj
c:\git\romeo\c\cwe124_buffer_underwrite\debug\cwe124_buffer_underwrite__cwe839_fgets_68a.obj
c:\git\romeo\c\cwe124_buffer_underwrite\debug\cwe124_buffer_underwrite__cwe839_fgets_68b.obj
c:\git\romeo\c\cwe124_buffer_underwrite\debug\cwe124_buffer_underwrite__cwe839_connect_socket_01.obj
c:\git\romeo\c\cwe124_buffer_underwrite\debug\cwe124_buffer_underwrite__cwe839_fgets_01.obj
c:\git\romeo\c\cwe124_buffer_underwrite\debug\cwe124_buffer_underwrite__cwe839_fscanf_01.obj
c:\git\romeo\c\cwe124_buffer_underwrite\debug\cwe124_buffer_underwrite__cwe839_listen_socket_01.obj
c:\git\romeo\c\cwe124_buffer_underwrite\debug\cwe124_buffer_underwrite__cwe839_negative_01.obj
c:\git\romeo\c\cwe124_buffer_underwrite\debug\cwe124_buffer_underwrite__cwe839_rand_01.obj
c:\git\romeo\c\cwe124_buffer_underwrite\debug\cwe124_buffer_underwrite__cwe839_fgets_32.obj
c:\git\romeo\c\cwe124_buffer_underwrite\debug\cwe124_buffer_underwrite__cwe839_fgets_34.obj
c:\git\romeo\c\cwe124_buffer_underwrite\debug\cwe124_buffer_underwrite__cwe839_fgets_41.obj
c:\git\romeo\c\cwe124_buffer_underwrite\debug\cwe124_buffer_underwrite__cwe839_fgets_42.obj
c:\git\romeo\c\cwe124_buffer_underwrite\debug\cwe124_buffer_underwrite__cwe839_fgets_44.obj
c:\git\romeo\c\cwe124_buffer_underwrite\debug\cwe124_buffer_underwrite__cwe839_fgets_45.obj
c:\git\romeo\c\cwe124_buffer_underwrite\debug\cwe124_buffer_underwrite__cwe839_fgets_51a.obj
c:\git\romeo\c\cwe124_buffer_underwrite\debug\cwe124_buffer_underwrite__cwe839_fgets_51b.obj
c:\git\romeo\c\cwe124_buffer_underwrite\debug\cwe124_buffer_underwrite__cwe839_fgets_52a.obj
c:\git\romeo\c\cwe124_buffer_underwrite\debug\cwe124_buffer_underwrite__cwe839_fgets_52b.obj
c:\git\romeo\c\cwe124_buffer_underwrite\debug\cwe124_buffer_underwrite__cwe839_fgets_52c.obj
c:\git\romeo\c\cwe124_buffer_underwrite\debug\cwe124_buffer_underwrite__cwe839_fgets_53a.obj
c:\git\romeo\c\cwe124_buffer_underwrite\debug\cwe124_buffer_underwrite__cwe839_fgets_53b.obj
c:\git\romeo\c\cwe124_buffer_underwrite\debug\cwe124_buffer_underwrite__cwe839_fgets_53c.obj
c:\git\romeo\c\cwe124_buffer_underwrite\debug\cwe124_buffer_underwrite__cwe839_fgets_53d.obj
c:\git\romeo\c\cwe124_buffer_underwrite\debug\cwe124_buffer_underwrite__cwe839_fgets_54a.obj
c:\git\romeo\c\cwe124_buffer_underwrite\debug\cwe124_buffer_underwrite__cwe839_fgets_54b.obj
c:\git\romeo\c\cwe124_buffer_underwrite\debug\cwe124_buffer_underwrite__cwe839_fgets_54c.obj
c:\git\romeo\c\cwe124_buffer_underwrite\debug\cwe124_buffer_underwrite__cwe839_fgets_54d.obj
c:\git\romeo\c\cwe124_buffer_underwrite\debug\cwe124_buffer_underwrite__cwe839_fgets_54e.obj
c:\git\romeo\c\cwe124_buffer_underwrite\debug\cwe124_buffer_underwrite__cwe839_fgets_03.obj
c:\git\romeo\c\cwe124_buffer_underwrite\debug\cwe124_buffer_underwrite__cwe839_fgets_04.obj
c:\git\romeo\c\cwe124_buffer_underwrite\debug\cwe124_buffer_underwrite__cwe839_fgets_05.obj
c:\git\romeo\c\cwe124_buffer_underwrite\debug\cwe124_buffer_underwrite__cwe839_fgets_06.obj
c:\git\romeo\c\cwe124_buffer_underwrite\debug\cwe124_buffer_underwrite__cwe839_fgets_07.obj
c:\git\romeo\c\cwe124_buffer_underwrite\debug\cwe124_buffer_underwrite__cwe839_fgets_08.obj
c:\git\romeo\c\cwe124_buffer_underwrite\debug\cwe124_buffer_underwrite__cwe839_fgets_09.obj
c:\git\romeo\c\cwe124_buffer_underwrite\debug\cwe124_buffer_underwrite__cwe839_fgets_10.obj
c:\git\romeo\c\cwe124_buffer_underwrite\debug\cwe124_buffer_underwrite__cwe839_fgets_11.obj
c:\git\romeo\c\cwe124_buffer_underwrite\debug\cwe124_buffer_underwrite__cwe839_fgets_12.obj
c:\git\romeo\c\cwe124_buffer_underwrite\debug\cwe124_buffer_underwrite__cwe839_fgets_13.obj
c:\git\romeo\c\cwe124_buffer_underwrite\debug\cwe124_buffer_underwrite__cwe839_fgets_14.obj
c:\git\romeo\c\cwe124_buffer_underwrite\debug\cwe124_buffer_underwrite__cwe839_fgets_15.obj
c:\git\romeo\c\cwe124_buffer_underwrite\debug\cwe124_buffer_underwrite__cwe839_fgets_16.obj
c:\git\romeo\c\cwe124_buffer_underwrite\debug\cwe124_buffer_underwrite__cwe839_fgets_17.obj
c:\git\romeo\c\cwe124_buffer_underwrite\debug\cwe124_buffer_underwrite__cwe839_fgets_18.obj
c:\git\romeo\c\cwe124_buffer_underwrite\debug\cwe124_buffer_underwrite__cwe839_fgets_21.obj
c:\git\romeo\c\cwe124_buffer_underwrite\debug\cwe124_buffer_underwrite__cwe839_fgets_22a.obj
c:\git\romeo\c\cwe124_buffer_underwrite\debug\cwe124_buffer_underwrite__cwe839_fgets_22b.obj
c:\git\romeo\c\cwe124_buffer_underwrite\debug\cwe124_buffer_underwrite__cwe839_fgets_31.obj
c:\git\romeo\c\cwe124_buffer_underwrite\debug\io.obj
c:\git\romeo\c\cwe124_buffer_underwrite\debug\cwe124_buffer_underwrite__cwe839_fgets_02.obj
c:\git\romeo\c\debug\cwe124_buffer_underwrite.ilk
c:\git\romeo\c\debug\cwe124_buffer_underwrite.exe
c:\git\romeo\c\debug\cwe124_buffer_underwrite.pdb
c:\git\romeo\c\cwe124_buffer_underwrite\debug\cwe124_b.50254562.tlog\cl.command.1.tlog
c:\git\romeo\c\cwe124_buffer_underwrite\debug\cwe124_b.50254562.tlog\cl.read.1.tlog
c:\git\romeo\c\cwe124_buffer_underwrite\debug\cwe124_b.50254562.tlog\cl.write.1.tlog
c:\git\romeo\c\cwe124_buffer_underwrite\debug\cwe124_b.50254562.tlog\link.command.1.tlog
c:\git\romeo\c\cwe124_buffer_underwrite\debug\cwe124_b.50254562.tlog\link.read.1.tlog
c:\git\romeo\c\cwe124_buffer_underwrite\debug\cwe124_b.50254562.tlog\link.write.1.tlog
