c:\users\robert\documents\visual studio 2015\projects\codemind_test\cwe789_uncontrolled_mem_alloc\debug\vc140.pdb
c:\users\robert\documents\visual studio 2015\projects\codemind_test\cwe789_uncontrolled_mem_alloc\debug\vc140.idb
c:\users\robert\documents\visual studio 2015\projects\codemind_test\cwe789_uncontrolled_mem_alloc\debug\cwe789_uncontrolled_mem_alloc__malloc_char_fgets_82_goodb2g.obj
c:\users\robert\documents\visual studio 2015\projects\codemind_test\cwe789_uncontrolled_mem_alloc\debug\cwe789_uncontrolled_mem_alloc__malloc_char_fgets_82_goodg2b.obj
c:\users\robert\documents\visual studio 2015\projects\codemind_test\cwe789_uncontrolled_mem_alloc\debug\cwe789_uncontrolled_mem_alloc__malloc_char_fgets_83a.obj
c:\users\robert\documents\visual studio 2015\projects\codemind_test\cwe789_uncontrolled_mem_alloc\debug\cwe789_uncontrolled_mem_alloc__malloc_char_fgets_83_bad.obj
c:\users\robert\documents\visual studio 2015\projects\codemind_test\cwe789_uncontrolled_mem_alloc\debug\cwe789_uncontrolled_mem_alloc__malloc_char_fgets_83_goodb2g.obj
c:\users\robert\documents\visual studio 2015\projects\codemind_test\cwe789_uncontrolled_mem_alloc\debug\cwe789_uncontrolled_mem_alloc__malloc_char_fgets_83_goodg2b.obj
c:\users\robert\documents\visual studio 2015\projects\codemind_test\cwe789_uncontrolled_mem_alloc\debug\cwe789_uncontrolled_mem_alloc__malloc_char_fgets_84a.obj
c:\users\robert\documents\visual studio 2015\projects\codemind_test\cwe789_uncontrolled_mem_alloc\debug\cwe789_uncontrolled_mem_alloc__malloc_char_fgets_84_bad.obj
c:\users\robert\documents\visual studio 2015\projects\codemind_test\cwe789_uncontrolled_mem_alloc\debug\cwe789_uncontrolled_mem_alloc__malloc_char_fgets_84_goodb2g.obj
c:\users\robert\documents\visual studio 2015\projects\codemind_test\cwe789_uncontrolled_mem_alloc\debug\cwe789_uncontrolled_mem_alloc__malloc_char_fgets_84_goodg2b.obj
c:\users\robert\documents\visual studio 2015\projects\codemind_test\cwe789_uncontrolled_mem_alloc\debug\cwe789_uncontrolled_mem_alloc__new_char_connect_socket_01.obj
c:\users\robert\documents\visual studio 2015\projects\codemind_test\cwe789_uncontrolled_mem_alloc\debug\cwe789_uncontrolled_mem_alloc__new_char_fgets_01.obj
c:\users\robert\documents\visual studio 2015\projects\codemind_test\cwe789_uncontrolled_mem_alloc\debug\cwe789_uncontrolled_mem_alloc__new_char_fscanf_01.obj
c:\users\robert\documents\visual studio 2015\projects\codemind_test\cwe789_uncontrolled_mem_alloc\debug\cwe789_uncontrolled_mem_alloc__new_char_listen_socket_01.obj
c:\users\robert\documents\visual studio 2015\projects\codemind_test\cwe789_uncontrolled_mem_alloc\debug\cwe789_uncontrolled_mem_alloc__new_char_rand_01.obj
c:\users\robert\documents\visual studio 2015\projects\codemind_test\cwe789_uncontrolled_mem_alloc\debug\cwe789_uncontrolled_mem_alloc__new_wchar_t_connect_socket_01.obj
c:\users\robert\documents\visual studio 2015\projects\codemind_test\cwe789_uncontrolled_mem_alloc\debug\cwe789_uncontrolled_mem_alloc__new_wchar_t_fgets_01.obj
c:\users\robert\documents\visual studio 2015\projects\codemind_test\cwe789_uncontrolled_mem_alloc\debug\cwe789_uncontrolled_mem_alloc__new_wchar_t_fscanf_01.obj
c:\users\robert\documents\visual studio 2015\projects\codemind_test\cwe789_uncontrolled_mem_alloc\debug\cwe789_uncontrolled_mem_alloc__new_wchar_t_listen_socket_01.obj
c:\users\robert\documents\visual studio 2015\projects\codemind_test\cwe789_uncontrolled_mem_alloc\debug\cwe789_uncontrolled_mem_alloc__new_wchar_t_rand_01.obj
c:\users\robert\documents\visual studio 2015\projects\codemind_test\cwe789_uncontrolled_mem_alloc\debug\fake_main.obj
c:\users\robert\documents\visual studio 2015\projects\codemind_test\cwe789_uncontrolled_mem_alloc\debug\cwe789_uncontrolled_mem_alloc__malloc_char_fgets_33.obj
c:\users\robert\documents\visual studio 2015\projects\codemind_test\cwe789_uncontrolled_mem_alloc\debug\cwe789_uncontrolled_mem_alloc__malloc_char_fgets_43.obj
c:\users\robert\documents\visual studio 2015\projects\codemind_test\cwe789_uncontrolled_mem_alloc\debug\cwe789_uncontrolled_mem_alloc__malloc_char_fgets_62a.obj
c:\users\robert\documents\visual studio 2015\projects\codemind_test\cwe789_uncontrolled_mem_alloc\debug\cwe789_uncontrolled_mem_alloc__malloc_char_fgets_62b.obj
c:\users\robert\documents\visual studio 2015\projects\codemind_test\cwe789_uncontrolled_mem_alloc\debug\cwe789_uncontrolled_mem_alloc__malloc_char_fgets_72a.obj
c:\users\robert\documents\visual studio 2015\projects\codemind_test\cwe789_uncontrolled_mem_alloc\debug\cwe789_uncontrolled_mem_alloc__malloc_char_fgets_72b.obj
c:\users\robert\documents\visual studio 2015\projects\codemind_test\cwe789_uncontrolled_mem_alloc\debug\cwe789_uncontrolled_mem_alloc__malloc_char_fgets_73a.obj
c:\users\robert\documents\visual studio 2015\projects\codemind_test\cwe789_uncontrolled_mem_alloc\debug\cwe789_uncontrolled_mem_alloc__malloc_char_fgets_73b.obj
c:\users\robert\documents\visual studio 2015\projects\codemind_test\cwe789_uncontrolled_mem_alloc\debug\cwe789_uncontrolled_mem_alloc__malloc_char_fgets_74a.obj
c:\users\robert\documents\visual studio 2015\projects\codemind_test\cwe789_uncontrolled_mem_alloc\debug\cwe789_uncontrolled_mem_alloc__malloc_char_fgets_74b.obj
c:\users\robert\documents\visual studio 2015\projects\codemind_test\cwe789_uncontrolled_mem_alloc\debug\cwe789_uncontrolled_mem_alloc__malloc_char_fgets_81a.obj
c:\users\robert\documents\visual studio 2015\projects\codemind_test\cwe789_uncontrolled_mem_alloc\debug\cwe789_uncontrolled_mem_alloc__malloc_char_fgets_81_bad.obj
c:\users\robert\documents\visual studio 2015\projects\codemind_test\cwe789_uncontrolled_mem_alloc\debug\cwe789_uncontrolled_mem_alloc__malloc_char_fgets_81_goodb2g.obj
c:\users\robert\documents\visual studio 2015\projects\codemind_test\cwe789_uncontrolled_mem_alloc\debug\cwe789_uncontrolled_mem_alloc__malloc_char_fgets_81_goodg2b.obj
c:\users\robert\documents\visual studio 2015\projects\codemind_test\cwe789_uncontrolled_mem_alloc\debug\cwe789_uncontrolled_mem_alloc__malloc_char_fgets_82a.obj
c:\users\robert\documents\visual studio 2015\projects\codemind_test\cwe789_uncontrolled_mem_alloc\debug\cwe789_uncontrolled_mem_alloc__malloc_char_fgets_82_bad.obj
c:\users\robert\documents\visual studio 2015\projects\codemind_test\cwe789_uncontrolled_mem_alloc\debug\cwe789_uncontrolled_mem_alloc__malloc_char_fgets_64a.obj
c:\users\robert\documents\visual studio 2015\projects\codemind_test\cwe789_uncontrolled_mem_alloc\debug\cwe789_uncontrolled_mem_alloc__malloc_char_fgets_64b.obj
c:\users\robert\documents\visual studio 2015\projects\codemind_test\cwe789_uncontrolled_mem_alloc\debug\cwe789_uncontrolled_mem_alloc__malloc_char_fgets_65a.obj
c:\users\robert\documents\visual studio 2015\projects\codemind_test\cwe789_uncontrolled_mem_alloc\debug\cwe789_uncontrolled_mem_alloc__malloc_char_fgets_65b.obj
c:\users\robert\documents\visual studio 2015\projects\codemind_test\cwe789_uncontrolled_mem_alloc\debug\cwe789_uncontrolled_mem_alloc__malloc_char_fgets_66a.obj
c:\users\robert\documents\visual studio 2015\projects\codemind_test\cwe789_uncontrolled_mem_alloc\debug\cwe789_uncontrolled_mem_alloc__malloc_char_fgets_66b.obj
c:\users\robert\documents\visual studio 2015\projects\codemind_test\cwe789_uncontrolled_mem_alloc\debug\cwe789_uncontrolled_mem_alloc__malloc_char_fgets_67a.obj
c:\users\robert\documents\visual studio 2015\projects\codemind_test\cwe789_uncontrolled_mem_alloc\debug\cwe789_uncontrolled_mem_alloc__malloc_char_fgets_67b.obj
c:\users\robert\documents\visual studio 2015\projects\codemind_test\cwe789_uncontrolled_mem_alloc\debug\cwe789_uncontrolled_mem_alloc__malloc_char_fgets_68a.obj
c:\users\robert\documents\visual studio 2015\projects\codemind_test\cwe789_uncontrolled_mem_alloc\debug\cwe789_uncontrolled_mem_alloc__malloc_char_fgets_68b.obj
c:\users\robert\documents\visual studio 2015\projects\codemind_test\cwe789_uncontrolled_mem_alloc\debug\cwe789_uncontrolled_mem_alloc__malloc_char_connect_socket_01.obj
c:\users\robert\documents\visual studio 2015\projects\codemind_test\cwe789_uncontrolled_mem_alloc\debug\cwe789_uncontrolled_mem_alloc__malloc_char_fgets_01.obj
c:\users\robert\documents\visual studio 2015\projects\codemind_test\cwe789_uncontrolled_mem_alloc\debug\cwe789_uncontrolled_mem_alloc__malloc_char_fscanf_01.obj
c:\users\robert\documents\visual studio 2015\projects\codemind_test\cwe789_uncontrolled_mem_alloc\debug\cwe789_uncontrolled_mem_alloc__malloc_char_listen_socket_01.obj
c:\users\robert\documents\visual studio 2015\projects\codemind_test\cwe789_uncontrolled_mem_alloc\debug\cwe789_uncontrolled_mem_alloc__malloc_char_rand_01.obj
c:\users\robert\documents\visual studio 2015\projects\codemind_test\cwe789_uncontrolled_mem_alloc\debug\cwe789_uncontrolled_mem_alloc__malloc_wchar_t_connect_socket_01.obj
c:\users\robert\documents\visual studio 2015\projects\codemind_test\cwe789_uncontrolled_mem_alloc\debug\cwe789_uncontrolled_mem_alloc__malloc_wchar_t_fgets_01.obj
c:\users\robert\documents\visual studio 2015\projects\codemind_test\cwe789_uncontrolled_mem_alloc\debug\cwe789_uncontrolled_mem_alloc__malloc_wchar_t_fscanf_01.obj
c:\users\robert\documents\visual studio 2015\projects\codemind_test\cwe789_uncontrolled_mem_alloc\debug\cwe789_uncontrolled_mem_alloc__malloc_wchar_t_listen_socket_01.obj
c:\users\robert\documents\visual studio 2015\projects\codemind_test\cwe789_uncontrolled_mem_alloc\debug\cwe789_uncontrolled_mem_alloc__malloc_wchar_t_rand_01.obj
c:\users\robert\documents\visual studio 2015\projects\codemind_test\cwe789_uncontrolled_mem_alloc\debug\cwe789_uncontrolled_mem_alloc__malloc_char_fgets_44.obj
c:\users\robert\documents\visual studio 2015\projects\codemind_test\cwe789_uncontrolled_mem_alloc\debug\cwe789_uncontrolled_mem_alloc__malloc_char_fgets_45.obj
c:\users\robert\documents\visual studio 2015\projects\codemind_test\cwe789_uncontrolled_mem_alloc\debug\cwe789_uncontrolled_mem_alloc__malloc_char_fgets_51a.obj
c:\users\robert\documents\visual studio 2015\projects\codemind_test\cwe789_uncontrolled_mem_alloc\debug\cwe789_uncontrolled_mem_alloc__malloc_char_fgets_51b.obj
c:\users\robert\documents\visual studio 2015\projects\codemind_test\cwe789_uncontrolled_mem_alloc\debug\cwe789_uncontrolled_mem_alloc__malloc_char_fgets_52a.obj
c:\users\robert\documents\visual studio 2015\projects\codemind_test\cwe789_uncontrolled_mem_alloc\debug\cwe789_uncontrolled_mem_alloc__malloc_char_fgets_52b.obj
c:\users\robert\documents\visual studio 2015\projects\codemind_test\cwe789_uncontrolled_mem_alloc\debug\cwe789_uncontrolled_mem_alloc__malloc_char_fgets_52c.obj
c:\users\robert\documents\visual studio 2015\projects\codemind_test\cwe789_uncontrolled_mem_alloc\debug\cwe789_uncontrolled_mem_alloc__malloc_char_fgets_53a.obj
c:\users\robert\documents\visual studio 2015\projects\codemind_test\cwe789_uncontrolled_mem_alloc\debug\cwe789_uncontrolled_mem_alloc__malloc_char_fgets_53b.obj
c:\users\robert\documents\visual studio 2015\projects\codemind_test\cwe789_uncontrolled_mem_alloc\debug\cwe789_uncontrolled_mem_alloc__malloc_char_fgets_53c.obj
c:\users\robert\documents\visual studio 2015\projects\codemind_test\cwe789_uncontrolled_mem_alloc\debug\cwe789_uncontrolled_mem_alloc__malloc_char_fgets_53d.obj
c:\users\robert\documents\visual studio 2015\projects\codemind_test\cwe789_uncontrolled_mem_alloc\debug\cwe789_uncontrolled_mem_alloc__malloc_char_fgets_54a.obj
c:\users\robert\documents\visual studio 2015\projects\codemind_test\cwe789_uncontrolled_mem_alloc\debug\cwe789_uncontrolled_mem_alloc__malloc_char_fgets_54b.obj
c:\users\robert\documents\visual studio 2015\projects\codemind_test\cwe789_uncontrolled_mem_alloc\debug\cwe789_uncontrolled_mem_alloc__malloc_char_fgets_54c.obj
c:\users\robert\documents\visual studio 2015\projects\codemind_test\cwe789_uncontrolled_mem_alloc\debug\cwe789_uncontrolled_mem_alloc__malloc_char_fgets_54d.obj
c:\users\robert\documents\visual studio 2015\projects\codemind_test\cwe789_uncontrolled_mem_alloc\debug\cwe789_uncontrolled_mem_alloc__malloc_char_fgets_54e.obj
c:\users\robert\documents\visual studio 2015\projects\codemind_test\cwe789_uncontrolled_mem_alloc\debug\cwe789_uncontrolled_mem_alloc__malloc_char_fgets_61a.obj
c:\users\robert\documents\visual studio 2015\projects\codemind_test\cwe789_uncontrolled_mem_alloc\debug\cwe789_uncontrolled_mem_alloc__malloc_char_fgets_61b.obj
c:\users\robert\documents\visual studio 2015\projects\codemind_test\cwe789_uncontrolled_mem_alloc\debug\cwe789_uncontrolled_mem_alloc__malloc_char_fgets_63a.obj
c:\users\robert\documents\visual studio 2015\projects\codemind_test\cwe789_uncontrolled_mem_alloc\debug\cwe789_uncontrolled_mem_alloc__malloc_char_fgets_63b.obj
c:\users\robert\documents\visual studio 2015\projects\codemind_test\cwe789_uncontrolled_mem_alloc\debug\cwe789_uncontrolled_mem_alloc__malloc_char_fgets_07.obj
c:\users\robert\documents\visual studio 2015\projects\codemind_test\cwe789_uncontrolled_mem_alloc\debug\cwe789_uncontrolled_mem_alloc__malloc_char_fgets_08.obj
c:\users\robert\documents\visual studio 2015\projects\codemind_test\cwe789_uncontrolled_mem_alloc\debug\cwe789_uncontrolled_mem_alloc__malloc_char_fgets_09.obj
c:\users\robert\documents\visual studio 2015\projects\codemind_test\cwe789_uncontrolled_mem_alloc\debug\cwe789_uncontrolled_mem_alloc__malloc_char_fgets_10.obj
c:\users\robert\documents\visual studio 2015\projects\codemind_test\cwe789_uncontrolled_mem_alloc\debug\cwe789_uncontrolled_mem_alloc__malloc_char_fgets_11.obj
c:\users\robert\documents\visual studio 2015\projects\codemind_test\cwe789_uncontrolled_mem_alloc\debug\cwe789_uncontrolled_mem_alloc__malloc_char_fgets_12.obj
c:\users\robert\documents\visual studio 2015\projects\codemind_test\cwe789_uncontrolled_mem_alloc\debug\cwe789_uncontrolled_mem_alloc__malloc_char_fgets_13.obj
c:\users\robert\documents\visual studio 2015\projects\codemind_test\cwe789_uncontrolled_mem_alloc\debug\cwe789_uncontrolled_mem_alloc__malloc_char_fgets_14.obj
c:\users\robert\documents\visual studio 2015\projects\codemind_test\cwe789_uncontrolled_mem_alloc\debug\cwe789_uncontrolled_mem_alloc__malloc_char_fgets_15.obj
c:\users\robert\documents\visual studio 2015\projects\codemind_test\cwe789_uncontrolled_mem_alloc\debug\cwe789_uncontrolled_mem_alloc__malloc_char_fgets_16.obj
c:\users\robert\documents\visual studio 2015\projects\codemind_test\cwe789_uncontrolled_mem_alloc\debug\cwe789_uncontrolled_mem_alloc__malloc_char_fgets_17.obj
c:\users\robert\documents\visual studio 2015\projects\codemind_test\cwe789_uncontrolled_mem_alloc\debug\cwe789_uncontrolled_mem_alloc__malloc_char_fgets_18.obj
c:\users\robert\documents\visual studio 2015\projects\codemind_test\cwe789_uncontrolled_mem_alloc\debug\cwe789_uncontrolled_mem_alloc__malloc_char_fgets_21.obj
c:\users\robert\documents\visual studio 2015\projects\codemind_test\cwe789_uncontrolled_mem_alloc\debug\cwe789_uncontrolled_mem_alloc__malloc_char_fgets_22a.obj
c:\users\robert\documents\visual studio 2015\projects\codemind_test\cwe789_uncontrolled_mem_alloc\debug\cwe789_uncontrolled_mem_alloc__malloc_char_fgets_22b.obj
c:\users\robert\documents\visual studio 2015\projects\codemind_test\cwe789_uncontrolled_mem_alloc\debug\cwe789_uncontrolled_mem_alloc__malloc_char_fgets_31.obj
c:\users\robert\documents\visual studio 2015\projects\codemind_test\cwe789_uncontrolled_mem_alloc\debug\cwe789_uncontrolled_mem_alloc__malloc_char_fgets_32.obj
c:\users\robert\documents\visual studio 2015\projects\codemind_test\cwe789_uncontrolled_mem_alloc\debug\cwe789_uncontrolled_mem_alloc__malloc_char_fgets_34.obj
c:\users\robert\documents\visual studio 2015\projects\codemind_test\cwe789_uncontrolled_mem_alloc\debug\cwe789_uncontrolled_mem_alloc__malloc_char_fgets_41.obj
c:\users\robert\documents\visual studio 2015\projects\codemind_test\cwe789_uncontrolled_mem_alloc\debug\cwe789_uncontrolled_mem_alloc__malloc_char_fgets_42.obj
c:\users\robert\documents\visual studio 2015\projects\codemind_test\cwe789_uncontrolled_mem_alloc\debug\io.obj
c:\users\robert\documents\visual studio 2015\projects\codemind_test\cwe789_uncontrolled_mem_alloc\debug\cwe789_uncontrolled_mem_alloc__malloc_char_fgets_02.obj
c:\users\robert\documents\visual studio 2015\projects\codemind_test\cwe789_uncontrolled_mem_alloc\debug\cwe789_uncontrolled_mem_alloc__malloc_char_fgets_03.obj
c:\users\robert\documents\visual studio 2015\projects\codemind_test\cwe789_uncontrolled_mem_alloc\debug\cwe789_uncontrolled_mem_alloc__malloc_char_fgets_04.obj
c:\users\robert\documents\visual studio 2015\projects\codemind_test\cwe789_uncontrolled_mem_alloc\debug\cwe789_uncontrolled_mem_alloc__malloc_char_fgets_05.obj
c:\users\robert\documents\visual studio 2015\projects\codemind_test\cwe789_uncontrolled_mem_alloc\debug\cwe789_uncontrolled_mem_alloc__malloc_char_fgets_06.obj
c:\users\robert\documents\visual studio 2015\projects\codemind_test\debug\cwe789_uncontrolled_mem_alloc.ilk
c:\users\robert\documents\visual studio 2015\projects\codemind_test\debug\cwe789_uncontrolled_mem_alloc.exe
c:\users\robert\documents\visual studio 2015\projects\codemind_test\debug\cwe789_uncontrolled_mem_alloc.pdb
c:\users\robert\documents\visual studio 2015\projects\codemind_test\cwe789_uncontrolled_mem_alloc\debug\cwe789_u.26efcfca.tlog\cl.command.1.tlog
c:\users\robert\documents\visual studio 2015\projects\codemind_test\cwe789_uncontrolled_mem_alloc\debug\cwe789_u.26efcfca.tlog\cl.read.1.tlog
c:\users\robert\documents\visual studio 2015\projects\codemind_test\cwe789_uncontrolled_mem_alloc\debug\cwe789_u.26efcfca.tlog\cl.write.1.tlog
c:\users\robert\documents\visual studio 2015\projects\codemind_test\cwe789_uncontrolled_mem_alloc\debug\cwe789_u.26efcfca.tlog\link.command.1.tlog
c:\users\robert\documents\visual studio 2015\projects\codemind_test\cwe789_uncontrolled_mem_alloc\debug\cwe789_u.26efcfca.tlog\link.read.1.tlog
c:\users\robert\documents\visual studio 2015\projects\codemind_test\cwe789_uncontrolled_mem_alloc\debug\cwe789_u.26efcfca.tlog\link.write.1.tlog
