c:\git\romeo\c\cwe327_use_broken_crypto\debug\vc141.pdb
c:\git\romeo\c\cwe327_use_broken_crypto\debug\vc141.idb
c:\git\romeo\c\cwe327_use_broken_crypto\debug\fake_main.obj
c:\git\romeo\c\cwe327_use_broken_crypto\debug\cwe327_use_broken_crypto.pdb
c:\git\romeo\c\cwe327_use_broken_crypto\debug\cwe327_use_broken_crypto.idb
c:\git\romeo\c\cwe327_use_broken_crypto\debug\cwe327_use_broken_crypto__w32_3des_02.obj
c:\git\romeo\c\cwe327_use_broken_crypto\debug\cwe327_use_broken_crypto__w32_3des_03.obj
c:\git\romeo\c\cwe327_use_broken_crypto\debug\cwe327_use_broken_crypto__w32_3des_04.obj
c:\git\romeo\c\cwe327_use_broken_crypto\debug\cwe327_use_broken_crypto__w32_3des_05.obj
c:\git\romeo\c\cwe327_use_broken_crypto\debug\cwe327_use_broken_crypto__w32_3des_06.obj
c:\git\romeo\c\cwe327_use_broken_crypto\debug\cwe327_use_broken_crypto__w32_3des_07.obj
c:\git\romeo\c\cwe327_use_broken_crypto\debug\cwe327_use_broken_crypto__w32_3des_08.obj
c:\git\romeo\c\cwe327_use_broken_crypto\debug\cwe327_use_broken_crypto__w32_3des_09.obj
c:\git\romeo\c\cwe327_use_broken_crypto\debug\cwe327_use_broken_crypto__w32_3des_10.obj
c:\git\romeo\c\cwe327_use_broken_crypto\debug\cwe327_use_broken_crypto__w32_3des_11.obj
c:\git\romeo\c\cwe327_use_broken_crypto\debug\cwe327_use_broken_crypto__w32_3des_12.obj
c:\git\romeo\c\cwe327_use_broken_crypto\debug\cwe327_use_broken_crypto__w32_3des_13.obj
c:\git\romeo\c\cwe327_use_broken_crypto\debug\cwe327_use_broken_crypto__w32_3des_14.obj
c:\git\romeo\c\cwe327_use_broken_crypto\debug\cwe327_use_broken_crypto__w32_3des_15.obj
c:\git\romeo\c\cwe327_use_broken_crypto\debug\cwe327_use_broken_crypto__w32_3des_16.obj
c:\git\romeo\c\cwe327_use_broken_crypto\debug\cwe327_use_broken_crypto__w32_3des_17.obj
c:\git\romeo\c\cwe327_use_broken_crypto\debug\cwe327_use_broken_crypto__w32_3des_18.obj
c:\git\romeo\c\cwe327_use_broken_crypto\debug\cwe327_use_broken_crypto__w32_3des_01.obj
c:\git\romeo\c\cwe327_use_broken_crypto\debug\cwe327_use_broken_crypto__w32_des_01.obj
c:\git\romeo\c\cwe327_use_broken_crypto\debug\cwe327_use_broken_crypto__w32_rc5_01.obj
c:\git\romeo\c\cwe327_use_broken_crypto\debug\io.obj
c:\git\romeo\c\debug\cwe327_use_broken_crypto.lib
c:\git\romeo\c\debug\cwe327_use_broken_crypto.ilk
c:\git\romeo\c\debug\cwe327_use_broken_crypto.exe
c:\git\romeo\c\debug\cwe327_use_broken_crypto.pdb
c:\git\romeo\c\cwe327_use_broken_crypto\debug\cwe327_u.2be89c84.tlog\cl.command.1.tlog
c:\git\romeo\c\cwe327_use_broken_crypto\debug\cwe327_u.2be89c84.tlog\cl.read.1.tlog
c:\git\romeo\c\cwe327_use_broken_crypto\debug\cwe327_u.2be89c84.tlog\cl.write.1.tlog
c:\git\romeo\c\cwe327_use_broken_crypto\debug\cwe327_u.2be89c84.tlog\lib-link.read.1.tlog
c:\git\romeo\c\cwe327_use_broken_crypto\debug\cwe327_u.2be89c84.tlog\lib-link.write.1.tlog
c:\git\romeo\c\cwe327_use_broken_crypto\debug\cwe327_u.2be89c84.tlog\lib.command.1.tlog
c:\git\romeo\c\cwe327_use_broken_crypto\debug\cwe327_u.2be89c84.tlog\link.command.1.tlog
c:\git\romeo\c\cwe327_use_broken_crypto\debug\cwe327_u.2be89c84.tlog\link.read.1.tlog
c:\git\romeo\c\cwe327_use_broken_crypto\debug\cwe327_u.2be89c84.tlog\link.write.1.tlog
