C:\Program Files (x86)\Microsoft Visual Studio\2017\Community\Common7\IDE\VC\VCTargets\Microsoft.CppBuild.targets(937,5): warning MSB8027: 이름이 CWE327_Use_Broken_Crypto__w32_3DES_01.c인 둘 이상의 파일이 같은 위치에 출력을 생성합니다. 이로 인해 잘못된 빌드 결과가 나타날 수 있습니다.  관련된 파일은 m00\CWE327_Use_Broken_Crypto__w32_3DES_01.c, m01\CWE327_Use_Broken_Crypto__w32_3DES_01.c입니다.
  fake_main.cpp
  CWE327_Use_Broken_Crypto__w32_RC5_01.c
  CWE327_Use_Broken_Crypto__w32_DES_01.c
  CWE327_Use_Broken_Crypto__w32_3DES_01.c
  CWE327_Use_Broken_Crypto__w32_3DES_18.c
  CWE327_Use_Broken_Crypto__w32_3DES_17.c
  CWE327_Use_Broken_Crypto__w32_3DES_16.c
  CWE327_Use_Broken_Crypto__w32_3DES_15.c
  CWE327_Use_Broken_Crypto__w32_3DES_14.c
  CWE327_Use_Broken_Crypto__w32_3DES_13.c
  CWE327_Use_Broken_Crypto__w32_3DES_12.c
  CWE327_Use_Broken_Crypto__w32_3DES_11.c
  CWE327_Use_Broken_Crypto__w32_3DES_10.c
  CWE327_Use_Broken_Crypto__w32_3DES_09.c
  CWE327_Use_Broken_Crypto__w32_3DES_08.c
  CWE327_Use_Broken_Crypto__w32_3DES_07.c
  CWE327_Use_Broken_Crypto__w32_3DES_06.c
  CWE327_Use_Broken_Crypto__w32_3DES_05.c
  CWE327_Use_Broken_Crypto__w32_3DES_04.c
  CWE327_Use_Broken_Crypto__w32_3DES_03.c
  CWE327_Use_Broken_Crypto__w32_3DES_02.c
  코드를 생성하고 있습니다...
  컴파일하고 있습니다...
  CWE327_Use_Broken_Crypto__w32_3DES_01.c
  io.c
  코드를 생성하고 있습니다...
Debug\CWE327_Use_Broken_Crypto__w32_3DES_01.obj : warning LNK4042: 개체가 두 번 이상 지정되었습니다. 나머지는 무시됩니다.
  CWE327_Use_Broken_Crypto.vcxproj -> C:\git\romeo\c\Debug\CWE327_Use_Broken_Crypto.exe
